[0.086s] Invoking command in '/home/msurkip/ros2_ws/build/examples_rclcpp_minimal_action_server': /usr/bin/cmake --build /home/msurkip/ros2_ws/build/examples_rclcpp_minimal_action_server -- -j8 -l8
[0.343s] [ 50%] Built target action_server_not_composable
[0.361s] [100%] Built target action_server_member_functions
[0.383s] Invoked command in '/home/msurkip/ros2_ws/build/examples_rclcpp_minimal_action_server' returned '0': /usr/bin/cmake --build /home/msurkip/ros2_ws/build/examples_rclcpp_minimal_action_server -- -j8 -l8
[0.431s] Invoking command in '/home/msurkip/ros2_ws/build/examples_rclcpp_minimal_action_server': /usr/bin/cmake --install /home/msurkip/ros2_ws/build/examples_rclcpp_minimal_action_server
[0.444s] -- Install configuration: ""
[0.445s] -- Execute custom install script
[0.445s] -- Up-to-date symlink: /home/msurkip/ros2_ws/install/examples_rclcpp_minimal_action_server/lib/examples_rclcpp_minimal_action_server/action_server_not_composable
[0.445s] -- Up-to-date symlink: /home/msurkip/ros2_ws/install/examples_rclcpp_minimal_action_server/lib/examples_rclcpp_minimal_action_server/action_server_member_functions
[0.445s] -- Up-to-date symlink: /home/msurkip/ros2_ws/install/examples_rclcpp_minimal_action_server/share/ament_index/resource_index/package_run_dependencies/examples_rclcpp_minimal_action_server
[0.446s] -- Up-to-date symlink: /home/msurkip/ros2_ws/install/examples_rclcpp_minimal_action_server/share/ament_index/resource_index/parent_prefix_path/examples_rclcpp_minimal_action_server
[0.447s] -- Up-to-date symlink: /home/msurkip/ros2_ws/install/examples_rclcpp_minimal_action_server/share/examples_rclcpp_minimal_action_server/environment/ament_prefix_path.sh
[0.447s] -- Up-to-date symlink: /home/msurkip/ros2_ws/install/examples_rclcpp_minimal_action_server/share/examples_rclcpp_minimal_action_server/environment/ament_prefix_path.dsv
[0.447s] -- Up-to-date symlink: /home/msurkip/ros2_ws/install/examples_rclcpp_minimal_action_server/share/examples_rclcpp_minimal_action_server/environment/path.sh
[0.447s] -- Up-to-date symlink: /home/msurkip/ros2_ws/install/examples_rclcpp_minimal_action_server/share/examples_rclcpp_minimal_action_server/environment/path.dsv
[0.447s] -- Up-to-date symlink: /home/msurkip/ros2_ws/install/examples_rclcpp_minimal_action_server/share/examples_rclcpp_minimal_action_server/local_setup.bash
[0.447s] -- Up-to-date symlink: /home/msurkip/ros2_ws/install/examples_rclcpp_minimal_action_server/share/examples_rclcpp_minimal_action_server/local_setup.sh
[0.447s] -- Up-to-date symlink: /home/msurkip/ros2_ws/install/examples_rclcpp_minimal_action_server/share/examples_rclcpp_minimal_action_server/local_setup.zsh
[0.447s] -- Up-to-date symlink: /home/msurkip/ros2_ws/install/examples_rclcpp_minimal_action_server/share/examples_rclcpp_minimal_action_server/local_setup.dsv
[0.448s] -- Symlinking: /home/msurkip/ros2_ws/install/examples_rclcpp_minimal_action_server/share/examples_rclcpp_minimal_action_server/package.dsv
[0.457s] -- Up-to-date symlink: /home/msurkip/ros2_ws/install/examples_rclcpp_minimal_action_server/share/ament_index/resource_index/packages/examples_rclcpp_minimal_action_server
[0.457s] -- Up-to-date symlink: /home/msurkip/ros2_ws/install/examples_rclcpp_minimal_action_server/share/examples_rclcpp_minimal_action_server/cmake/examples_rclcpp_minimal_action_serverConfig.cmake
[0.457s] -- Up-to-date symlink: /home/msurkip/ros2_ws/install/examples_rclcpp_minimal_action_server/share/examples_rclcpp_minimal_action_server/cmake/examples_rclcpp_minimal_action_serverConfig-version.cmake
[0.457s] -- Up-to-date symlink: /home/msurkip/ros2_ws/install/examples_rclcpp_minimal_action_server/share/examples_rclcpp_minimal_action_server/package.xml
[0.520s] Invoked command in '/home/msurkip/ros2_ws/build/examples_rclcpp_minimal_action_server' returned '0': /usr/bin/cmake --install /home/msurkip/ros2_ws/build/examples_rclcpp_minimal_action_server
