[0.081s] Invoking command in '/home/msurkip/ros2_ws/build/examples_rclcpp_minimal_publisher': CMAKE_PREFIX_PATH=${CMAKE_PREFIX_PATH}:/home/msurkip/ros2_ws/src/install/examples_rclpy_minimal_subscriber:/home/msurkip/ros2_ws/src/install/examples_rclpy_minimal_service:/home/msurkip/ros2_ws/src/install/examples_rclpy_minimal_publisher:/home/msurkip/ros2_ws/src/install/examples_rclpy_minimal_client:/home/msurkip/ros2_ws/src/install/examples_rclpy_minimal_action_server:/home/msurkip/ros2_ws/src/install/examples_rclpy_minimal_action_client:/home/msurkip/ros2_ws/src/install/examples_rclpy_executors:/opt/ros/foxy /usr/bin/cmake /home/msurkip/ros2_ws/src/examples/rclcpp/topics/minimal_publisher -DAMENT_CMAKE_SYMLINK_INSTALL=1 -DCMAKE_INSTALL_PREFIX=/home/msurkip/ros2_ws/install/examples_rclcpp_minimal_publisher
[0.183s] -- The C compiler identification is GNU 9.4.0
[0.279s] -- The CXX compiler identification is GNU 9.4.0
[0.281s] -- Check for working C compiler: /usr/bin/cc
[0.348s] -- Check for working C compiler: /usr/bin/cc -- works
[0.348s] -- Detecting C compiler ABI info
[0.421s] -- Detecting C compiler ABI info - done
[0.432s] -- Detecting C compile features
[0.432s] -- Detecting C compile features - done
[0.435s] -- Check for working CXX compiler: /usr/bin/c++
[0.523s] -- Check for working CXX compiler: /usr/bin/c++ -- works
[0.524s] -- Detecting CXX compiler ABI info
[0.593s] -- Detecting CXX compiler ABI info - done
[0.602s] -- Detecting CXX compile features
[0.603s] -- Detecting CXX compile features - done
[0.605s] -- Found ament_cmake: 0.9.11 (/home/msurkip/ros2_foxy/ros2-linux/share/ament_cmake/cmake)
[0.626s] -- Found PythonInterp: /usr/bin/python3 (found suitable version "3.8.10", minimum required is "3") 
[0.626s] -- Using PYTHON_EXECUTABLE: /usr/bin/python3
[0.774s] -- Override CMake install command with custom implementation using symlinks instead of copying resources
[0.794s] -- Found rclcpp: 2.4.2 (/home/msurkip/ros2_foxy/ros2-linux/share/rclcpp/cmake)
[0.827s] -- Using all available rosidl_typesupport_c: rosidl_typesupport_connext_c;rosidl_typesupport_fastrtps_c;rosidl_typesupport_introspection_c
[0.836s] -- Found rosidl_adapter: 1.3.0 (/home/msurkip/ros2_foxy/ros2-linux/share/rosidl_adapter/cmake)
[0.848s] -- Could not find RTI Connext - skipping rosidl_typesupport_connext_c
[0.858s] -- Could not find RTI Connext - skipping rosidl_typesupport_connext_cpp
[0.943s] -- Found OpenSSL: /usr/lib/x86_64-linux-gnu/libcrypto.so (found version "1.1.1f")  
[0.963s] -- Found FastRTPS: /home/msurkip/ros2_foxy/ros2-linux/include  
[1.021s] -- Using all available rosidl_typesupport_cpp: rosidl_typesupport_connext_cpp;rosidl_typesupport_fastrtps_cpp;rosidl_typesupport_introspection_cpp
[1.069s] -- Found rmw_implementation_cmake: 1.0.3 (/home/msurkip/ros2_foxy/ros2-linux/share/rmw_implementation_cmake/cmake)
[1.072s] -- Using RMW implementation 'rmw_fastrtps_cpp' as default
[1.072s] -- Looking for pthread.h
[1.154s] -- Looking for pthread.h - found
[1.154s] -- Performing Test CMAKE_HAVE_LIBC_PTHREAD
[1.247s] -- Performing Test CMAKE_HAVE_LIBC_PTHREAD - Failed
[1.249s] -- Looking for pthread_create in pthreads
[1.303s] -- Looking for pthread_create in pthreads - not found
[1.303s] -- Looking for pthread_create in pthread
[1.389s] -- Looking for pthread_create in pthread - found
[1.390s] -- Found Threads: TRUE  
[1.472s] -- Found std_msgs: 2.0.5 (/home/msurkip/ros2_foxy/ros2-linux/share/std_msgs/cmake)
[1.489s] -- Found ament_lint_auto: 0.9.7 (/home/msurkip/ros2_foxy/ros2-linux/share/ament_lint_auto/cmake)
[1.562s] -- Added test 'copyright' to check source files copyright and LICENSE
[1.563s] -- Added test 'cppcheck' to perform static code analysis on C / C++ code
[1.563s] -- Configured cppcheck include dirs: 
[1.563s] -- Configured cppcheck exclude dirs and/or files: 
[1.563s] -- Added test 'cpplint' to check C / C++ code against the Google style
[1.563s] -- Configured cpplint exclude dirs and/or files: 
[1.564s] -- Added test 'lint_cmake' to check CMake code style
[1.565s] -- Added test 'uncrustify' to check C / C++ code style
[1.565s] -- Configured uncrustify additional arguments: 
[1.565s] -- Added test 'xmllint' to check XML markup files
[1.569s] -- Configuring done
[1.577s] -- Generating done
[1.579s] -- Build files have been written to: /home/msurkip/ros2_ws/build/examples_rclcpp_minimal_publisher
[1.586s] Invoked command in '/home/msurkip/ros2_ws/build/examples_rclcpp_minimal_publisher' returned '0': CMAKE_PREFIX_PATH=${CMAKE_PREFIX_PATH}:/home/msurkip/ros2_ws/src/install/examples_rclpy_minimal_subscriber:/home/msurkip/ros2_ws/src/install/examples_rclpy_minimal_service:/home/msurkip/ros2_ws/src/install/examples_rclpy_minimal_publisher:/home/msurkip/ros2_ws/src/install/examples_rclpy_minimal_client:/home/msurkip/ros2_ws/src/install/examples_rclpy_minimal_action_server:/home/msurkip/ros2_ws/src/install/examples_rclpy_minimal_action_client:/home/msurkip/ros2_ws/src/install/examples_rclpy_executors:/opt/ros/foxy /usr/bin/cmake /home/msurkip/ros2_ws/src/examples/rclcpp/topics/minimal_publisher -DAMENT_CMAKE_SYMLINK_INSTALL=1 -DCMAKE_INSTALL_PREFIX=/home/msurkip/ros2_ws/install/examples_rclcpp_minimal_publisher
[1.594s] Invoking command in '/home/msurkip/ros2_ws/build/examples_rclcpp_minimal_publisher': CMAKE_PREFIX_PATH=${CMAKE_PREFIX_PATH}:/home/msurkip/ros2_ws/src/install/examples_rclpy_minimal_subscriber:/home/msurkip/ros2_ws/src/install/examples_rclpy_minimal_service:/home/msurkip/ros2_ws/src/install/examples_rclpy_minimal_publisher:/home/msurkip/ros2_ws/src/install/examples_rclpy_minimal_client:/home/msurkip/ros2_ws/src/install/examples_rclpy_minimal_action_server:/home/msurkip/ros2_ws/src/install/examples_rclpy_minimal_action_client:/home/msurkip/ros2_ws/src/install/examples_rclpy_executors:/opt/ros/foxy /usr/bin/cmake --build /home/msurkip/ros2_ws/build/examples_rclcpp_minimal_publisher -- -j8 -l8
[1.634s] [35m[1mScanning dependencies of target publisher_not_composable[0m
[1.659s] [35m[1mScanning dependencies of target publisher_lambda[0m
[1.663s] [35m[1mScanning dependencies of target publisher_member_function[0m
[1.690s] [ 16%] [32mBuilding CXX object CMakeFiles/publisher_not_composable.dir/not_composable.cpp.o[0m
[1.708s] [ 33%] [32mBuilding CXX object CMakeFiles/publisher_member_function.dir/member_function.cpp.o[0m
[1.715s] [ 50%] [32mBuilding CXX object CMakeFiles/publisher_lambda.dir/lambda.cpp.o[0m
[6.950s] [ 66%] [32m[1mLinking CXX executable publisher_not_composable[0m
[7.212s] [ 83%] [32m[1mLinking CXX executable publisher_lambda[0m
[7.343s] [ 83%] Built target publisher_not_composable
[7.655s] [ 83%] Built target publisher_lambda
[8.275s] [100%] [32m[1mLinking CXX executable publisher_member_function[0m
[8.558s] [100%] Built target publisher_member_function
[8.580s] Invoked command in '/home/msurkip/ros2_ws/build/examples_rclcpp_minimal_publisher' returned '0': CMAKE_PREFIX_PATH=${CMAKE_PREFIX_PATH}:/home/msurkip/ros2_ws/src/install/examples_rclpy_minimal_subscriber:/home/msurkip/ros2_ws/src/install/examples_rclpy_minimal_service:/home/msurkip/ros2_ws/src/install/examples_rclpy_minimal_publisher:/home/msurkip/ros2_ws/src/install/examples_rclpy_minimal_client:/home/msurkip/ros2_ws/src/install/examples_rclpy_minimal_action_server:/home/msurkip/ros2_ws/src/install/examples_rclpy_minimal_action_client:/home/msurkip/ros2_ws/src/install/examples_rclpy_executors:/opt/ros/foxy /usr/bin/cmake --build /home/msurkip/ros2_ws/build/examples_rclcpp_minimal_publisher -- -j8 -l8
[8.903s] Invoking command in '/home/msurkip/ros2_ws/build/examples_rclcpp_minimal_publisher': CMAKE_PREFIX_PATH=${CMAKE_PREFIX_PATH}:/home/msurkip/ros2_ws/src/install/examples_rclpy_minimal_subscriber:/home/msurkip/ros2_ws/src/install/examples_rclpy_minimal_service:/home/msurkip/ros2_ws/src/install/examples_rclpy_minimal_publisher:/home/msurkip/ros2_ws/src/install/examples_rclpy_minimal_client:/home/msurkip/ros2_ws/src/install/examples_rclpy_minimal_action_server:/home/msurkip/ros2_ws/src/install/examples_rclpy_minimal_action_client:/home/msurkip/ros2_ws/src/install/examples_rclpy_executors:/opt/ros/foxy /usr/bin/cmake --install /home/msurkip/ros2_ws/build/examples_rclcpp_minimal_publisher
[9.393s] -- Install configuration: ""
[9.393s] -- Execute custom install script
[9.393s] -- Symlinking: /home/msurkip/ros2_ws/install/examples_rclcpp_minimal_publisher/lib/examples_rclcpp_minimal_publisher/publisher_lambda
[9.393s] -- Symlinking: /home/msurkip/ros2_ws/install/examples_rclcpp_minimal_publisher/lib/examples_rclcpp_minimal_publisher/publisher_member_function
[9.393s] -- Symlinking: /home/msurkip/ros2_ws/install/examples_rclcpp_minimal_publisher/lib/examples_rclcpp_minimal_publisher/publisher_not_composable
[9.394s] -- Symlinking: /home/msurkip/ros2_ws/install/examples_rclcpp_minimal_publisher/share/ament_index/resource_index/package_run_dependencies/examples_rclcpp_minimal_publisher
[9.394s] -- Symlinking: /home/msurkip/ros2_ws/install/examples_rclcpp_minimal_publisher/share/ament_index/resource_index/parent_prefix_path/examples_rclcpp_minimal_publisher
[9.394s] -- Symlinking: /home/msurkip/ros2_ws/install/examples_rclcpp_minimal_publisher/share/examples_rclcpp_minimal_publisher/environment/ament_prefix_path.sh
[9.394s] -- Symlinking: /home/msurkip/ros2_ws/install/examples_rclcpp_minimal_publisher/share/examples_rclcpp_minimal_publisher/environment/ament_prefix_path.dsv
[9.394s] -- Symlinking: /home/msurkip/ros2_ws/install/examples_rclcpp_minimal_publisher/share/examples_rclcpp_minimal_publisher/environment/path.sh
[9.394s] -- Symlinking: /home/msurkip/ros2_ws/install/examples_rclcpp_minimal_publisher/share/examples_rclcpp_minimal_publisher/environment/path.dsv
[9.394s] -- Symlinking: /home/msurkip/ros2_ws/install/examples_rclcpp_minimal_publisher/share/examples_rclcpp_minimal_publisher/local_setup.bash
[9.394s] -- Symlinking: /home/msurkip/ros2_ws/install/examples_rclcpp_minimal_publisher/share/examples_rclcpp_minimal_publisher/local_setup.sh
[9.394s] -- Symlinking: /home/msurkip/ros2_ws/install/examples_rclcpp_minimal_publisher/share/examples_rclcpp_minimal_publisher/local_setup.zsh
[9.394s] -- Symlinking: /home/msurkip/ros2_ws/install/examples_rclcpp_minimal_publisher/share/examples_rclcpp_minimal_publisher/local_setup.dsv
[9.394s] -- Symlinking: /home/msurkip/ros2_ws/install/examples_rclcpp_minimal_publisher/share/examples_rclcpp_minimal_publisher/package.dsv
[9.394s] -- Symlinking: /home/msurkip/ros2_ws/install/examples_rclcpp_minimal_publisher/share/ament_index/resource_index/packages/examples_rclcpp_minimal_publisher
[9.395s] -- Symlinking: /home/msurkip/ros2_ws/install/examples_rclcpp_minimal_publisher/share/examples_rclcpp_minimal_publisher/cmake/examples_rclcpp_minimal_publisherConfig.cmake
[9.395s] -- Symlinking: /home/msurkip/ros2_ws/install/examples_rclcpp_minimal_publisher/share/examples_rclcpp_minimal_publisher/cmake/examples_rclcpp_minimal_publisherConfig-version.cmake
[9.395s] -- Symlinking: /home/msurkip/ros2_ws/install/examples_rclcpp_minimal_publisher/share/examples_rclcpp_minimal_publisher/package.xml
[9.430s] Invoked command in '/home/msurkip/ros2_ws/build/examples_rclcpp_minimal_publisher' returned '0': CMAKE_PREFIX_PATH=${CMAKE_PREFIX_PATH}:/home/msurkip/ros2_ws/src/install/examples_rclpy_minimal_subscriber:/home/msurkip/ros2_ws/src/install/examples_rclpy_minimal_service:/home/msurkip/ros2_ws/src/install/examples_rclpy_minimal_publisher:/home/msurkip/ros2_ws/src/install/examples_rclpy_minimal_client:/home/msurkip/ros2_ws/src/install/examples_rclpy_minimal_action_server:/home/msurkip/ros2_ws/src/install/examples_rclpy_minimal_action_client:/home/msurkip/ros2_ws/src/install/examples_rclpy_executors:/opt/ros/foxy /usr/bin/cmake --install /home/msurkip/ros2_ws/build/examples_rclcpp_minimal_publisher
