[1.022s] Invoking command in '/home/msurkip/ros2_ws/src/py_pubsub': PYTHONPATH=/home/msurkip/ros2_ws/build/py_pubsub/prefix_override:/home/msurkip/ros2_ws/install/py_pubsub/lib/python3.8/site-packages:${PYTHONPATH} /usr/bin/python3 setup.py egg_info --egg-base ../../build/py_pubsub build --build-base /home/msurkip/ros2_ws/build/py_pubsub/build install --record /home/msurkip/ros2_ws/build/py_pubsub/install.log --install-scripts $base/lib/py_pubsub --single-version-externally-managed
[1.199s] running egg_info
[1.199s] creating ../../build/py_pubsub/py_pubsub.egg-info
[1.200s] writing ../../build/py_pubsub/py_pubsub.egg-info/PKG-INFO
[1.200s] writing dependency_links to ../../build/py_pubsub/py_pubsub.egg-info/dependency_links.txt
[1.200s] writing entry points to ../../build/py_pubsub/py_pubsub.egg-info/entry_points.txt
[1.200s] writing requirements to ../../build/py_pubsub/py_pubsub.egg-info/requires.txt
[1.200s] writing top-level names to ../../build/py_pubsub/py_pubsub.egg-info/top_level.txt
[1.217s] writing manifest file '../../build/py_pubsub/py_pubsub.egg-info/SOURCES.txt'
[1.238s] reading manifest file '../../build/py_pubsub/py_pubsub.egg-info/SOURCES.txt'
[1.238s] writing manifest file '../../build/py_pubsub/py_pubsub.egg-info/SOURCES.txt'
[1.238s] running build
[1.239s] running build_py
[1.239s] creating /home/msurkip/ros2_ws/build/py_pubsub/build
[1.239s] creating /home/msurkip/ros2_ws/build/py_pubsub/build/lib
[1.239s] creating /home/msurkip/ros2_ws/build/py_pubsub/build/lib/py_pubsub
[1.239s] copying py_pubsub/__init__.py -> /home/msurkip/ros2_ws/build/py_pubsub/build/lib/py_pubsub
[1.239s] copying py_pubsub/subscriber_member_function.py -> /home/msurkip/ros2_ws/build/py_pubsub/build/lib/py_pubsub
[1.240s] copying py_pubsub/publisher_member_function.py -> /home/msurkip/ros2_ws/build/py_pubsub/build/lib/py_pubsub
[1.240s] running install
[1.240s] running install_lib
[1.240s] creating /home/msurkip/ros2_ws/install/py_pubsub/lib/python3.8/site-packages/py_pubsub
[1.240s] copying /home/msurkip/ros2_ws/build/py_pubsub/build/lib/py_pubsub/__init__.py -> /home/msurkip/ros2_ws/install/py_pubsub/lib/python3.8/site-packages/py_pubsub
[1.240s] copying /home/msurkip/ros2_ws/build/py_pubsub/build/lib/py_pubsub/subscriber_member_function.py -> /home/msurkip/ros2_ws/install/py_pubsub/lib/python3.8/site-packages/py_pubsub
[1.240s] copying /home/msurkip/ros2_ws/build/py_pubsub/build/lib/py_pubsub/publisher_member_function.py -> /home/msurkip/ros2_ws/install/py_pubsub/lib/python3.8/site-packages/py_pubsub
[1.241s] byte-compiling /home/msurkip/ros2_ws/install/py_pubsub/lib/python3.8/site-packages/py_pubsub/__init__.py to __init__.cpython-38.pyc
[1.241s] byte-compiling /home/msurkip/ros2_ws/install/py_pubsub/lib/python3.8/site-packages/py_pubsub/subscriber_member_function.py to subscriber_member_function.cpython-38.pyc
[1.241s] byte-compiling /home/msurkip/ros2_ws/install/py_pubsub/lib/python3.8/site-packages/py_pubsub/publisher_member_function.py to publisher_member_function.cpython-38.pyc
[1.241s] running install_data
[1.241s] creating /home/msurkip/ros2_ws/install/py_pubsub/share/ament_index
[1.241s] creating /home/msurkip/ros2_ws/install/py_pubsub/share/ament_index/resource_index
[1.242s] creating /home/msurkip/ros2_ws/install/py_pubsub/share/ament_index/resource_index/packages
[1.242s] copying resource/py_pubsub -> /home/msurkip/ros2_ws/install/py_pubsub/share/ament_index/resource_index/packages
[1.242s] copying package.xml -> /home/msurkip/ros2_ws/install/py_pubsub/share/py_pubsub
[1.242s] running install_egg_info
[1.243s] Copying ../../build/py_pubsub/py_pubsub.egg-info to /home/msurkip/ros2_ws/install/py_pubsub/lib/python3.8/site-packages/py_pubsub-0.0.0-py3.8.egg-info
[1.243s] running install_scripts
[1.254s] Installing listener script to /home/msurkip/ros2_ws/install/py_pubsub/lib/py_pubsub
[1.255s] Installing talker script to /home/msurkip/ros2_ws/install/py_pubsub/lib/py_pubsub
[1.255s] writing list of installed files to '/home/msurkip/ros2_ws/build/py_pubsub/install.log'
[1.270s] Invoked command in '/home/msurkip/ros2_ws/src/py_pubsub' returned '0': PYTHONPATH=/home/msurkip/ros2_ws/build/py_pubsub/prefix_override:/home/msurkip/ros2_ws/install/py_pubsub/lib/python3.8/site-packages:${PYTHONPATH} /usr/bin/python3 setup.py egg_info --egg-base ../../build/py_pubsub build --build-base /home/msurkip/ros2_ws/build/py_pubsub/build install --record /home/msurkip/ros2_ws/build/py_pubsub/install.log --install-scripts $base/lib/py_pubsub --single-version-externally-managed
