[0.037s] Invoking command in '/home/msurkip/ros2_ws/build/turtlesim': /usr/bin/cmake /home/msurkip/ros2_ws/src/ros_tutorials/turtlesim -DCMAKE_INSTALL_PREFIX=/home/msurkip/ros2_ws/install/turtlesim
[0.229s] -- The C compiler identification is GNU 9.4.0
[0.426s] -- The CXX compiler identification is GNU 9.4.0
[0.440s] -- Check for working C compiler: /usr/bin/cc
[0.565s] -- Check for working C compiler: /usr/bin/cc -- works
[0.567s] -- Detecting C compiler ABI info
[0.649s] -- Detecting C compiler ABI info - done
[0.674s] -- Detecting C compile features
[0.676s] -- Detecting C compile features - done
[0.681s] -- Check for working CXX compiler: /usr/bin/c++
[0.848s] -- Check for working CXX compiler: /usr/bin/c++ -- works
[0.850s] -- Detecting CXX compiler ABI info
[1.017s] -- Detecting CXX compiler ABI info - done
[1.045s] -- Detecting CXX compile features
[1.047s] -- Detecting CXX compile features - done
[1.085s] -- Found ament_cmake: 0.9.11 (/home/msurkip/ros2_foxy/ros2-linux/share/ament_cmake/cmake)
[1.134s] -- Found PythonInterp: /usr/bin/python3 (found suitable version "3.8.10", minimum required is "3") 
[1.135s] -- Using PYTHON_EXECUTABLE: /usr/bin/python3
[1.373s] -- Found ament_index_cpp: 1.1.0 (/home/msurkip/ros2_foxy/ros2-linux/share/ament_index_cpp/cmake)
[1.384s] -- Found geometry_msgs: 2.0.5 (/home/msurkip/ros2_foxy/ros2-linux/share/geometry_msgs/cmake)
[1.449s] -- Using all available rosidl_typesupport_c: rosidl_typesupport_connext_c;rosidl_typesupport_fastrtps_c;rosidl_typesupport_introspection_c
[1.472s] -- Found rosidl_adapter: 1.3.0 (/home/msurkip/ros2_foxy/ros2-linux/share/rosidl_adapter/cmake)
[1.512s] -- Could not find RTI Connext - skipping rosidl_typesupport_connext_c
[1.543s] -- Could not find RTI Connext - skipping rosidl_typesupport_connext_cpp
[1.699s] -- Found OpenSSL: /usr/lib/x86_64-linux-gnu/libcrypto.so (found version "1.1.1f")  
[1.750s] -- Found FastRTPS: /home/msurkip/ros2_foxy/ros2-linux/include  
[1.862s] -- Using all available rosidl_typesupport_cpp: rosidl_typesupport_connext_cpp;rosidl_typesupport_fastrtps_cpp;rosidl_typesupport_introspection_cpp
[1.955s] -- Found rclcpp: 2.4.2 (/home/msurkip/ros2_foxy/ros2-linux/share/rclcpp/cmake)
[1.998s] -- Found rmw_implementation_cmake: 1.0.3 (/home/msurkip/ros2_foxy/ros2-linux/share/rmw_implementation_cmake/cmake)
[1.999s] -- Using RMW implementation 'rmw_fastrtps_cpp' as default
[2.000s] -- Looking for pthread.h
[2.154s] -- Looking for pthread.h - found
[2.154s] -- Performing Test CMAKE_HAVE_LIBC_PTHREAD
[2.329s] -- Performing Test CMAKE_HAVE_LIBC_PTHREAD - Failed
[2.330s] -- Looking for pthread_create in pthreads
[2.440s] -- Looking for pthread_create in pthreads - not found
[2.441s] -- Looking for pthread_create in pthread
[2.577s] -- Looking for pthread_create in pthread - found
[2.580s] -- Found Threads: TRUE  
[2.748s] -- Found rclcpp_action: 2.4.2 (/home/msurkip/ros2_foxy/ros2-linux/share/rclcpp_action/cmake)
[2.850s] -- Found rosidl_default_generators: 1.0.1 (/home/msurkip/ros2_foxy/ros2-linux/share/rosidl_default_generators/cmake)
[2.891s] -- Found std_srvs: 2.0.5 (/home/msurkip/ros2_foxy/ros2-linux/share/std_srvs/cmake)
[2.972s] -- Found PythonInterp: /usr/bin/python3 (found version "3.8.10") 
[3.350s] -- Found ament_cmake_ros: 0.9.2 (/home/msurkip/ros2_foxy/ros2-linux/share/ament_cmake_ros/cmake)
[3.666s] -- Using all available rosidl_typesupport_c: rosidl_typesupport_connext_c;rosidl_typesupport_fastrtps_c;rosidl_typesupport_introspection_c
[3.698s] -- Using all available rosidl_typesupport_cpp: rosidl_typesupport_connext_cpp;rosidl_typesupport_fastrtps_cpp;rosidl_typesupport_introspection_cpp
[3.744s] -- Found PythonInterp: /usr/bin/python3 (found suitable version "3.8.10", minimum required is "3.5") 
[3.748s] -- Found python_cmake_module: 0.8.1 (/home/msurkip/ros2_foxy/ros2-linux/share/python_cmake_module/cmake)
[3.815s] -- Found PythonLibs: /usr/lib/x86_64-linux-gnu/libpython3.8.so (found suitable version "3.8.10", minimum required is "3.5") 
[3.816s] -- Using PYTHON_EXECUTABLE: /usr/bin/python3
[3.816s] -- Using PYTHON_INCLUDE_DIRS: /usr/include/python3.8
[3.816s] -- Using PYTHON_LIBRARIES: /usr/lib/x86_64-linux-gnu/libpython3.8.so
[3.867s] -- Found PythonExtra: .so  
[4.027s] -- Configuring done
[4.167s] -- Generating done
[4.169s] -- Build files have been written to: /home/msurkip/ros2_ws/build/turtlesim
[4.178s] Invoked command in '/home/msurkip/ros2_ws/build/turtlesim' returned '0': /usr/bin/cmake /home/msurkip/ros2_ws/src/ros_tutorials/turtlesim -DCMAKE_INSTALL_PREFIX=/home/msurkip/ros2_ws/install/turtlesim
[4.184s] Invoking command in '/home/msurkip/ros2_ws/build/turtlesim': /usr/bin/cmake --build /home/msurkip/ros2_ws/build/turtlesim -- -j8 -l8
[4.264s] [  1%] [34m[1mGenerating C code for ROS interfaces[0m
[4.266s] [35m[1mScanning dependencies of target turtlesim__cpp[0m
[4.287s] [  2%] [34m[1mGenerating C++ code for ROS interfaces[0m
[4.918s] [  2%] Built target turtlesim__cpp
[4.931s] [  3%] [34m[1mGenerating C++ introspection for ROS interfaces[0m
[4.944s] [  4%] [34m[1mGenerating C++ type support dispatch for ROS interfaces[0m
[4.944s] [  5%] [34m[1mGenerating C++ type support for eProsima Fast-RTPS[0m
[5.117s] [35m[1mScanning dependencies of target turtlesim__rosidl_generator_c[0m
[5.161s] [  6%] [32mBuilding C object CMakeFiles/turtlesim__rosidl_generator_c.dir/rosidl_generator_c/turtlesim/srv/detail/kill__functions.c.o[0m
[5.161s] [  7%] [32mBuilding C object CMakeFiles/turtlesim__rosidl_generator_c.dir/rosidl_generator_c/turtlesim/msg/detail/pose__functions.c.o[0m
[5.163s] [  8%] [32mBuilding C object CMakeFiles/turtlesim__rosidl_generator_c.dir/rosidl_generator_c/turtlesim/action/detail/rotate_absolute__functions.c.o[0m
[5.164s] [  9%] [32mBuilding C object CMakeFiles/turtlesim__rosidl_generator_c.dir/rosidl_generator_c/turtlesim/msg/detail/color__functions.c.o[0m
[5.167s] [ 10%] [32mBuilding C object CMakeFiles/turtlesim__rosidl_generator_c.dir/rosidl_generator_c/turtlesim/srv/detail/set_pen__functions.c.o[0m
[5.227s] [ 11%] [32mBuilding C object CMakeFiles/turtlesim__rosidl_generator_c.dir/rosidl_generator_c/turtlesim/srv/detail/spawn__functions.c.o[0m
[5.230s] [ 12%] [32mBuilding C object CMakeFiles/turtlesim__rosidl_generator_c.dir/rosidl_generator_c/turtlesim/srv/detail/teleport_absolute__functions.c.o[0m
[5.233s] [ 13%] [32mBuilding C object CMakeFiles/turtlesim__rosidl_generator_c.dir/rosidl_generator_c/turtlesim/srv/detail/teleport_relative__functions.c.o[0m
[5.329s] [ 14%] [32m[1mLinking C shared library libturtlesim__rosidl_generator_c.so[0m
[5.402s] [ 14%] Built target turtlesim__rosidl_generator_c
[5.415s] [ 16%] [34m[1mGenerating C type support dispatch for ROS interfaces[0m
[5.415s] [ 16%] [34m[1mGenerating C introspection for ROS interfaces[0m
[5.500s] [35m[1mScanning dependencies of target turtlesim__rosidl_typesupport_cpp[0m
[5.535s] [ 17%] [32mBuilding CXX object CMakeFiles/turtlesim__rosidl_typesupport_cpp.dir/rosidl_typesupport_cpp/turtlesim/action/rotate_absolute__type_support.cpp.o[0m
[5.536s] [ 18%] [32mBuilding CXX object CMakeFiles/turtlesim__rosidl_typesupport_cpp.dir/rosidl_typesupport_cpp/turtlesim/msg/color__type_support.cpp.o[0m
[5.555s] [ 19%] [32mBuilding CXX object CMakeFiles/turtlesim__rosidl_typesupport_cpp.dir/rosidl_typesupport_cpp/turtlesim/msg/pose__type_support.cpp.o[0m
[5.569s] [35m[1mScanning dependencies of target turtlesim__rosidl_typesupport_introspection_cpp[0m
[5.582s] [ 20%] [32mBuilding CXX object CMakeFiles/turtlesim__rosidl_typesupport_cpp.dir/rosidl_typesupport_cpp/turtlesim/srv/kill__type_support.cpp.o[0m
[5.594s] [ 21%] [32mBuilding CXX object CMakeFiles/turtlesim__rosidl_typesupport_introspection_cpp.dir/rosidl_typesupport_introspection_cpp/turtlesim/action/detail/rotate_absolute__type_support.cpp.o[0m
[5.775s] [35m[1mScanning dependencies of target turtlesim__rosidl_typesupport_fastrtps_cpp[0m
[5.860s] [35m[1mScanning dependencies of target turtlesim__rosidl_typesupport_c[0m
[5.871s] [ 22%] [32mBuilding CXX object CMakeFiles/turtlesim__rosidl_typesupport_cpp.dir/rosidl_typesupport_cpp/turtlesim/srv/set_pen__type_support.cpp.o[0m
[5.916s] [ 23%] [32mBuilding CXX object CMakeFiles/turtlesim__rosidl_typesupport_cpp.dir/rosidl_typesupport_cpp/turtlesim/srv/spawn__type_support.cpp.o[0m
[5.919s] [ 24%] [32mBuilding CXX object CMakeFiles/turtlesim__rosidl_typesupport_introspection_cpp.dir/rosidl_typesupport_introspection_cpp/turtlesim/msg/detail/color__type_support.cpp.o[0m
[5.923s] [ 25%] [32mBuilding CXX object CMakeFiles/turtlesim__rosidl_typesupport_cpp.dir/rosidl_typesupport_cpp/turtlesim/srv/teleport_absolute__type_support.cpp.o[0m
[5.934s] [ 26%] [32mBuilding CXX object CMakeFiles/turtlesim__rosidl_typesupport_cpp.dir/rosidl_typesupport_cpp/turtlesim/srv/teleport_relative__type_support.cpp.o[0m
[5.941s] [ 27%] [32mBuilding CXX object CMakeFiles/turtlesim__rosidl_typesupport_c.dir/rosidl_typesupport_c/turtlesim/action/rotate_absolute__type_support.cpp.o[0m
[5.995s] [ 28%] [32mBuilding CXX object CMakeFiles/turtlesim__rosidl_typesupport_fastrtps_cpp.dir/rosidl_typesupport_fastrtps_cpp/turtlesim/action/detail/dds_fastrtps/rotate_absolute__type_support.cpp.o[0m
[6.024s] [ 29%] [32mBuilding CXX object CMakeFiles/turtlesim__rosidl_typesupport_c.dir/rosidl_typesupport_c/turtlesim/msg/color__type_support.cpp.o[0m
[6.066s] [ 30%] [32mBuilding CXX object CMakeFiles/turtlesim__rosidl_typesupport_c.dir/rosidl_typesupport_c/turtlesim/msg/pose__type_support.cpp.o[0m
[6.099s] [ 31%] [32mBuilding CXX object CMakeFiles/turtlesim__rosidl_typesupport_c.dir/rosidl_typesupport_c/turtlesim/srv/kill__type_support.cpp.o[0m
[6.124s] [ 32%] [32mBuilding CXX object CMakeFiles/turtlesim__rosidl_typesupport_c.dir/rosidl_typesupport_c/turtlesim/srv/set_pen__type_support.cpp.o[0m
[6.136s] [ 33%] [32mBuilding CXX object CMakeFiles/turtlesim__rosidl_typesupport_c.dir/rosidl_typesupport_c/turtlesim/srv/spawn__type_support.cpp.o[0m
[6.152s] [ 34%] [32mBuilding CXX object CMakeFiles/turtlesim__rosidl_typesupport_c.dir/rosidl_typesupport_c/turtlesim/srv/teleport_absolute__type_support.cpp.o[0m
[6.158s] [ 35%] [32mBuilding CXX object CMakeFiles/turtlesim__rosidl_typesupport_introspection_cpp.dir/rosidl_typesupport_introspection_cpp/turtlesim/msg/detail/pose__type_support.cpp.o[0m
[6.158s] [ 36%] [32mBuilding CXX object CMakeFiles/turtlesim__rosidl_typesupport_introspection_cpp.dir/rosidl_typesupport_introspection_cpp/turtlesim/srv/detail/kill__type_support.cpp.o[0m
[6.164s] [ 37%] [32mBuilding CXX object CMakeFiles/turtlesim__rosidl_typesupport_introspection_cpp.dir/rosidl_typesupport_introspection_cpp/turtlesim/srv/detail/set_pen__type_support.cpp.o[0m
[6.171s] [ 38%] [32mBuilding CXX object CMakeFiles/turtlesim__rosidl_typesupport_introspection_cpp.dir/rosidl_typesupport_introspection_cpp/turtlesim/srv/detail/spawn__type_support.cpp.o[0m
[6.173s] [ 39%] [32m[1mLinking CXX shared library libturtlesim__rosidl_typesupport_cpp.so[0m
[6.176s] [35m[1mScanning dependencies of target turtlesim__rosidl_typesupport_introspection_c[0m
[6.200s] [ 40%] [32mBuilding CXX object CMakeFiles/turtlesim__rosidl_typesupport_c.dir/rosidl_typesupport_c/turtlesim/srv/teleport_relative__type_support.cpp.o[0m
[6.224s] [ 40%] Built target turtlesim__rosidl_typesupport_cpp
[6.231s] [ 41%] [32mBuilding C object CMakeFiles/turtlesim__rosidl_typesupport_introspection_c.dir/rosidl_typesupport_introspection_c/turtlesim/action/detail/rotate_absolute__type_support.c.o[0m
[6.231s] [ 42%] [32m[1mLinking CXX shared library libturtlesim__rosidl_typesupport_c.so[0m
[6.234s] [ 43%] [32mBuilding CXX object CMakeFiles/turtlesim__rosidl_typesupport_introspection_cpp.dir/rosidl_typesupport_introspection_cpp/turtlesim/srv/detail/teleport_absolute__type_support.cpp.o[0m
[6.274s] [ 44%] [32mBuilding C object CMakeFiles/turtlesim__rosidl_typesupport_introspection_c.dir/rosidl_typesupport_introspection_c/turtlesim/msg/detail/color__type_support.c.o[0m
[6.298s] [ 44%] Built target turtlesim__rosidl_typesupport_c
[6.306s] [ 45%] [32mBuilding C object CMakeFiles/turtlesim__rosidl_typesupport_introspection_c.dir/rosidl_typesupport_introspection_c/turtlesim/msg/detail/pose__type_support.c.o[0m
[6.310s] [ 46%] [32mBuilding C object CMakeFiles/turtlesim__rosidl_typesupport_introspection_c.dir/rosidl_typesupport_introspection_c/turtlesim/srv/detail/kill__type_support.c.o[0m
[6.336s] [ 47%] [32mBuilding CXX object CMakeFiles/turtlesim__rosidl_typesupport_introspection_cpp.dir/rosidl_typesupport_introspection_cpp/turtlesim/srv/detail/teleport_relative__type_support.cpp.o[0m
[6.362s] [ 48%] [32mBuilding C object CMakeFiles/turtlesim__rosidl_typesupport_introspection_c.dir/rosidl_typesupport_introspection_c/turtlesim/srv/detail/set_pen__type_support.c.o[0m
[6.409s] [ 49%] [32mBuilding C object CMakeFiles/turtlesim__rosidl_typesupport_introspection_c.dir/rosidl_typesupport_introspection_c/turtlesim/srv/detail/spawn__type_support.c.o[0m
[6.410s] [ 50%] [32mBuilding C object CMakeFiles/turtlesim__rosidl_typesupport_introspection_c.dir/rosidl_typesupport_introspection_c/turtlesim/srv/detail/teleport_relative__type_support.c.o[0m
[6.411s] [ 51%] [32mBuilding C object CMakeFiles/turtlesim__rosidl_typesupport_introspection_c.dir/rosidl_typesupport_introspection_c/turtlesim/srv/detail/teleport_absolute__type_support.c.o[0m
[6.420s] [ 52%] [32mBuilding CXX object CMakeFiles/turtlesim__rosidl_typesupport_fastrtps_cpp.dir/rosidl_typesupport_fastrtps_cpp/turtlesim/msg/detail/dds_fastrtps/pose__type_support.cpp.o[0m
[6.420s] [ 53%] [32mBuilding CXX object CMakeFiles/turtlesim__rosidl_typesupport_fastrtps_cpp.dir/rosidl_typesupport_fastrtps_cpp/turtlesim/msg/detail/dds_fastrtps/color__type_support.cpp.o[0m
[6.441s] [ 56%] [32m[1mLinking C shared library libturtlesim__rosidl_typesupport_introspection_c.so[0m
[6.441s] [ 56%] [32mBuilding CXX object CMakeFiles/turtlesim__rosidl_typesupport_fastrtps_cpp.dir/rosidl_typesupport_fastrtps_cpp/turtlesim/srv/detail/dds_fastrtps/kill__type_support.cpp.o[0m
[6.441s] [ 56%] [32mBuilding CXX object CMakeFiles/turtlesim__rosidl_typesupport_fastrtps_cpp.dir/rosidl_typesupport_fastrtps_cpp/turtlesim/srv/detail/dds_fastrtps/set_pen__type_support.cpp.o[0m
[6.479s] [ 56%] Built target turtlesim__rosidl_typesupport_introspection_c
[6.488s] [ 57%] [32mBuilding CXX object CMakeFiles/turtlesim__rosidl_typesupport_fastrtps_cpp.dir/rosidl_typesupport_fastrtps_cpp/turtlesim/srv/detail/dds_fastrtps/spawn__type_support.cpp.o[0m
[6.551s] [ 58%] [32mBuilding CXX object CMakeFiles/turtlesim__rosidl_typesupport_fastrtps_cpp.dir/rosidl_typesupport_fastrtps_cpp/turtlesim/srv/detail/dds_fastrtps/teleport_absolute__type_support.cpp.o[0m
[6.593s] [ 59%] [32mBuilding CXX object CMakeFiles/turtlesim__rosidl_typesupport_fastrtps_cpp.dir/rosidl_typesupport_fastrtps_cpp/turtlesim/srv/detail/dds_fastrtps/teleport_relative__type_support.cpp.o[0m
[6.608s] [ 60%] [32m[1mLinking CXX shared library libturtlesim__rosidl_typesupport_introspection_cpp.so[0m
[6.686s] [ 60%] Built target turtlesim__rosidl_typesupport_introspection_cpp
[6.969s] [ 61%] [32m[1mLinking CXX shared library libturtlesim__rosidl_typesupport_fastrtps_cpp.so[0m
[7.138s] [ 61%] Built target turtlesim__rosidl_typesupport_fastrtps_cpp
[7.157s] [ 62%] [34m[1mGenerating C type support for eProsima Fast-RTPS[0m
[7.677s] [35m[1mScanning dependencies of target turtlesim__rosidl_typesupport_fastrtps_c[0m
[7.706s] [ 63%] [32mBuilding CXX object CMakeFiles/turtlesim__rosidl_typesupport_fastrtps_c.dir/rosidl_typesupport_fastrtps_c/turtlesim/srv/detail/teleport_relative__type_support_c.cpp.o[0m
[7.712s] [ 64%] [32mBuilding CXX object CMakeFiles/turtlesim__rosidl_typesupport_fastrtps_c.dir/rosidl_typesupport_fastrtps_c/turtlesim/action/detail/rotate_absolute__type_support_c.cpp.o[0m
[7.712s] [ 65%] [32mBuilding CXX object CMakeFiles/turtlesim__rosidl_typesupport_fastrtps_c.dir/rosidl_typesupport_fastrtps_c/turtlesim/msg/detail/color__type_support_c.cpp.o[0m
[7.713s] [ 66%] [32mBuilding CXX object CMakeFiles/turtlesim__rosidl_typesupport_fastrtps_c.dir/rosidl_typesupport_fastrtps_c/turtlesim/srv/detail/kill__type_support_c.cpp.o[0m
[7.714s] [ 67%] [32mBuilding CXX object CMakeFiles/turtlesim__rosidl_typesupport_fastrtps_c.dir/rosidl_typesupport_fastrtps_c/turtlesim/srv/detail/teleport_absolute__type_support_c.cpp.o[0m
[7.716s] [ 68%] [32mBuilding CXX object CMakeFiles/turtlesim__rosidl_typesupport_fastrtps_c.dir/rosidl_typesupport_fastrtps_c/turtlesim/srv/detail/set_pen__type_support_c.cpp.o[0m
[7.718s] [ 69%] [32mBuilding CXX object CMakeFiles/turtlesim__rosidl_typesupport_fastrtps_c.dir/rosidl_typesupport_fastrtps_c/turtlesim/msg/detail/pose__type_support_c.cpp.o[0m
[7.719s] [ 70%] [32mBuilding CXX object CMakeFiles/turtlesim__rosidl_typesupport_fastrtps_c.dir/rosidl_typesupport_fastrtps_c/turtlesim/srv/detail/spawn__type_support_c.cpp.o[0m
[8.172s] [ 71%] [32m[1mLinking CXX shared library libturtlesim__rosidl_typesupport_fastrtps_c.so[0m
[8.314s] [ 71%] Built target turtlesim__rosidl_typesupport_fastrtps_c
[8.339s] [35m[1mScanning dependencies of target turtlesim[0m
[8.363s] [ 71%] Built target turtlesim
[8.386s] [35m[1mScanning dependencies of target draw_square[0m
[8.386s] [35m[1mScanning dependencies of target turtle_teleop_key[0m
[8.387s] [35m[1mScanning dependencies of target mimic[0m
[8.387s] [ 72%] [34m[1mGenerating include/turtlesim/moc_turtle_frame.cpp[0m
[8.389s] [35m[1mScanning dependencies of target turtlesim__py[0m
[8.415s] [ 73%] [34m[1mGenerating Python code for ROS interfaces[0m
[8.504s] [ 74%] [32mBuilding CXX object CMakeFiles/mimic.dir/tutorials/mimic.cpp.o[0m
[8.504s] [35m[1mScanning dependencies of target turtlesim_node[0m
[8.523s] [ 75%] [32mBuilding CXX object CMakeFiles/draw_square.dir/tutorials/draw_square.cpp.o[0m
[8.538s] [ 76%] [32mBuilding CXX object CMakeFiles/turtle_teleop_key.dir/tutorials/teleop_turtle_key.cpp.o[0m
[8.578s] [ 77%] [32mBuilding CXX object CMakeFiles/turtlesim_node.dir/src/turtle_frame.cpp.o[0m
[8.580s] [ 78%] [32mBuilding CXX object CMakeFiles/turtlesim_node.dir/include/turtlesim/moc_turtle_frame.cpp.o[0m
[8.585s] [ 79%] [32mBuilding CXX object CMakeFiles/turtlesim_node.dir/src/turtle.cpp.o[0m
[8.589s] [ 80%] [32mBuilding CXX object CMakeFiles/turtlesim_node.dir/src/turtlesim.cpp.o[0m
[10.566s] [ 80%] Built target turtlesim__py
[10.580s] [35m[1mScanning dependencies of target turtlesim__python[0m
[10.703s] [ 81%] [32mBuilding C object CMakeFiles/turtlesim__python.dir/rosidl_generator_py/turtlesim/action/_rotate_absolute_s.c.o[0m
[10.930s] [ 82%] [32mBuilding C object CMakeFiles/turtlesim__python.dir/rosidl_generator_py/turtlesim/msg/_color_s.c.o[0m
[11.074s] [ 83%] [32mBuilding C object CMakeFiles/turtlesim__python.dir/rosidl_generator_py/turtlesim/msg/_pose_s.c.o[0m
[11.201s] [ 84%] [32mBuilding C object CMakeFiles/turtlesim__python.dir/rosidl_generator_py/turtlesim/srv/_kill_s.c.o[0m
[11.306s] [ 85%] [32mBuilding C object CMakeFiles/turtlesim__python.dir/rosidl_generator_py/turtlesim/srv/_set_pen_s.c.o[0m
[11.400s] [ 86%] [32mBuilding C object CMakeFiles/turtlesim__python.dir/rosidl_generator_py/turtlesim/srv/_spawn_s.c.o[0m
[11.498s] [ 87%] [32mBuilding C object CMakeFiles/turtlesim__python.dir/rosidl_generator_py/turtlesim/srv/_teleport_absolute_s.c.o[0m
[11.596s] [ 88%] [32mBuilding C object CMakeFiles/turtlesim__python.dir/rosidl_generator_py/turtlesim/srv/_teleport_relative_s.c.o[0m
[11.691s] [ 89%] [32m[1mLinking C shared library rosidl_generator_py/turtlesim/libturtlesim__python.so[0m
[11.735s] [ 89%] Built target turtlesim__python
[11.745s] [35m[1mScanning dependencies of target turtlesim__rosidl_typesupport_fastrtps_c__pyext[0m
[11.749s] [35m[1mScanning dependencies of target turtlesim__rosidl_typesupport_introspection_c__pyext[0m
[11.767s] [ 90%] [32mBuilding C object CMakeFiles/turtlesim__rosidl_typesupport_fastrtps_c__pyext.dir/rosidl_generator_py/turtlesim/_turtlesim_s.ep.rosidl_typesupport_fastrtps_c.c.o[0m
[11.779s] [ 91%] [32mBuilding C object CMakeFiles/turtlesim__rosidl_typesupport_introspection_c__pyext.dir/rosidl_generator_py/turtlesim/_turtlesim_s.ep.rosidl_typesupport_introspection_c.c.o[0m
[11.917s] [ 92%] [32m[1mLinking C shared library rosidl_generator_py/turtlesim/turtlesim_s__rosidl_typesupport_introspection_c.cpython-38-x86_64-linux-gnu.so[0m
[11.949s] [ 93%] [32m[1mLinking CXX shared library rosidl_generator_py/turtlesim/turtlesim_s__rosidl_typesupport_fastrtps_c.cpython-38-x86_64-linux-gnu.so[0m
[11.965s] [ 93%] Built target turtlesim__rosidl_typesupport_introspection_c__pyext
[11.978s] [35m[1mScanning dependencies of target turtlesim__rosidl_typesupport_c__pyext[0m
[12.019s] [ 94%] [32mBuilding C object CMakeFiles/turtlesim__rosidl_typesupport_c__pyext.dir/rosidl_generator_py/turtlesim/_turtlesim_s.ep.rosidl_typesupport_c.c.o[0m
[12.052s] [ 94%] Built target turtlesim__rosidl_typesupport_fastrtps_c__pyext
[12.227s] [ 95%] [32m[1mLinking C shared library rosidl_generator_py/turtlesim/turtlesim_s__rosidl_typesupport_c.cpython-38-x86_64-linux-gnu.so[0m
[12.275s] [ 95%] Built target turtlesim__rosidl_typesupport_c__pyext
[13.121s] [ 96%] [32m[1mLinking CXX executable turtle_teleop_key[0m
[13.615s] [ 96%] Built target turtle_teleop_key
[13.814s] [ 97%] [32m[1mLinking CXX executable mimic[0m
[14.062s] [ 97%] Built target mimic
[14.539s] [ 98%] [32m[1mLinking CXX executable draw_square[0m
[14.799s] [ 98%] Built target draw_square
[16.022s] [100%] [32m[1mLinking CXX executable turtlesim_node[0m
[17.154s] [100%] Built target turtlesim_node
[17.171s] Invoked command in '/home/msurkip/ros2_ws/build/turtlesim' returned '0': /usr/bin/cmake --build /home/msurkip/ros2_ws/build/turtlesim -- -j8 -l8
[17.527s] Invoking command in '/home/msurkip/ros2_ws/build/turtlesim': /usr/bin/cmake --install /home/msurkip/ros2_ws/build/turtlesim
[17.545s] -- Install configuration: ""
[17.546s] -- Installing: /home/msurkip/ros2_ws/install/turtlesim/share/ament_index/resource_index/rosidl_interfaces/turtlesim
[17.546s] -- Installing: /home/msurkip/ros2_ws/install/turtlesim/include/turtlesim
[17.546s] -- Installing: /home/msurkip/ros2_ws/install/turtlesim/include/turtlesim/srv
[17.546s] -- Installing: /home/msurkip/ros2_ws/install/turtlesim/include/turtlesim/srv/set_pen.h
[17.546s] -- Installing: /home/msurkip/ros2_ws/install/turtlesim/include/turtlesim/srv/detail
[17.547s] -- Installing: /home/msurkip/ros2_ws/install/turtlesim/include/turtlesim/srv/detail/kill__struct.h
[17.547s] -- Installing: /home/msurkip/ros2_ws/install/turtlesim/include/turtlesim/srv/detail/kill__functions.h
[17.547s] -- Installing: /home/msurkip/ros2_ws/install/turtlesim/include/turtlesim/srv/detail/set_pen__functions.h
[17.547s] -- Installing: /home/msurkip/ros2_ws/install/turtlesim/include/turtlesim/srv/detail/teleport_absolute__functions.h
[17.548s] -- Installing: /home/msurkip/ros2_ws/install/turtlesim/include/turtlesim/srv/detail/spawn__functions.h
[17.548s] -- Installing: /home/msurkip/ros2_ws/install/turtlesim/include/turtlesim/srv/detail/set_pen__type_support.h
[17.548s] -- Installing: /home/msurkip/ros2_ws/install/turtlesim/include/turtlesim/srv/detail/teleport_relative__struct.h
[17.548s] -- Installing: /home/msurkip/ros2_ws/install/turtlesim/include/turtlesim/srv/detail/kill__type_support.h
[17.548s] -- Installing: /home/msurkip/ros2_ws/install/turtlesim/include/turtlesim/srv/detail/set_pen__struct.h
[17.548s] -- Installing: /home/msurkip/ros2_ws/install/turtlesim/include/turtlesim/srv/detail/spawn__functions.c
[17.549s] -- Installing: /home/msurkip/ros2_ws/install/turtlesim/include/turtlesim/srv/detail/teleport_absolute__type_support.h
[17.549s] -- Installing: /home/msurkip/ros2_ws/install/turtlesim/include/turtlesim/srv/detail/teleport_relative__type_support.h
[17.549s] -- Installing: /home/msurkip/ros2_ws/install/turtlesim/include/turtlesim/srv/detail/set_pen__functions.c
[17.549s] -- Installing: /home/msurkip/ros2_ws/install/turtlesim/include/turtlesim/srv/detail/teleport_absolute__struct.h
[17.549s] -- Installing: /home/msurkip/ros2_ws/install/turtlesim/include/turtlesim/srv/detail/teleport_absolute__functions.c
[17.550s] -- Installing: /home/msurkip/ros2_ws/install/turtlesim/include/turtlesim/srv/detail/teleport_relative__functions.c
[17.550s] -- Installing: /home/msurkip/ros2_ws/install/turtlesim/include/turtlesim/srv/detail/kill__functions.c
[17.550s] -- Installing: /home/msurkip/ros2_ws/install/turtlesim/include/turtlesim/srv/detail/spawn__struct.h
[17.550s] -- Installing: /home/msurkip/ros2_ws/install/turtlesim/include/turtlesim/srv/detail/spawn__type_support.h
[17.551s] -- Installing: /home/msurkip/ros2_ws/install/turtlesim/include/turtlesim/srv/detail/teleport_relative__functions.h
[17.551s] -- Installing: /home/msurkip/ros2_ws/install/turtlesim/include/turtlesim/srv/kill.h
[17.551s] -- Installing: /home/msurkip/ros2_ws/install/turtlesim/include/turtlesim/srv/teleport_absolute.h
[17.551s] -- Installing: /home/msurkip/ros2_ws/install/turtlesim/include/turtlesim/srv/teleport_relative.h
[17.551s] -- Installing: /home/msurkip/ros2_ws/install/turtlesim/include/turtlesim/srv/spawn.h
[17.552s] -- Installing: /home/msurkip/ros2_ws/install/turtlesim/include/turtlesim/msg
[17.552s] -- Installing: /home/msurkip/ros2_ws/install/turtlesim/include/turtlesim/msg/color.h
[17.552s] -- Installing: /home/msurkip/ros2_ws/install/turtlesim/include/turtlesim/msg/rosidl_generator_c__visibility_control.h
[17.553s] -- Installing: /home/msurkip/ros2_ws/install/turtlesim/include/turtlesim/msg/detail
[17.553s] -- Installing: /home/msurkip/ros2_ws/install/turtlesim/include/turtlesim/msg/detail/color__type_support.h
[17.553s] -- Installing: /home/msurkip/ros2_ws/install/turtlesim/include/turtlesim/msg/detail/color__functions.c
[17.553s] -- Installing: /home/msurkip/ros2_ws/install/turtlesim/include/turtlesim/msg/detail/pose__type_support.h
[17.553s] -- Installing: /home/msurkip/ros2_ws/install/turtlesim/include/turtlesim/msg/detail/pose__functions.h
[17.553s] -- Installing: /home/msurkip/ros2_ws/install/turtlesim/include/turtlesim/msg/detail/color__functions.h
[17.554s] -- Installing: /home/msurkip/ros2_ws/install/turtlesim/include/turtlesim/msg/detail/pose__functions.c
[17.554s] -- Installing: /home/msurkip/ros2_ws/install/turtlesim/include/turtlesim/msg/detail/pose__struct.h
[17.554s] -- Installing: /home/msurkip/ros2_ws/install/turtlesim/include/turtlesim/msg/detail/color__struct.h
[17.554s] -- Installing: /home/msurkip/ros2_ws/install/turtlesim/include/turtlesim/msg/pose.h
[17.554s] -- Installing: /home/msurkip/ros2_ws/install/turtlesim/include/turtlesim/action
[17.554s] -- Installing: /home/msurkip/ros2_ws/install/turtlesim/include/turtlesim/action/detail
[17.555s] -- Installing: /home/msurkip/ros2_ws/install/turtlesim/include/turtlesim/action/detail/rotate_absolute__type_support.h
[17.555s] -- Installing: /home/msurkip/ros2_ws/install/turtlesim/include/turtlesim/action/detail/rotate_absolute__functions.c
[17.555s] -- Installing: /home/msurkip/ros2_ws/install/turtlesim/include/turtlesim/action/detail/rotate_absolute__functions.h
[17.555s] -- Installing: /home/msurkip/ros2_ws/install/turtlesim/include/turtlesim/action/detail/rotate_absolute__struct.h
[17.555s] -- Installing: /home/msurkip/ros2_ws/install/turtlesim/include/turtlesim/action/rotate_absolute.h
[17.555s] -- Installing: /home/msurkip/ros2_ws/install/turtlesim/share/turtlesim/environment/library_path.sh
[17.555s] -- Installing: /home/msurkip/ros2_ws/install/turtlesim/share/turtlesim/environment/library_path.dsv
[17.556s] -- Installing: /home/msurkip/ros2_ws/install/turtlesim/lib/libturtlesim__rosidl_generator_c.so
[17.557s] -- Set runtime path of "/home/msurkip/ros2_ws/install/turtlesim/lib/libturtlesim__rosidl_generator_c.so" to ""
[17.557s] -- Up-to-date: /home/msurkip/ros2_ws/install/turtlesim/include/turtlesim
[17.557s] -- Up-to-date: /home/msurkip/ros2_ws/install/turtlesim/include/turtlesim/srv
[17.557s] -- Up-to-date: /home/msurkip/ros2_ws/install/turtlesim/include/turtlesim/srv/detail
[17.557s] -- Installing: /home/msurkip/ros2_ws/install/turtlesim/include/turtlesim/srv/detail/spawn__rosidl_typesupport_fastrtps_c.h
[17.558s] -- Installing: /home/msurkip/ros2_ws/install/turtlesim/include/turtlesim/srv/detail/teleport_absolute__rosidl_typesupport_fastrtps_c.h
[17.558s] -- Installing: /home/msurkip/ros2_ws/install/turtlesim/include/turtlesim/srv/detail/kill__rosidl_typesupport_fastrtps_c.h
[17.558s] -- Installing: /home/msurkip/ros2_ws/install/turtlesim/include/turtlesim/srv/detail/set_pen__rosidl_typesupport_fastrtps_c.h
[17.558s] -- Installing: /home/msurkip/ros2_ws/install/turtlesim/include/turtlesim/srv/detail/teleport_relative__rosidl_typesupport_fastrtps_c.h
[17.558s] -- Up-to-date: /home/msurkip/ros2_ws/install/turtlesim/include/turtlesim/msg
[17.559s] -- Up-to-date: /home/msurkip/ros2_ws/install/turtlesim/include/turtlesim/msg/detail
[17.559s] -- Installing: /home/msurkip/ros2_ws/install/turtlesim/include/turtlesim/msg/detail/pose__rosidl_typesupport_fastrtps_c.h
[17.559s] -- Installing: /home/msurkip/ros2_ws/install/turtlesim/include/turtlesim/msg/detail/color__rosidl_typesupport_fastrtps_c.h
[17.559s] -- Installing: /home/msurkip/ros2_ws/install/turtlesim/include/turtlesim/msg/rosidl_typesupport_fastrtps_c__visibility_control.h
[17.559s] -- Up-to-date: /home/msurkip/ros2_ws/install/turtlesim/include/turtlesim/action
[17.559s] -- Up-to-date: /home/msurkip/ros2_ws/install/turtlesim/include/turtlesim/action/detail
[17.559s] -- Installing: /home/msurkip/ros2_ws/install/turtlesim/include/turtlesim/action/detail/rotate_absolute__rosidl_typesupport_fastrtps_c.h
[17.560s] -- Installing: /home/msurkip/ros2_ws/install/turtlesim/lib/libturtlesim__rosidl_typesupport_fastrtps_c.so
[17.560s] -- Set runtime path of "/home/msurkip/ros2_ws/install/turtlesim/lib/libturtlesim__rosidl_typesupport_fastrtps_c.so" to ""
[17.560s] -- Up-to-date: /home/msurkip/ros2_ws/install/turtlesim/include/turtlesim
[17.560s] -- Up-to-date: /home/msurkip/ros2_ws/install/turtlesim/include/turtlesim/srv
[17.561s] -- Up-to-date: /home/msurkip/ros2_ws/install/turtlesim/include/turtlesim/srv/detail
[17.561s] -- Installing: /home/msurkip/ros2_ws/install/turtlesim/include/turtlesim/srv/detail/teleport_absolute__rosidl_typesupport_fastrtps_cpp.hpp
[17.561s] -- Installing: /home/msurkip/ros2_ws/install/turtlesim/include/turtlesim/srv/detail/teleport_relative__rosidl_typesupport_fastrtps_cpp.hpp
[17.561s] -- Installing: /home/msurkip/ros2_ws/install/turtlesim/include/turtlesim/srv/detail/spawn__rosidl_typesupport_fastrtps_cpp.hpp
[17.561s] -- Installing: /home/msurkip/ros2_ws/install/turtlesim/include/turtlesim/srv/detail/kill__rosidl_typesupport_fastrtps_cpp.hpp
[17.562s] -- Installing: /home/msurkip/ros2_ws/install/turtlesim/include/turtlesim/srv/detail/set_pen__rosidl_typesupport_fastrtps_cpp.hpp
[17.562s] -- Installing: /home/msurkip/ros2_ws/install/turtlesim/include/turtlesim/srv/detail/dds_fastrtps
[17.562s] -- Up-to-date: /home/msurkip/ros2_ws/install/turtlesim/include/turtlesim/msg
[17.562s] -- Installing: /home/msurkip/ros2_ws/install/turtlesim/include/turtlesim/msg/rosidl_typesupport_fastrtps_cpp__visibility_control.h
[17.562s] -- Up-to-date: /home/msurkip/ros2_ws/install/turtlesim/include/turtlesim/msg/detail
[17.562s] -- Installing: /home/msurkip/ros2_ws/install/turtlesim/include/turtlesim/msg/detail/color__rosidl_typesupport_fastrtps_cpp.hpp
[17.563s] -- Installing: /home/msurkip/ros2_ws/install/turtlesim/include/turtlesim/msg/detail/pose__rosidl_typesupport_fastrtps_cpp.hpp
[17.563s] -- Installing: /home/msurkip/ros2_ws/install/turtlesim/include/turtlesim/msg/detail/dds_fastrtps
[17.563s] -- Up-to-date: /home/msurkip/ros2_ws/install/turtlesim/include/turtlesim/action
[17.563s] -- Up-to-date: /home/msurkip/ros2_ws/install/turtlesim/include/turtlesim/action/detail
[17.563s] -- Installing: /home/msurkip/ros2_ws/install/turtlesim/include/turtlesim/action/detail/rotate_absolute__rosidl_typesupport_fastrtps_cpp.hpp
[17.563s] -- Installing: /home/msurkip/ros2_ws/install/turtlesim/include/turtlesim/action/detail/dds_fastrtps
[17.564s] -- Installing: /home/msurkip/ros2_ws/install/turtlesim/lib/libturtlesim__rosidl_typesupport_fastrtps_cpp.so
[17.564s] -- Set runtime path of "/home/msurkip/ros2_ws/install/turtlesim/lib/libturtlesim__rosidl_typesupport_fastrtps_cpp.so" to ""
[17.565s] -- Up-to-date: /home/msurkip/ros2_ws/install/turtlesim/include/turtlesim
[17.565s] -- Up-to-date: /home/msurkip/ros2_ws/install/turtlesim/include/turtlesim/srv
[17.565s] -- Up-to-date: /home/msurkip/ros2_ws/install/turtlesim/include/turtlesim/srv/detail
[17.565s] -- Installing: /home/msurkip/ros2_ws/install/turtlesim/include/turtlesim/srv/detail/set_pen__type_support.c
[17.565s] -- Installing: /home/msurkip/ros2_ws/install/turtlesim/include/turtlesim/srv/detail/teleport_relative__type_support.c
[17.565s] -- Installing: /home/msurkip/ros2_ws/install/turtlesim/include/turtlesim/srv/detail/kill__rosidl_typesupport_introspection_c.h
[17.566s] -- Installing: /home/msurkip/ros2_ws/install/turtlesim/include/turtlesim/srv/detail/teleport_absolute__rosidl_typesupport_introspection_c.h
[17.566s] -- Installing: /home/msurkip/ros2_ws/install/turtlesim/include/turtlesim/srv/detail/set_pen__rosidl_typesupport_introspection_c.h
[17.566s] -- Installing: /home/msurkip/ros2_ws/install/turtlesim/include/turtlesim/srv/detail/spawn__rosidl_typesupport_introspection_c.h
[17.566s] -- Installing: /home/msurkip/ros2_ws/install/turtlesim/include/turtlesim/srv/detail/spawn__type_support.c
[17.566s] -- Installing: /home/msurkip/ros2_ws/install/turtlesim/include/turtlesim/srv/detail/kill__type_support.c
[17.567s] -- Installing: /home/msurkip/ros2_ws/install/turtlesim/include/turtlesim/srv/detail/teleport_absolute__type_support.c
[17.567s] -- Installing: /home/msurkip/ros2_ws/install/turtlesim/include/turtlesim/srv/detail/teleport_relative__rosidl_typesupport_introspection_c.h
[17.567s] -- Up-to-date: /home/msurkip/ros2_ws/install/turtlesim/include/turtlesim/msg
[17.567s] -- Up-to-date: /home/msurkip/ros2_ws/install/turtlesim/include/turtlesim/msg/detail
[17.567s] -- Installing: /home/msurkip/ros2_ws/install/turtlesim/include/turtlesim/msg/detail/color__rosidl_typesupport_introspection_c.h
[17.567s] -- Installing: /home/msurkip/ros2_ws/install/turtlesim/include/turtlesim/msg/detail/color__type_support.c
[17.568s] -- Installing: /home/msurkip/ros2_ws/install/turtlesim/include/turtlesim/msg/detail/pose__rosidl_typesupport_introspection_c.h
[17.568s] -- Installing: /home/msurkip/ros2_ws/install/turtlesim/include/turtlesim/msg/detail/pose__type_support.c
[17.568s] -- Installing: /home/msurkip/ros2_ws/install/turtlesim/include/turtlesim/msg/rosidl_typesupport_introspection_c__visibility_control.h
[17.568s] -- Up-to-date: /home/msurkip/ros2_ws/install/turtlesim/include/turtlesim/action
[17.568s] -- Up-to-date: /home/msurkip/ros2_ws/install/turtlesim/include/turtlesim/action/detail
[17.568s] -- Installing: /home/msurkip/ros2_ws/install/turtlesim/include/turtlesim/action/detail/rotate_absolute__type_support.c
[17.568s] -- Installing: /home/msurkip/ros2_ws/install/turtlesim/include/turtlesim/action/detail/rotate_absolute__rosidl_typesupport_introspection_c.h
[17.569s] -- Installing: /home/msurkip/ros2_ws/install/turtlesim/lib/libturtlesim__rosidl_typesupport_introspection_c.so
[17.570s] -- Set runtime path of "/home/msurkip/ros2_ws/install/turtlesim/lib/libturtlesim__rosidl_typesupport_introspection_c.so" to ""
[17.570s] -- Installing: /home/msurkip/ros2_ws/install/turtlesim/lib/libturtlesim__rosidl_typesupport_c.so
[17.571s] -- Set runtime path of "/home/msurkip/ros2_ws/install/turtlesim/lib/libturtlesim__rosidl_typesupport_c.so" to ""
[17.571s] -- Up-to-date: /home/msurkip/ros2_ws/install/turtlesim/include/turtlesim
[17.571s] -- Up-to-date: /home/msurkip/ros2_ws/install/turtlesim/include/turtlesim/srv
[17.571s] -- Installing: /home/msurkip/ros2_ws/install/turtlesim/include/turtlesim/srv/spawn.hpp
[17.571s] -- Up-to-date: /home/msurkip/ros2_ws/install/turtlesim/include/turtlesim/srv/detail
[17.572s] -- Installing: /home/msurkip/ros2_ws/install/turtlesim/include/turtlesim/srv/detail/spawn__struct.hpp
[17.572s] -- Installing: /home/msurkip/ros2_ws/install/turtlesim/include/turtlesim/srv/detail/teleport_relative__struct.hpp
[17.572s] -- Installing: /home/msurkip/ros2_ws/install/turtlesim/include/turtlesim/srv/detail/teleport_absolute__builder.hpp
[17.572s] -- Installing: /home/msurkip/ros2_ws/install/turtlesim/include/turtlesim/srv/detail/kill__traits.hpp
[17.572s] -- Installing: /home/msurkip/ros2_ws/install/turtlesim/include/turtlesim/srv/detail/teleport_relative__traits.hpp
[17.572s] -- Installing: /home/msurkip/ros2_ws/install/turtlesim/include/turtlesim/srv/detail/teleport_absolute__traits.hpp
[17.573s] -- Installing: /home/msurkip/ros2_ws/install/turtlesim/include/turtlesim/srv/detail/set_pen__struct.hpp
[17.573s] -- Installing: /home/msurkip/ros2_ws/install/turtlesim/include/turtlesim/srv/detail/kill__struct.hpp
[17.573s] -- Installing: /home/msurkip/ros2_ws/install/turtlesim/include/turtlesim/srv/detail/spawn__builder.hpp
[17.573s] -- Installing: /home/msurkip/ros2_ws/install/turtlesim/include/turtlesim/srv/detail/teleport_absolute__struct.hpp
[17.573s] -- Installing: /home/msurkip/ros2_ws/install/turtlesim/include/turtlesim/srv/detail/teleport_relative__builder.hpp
[17.573s] -- Installing: /home/msurkip/ros2_ws/install/turtlesim/include/turtlesim/srv/detail/set_pen__builder.hpp
[17.574s] -- Installing: /home/msurkip/ros2_ws/install/turtlesim/include/turtlesim/srv/detail/kill__builder.hpp
[17.574s] -- Installing: /home/msurkip/ros2_ws/install/turtlesim/include/turtlesim/srv/detail/set_pen__traits.hpp
[17.574s] -- Installing: /home/msurkip/ros2_ws/install/turtlesim/include/turtlesim/srv/detail/spawn__traits.hpp
[17.574s] -- Installing: /home/msurkip/ros2_ws/install/turtlesim/include/turtlesim/srv/kill.hpp
[17.574s] -- Installing: /home/msurkip/ros2_ws/install/turtlesim/include/turtlesim/srv/teleport_absolute.hpp
[17.574s] -- Installing: /home/msurkip/ros2_ws/install/turtlesim/include/turtlesim/srv/teleport_relative.hpp
[17.575s] -- Installing: /home/msurkip/ros2_ws/install/turtlesim/include/turtlesim/srv/set_pen.hpp
[17.575s] -- Up-to-date: /home/msurkip/ros2_ws/install/turtlesim/include/turtlesim/msg
[17.575s] -- Up-to-date: /home/msurkip/ros2_ws/install/turtlesim/include/turtlesim/msg/detail
[17.575s] -- Installing: /home/msurkip/ros2_ws/install/turtlesim/include/turtlesim/msg/detail/color__traits.hpp
[17.575s] -- Installing: /home/msurkip/ros2_ws/install/turtlesim/include/turtlesim/msg/detail/pose__traits.hpp
[17.576s] -- Installing: /home/msurkip/ros2_ws/install/turtlesim/include/turtlesim/msg/detail/pose__builder.hpp
[17.576s] -- Installing: /home/msurkip/ros2_ws/install/turtlesim/include/turtlesim/msg/detail/color__struct.hpp
[17.576s] -- Installing: /home/msurkip/ros2_ws/install/turtlesim/include/turtlesim/msg/detail/pose__struct.hpp
[17.576s] -- Installing: /home/msurkip/ros2_ws/install/turtlesim/include/turtlesim/msg/detail/color__builder.hpp
[17.576s] -- Installing: /home/msurkip/ros2_ws/install/turtlesim/include/turtlesim/msg/pose.hpp
[17.576s] -- Installing: /home/msurkip/ros2_ws/install/turtlesim/include/turtlesim/msg/color.hpp
[17.577s] -- Up-to-date: /home/msurkip/ros2_ws/install/turtlesim/include/turtlesim/action
[17.577s] -- Up-to-date: /home/msurkip/ros2_ws/install/turtlesim/include/turtlesim/action/detail
[17.577s] -- Installing: /home/msurkip/ros2_ws/install/turtlesim/include/turtlesim/action/detail/rotate_absolute__builder.hpp
[17.577s] -- Installing: /home/msurkip/ros2_ws/install/turtlesim/include/turtlesim/action/detail/rotate_absolute__traits.hpp
[17.577s] -- Installing: /home/msurkip/ros2_ws/install/turtlesim/include/turtlesim/action/detail/rotate_absolute__struct.hpp
[17.577s] -- Installing: /home/msurkip/ros2_ws/install/turtlesim/include/turtlesim/action/rotate_absolute.hpp
[17.578s] -- Up-to-date: /home/msurkip/ros2_ws/install/turtlesim/include/turtlesim
[17.578s] -- Up-to-date: /home/msurkip/ros2_ws/install/turtlesim/include/turtlesim/srv
[17.578s] -- Up-to-date: /home/msurkip/ros2_ws/install/turtlesim/include/turtlesim/srv/detail
[17.578s] -- Installing: /home/msurkip/ros2_ws/install/turtlesim/include/turtlesim/srv/detail/spawn__rosidl_typesupport_introspection_cpp.hpp
[17.578s] -- Installing: /home/msurkip/ros2_ws/install/turtlesim/include/turtlesim/srv/detail/teleport_absolute__type_support.cpp
[17.578s] -- Installing: /home/msurkip/ros2_ws/install/turtlesim/include/turtlesim/srv/detail/teleport_relative__type_support.cpp
[17.579s] -- Installing: /home/msurkip/ros2_ws/install/turtlesim/include/turtlesim/srv/detail/set_pen__type_support.cpp
[17.579s] -- Installing: /home/msurkip/ros2_ws/install/turtlesim/include/turtlesim/srv/detail/teleport_absolute__rosidl_typesupport_introspection_cpp.hpp
[17.579s] -- Installing: /home/msurkip/ros2_ws/install/turtlesim/include/turtlesim/srv/detail/spawn__type_support.cpp
[17.579s] -- Installing: /home/msurkip/ros2_ws/install/turtlesim/include/turtlesim/srv/detail/kill__rosidl_typesupport_introspection_cpp.hpp
[17.579s] -- Installing: /home/msurkip/ros2_ws/install/turtlesim/include/turtlesim/srv/detail/set_pen__rosidl_typesupport_introspection_cpp.hpp
[17.579s] -- Installing: /home/msurkip/ros2_ws/install/turtlesim/include/turtlesim/srv/detail/kill__type_support.cpp
[17.580s] -- Installing: /home/msurkip/ros2_ws/install/turtlesim/include/turtlesim/srv/detail/teleport_relative__rosidl_typesupport_introspection_cpp.hpp
[17.580s] -- Up-to-date: /home/msurkip/ros2_ws/install/turtlesim/include/turtlesim/msg
[17.580s] -- Up-to-date: /home/msurkip/ros2_ws/install/turtlesim/include/turtlesim/msg/detail
[17.580s] -- Installing: /home/msurkip/ros2_ws/install/turtlesim/include/turtlesim/msg/detail/pose__type_support.cpp
[17.580s] -- Installing: /home/msurkip/ros2_ws/install/turtlesim/include/turtlesim/msg/detail/pose__rosidl_typesupport_introspection_cpp.hpp
[17.580s] -- Installing: /home/msurkip/ros2_ws/install/turtlesim/include/turtlesim/msg/detail/color__rosidl_typesupport_introspection_cpp.hpp
[17.581s] -- Installing: /home/msurkip/ros2_ws/install/turtlesim/include/turtlesim/msg/detail/color__type_support.cpp
[17.581s] -- Up-to-date: /home/msurkip/ros2_ws/install/turtlesim/include/turtlesim/action
[17.581s] -- Up-to-date: /home/msurkip/ros2_ws/install/turtlesim/include/turtlesim/action/detail
[17.581s] -- Installing: /home/msurkip/ros2_ws/install/turtlesim/include/turtlesim/action/detail/rotate_absolute__type_support.cpp
[17.581s] -- Installing: /home/msurkip/ros2_ws/install/turtlesim/include/turtlesim/action/detail/rotate_absolute__rosidl_typesupport_introspection_cpp.hpp
[17.581s] -- Installing: /home/msurkip/ros2_ws/install/turtlesim/lib/libturtlesim__rosidl_typesupport_introspection_cpp.so
[17.583s] -- Set runtime path of "/home/msurkip/ros2_ws/install/turtlesim/lib/libturtlesim__rosidl_typesupport_introspection_cpp.so" to ""
[17.583s] -- Installing: /home/msurkip/ros2_ws/install/turtlesim/lib/libturtlesim__rosidl_typesupport_cpp.so
[17.584s] -- Set runtime path of "/home/msurkip/ros2_ws/install/turtlesim/lib/libturtlesim__rosidl_typesupport_cpp.so" to ""
[17.584s] -- Installing: /home/msurkip/ros2_ws/install/turtlesim/share/turtlesim/environment/pythonpath.sh
[17.584s] -- Installing: /home/msurkip/ros2_ws/install/turtlesim/share/turtlesim/environment/pythonpath.dsv
[17.584s] -- Installing: /home/msurkip/ros2_ws/install/turtlesim/lib/python3.8/site-packages/turtlesim/__init__.py
[17.656s] Compiling '/home/msurkip/ros2_ws/install/turtlesim/lib/python3.8/site-packages/turtlesim/__init__.py'...
[17.664s] -- Installing: /home/msurkip/ros2_ws/install/turtlesim/lib/python3.8/site-packages/turtlesim/action
[17.664s] -- Installing: /home/msurkip/ros2_ws/install/turtlesim/lib/python3.8/site-packages/turtlesim/action/__init__.py
[17.665s] -- Installing: /home/msurkip/ros2_ws/install/turtlesim/lib/python3.8/site-packages/turtlesim/action/_rotate_absolute.py
[17.665s] -- Installing: /home/msurkip/ros2_ws/install/turtlesim/lib/python3.8/site-packages/turtlesim/action/_rotate_absolute_s.c
[17.665s] -- Installing: /home/msurkip/ros2_ws/install/turtlesim/lib/python3.8/site-packages/turtlesim/msg
[17.665s] -- Installing: /home/msurkip/ros2_ws/install/turtlesim/lib/python3.8/site-packages/turtlesim/msg/_pose_s.c
[17.666s] -- Installing: /home/msurkip/ros2_ws/install/turtlesim/lib/python3.8/site-packages/turtlesim/msg/__init__.py
[17.666s] -- Installing: /home/msurkip/ros2_ws/install/turtlesim/lib/python3.8/site-packages/turtlesim/msg/_color_s.c
[17.666s] -- Installing: /home/msurkip/ros2_ws/install/turtlesim/lib/python3.8/site-packages/turtlesim/msg/_pose.py
[17.666s] -- Installing: /home/msurkip/ros2_ws/install/turtlesim/lib/python3.8/site-packages/turtlesim/msg/_color.py
[17.667s] -- Installing: /home/msurkip/ros2_ws/install/turtlesim/lib/python3.8/site-packages/turtlesim/srv
[17.670s] -- Installing: /home/msurkip/ros2_ws/install/turtlesim/lib/python3.8/site-packages/turtlesim/srv/__init__.py
[17.670s] -- Installing: /home/msurkip/ros2_ws/install/turtlesim/lib/python3.8/site-packages/turtlesim/srv/_spawn_s.c
[17.671s] -- Installing: /home/msurkip/ros2_ws/install/turtlesim/lib/python3.8/site-packages/turtlesim/srv/_kill_s.c
[17.671s] -- Installing: /home/msurkip/ros2_ws/install/turtlesim/lib/python3.8/site-packages/turtlesim/srv/_kill.py
[17.671s] -- Installing: /home/msurkip/ros2_ws/install/turtlesim/lib/python3.8/site-packages/turtlesim/srv/_set_pen.py
[17.671s] -- Installing: /home/msurkip/ros2_ws/install/turtlesim/lib/python3.8/site-packages/turtlesim/srv/_teleport_relative.py
[17.671s] -- Installing: /home/msurkip/ros2_ws/install/turtlesim/lib/python3.8/site-packages/turtlesim/srv/_teleport_absolute_s.c
[17.672s] -- Installing: /home/msurkip/ros2_ws/install/turtlesim/lib/python3.8/site-packages/turtlesim/srv/_teleport_relative_s.c
[17.672s] -- Installing: /home/msurkip/ros2_ws/install/turtlesim/lib/python3.8/site-packages/turtlesim/srv/_spawn.py
[17.672s] -- Installing: /home/msurkip/ros2_ws/install/turtlesim/lib/python3.8/site-packages/turtlesim/srv/_teleport_absolute.py
[17.672s] -- Installing: /home/msurkip/ros2_ws/install/turtlesim/lib/python3.8/site-packages/turtlesim/srv/_set_pen_s.c
[17.672s] -- Installing: /home/msurkip/ros2_ws/install/turtlesim/lib/python3.8/site-packages/turtlesim/turtlesim_s__rosidl_typesupport_fastrtps_c.cpython-38-x86_64-linux-gnu.so
[17.673s] -- Set runtime path of "/home/msurkip/ros2_ws/install/turtlesim/lib/python3.8/site-packages/turtlesim/turtlesim_s__rosidl_typesupport_fastrtps_c.cpython-38-x86_64-linux-gnu.so" to ""
[17.673s] -- Installing: /home/msurkip/ros2_ws/install/turtlesim/lib/python3.8/site-packages/turtlesim/turtlesim_s__rosidl_typesupport_introspection_c.cpython-38-x86_64-linux-gnu.so
[17.675s] -- Set runtime path of "/home/msurkip/ros2_ws/install/turtlesim/lib/python3.8/site-packages/turtlesim/turtlesim_s__rosidl_typesupport_introspection_c.cpython-38-x86_64-linux-gnu.so" to ""
[17.675s] -- Installing: /home/msurkip/ros2_ws/install/turtlesim/lib/python3.8/site-packages/turtlesim/turtlesim_s__rosidl_typesupport_c.cpython-38-x86_64-linux-gnu.so
[17.676s] -- Set runtime path of "/home/msurkip/ros2_ws/install/turtlesim/lib/python3.8/site-packages/turtlesim/turtlesim_s__rosidl_typesupport_c.cpython-38-x86_64-linux-gnu.so" to ""
[17.676s] -- Installing: /home/msurkip/ros2_ws/install/turtlesim/lib/libturtlesim__python.so
[17.678s] -- Set runtime path of "/home/msurkip/ros2_ws/install/turtlesim/lib/libturtlesim__python.so" to ""
[17.678s] -- Installing: /home/msurkip/ros2_ws/install/turtlesim/share/turtlesim/action/RotateAbsolute.idl
[17.678s] -- Installing: /home/msurkip/ros2_ws/install/turtlesim/share/turtlesim/msg/Color.idl
[17.679s] -- Installing: /home/msurkip/ros2_ws/install/turtlesim/share/turtlesim/msg/Pose.idl
[17.679s] -- Installing: /home/msurkip/ros2_ws/install/turtlesim/share/turtlesim/srv/Kill.idl
[17.679s] -- Installing: /home/msurkip/ros2_ws/install/turtlesim/share/turtlesim/srv/SetPen.idl
[17.679s] -- Installing: /home/msurkip/ros2_ws/install/turtlesim/share/turtlesim/srv/Spawn.idl
[17.679s] -- Installing: /home/msurkip/ros2_ws/install/turtlesim/share/turtlesim/srv/TeleportAbsolute.idl
[17.680s] -- Installing: /home/msurkip/ros2_ws/install/turtlesim/share/turtlesim/srv/TeleportRelative.idl
[17.680s] -- Installing: /home/msurkip/ros2_ws/install/turtlesim/share/turtlesim/action/RotateAbsolute.action
[17.681s] -- Installing: /home/msurkip/ros2_ws/install/turtlesim/share/turtlesim/msg/Color.msg
[17.681s] -- Installing: /home/msurkip/ros2_ws/install/turtlesim/share/turtlesim/msg/Pose.msg
[17.681s] -- Installing: /home/msurkip/ros2_ws/install/turtlesim/share/turtlesim/srv/Kill.srv
[17.681s] -- Installing: /home/msurkip/ros2_ws/install/turtlesim/share/turtlesim/srv/Kill_Request.msg
[17.682s] -- Installing: /home/msurkip/ros2_ws/install/turtlesim/share/turtlesim/srv/Kill_Response.msg
[17.682s] -- Installing: /home/msurkip/ros2_ws/install/turtlesim/share/turtlesim/srv/SetPen.srv
[17.682s] -- Installing: /home/msurkip/ros2_ws/install/turtlesim/share/turtlesim/srv/SetPen_Request.msg
[17.683s] -- Installing: /home/msurkip/ros2_ws/install/turtlesim/share/turtlesim/srv/SetPen_Response.msg
[17.683s] -- Installing: /home/msurkip/ros2_ws/install/turtlesim/share/turtlesim/srv/Spawn.srv
[17.683s] -- Installing: /home/msurkip/ros2_ws/install/turtlesim/share/turtlesim/srv/Spawn_Request.msg
[17.683s] -- Installing: /home/msurkip/ros2_ws/install/turtlesim/share/turtlesim/srv/Spawn_Response.msg
[17.683s] -- Installing: /home/msurkip/ros2_ws/install/turtlesim/share/turtlesim/srv/TeleportAbsolute.srv
[17.684s] -- Installing: /home/msurkip/ros2_ws/install/turtlesim/share/turtlesim/srv/TeleportAbsolute_Request.msg
[17.684s] -- Installing: /home/msurkip/ros2_ws/install/turtlesim/share/turtlesim/srv/TeleportAbsolute_Response.msg
[17.684s] -- Installing: /home/msurkip/ros2_ws/install/turtlesim/share/turtlesim/srv/TeleportRelative.srv
[17.684s] -- Installing: /home/msurkip/ros2_ws/install/turtlesim/share/turtlesim/srv/TeleportRelative_Request.msg
[17.684s] -- Installing: /home/msurkip/ros2_ws/install/turtlesim/share/turtlesim/srv/TeleportRelative_Response.msg
[17.685s] -- Installing: /home/msurkip/ros2_ws/install/turtlesim/lib/turtlesim/turtlesim_node
[17.695s] -- Set runtime path of "/home/msurkip/ros2_ws/install/turtlesim/lib/turtlesim/turtlesim_node" to ""
[17.695s] -- Installing: /home/msurkip/ros2_ws/install/turtlesim/lib/turtlesim/turtle_teleop_key
[17.699s] -- Set runtime path of "/home/msurkip/ros2_ws/install/turtlesim/lib/turtlesim/turtle_teleop_key" to ""
[17.699s] -- Installing: /home/msurkip/ros2_ws/install/turtlesim/lib/turtlesim/draw_square
[17.706s] -- Set runtime path of "/home/msurkip/ros2_ws/install/turtlesim/lib/turtlesim/draw_square" to ""
[17.706s] -- Installing: /home/msurkip/ros2_ws/install/turtlesim/lib/turtlesim/mimic
[17.711s] -- Set runtime path of "/home/msurkip/ros2_ws/install/turtlesim/lib/turtlesim/mimic" to ""
[17.711s] -- Installing: /home/msurkip/ros2_ws/install/turtlesim/share/turtlesim/images
[17.712s] -- Installing: /home/msurkip/ros2_ws/install/turtlesim/share/turtlesim/images/ardent.png
[17.712s] -- Installing: /home/msurkip/ros2_ws/install/turtlesim/share/turtlesim/images/bouncy.png
[17.712s] -- Installing: /home/msurkip/ros2_ws/install/turtlesim/share/turtlesim/images/dashing.png
[17.715s] -- Installing: /home/msurkip/ros2_ws/install/turtlesim/share/turtlesim/images/foxy.png
[17.715s] -- Installing: /home/msurkip/ros2_ws/install/turtlesim/share/turtlesim/images/eloquent.png
[17.715s] -- Installing: /home/msurkip/ros2_ws/install/turtlesim/share/turtlesim/images/crystal.png
[17.716s] -- Installing: /home/msurkip/ros2_ws/install/turtlesim/share/turtlesim/launch
[17.716s] -- Installing: /home/msurkip/ros2_ws/install/turtlesim/share/turtlesim/launch/multisim.launch.py
[17.716s] -- Installing: /home/msurkip/ros2_ws/install/turtlesim/share/ament_index/resource_index/package_run_dependencies/turtlesim
[17.716s] -- Installing: /home/msurkip/ros2_ws/install/turtlesim/share/ament_index/resource_index/parent_prefix_path/turtlesim
[17.717s] -- Installing: /home/msurkip/ros2_ws/install/turtlesim/share/turtlesim/environment/ament_prefix_path.sh
[17.717s] -- Installing: /home/msurkip/ros2_ws/install/turtlesim/share/turtlesim/environment/ament_prefix_path.dsv
[17.718s] -- Installing: /home/msurkip/ros2_ws/install/turtlesim/share/turtlesim/environment/path.sh
[17.718s] -- Installing: /home/msurkip/ros2_ws/install/turtlesim/share/turtlesim/environment/path.dsv
[17.718s] -- Installing: /home/msurkip/ros2_ws/install/turtlesim/share/turtlesim/local_setup.bash
[17.718s] -- Installing: /home/msurkip/ros2_ws/install/turtlesim/share/turtlesim/local_setup.sh
[17.719s] -- Installing: /home/msurkip/ros2_ws/install/turtlesim/share/turtlesim/local_setup.zsh
[17.719s] -- Installing: /home/msurkip/ros2_ws/install/turtlesim/share/turtlesim/local_setup.dsv
[17.719s] -- Installing: /home/msurkip/ros2_ws/install/turtlesim/share/turtlesim/package.dsv
[17.719s] -- Installing: /home/msurkip/ros2_ws/install/turtlesim/share/ament_index/resource_index/packages/turtlesim
[17.719s] -- Installing: /home/msurkip/ros2_ws/install/turtlesim/share/turtlesim/cmake/turtlesim__rosidl_generator_cExport.cmake
[17.719s] -- Installing: /home/msurkip/ros2_ws/install/turtlesim/share/turtlesim/cmake/turtlesim__rosidl_generator_cExport-noconfig.cmake
[17.720s] -- Installing: /home/msurkip/ros2_ws/install/turtlesim/share/turtlesim/cmake/turtlesim__rosidl_typesupport_introspection_cExport.cmake
[17.721s] -- Installing: /home/msurkip/ros2_ws/install/turtlesim/share/turtlesim/cmake/turtlesim__rosidl_typesupport_introspection_cExport-noconfig.cmake
[17.721s] -- Installing: /home/msurkip/ros2_ws/install/turtlesim/share/turtlesim/cmake/turtlesim__rosidl_typesupport_cExport.cmake
[17.721s] -- Installing: /home/msurkip/ros2_ws/install/turtlesim/share/turtlesim/cmake/turtlesim__rosidl_typesupport_cExport-noconfig.cmake
[17.722s] -- Installing: /home/msurkip/ros2_ws/install/turtlesim/share/turtlesim/cmake/turtlesim__rosidl_generator_cppExport.cmake
[17.722s] -- Installing: /home/msurkip/ros2_ws/install/turtlesim/share/turtlesim/cmake/turtlesim__rosidl_typesupport_introspection_cppExport.cmake
[17.722s] -- Installing: /home/msurkip/ros2_ws/install/turtlesim/share/turtlesim/cmake/turtlesim__rosidl_typesupport_introspection_cppExport-noconfig.cmake
[17.723s] -- Installing: /home/msurkip/ros2_ws/install/turtlesim/share/turtlesim/cmake/turtlesim__rosidl_typesupport_cppExport.cmake
[17.723s] -- Installing: /home/msurkip/ros2_ws/install/turtlesim/share/turtlesim/cmake/turtlesim__rosidl_typesupport_cppExport-noconfig.cmake
[17.723s] -- Installing: /home/msurkip/ros2_ws/install/turtlesim/share/turtlesim/cmake/rosidl_cmake-extras.cmake
[17.723s] -- Installing: /home/msurkip/ros2_ws/install/turtlesim/share/turtlesim/cmake/ament_cmake_export_dependencies-extras.cmake
[17.723s] -- Installing: /home/msurkip/ros2_ws/install/turtlesim/share/turtlesim/cmake/ament_cmake_export_libraries-extras.cmake
[17.724s] -- Installing: /home/msurkip/ros2_ws/install/turtlesim/share/turtlesim/cmake/ament_cmake_export_targets-extras.cmake
[17.724s] -- Installing: /home/msurkip/ros2_ws/install/turtlesim/share/turtlesim/cmake/ament_cmake_export_include_directories-extras.cmake
[17.724s] -- Installing: /home/msurkip/ros2_ws/install/turtlesim/share/turtlesim/cmake/rosidl_cmake_export_typesupport_libraries-extras.cmake
[17.724s] -- Installing: /home/msurkip/ros2_ws/install/turtlesim/share/turtlesim/cmake/rosidl_cmake_export_typesupport_targets-extras.cmake
[17.725s] -- Installing: /home/msurkip/ros2_ws/install/turtlesim/share/turtlesim/cmake/turtlesimConfig.cmake
[17.725s] -- Installing: /home/msurkip/ros2_ws/install/turtlesim/share/turtlesim/cmake/turtlesimConfig-version.cmake
[17.725s] -- Installing: /home/msurkip/ros2_ws/install/turtlesim/share/turtlesim/package.xml
[17.731s] Invoked command in '/home/msurkip/ros2_ws/build/turtlesim' returned '0': /usr/bin/cmake --install /home/msurkip/ros2_ws/build/turtlesim
