[0.191s] Invoking command in '/home/msurkip/ros2_ws/build/examples_rclcpp_multithreaded_executor': /usr/bin/cmake --build /home/msurkip/ros2_ws/build/examples_rclcpp_multithreaded_executor -- -j8 -l8
[1.216s] [100%] Built target multithreaded_executor
[1.755s] Invoked command in '/home/msurkip/ros2_ws/build/examples_rclcpp_multithreaded_executor' returned '0': /usr/bin/cmake --build /home/msurkip/ros2_ws/build/examples_rclcpp_multithreaded_executor -- -j8 -l8
[2.192s] Invoking command in '/home/msurkip/ros2_ws/build/examples_rclcpp_multithreaded_executor': /usr/bin/cmake --install /home/msurkip/ros2_ws/build/examples_rclcpp_multithreaded_executor
[2.208s] -- Install configuration: ""
[2.209s] -- Execute custom install script
[2.216s] -- Up-to-date symlink: /home/msurkip/ros2_ws/install/examples_rclcpp_multithreaded_executor/lib/examples_rclcpp_multithreaded_executor/multithreaded_executor
[2.223s] -- Up-to-date symlink: /home/msurkip/ros2_ws/install/examples_rclcpp_multithreaded_executor/share/ament_index/resource_index/package_run_dependencies/examples_rclcpp_multithreaded_executor
[2.224s] -- Up-to-date symlink: /home/msurkip/ros2_ws/install/examples_rclcpp_multithreaded_executor/share/ament_index/resource_index/parent_prefix_path/examples_rclcpp_multithreaded_executor
[2.227s] -- Up-to-date symlink: /home/msurkip/ros2_ws/install/examples_rclcpp_multithreaded_executor/share/examples_rclcpp_multithreaded_executor/environment/ament_prefix_path.sh
[2.228s] -- Up-to-date symlink: /home/msurkip/ros2_ws/install/examples_rclcpp_multithreaded_executor/share/examples_rclcpp_multithreaded_executor/environment/ament_prefix_path.dsv
[2.228s] -- Up-to-date symlink: /home/msurkip/ros2_ws/install/examples_rclcpp_multithreaded_executor/share/examples_rclcpp_multithreaded_executor/environment/path.sh
[2.230s] -- Up-to-date symlink: /home/msurkip/ros2_ws/install/examples_rclcpp_multithreaded_executor/share/examples_rclcpp_multithreaded_executor/environment/path.dsv
[2.232s] -- Up-to-date symlink: /home/msurkip/ros2_ws/install/examples_rclcpp_multithreaded_executor/share/examples_rclcpp_multithreaded_executor/local_setup.bash
[2.232s] -- Up-to-date symlink: /home/msurkip/ros2_ws/install/examples_rclcpp_multithreaded_executor/share/examples_rclcpp_multithreaded_executor/local_setup.sh
[2.234s] -- Up-to-date symlink: /home/msurkip/ros2_ws/install/examples_rclcpp_multithreaded_executor/share/examples_rclcpp_multithreaded_executor/local_setup.zsh
[2.235s] -- Up-to-date symlink: /home/msurkip/ros2_ws/install/examples_rclcpp_multithreaded_executor/share/examples_rclcpp_multithreaded_executor/local_setup.dsv
[2.235s] -- Symlinking: /home/msurkip/ros2_ws/install/examples_rclcpp_multithreaded_executor/share/examples_rclcpp_multithreaded_executor/package.dsv
[2.252s] -- Up-to-date symlink: /home/msurkip/ros2_ws/install/examples_rclcpp_multithreaded_executor/share/ament_index/resource_index/packages/examples_rclcpp_multithreaded_executor
[2.256s] -- Up-to-date symlink: /home/msurkip/ros2_ws/install/examples_rclcpp_multithreaded_executor/share/examples_rclcpp_multithreaded_executor/cmake/examples_rclcpp_multithreaded_executorConfig.cmake
[2.256s] -- Up-to-date symlink: /home/msurkip/ros2_ws/install/examples_rclcpp_multithreaded_executor/share/examples_rclcpp_multithreaded_executor/cmake/examples_rclcpp_multithreaded_executorConfig-version.cmake
[2.258s] -- Up-to-date symlink: /home/msurkip/ros2_ws/install/examples_rclcpp_multithreaded_executor/share/examples_rclcpp_multithreaded_executor/package.xml
[2.261s] Invoked command in '/home/msurkip/ros2_ws/build/examples_rclcpp_multithreaded_executor' returned '0': /usr/bin/cmake --install /home/msurkip/ros2_ws/build/examples_rclcpp_multithreaded_executor
