[2.500s] Invoking command in '/home/msurkip/ros2_ws/build/examples_rclpy_minimal_action_server': PYTHONPATH=/home/msurkip/ros2_ws/build/examples_rclpy_minimal_action_server/prefix_override:/home/msurkip/ros2_ws/install/examples_rclpy_minimal_action_server/lib/python3.8/site-packages:${PYTHONPATH} /usr/bin/python3 setup.py develop --uninstall --editable --build-directory /home/msurkip/ros2_ws/build/examples_rclpy_minimal_action_server/build
[2.933s] running develop
[3.070s] Invoked command in '/home/msurkip/ros2_ws/build/examples_rclpy_minimal_action_server' returned '0': PYTHONPATH=/home/msurkip/ros2_ws/build/examples_rclpy_minimal_action_server/prefix_override:/home/msurkip/ros2_ws/install/examples_rclpy_minimal_action_server/lib/python3.8/site-packages:${PYTHONPATH} /usr/bin/python3 setup.py develop --uninstall --editable --build-directory /home/msurkip/ros2_ws/build/examples_rclpy_minimal_action_server/build
[3.075s] Invoking command in '/home/msurkip/ros2_ws/src/examples/rclpy/actions/minimal_action_server': PYTHONPATH=/home/msurkip/ros2_ws/build/examples_rclpy_minimal_action_server/prefix_override:/home/msurkip/ros2_ws/install/examples_rclpy_minimal_action_server/lib/python3.8/site-packages:${PYTHONPATH} /usr/bin/python3 setup.py egg_info --egg-base ../../../../../build/examples_rclpy_minimal_action_server build --build-base /home/msurkip/ros2_ws/build/examples_rclpy_minimal_action_server/build install --record /home/msurkip/ros2_ws/build/examples_rclpy_minimal_action_server/install.log --install-scripts $base/lib/examples_rclpy_minimal_action_server --single-version-externally-managed
[3.353s] running egg_info
[3.353s] writing ../../../../../build/examples_rclpy_minimal_action_server/examples_rclpy_minimal_action_server.egg-info/PKG-INFO
[3.353s] writing dependency_links to ../../../../../build/examples_rclpy_minimal_action_server/examples_rclpy_minimal_action_server.egg-info/dependency_links.txt
[3.354s] writing entry points to ../../../../../build/examples_rclpy_minimal_action_server/examples_rclpy_minimal_action_server.egg-info/entry_points.txt
[3.355s] writing requirements to ../../../../../build/examples_rclpy_minimal_action_server/examples_rclpy_minimal_action_server.egg-info/requires.txt
[3.355s] writing top-level names to ../../../../../build/examples_rclpy_minimal_action_server/examples_rclpy_minimal_action_server.egg-info/top_level.txt
[3.404s] reading manifest file '../../../../../build/examples_rclpy_minimal_action_server/examples_rclpy_minimal_action_server.egg-info/SOURCES.txt'
[3.407s] writing manifest file '../../../../../build/examples_rclpy_minimal_action_server/examples_rclpy_minimal_action_server.egg-info/SOURCES.txt'
[3.407s] running build
[3.407s] running build_py
[3.417s] running install
[3.417s] running install_lib
[3.418s] running install_data
[3.428s] running install_egg_info
[3.428s] removing '/home/msurkip/ros2_ws/install/examples_rclpy_minimal_action_server/lib/python3.8/site-packages/examples_rclpy_minimal_action_server-0.9.4-py3.8.egg-info' (and everything under it)
[3.428s] Copying ../../../../../build/examples_rclpy_minimal_action_server/examples_rclpy_minimal_action_server.egg-info to /home/msurkip/ros2_ws/install/examples_rclpy_minimal_action_server/lib/python3.8/site-packages/examples_rclpy_minimal_action_server-0.9.4-py3.8.egg-info
[3.429s] running install_scripts
[3.459s] Installing server script to /home/msurkip/ros2_ws/install/examples_rclpy_minimal_action_server/lib/examples_rclpy_minimal_action_server
[3.460s] Installing server_defer script to /home/msurkip/ros2_ws/install/examples_rclpy_minimal_action_server/lib/examples_rclpy_minimal_action_server
[3.460s] Installing server_not_composable script to /home/msurkip/ros2_ws/install/examples_rclpy_minimal_action_server/lib/examples_rclpy_minimal_action_server
[3.460s] Installing server_queue_goals script to /home/msurkip/ros2_ws/install/examples_rclpy_minimal_action_server/lib/examples_rclpy_minimal_action_server
[3.460s] Installing server_single_goal script to /home/msurkip/ros2_ws/install/examples_rclpy_minimal_action_server/lib/examples_rclpy_minimal_action_server
[3.460s] writing list of installed files to '/home/msurkip/ros2_ws/build/examples_rclpy_minimal_action_server/install.log'
[3.543s] Invoked command in '/home/msurkip/ros2_ws/src/examples/rclpy/actions/minimal_action_server' returned '0': PYTHONPATH=/home/msurkip/ros2_ws/build/examples_rclpy_minimal_action_server/prefix_override:/home/msurkip/ros2_ws/install/examples_rclpy_minimal_action_server/lib/python3.8/site-packages:${PYTHONPATH} /usr/bin/python3 setup.py egg_info --egg-base ../../../../../build/examples_rclpy_minimal_action_server build --build-base /home/msurkip/ros2_ws/build/examples_rclpy_minimal_action_server/build install --record /home/msurkip/ros2_ws/build/examples_rclpy_minimal_action_server/install.log --install-scripts $base/lib/examples_rclpy_minimal_action_server --single-version-externally-managed
