[0.018s] Invoking command in '/home/msurkip/ros2_ws/build/tutorial_interfaces': /usr/bin/cmake /home/msurkip/ros2_ws/src/tutorial_interfaces -DCMAKE_INSTALL_PREFIX=/home/msurkip/ros2_ws/install/tutorial_interfaces
[0.322s] -- The C compiler identification is GNU 9.4.0
[0.590s] -- The CXX compiler identification is GNU 9.4.0
[0.626s] -- Check for working C compiler: /usr/bin/cc
[0.788s] -- Check for working C compiler: /usr/bin/cc -- works
[0.794s] -- Detecting C compiler ABI info
[0.956s] -- Detecting C compiler ABI info - done
[0.983s] -- Detecting C compile features
[0.984s] -- Detecting C compile features - done
[0.994s] -- Check for working CXX compiler: /usr/bin/c++
[1.158s] -- Check for working CXX compiler: /usr/bin/c++ -- works
[1.160s] -- Detecting CXX compiler ABI info
[1.340s] -- Detecting CXX compiler ABI info - done
[1.365s] -- Detecting CXX compile features
[1.366s] -- Detecting CXX compile features - done
[1.375s] -- Found geometry_msgs: 2.0.5 (/home/msurkip/ros2_foxy/ros2-linux/share/geometry_msgs/cmake)
[1.458s] -- Found PythonInterp: /usr/bin/python3 (found suitable version "3.8.10", minimum required is "3") 
[1.458s] -- Using PYTHON_EXECUTABLE: /usr/bin/python3
[1.910s] -- Using all available rosidl_typesupport_c: rosidl_typesupport_connext_c;rosidl_typesupport_fastrtps_c;rosidl_typesupport_introspection_c
[1.937s] -- Found rosidl_adapter: 1.3.0 (/home/msurkip/ros2_foxy/ros2-linux/share/rosidl_adapter/cmake)
[1.965s] -- Could not find RTI Connext - skipping rosidl_typesupport_connext_c
[1.990s] -- Could not find RTI Connext - skipping rosidl_typesupport_connext_cpp
[2.128s] -- Found OpenSSL: /usr/lib/x86_64-linux-gnu/libcrypto.so (found version "1.1.1f")  
[2.185s] -- Found FastRTPS: /home/msurkip/ros2_foxy/ros2-linux/include  
[2.290s] -- Using all available rosidl_typesupport_cpp: rosidl_typesupport_connext_cpp;rosidl_typesupport_fastrtps_cpp;rosidl_typesupport_introspection_cpp
[2.405s] -- Found rosidl_default_generators: 1.0.1 (/home/msurkip/ros2_foxy/ros2-linux/share/rosidl_default_generators/cmake)
[2.461s] -- Found PythonInterp: /usr/bin/python3 (found version "3.8.10") 
[2.844s] -- Found ament_cmake_ros: 0.9.2 (/home/msurkip/ros2_foxy/ros2-linux/share/ament_cmake_ros/cmake)
[3.086s] -- Using all available rosidl_typesupport_c: rosidl_typesupport_connext_c;rosidl_typesupport_fastrtps_c;rosidl_typesupport_introspection_c
[3.160s] -- Using all available rosidl_typesupport_cpp: rosidl_typesupport_connext_cpp;rosidl_typesupport_fastrtps_cpp;rosidl_typesupport_introspection_cpp
[3.204s] -- Found PythonInterp: /usr/bin/python3 (found suitable version "3.8.10", minimum required is "3.5") 
[3.209s] -- Found python_cmake_module: 0.8.1 (/home/msurkip/ros2_foxy/ros2-linux/share/python_cmake_module/cmake)
[3.261s] -- Found PythonLibs: /usr/lib/x86_64-linux-gnu/libpython3.8.so (found suitable version "3.8.10", minimum required is "3.5") 
[3.262s] -- Using PYTHON_EXECUTABLE: /usr/bin/python3
[3.262s] -- Using PYTHON_INCLUDE_DIRS: /usr/include/python3.8
[3.262s] -- Using PYTHON_LIBRARIES: /usr/lib/x86_64-linux-gnu/libpython3.8.so
[3.307s] -- Found PythonExtra: .so  
[3.470s] -- Found ament_lint_auto: 0.9.7 (/home/msurkip/ros2_foxy/ros2-linux/share/ament_lint_auto/cmake)
[3.575s] -- Added test 'copyright' to check source files copyright and LICENSE
[3.584s] -- Added test 'lint_cmake' to check CMake code style
[3.591s] -- Added test 'xmllint' to check XML markup files
[3.604s] -- Configuring done
[3.703s] -- Generating done
[3.705s] -- Build files have been written to: /home/msurkip/ros2_ws/build/tutorial_interfaces
[3.712s] Invoked command in '/home/msurkip/ros2_ws/build/tutorial_interfaces' returned '0': /usr/bin/cmake /home/msurkip/ros2_ws/src/tutorial_interfaces -DCMAKE_INSTALL_PREFIX=/home/msurkip/ros2_ws/install/tutorial_interfaces
[3.719s] Invoking command in '/home/msurkip/ros2_ws/build/tutorial_interfaces': /usr/bin/cmake --build /home/msurkip/ros2_ws/build/tutorial_interfaces -- -j8 -l8
[3.796s] [  2%] [34m[1mGenerating C code for ROS interfaces[0m
[3.805s] [35m[1mScanning dependencies of target tutorial_interfaces__cpp[0m
[3.829s] [  4%] [34m[1mGenerating C++ code for ROS interfaces[0m
[4.113s] [35m[1mScanning dependencies of target tutorial_interfaces__rosidl_generator_c[0m
[4.126s] [  4%] Built target tutorial_interfaces__cpp
[4.137s] [  6%] [34m[1mGenerating C++ type support dispatch for ROS interfaces[0m
[4.138s] [  8%] [34m[1mGenerating C++ type support for eProsima Fast-RTPS[0m
[4.145s] [ 10%] [34m[1mGenerating C++ introspection for ROS interfaces[0m
[4.149s] [ 12%] [32mBuilding C object CMakeFiles/tutorial_interfaces__rosidl_generator_c.dir/rosidl_generator_c/tutorial_interfaces/msg/detail/num__functions.c.o[0m
[4.151s] [ 14%] [32mBuilding C object CMakeFiles/tutorial_interfaces__rosidl_generator_c.dir/rosidl_generator_c/tutorial_interfaces/msg/detail/sphere__functions.c.o[0m
[4.151s] [ 17%] [32mBuilding C object CMakeFiles/tutorial_interfaces__rosidl_generator_c.dir/rosidl_generator_c/tutorial_interfaces/srv/detail/add_three_ints__functions.c.o[0m
[4.295s] [ 19%] [32m[1mLinking C shared library libtutorial_interfaces__rosidl_generator_c.so[0m
[4.313s] [35m[1mScanning dependencies of target tutorial_interfaces__rosidl_typesupport_cpp[0m
[4.350s] [ 21%] [32mBuilding CXX object CMakeFiles/tutorial_interfaces__rosidl_typesupport_cpp.dir/rosidl_typesupport_cpp/tutorial_interfaces/msg/sphere__type_support.cpp.o[0m
[4.350s] [ 23%] [32mBuilding CXX object CMakeFiles/tutorial_interfaces__rosidl_typesupport_cpp.dir/rosidl_typesupport_cpp/tutorial_interfaces/srv/add_three_ints__type_support.cpp.o[0m
[4.358s] [ 25%] [32mBuilding CXX object CMakeFiles/tutorial_interfaces__rosidl_typesupport_cpp.dir/rosidl_typesupport_cpp/tutorial_interfaces/msg/num__type_support.cpp.o[0m
[4.372s] [35m[1mScanning dependencies of target tutorial_interfaces__rosidl_typesupport_introspection_cpp[0m
[4.375s] [35m[1mScanning dependencies of target tutorial_interfaces__rosidl_typesupport_fastrtps_cpp[0m
[4.404s] [ 27%] [32mBuilding CXX object CMakeFiles/tutorial_interfaces__rosidl_typesupport_introspection_cpp.dir/rosidl_typesupport_introspection_cpp/tutorial_interfaces/msg/detail/sphere__type_support.cpp.o[0m
[4.415s] [ 29%] [32mBuilding CXX object CMakeFiles/tutorial_interfaces__rosidl_typesupport_introspection_cpp.dir/rosidl_typesupport_introspection_cpp/tutorial_interfaces/srv/detail/add_three_ints__type_support.cpp.o[0m
[4.415s] [ 31%] [32mBuilding CXX object CMakeFiles/tutorial_interfaces__rosidl_typesupport_introspection_cpp.dir/rosidl_typesupport_introspection_cpp/tutorial_interfaces/msg/detail/num__type_support.cpp.o[0m
[4.443s] [ 31%] Built target tutorial_interfaces__rosidl_generator_c
[4.448s] [ 34%] [32mBuilding CXX object CMakeFiles/tutorial_interfaces__rosidl_typesupport_fastrtps_cpp.dir/rosidl_typesupport_fastrtps_cpp/tutorial_interfaces/msg/detail/dds_fastrtps/num__type_support.cpp.o[0m
[4.466s] [ 36%] [34m[1mGenerating C introspection for ROS interfaces[0m
[4.671s] [ 38%] [32mBuilding CXX object CMakeFiles/tutorial_interfaces__rosidl_typesupport_fastrtps_cpp.dir/rosidl_typesupport_fastrtps_cpp/tutorial_interfaces/msg/detail/dds_fastrtps/sphere__type_support.cpp.o[0m
[4.684s] [ 40%] [32mBuilding CXX object CMakeFiles/tutorial_interfaces__rosidl_typesupport_fastrtps_cpp.dir/rosidl_typesupport_fastrtps_cpp/tutorial_interfaces/srv/detail/dds_fastrtps/add_three_ints__type_support.cpp.o[0m
[4.694s] [ 42%] [34m[1mGenerating C type support dispatch for ROS interfaces[0m
[4.705s] [ 44%] [32m[1mLinking CXX shared library libtutorial_interfaces__rosidl_typesupport_cpp.so[0m
[4.736s] [ 46%] [32m[1mLinking CXX shared library libtutorial_interfaces__rosidl_typesupport_introspection_cpp.so[0m
[4.756s] [ 46%] Built target tutorial_interfaces__rosidl_typesupport_cpp
[4.778s] [35m[1mScanning dependencies of target tutorial_interfaces__rosidl_typesupport_introspection_c[0m
[4.795s] [ 46%] Built target tutorial_interfaces__rosidl_typesupport_introspection_cpp
[4.801s] [ 48%] [32mBuilding C object CMakeFiles/tutorial_interfaces__rosidl_typesupport_introspection_c.dir/rosidl_typesupport_introspection_c/tutorial_interfaces/msg/detail/num__type_support.c.o[0m
[4.801s] [ 51%] [32mBuilding C object CMakeFiles/tutorial_interfaces__rosidl_typesupport_introspection_c.dir/rosidl_typesupport_introspection_c/tutorial_interfaces/msg/detail/sphere__type_support.c.o[0m
[4.802s] [ 53%] [32mBuilding C object CMakeFiles/tutorial_interfaces__rosidl_typesupport_introspection_c.dir/rosidl_typesupport_introspection_c/tutorial_interfaces/srv/detail/add_three_ints__type_support.c.o[0m
[4.832s] [ 55%] [32m[1mLinking C shared library libtutorial_interfaces__rosidl_typesupport_introspection_c.so[0m
[4.858s] [ 55%] Built target tutorial_interfaces__rosidl_typesupport_introspection_c
[4.888s] [35m[1mScanning dependencies of target tutorial_interfaces__rosidl_typesupport_c[0m
[4.903s] [ 57%] [32mBuilding CXX object CMakeFiles/tutorial_interfaces__rosidl_typesupport_c.dir/rosidl_typesupport_c/tutorial_interfaces/srv/add_three_ints__type_support.cpp.o[0m
[4.909s] [ 59%] [32mBuilding CXX object CMakeFiles/tutorial_interfaces__rosidl_typesupport_c.dir/rosidl_typesupport_c/tutorial_interfaces/msg/num__type_support.cpp.o[0m
[4.910s] [ 61%] [32mBuilding CXX object CMakeFiles/tutorial_interfaces__rosidl_typesupport_c.dir/rosidl_typesupport_c/tutorial_interfaces/msg/sphere__type_support.cpp.o[0m
[4.954s] [ 63%] [32m[1mLinking CXX shared library libtutorial_interfaces__rosidl_typesupport_c.so[0m
[4.985s] [ 65%] [32m[1mLinking CXX shared library libtutorial_interfaces__rosidl_typesupport_fastrtps_cpp.so[0m
[5.027s] [ 65%] Built target tutorial_interfaces__rosidl_typesupport_c
[5.096s] [ 65%] Built target tutorial_interfaces__rosidl_typesupport_fastrtps_cpp
[5.117s] [ 68%] [34m[1mGenerating C type support for eProsima Fast-RTPS[0m
[5.385s] [35m[1mScanning dependencies of target tutorial_interfaces__rosidl_typesupport_fastrtps_c[0m
[5.433s] [ 70%] [32mBuilding CXX object CMakeFiles/tutorial_interfaces__rosidl_typesupport_fastrtps_c.dir/rosidl_typesupport_fastrtps_c/tutorial_interfaces/msg/detail/num__type_support_c.cpp.o[0m
[5.434s] [ 74%] [32mBuilding CXX object CMakeFiles/tutorial_interfaces__rosidl_typesupport_fastrtps_c.dir/rosidl_typesupport_fastrtps_c/tutorial_interfaces/srv/detail/add_three_ints__type_support_c.cpp.o[0m
[5.435s] [ 74%] [32mBuilding CXX object CMakeFiles/tutorial_interfaces__rosidl_typesupport_fastrtps_c.dir/rosidl_typesupport_fastrtps_c/tutorial_interfaces/msg/detail/sphere__type_support_c.cpp.o[0m
[5.714s] [ 76%] [32m[1mLinking CXX shared library libtutorial_interfaces__rosidl_typesupport_fastrtps_c.so[0m
[5.838s] [ 76%] Built target tutorial_interfaces__rosidl_typesupport_fastrtps_c
[5.857s] [35m[1mScanning dependencies of target tutorial_interfaces[0m
[5.879s] [ 76%] Built target tutorial_interfaces
[5.900s] [35m[1mScanning dependencies of target tutorial_interfaces__py[0m
[5.924s] [ 78%] [34m[1mGenerating Python code for ROS interfaces[0m
[6.468s] [ 78%] Built target tutorial_interfaces__py
[6.489s] [35m[1mScanning dependencies of target tutorial_interfaces__python[0m
[6.597s] [ 80%] [32mBuilding C object CMakeFiles/tutorial_interfaces__python.dir/rosidl_generator_py/tutorial_interfaces/msg/_num_s.c.o[0m
[6.605s] [ 85%] [32mBuilding C object CMakeFiles/tutorial_interfaces__python.dir/rosidl_generator_py/tutorial_interfaces/srv/_add_three_ints_s.c.o[0m
[6.605s] [ 85%] [32mBuilding C object CMakeFiles/tutorial_interfaces__python.dir/rosidl_generator_py/tutorial_interfaces/msg/_sphere_s.c.o[0m
[6.807s] [ 87%] [32m[1mLinking C shared library rosidl_generator_py/tutorial_interfaces/libtutorial_interfaces__python.so[0m
[6.920s] [ 87%] Built target tutorial_interfaces__python
[6.943s] [35m[1mScanning dependencies of target tutorial_interfaces__rosidl_typesupport_c__pyext[0m
[6.944s] [35m[1mScanning dependencies of target tutorial_interfaces__rosidl_typesupport_introspection_c__pyext[0m
[6.945s] [35m[1mScanning dependencies of target tutorial_interfaces__rosidl_typesupport_fastrtps_c__pyext[0m
[6.985s] [ 89%] [32mBuilding C object CMakeFiles/tutorial_interfaces__rosidl_typesupport_fastrtps_c__pyext.dir/rosidl_generator_py/tutorial_interfaces/_tutorial_interfaces_s.ep.rosidl_typesupport_fastrtps_c.c.o[0m
[6.986s] [ 91%] [32mBuilding C object CMakeFiles/tutorial_interfaces__rosidl_typesupport_introspection_c__pyext.dir/rosidl_generator_py/tutorial_interfaces/_tutorial_interfaces_s.ep.rosidl_typesupport_introspection_c.c.o[0m
[6.987s] [ 93%] [32mBuilding C object CMakeFiles/tutorial_interfaces__rosidl_typesupport_c__pyext.dir/rosidl_generator_py/tutorial_interfaces/_tutorial_interfaces_s.ep.rosidl_typesupport_c.c.o[0m
[7.094s] [ 95%] [32m[1mLinking C shared library rosidl_generator_py/tutorial_interfaces/tutorial_interfaces_s__rosidl_typesupport_c.cpython-38-x86_64-linux-gnu.so[0m
[7.100s] [ 97%] [32m[1mLinking CXX shared library rosidl_generator_py/tutorial_interfaces/tutorial_interfaces_s__rosidl_typesupport_fastrtps_c.cpython-38-x86_64-linux-gnu.so[0m
[7.121s] [100%] [32m[1mLinking C shared library rosidl_generator_py/tutorial_interfaces/tutorial_interfaces_s__rosidl_typesupport_introspection_c.cpython-38-x86_64-linux-gnu.so[0m
[7.153s] [100%] Built target tutorial_interfaces__rosidl_typesupport_c__pyext
[7.176s] [100%] Built target tutorial_interfaces__rosidl_typesupport_introspection_c__pyext
[7.201s] [100%] Built target tutorial_interfaces__rosidl_typesupport_fastrtps_c__pyext
[7.227s] Invoked command in '/home/msurkip/ros2_ws/build/tutorial_interfaces' returned '0': /usr/bin/cmake --build /home/msurkip/ros2_ws/build/tutorial_interfaces -- -j8 -l8
[7.434s] Invoking command in '/home/msurkip/ros2_ws/build/tutorial_interfaces': /usr/bin/cmake --install /home/msurkip/ros2_ws/build/tutorial_interfaces
[7.453s] -- Install configuration: ""
[7.453s] -- Installing: /home/msurkip/ros2_ws/install/tutorial_interfaces/share/ament_index/resource_index/rosidl_interfaces/tutorial_interfaces
[7.454s] -- Installing: /home/msurkip/ros2_ws/install/tutorial_interfaces/include/tutorial_interfaces
[7.454s] -- Installing: /home/msurkip/ros2_ws/install/tutorial_interfaces/include/tutorial_interfaces/srv
[7.454s] -- Installing: /home/msurkip/ros2_ws/install/tutorial_interfaces/include/tutorial_interfaces/srv/add_three_ints.h
[7.455s] -- Installing: /home/msurkip/ros2_ws/install/tutorial_interfaces/include/tutorial_interfaces/srv/detail
[7.455s] -- Installing: /home/msurkip/ros2_ws/install/tutorial_interfaces/include/tutorial_interfaces/srv/detail/add_three_ints__type_support.h
[7.455s] -- Installing: /home/msurkip/ros2_ws/install/tutorial_interfaces/include/tutorial_interfaces/srv/detail/add_three_ints__struct.h
[7.455s] -- Installing: /home/msurkip/ros2_ws/install/tutorial_interfaces/include/tutorial_interfaces/srv/detail/add_three_ints__functions.c
[7.456s] -- Installing: /home/msurkip/ros2_ws/install/tutorial_interfaces/include/tutorial_interfaces/srv/detail/add_three_ints__functions.h
[7.456s] -- Installing: /home/msurkip/ros2_ws/install/tutorial_interfaces/include/tutorial_interfaces/msg
[7.456s] -- Installing: /home/msurkip/ros2_ws/install/tutorial_interfaces/include/tutorial_interfaces/msg/rosidl_generator_c__visibility_control.h
[7.457s] -- Installing: /home/msurkip/ros2_ws/install/tutorial_interfaces/include/tutorial_interfaces/msg/detail
[7.457s] -- Installing: /home/msurkip/ros2_ws/install/tutorial_interfaces/include/tutorial_interfaces/msg/detail/sphere__struct.h
[7.457s] -- Installing: /home/msurkip/ros2_ws/install/tutorial_interfaces/include/tutorial_interfaces/msg/detail/num__functions.c
[7.458s] -- Installing: /home/msurkip/ros2_ws/install/tutorial_interfaces/include/tutorial_interfaces/msg/detail/sphere__functions.c
[7.458s] -- Installing: /home/msurkip/ros2_ws/install/tutorial_interfaces/include/tutorial_interfaces/msg/detail/num__type_support.h
[7.458s] -- Installing: /home/msurkip/ros2_ws/install/tutorial_interfaces/include/tutorial_interfaces/msg/detail/sphere__type_support.h
[7.458s] -- Installing: /home/msurkip/ros2_ws/install/tutorial_interfaces/include/tutorial_interfaces/msg/detail/num__functions.h
[7.458s] -- Installing: /home/msurkip/ros2_ws/install/tutorial_interfaces/include/tutorial_interfaces/msg/detail/num__struct.h
[7.459s] -- Installing: /home/msurkip/ros2_ws/install/tutorial_interfaces/include/tutorial_interfaces/msg/detail/sphere__functions.h
[7.459s] -- Installing: /home/msurkip/ros2_ws/install/tutorial_interfaces/include/tutorial_interfaces/msg/num.h
[7.459s] -- Installing: /home/msurkip/ros2_ws/install/tutorial_interfaces/include/tutorial_interfaces/msg/sphere.h
[7.459s] -- Installing: /home/msurkip/ros2_ws/install/tutorial_interfaces/share/tutorial_interfaces/environment/library_path.sh
[7.459s] -- Installing: /home/msurkip/ros2_ws/install/tutorial_interfaces/share/tutorial_interfaces/environment/library_path.dsv
[7.460s] -- Installing: /home/msurkip/ros2_ws/install/tutorial_interfaces/lib/libtutorial_interfaces__rosidl_generator_c.so
[7.460s] -- Set runtime path of "/home/msurkip/ros2_ws/install/tutorial_interfaces/lib/libtutorial_interfaces__rosidl_generator_c.so" to ""
[7.460s] -- Up-to-date: /home/msurkip/ros2_ws/install/tutorial_interfaces/include/tutorial_interfaces
[7.461s] -- Up-to-date: /home/msurkip/ros2_ws/install/tutorial_interfaces/include/tutorial_interfaces/srv
[7.461s] -- Up-to-date: /home/msurkip/ros2_ws/install/tutorial_interfaces/include/tutorial_interfaces/srv/detail
[7.461s] -- Installing: /home/msurkip/ros2_ws/install/tutorial_interfaces/include/tutorial_interfaces/srv/detail/add_three_ints__rosidl_typesupport_fastrtps_c.h
[7.462s] -- Up-to-date: /home/msurkip/ros2_ws/install/tutorial_interfaces/include/tutorial_interfaces/msg
[7.462s] -- Up-to-date: /home/msurkip/ros2_ws/install/tutorial_interfaces/include/tutorial_interfaces/msg/detail
[7.462s] -- Installing: /home/msurkip/ros2_ws/install/tutorial_interfaces/include/tutorial_interfaces/msg/detail/num__rosidl_typesupport_fastrtps_c.h
[7.463s] -- Installing: /home/msurkip/ros2_ws/install/tutorial_interfaces/include/tutorial_interfaces/msg/detail/sphere__rosidl_typesupport_fastrtps_c.h
[7.463s] -- Installing: /home/msurkip/ros2_ws/install/tutorial_interfaces/include/tutorial_interfaces/msg/rosidl_typesupport_fastrtps_c__visibility_control.h
[7.463s] -- Installing: /home/msurkip/ros2_ws/install/tutorial_interfaces/lib/libtutorial_interfaces__rosidl_typesupport_fastrtps_c.so
[7.463s] -- Set runtime path of "/home/msurkip/ros2_ws/install/tutorial_interfaces/lib/libtutorial_interfaces__rosidl_typesupport_fastrtps_c.so" to ""
[7.463s] -- Up-to-date: /home/msurkip/ros2_ws/install/tutorial_interfaces/include/tutorial_interfaces
[7.464s] -- Up-to-date: /home/msurkip/ros2_ws/install/tutorial_interfaces/include/tutorial_interfaces/srv
[7.464s] -- Up-to-date: /home/msurkip/ros2_ws/install/tutorial_interfaces/include/tutorial_interfaces/srv/detail
[7.464s] -- Installing: /home/msurkip/ros2_ws/install/tutorial_interfaces/include/tutorial_interfaces/srv/detail/add_three_ints__rosidl_typesupport_fastrtps_cpp.hpp
[7.464s] -- Installing: /home/msurkip/ros2_ws/install/tutorial_interfaces/include/tutorial_interfaces/srv/detail/dds_fastrtps
[7.464s] -- Up-to-date: /home/msurkip/ros2_ws/install/tutorial_interfaces/include/tutorial_interfaces/msg
[7.464s] -- Installing: /home/msurkip/ros2_ws/install/tutorial_interfaces/include/tutorial_interfaces/msg/rosidl_typesupport_fastrtps_cpp__visibility_control.h
[7.465s] -- Up-to-date: /home/msurkip/ros2_ws/install/tutorial_interfaces/include/tutorial_interfaces/msg/detail
[7.465s] -- Installing: /home/msurkip/ros2_ws/install/tutorial_interfaces/include/tutorial_interfaces/msg/detail/num__rosidl_typesupport_fastrtps_cpp.hpp
[7.465s] -- Installing: /home/msurkip/ros2_ws/install/tutorial_interfaces/include/tutorial_interfaces/msg/detail/sphere__rosidl_typesupport_fastrtps_cpp.hpp
[7.465s] -- Installing: /home/msurkip/ros2_ws/install/tutorial_interfaces/include/tutorial_interfaces/msg/detail/dds_fastrtps
[7.466s] -- Installing: /home/msurkip/ros2_ws/install/tutorial_interfaces/lib/libtutorial_interfaces__rosidl_typesupport_fastrtps_cpp.so
[7.466s] -- Set runtime path of "/home/msurkip/ros2_ws/install/tutorial_interfaces/lib/libtutorial_interfaces__rosidl_typesupport_fastrtps_cpp.so" to ""
[7.466s] -- Up-to-date: /home/msurkip/ros2_ws/install/tutorial_interfaces/include/tutorial_interfaces
[7.466s] -- Up-to-date: /home/msurkip/ros2_ws/install/tutorial_interfaces/include/tutorial_interfaces/srv
[7.466s] -- Up-to-date: /home/msurkip/ros2_ws/install/tutorial_interfaces/include/tutorial_interfaces/srv/detail
[7.466s] -- Installing: /home/msurkip/ros2_ws/install/tutorial_interfaces/include/tutorial_interfaces/srv/detail/add_three_ints__rosidl_typesupport_introspection_c.h
[7.466s] -- Installing: /home/msurkip/ros2_ws/install/tutorial_interfaces/include/tutorial_interfaces/srv/detail/add_three_ints__type_support.c
[7.467s] -- Up-to-date: /home/msurkip/ros2_ws/install/tutorial_interfaces/include/tutorial_interfaces/msg
[7.467s] -- Up-to-date: /home/msurkip/ros2_ws/install/tutorial_interfaces/include/tutorial_interfaces/msg/detail
[7.467s] -- Installing: /home/msurkip/ros2_ws/install/tutorial_interfaces/include/tutorial_interfaces/msg/detail/num__type_support.c
[7.467s] -- Installing: /home/msurkip/ros2_ws/install/tutorial_interfaces/include/tutorial_interfaces/msg/detail/sphere__type_support.c
[7.467s] -- Installing: /home/msurkip/ros2_ws/install/tutorial_interfaces/include/tutorial_interfaces/msg/detail/num__rosidl_typesupport_introspection_c.h
[7.467s] -- Installing: /home/msurkip/ros2_ws/install/tutorial_interfaces/include/tutorial_interfaces/msg/detail/sphere__rosidl_typesupport_introspection_c.h
[7.467s] -- Installing: /home/msurkip/ros2_ws/install/tutorial_interfaces/include/tutorial_interfaces/msg/rosidl_typesupport_introspection_c__visibility_control.h
[7.468s] -- Installing: /home/msurkip/ros2_ws/install/tutorial_interfaces/lib/libtutorial_interfaces__rosidl_typesupport_introspection_c.so
[7.468s] -- Set runtime path of "/home/msurkip/ros2_ws/install/tutorial_interfaces/lib/libtutorial_interfaces__rosidl_typesupport_introspection_c.so" to ""
[7.468s] -- Installing: /home/msurkip/ros2_ws/install/tutorial_interfaces/lib/libtutorial_interfaces__rosidl_typesupport_c.so
[7.468s] -- Set runtime path of "/home/msurkip/ros2_ws/install/tutorial_interfaces/lib/libtutorial_interfaces__rosidl_typesupport_c.so" to ""
[7.469s] -- Up-to-date: /home/msurkip/ros2_ws/install/tutorial_interfaces/include/tutorial_interfaces
[7.469s] -- Up-to-date: /home/msurkip/ros2_ws/install/tutorial_interfaces/include/tutorial_interfaces/srv
[7.469s] -- Up-to-date: /home/msurkip/ros2_ws/install/tutorial_interfaces/include/tutorial_interfaces/srv/detail
[7.469s] -- Installing: /home/msurkip/ros2_ws/install/tutorial_interfaces/include/tutorial_interfaces/srv/detail/add_three_ints__struct.hpp
[7.469s] -- Installing: /home/msurkip/ros2_ws/install/tutorial_interfaces/include/tutorial_interfaces/srv/detail/add_three_ints__builder.hpp
[7.470s] -- Installing: /home/msurkip/ros2_ws/install/tutorial_interfaces/include/tutorial_interfaces/srv/detail/add_three_ints__traits.hpp
[7.470s] -- Installing: /home/msurkip/ros2_ws/install/tutorial_interfaces/include/tutorial_interfaces/srv/add_three_ints.hpp
[7.470s] -- Up-to-date: /home/msurkip/ros2_ws/install/tutorial_interfaces/include/tutorial_interfaces/msg
[7.471s] -- Up-to-date: /home/msurkip/ros2_ws/install/tutorial_interfaces/include/tutorial_interfaces/msg/detail
[7.471s] -- Installing: /home/msurkip/ros2_ws/install/tutorial_interfaces/include/tutorial_interfaces/msg/detail/num__builder.hpp
[7.471s] -- Installing: /home/msurkip/ros2_ws/install/tutorial_interfaces/include/tutorial_interfaces/msg/detail/num__traits.hpp
[7.471s] -- Installing: /home/msurkip/ros2_ws/install/tutorial_interfaces/include/tutorial_interfaces/msg/detail/num__struct.hpp
[7.471s] -- Installing: /home/msurkip/ros2_ws/install/tutorial_interfaces/include/tutorial_interfaces/msg/detail/sphere__struct.hpp
[7.472s] -- Installing: /home/msurkip/ros2_ws/install/tutorial_interfaces/include/tutorial_interfaces/msg/detail/sphere__traits.hpp
[7.472s] -- Installing: /home/msurkip/ros2_ws/install/tutorial_interfaces/include/tutorial_interfaces/msg/detail/sphere__builder.hpp
[7.472s] -- Installing: /home/msurkip/ros2_ws/install/tutorial_interfaces/include/tutorial_interfaces/msg/num.hpp
[7.472s] -- Installing: /home/msurkip/ros2_ws/install/tutorial_interfaces/include/tutorial_interfaces/msg/sphere.hpp
[7.472s] -- Up-to-date: /home/msurkip/ros2_ws/install/tutorial_interfaces/include/tutorial_interfaces
[7.472s] -- Up-to-date: /home/msurkip/ros2_ws/install/tutorial_interfaces/include/tutorial_interfaces/srv
[7.472s] -- Up-to-date: /home/msurkip/ros2_ws/install/tutorial_interfaces/include/tutorial_interfaces/srv/detail
[7.473s] -- Installing: /home/msurkip/ros2_ws/install/tutorial_interfaces/include/tutorial_interfaces/srv/detail/add_three_ints__rosidl_typesupport_introspection_cpp.hpp
[7.473s] -- Installing: /home/msurkip/ros2_ws/install/tutorial_interfaces/include/tutorial_interfaces/srv/detail/add_three_ints__type_support.cpp
[7.473s] -- Up-to-date: /home/msurkip/ros2_ws/install/tutorial_interfaces/include/tutorial_interfaces/msg
[7.473s] -- Up-to-date: /home/msurkip/ros2_ws/install/tutorial_interfaces/include/tutorial_interfaces/msg/detail
[7.473s] -- Installing: /home/msurkip/ros2_ws/install/tutorial_interfaces/include/tutorial_interfaces/msg/detail/num__rosidl_typesupport_introspection_cpp.hpp
[7.474s] -- Installing: /home/msurkip/ros2_ws/install/tutorial_interfaces/include/tutorial_interfaces/msg/detail/sphere__rosidl_typesupport_introspection_cpp.hpp
[7.474s] -- Installing: /home/msurkip/ros2_ws/install/tutorial_interfaces/include/tutorial_interfaces/msg/detail/sphere__type_support.cpp
[7.474s] -- Installing: /home/msurkip/ros2_ws/install/tutorial_interfaces/include/tutorial_interfaces/msg/detail/num__type_support.cpp
[7.474s] -- Installing: /home/msurkip/ros2_ws/install/tutorial_interfaces/lib/libtutorial_interfaces__rosidl_typesupport_introspection_cpp.so
[7.474s] -- Set runtime path of "/home/msurkip/ros2_ws/install/tutorial_interfaces/lib/libtutorial_interfaces__rosidl_typesupport_introspection_cpp.so" to ""
[7.474s] -- Installing: /home/msurkip/ros2_ws/install/tutorial_interfaces/lib/libtutorial_interfaces__rosidl_typesupport_cpp.so
[7.474s] -- Set runtime path of "/home/msurkip/ros2_ws/install/tutorial_interfaces/lib/libtutorial_interfaces__rosidl_typesupport_cpp.so" to ""
[7.475s] -- Installing: /home/msurkip/ros2_ws/install/tutorial_interfaces/share/tutorial_interfaces/environment/pythonpath.sh
[7.475s] -- Installing: /home/msurkip/ros2_ws/install/tutorial_interfaces/share/tutorial_interfaces/environment/pythonpath.dsv
[7.475s] -- Installing: /home/msurkip/ros2_ws/install/tutorial_interfaces/lib/python3.8/site-packages/tutorial_interfaces/__init__.py
[7.538s] Compiling '/home/msurkip/ros2_ws/install/tutorial_interfaces/lib/python3.8/site-packages/tutorial_interfaces/__init__.py'...
[7.548s] -- Installing: /home/msurkip/ros2_ws/install/tutorial_interfaces/lib/python3.8/site-packages/tutorial_interfaces/msg
[7.548s] -- Installing: /home/msurkip/ros2_ws/install/tutorial_interfaces/lib/python3.8/site-packages/tutorial_interfaces/msg/__init__.py
[7.548s] -- Installing: /home/msurkip/ros2_ws/install/tutorial_interfaces/lib/python3.8/site-packages/tutorial_interfaces/msg/_num.py
[7.549s] -- Installing: /home/msurkip/ros2_ws/install/tutorial_interfaces/lib/python3.8/site-packages/tutorial_interfaces/msg/_sphere.py
[7.549s] -- Installing: /home/msurkip/ros2_ws/install/tutorial_interfaces/lib/python3.8/site-packages/tutorial_interfaces/msg/_sphere_s.c
[7.549s] -- Installing: /home/msurkip/ros2_ws/install/tutorial_interfaces/lib/python3.8/site-packages/tutorial_interfaces/msg/_num_s.c
[7.549s] -- Installing: /home/msurkip/ros2_ws/install/tutorial_interfaces/lib/python3.8/site-packages/tutorial_interfaces/srv
[7.549s] -- Installing: /home/msurkip/ros2_ws/install/tutorial_interfaces/lib/python3.8/site-packages/tutorial_interfaces/srv/__init__.py
[7.549s] -- Installing: /home/msurkip/ros2_ws/install/tutorial_interfaces/lib/python3.8/site-packages/tutorial_interfaces/srv/_add_three_ints.py
[7.549s] -- Installing: /home/msurkip/ros2_ws/install/tutorial_interfaces/lib/python3.8/site-packages/tutorial_interfaces/srv/_add_three_ints_s.c
[7.550s] -- Installing: /home/msurkip/ros2_ws/install/tutorial_interfaces/lib/python3.8/site-packages/tutorial_interfaces/tutorial_interfaces_s__rosidl_typesupport_fastrtps_c.cpython-38-x86_64-linux-gnu.so
[7.551s] -- Set runtime path of "/home/msurkip/ros2_ws/install/tutorial_interfaces/lib/python3.8/site-packages/tutorial_interfaces/tutorial_interfaces_s__rosidl_typesupport_fastrtps_c.cpython-38-x86_64-linux-gnu.so" to ""
[7.552s] -- Installing: /home/msurkip/ros2_ws/install/tutorial_interfaces/lib/python3.8/site-packages/tutorial_interfaces/tutorial_interfaces_s__rosidl_typesupport_introspection_c.cpython-38-x86_64-linux-gnu.so
[7.553s] -- Set runtime path of "/home/msurkip/ros2_ws/install/tutorial_interfaces/lib/python3.8/site-packages/tutorial_interfaces/tutorial_interfaces_s__rosidl_typesupport_introspection_c.cpython-38-x86_64-linux-gnu.so" to ""
[7.553s] -- Installing: /home/msurkip/ros2_ws/install/tutorial_interfaces/lib/python3.8/site-packages/tutorial_interfaces/tutorial_interfaces_s__rosidl_typesupport_c.cpython-38-x86_64-linux-gnu.so
[7.555s] -- Set runtime path of "/home/msurkip/ros2_ws/install/tutorial_interfaces/lib/python3.8/site-packages/tutorial_interfaces/tutorial_interfaces_s__rosidl_typesupport_c.cpython-38-x86_64-linux-gnu.so" to ""
[7.555s] -- Installing: /home/msurkip/ros2_ws/install/tutorial_interfaces/lib/libtutorial_interfaces__python.so
[7.556s] -- Set runtime path of "/home/msurkip/ros2_ws/install/tutorial_interfaces/lib/libtutorial_interfaces__python.so" to ""
[7.556s] -- Installing: /home/msurkip/ros2_ws/install/tutorial_interfaces/share/tutorial_interfaces/msg/Num.idl
[7.556s] -- Installing: /home/msurkip/ros2_ws/install/tutorial_interfaces/share/tutorial_interfaces/msg/Sphere.idl
[7.556s] -- Installing: /home/msurkip/ros2_ws/install/tutorial_interfaces/share/tutorial_interfaces/srv/AddThreeInts.idl
[7.557s] -- Installing: /home/msurkip/ros2_ws/install/tutorial_interfaces/share/tutorial_interfaces/msg/Num.msg
[7.557s] -- Installing: /home/msurkip/ros2_ws/install/tutorial_interfaces/share/tutorial_interfaces/msg/Sphere.msg
[7.557s] -- Installing: /home/msurkip/ros2_ws/install/tutorial_interfaces/share/tutorial_interfaces/srv/AddThreeInts.srv
[7.557s] -- Installing: /home/msurkip/ros2_ws/install/tutorial_interfaces/share/tutorial_interfaces/srv/AddThreeInts_Request.msg
[7.557s] -- Installing: /home/msurkip/ros2_ws/install/tutorial_interfaces/share/tutorial_interfaces/srv/AddThreeInts_Response.msg
[7.558s] -- Installing: /home/msurkip/ros2_ws/install/tutorial_interfaces/share/ament_index/resource_index/package_run_dependencies/tutorial_interfaces
[7.558s] -- Installing: /home/msurkip/ros2_ws/install/tutorial_interfaces/share/ament_index/resource_index/parent_prefix_path/tutorial_interfaces
[7.558s] -- Installing: /home/msurkip/ros2_ws/install/tutorial_interfaces/share/tutorial_interfaces/environment/ament_prefix_path.sh
[7.559s] -- Installing: /home/msurkip/ros2_ws/install/tutorial_interfaces/share/tutorial_interfaces/environment/ament_prefix_path.dsv
[7.559s] -- Installing: /home/msurkip/ros2_ws/install/tutorial_interfaces/share/tutorial_interfaces/environment/path.sh
[7.559s] -- Installing: /home/msurkip/ros2_ws/install/tutorial_interfaces/share/tutorial_interfaces/environment/path.dsv
[7.560s] -- Installing: /home/msurkip/ros2_ws/install/tutorial_interfaces/share/tutorial_interfaces/local_setup.bash
[7.560s] -- Installing: /home/msurkip/ros2_ws/install/tutorial_interfaces/share/tutorial_interfaces/local_setup.sh
[7.560s] -- Installing: /home/msurkip/ros2_ws/install/tutorial_interfaces/share/tutorial_interfaces/local_setup.zsh
[7.560s] -- Installing: /home/msurkip/ros2_ws/install/tutorial_interfaces/share/tutorial_interfaces/local_setup.dsv
[7.560s] -- Installing: /home/msurkip/ros2_ws/install/tutorial_interfaces/share/tutorial_interfaces/package.dsv
[7.561s] -- Installing: /home/msurkip/ros2_ws/install/tutorial_interfaces/share/ament_index/resource_index/packages/tutorial_interfaces
[7.561s] -- Installing: /home/msurkip/ros2_ws/install/tutorial_interfaces/share/tutorial_interfaces/cmake/tutorial_interfaces__rosidl_generator_cExport.cmake
[7.562s] -- Installing: /home/msurkip/ros2_ws/install/tutorial_interfaces/share/tutorial_interfaces/cmake/tutorial_interfaces__rosidl_generator_cExport-noconfig.cmake
[7.562s] -- Installing: /home/msurkip/ros2_ws/install/tutorial_interfaces/share/tutorial_interfaces/cmake/tutorial_interfaces__rosidl_typesupport_introspection_cExport.cmake
[7.562s] -- Installing: /home/msurkip/ros2_ws/install/tutorial_interfaces/share/tutorial_interfaces/cmake/tutorial_interfaces__rosidl_typesupport_introspection_cExport-noconfig.cmake
[7.563s] -- Installing: /home/msurkip/ros2_ws/install/tutorial_interfaces/share/tutorial_interfaces/cmake/tutorial_interfaces__rosidl_typesupport_cExport.cmake
[7.563s] -- Installing: /home/msurkip/ros2_ws/install/tutorial_interfaces/share/tutorial_interfaces/cmake/tutorial_interfaces__rosidl_typesupport_cExport-noconfig.cmake
[7.563s] -- Installing: /home/msurkip/ros2_ws/install/tutorial_interfaces/share/tutorial_interfaces/cmake/tutorial_interfaces__rosidl_generator_cppExport.cmake
[7.564s] -- Installing: /home/msurkip/ros2_ws/install/tutorial_interfaces/share/tutorial_interfaces/cmake/tutorial_interfaces__rosidl_typesupport_introspection_cppExport.cmake
[7.564s] -- Installing: /home/msurkip/ros2_ws/install/tutorial_interfaces/share/tutorial_interfaces/cmake/tutorial_interfaces__rosidl_typesupport_introspection_cppExport-noconfig.cmake
[7.564s] -- Installing: /home/msurkip/ros2_ws/install/tutorial_interfaces/share/tutorial_interfaces/cmake/tutorial_interfaces__rosidl_typesupport_cppExport.cmake
[7.565s] -- Installing: /home/msurkip/ros2_ws/install/tutorial_interfaces/share/tutorial_interfaces/cmake/tutorial_interfaces__rosidl_typesupport_cppExport-noconfig.cmake
[7.565s] -- Installing: /home/msurkip/ros2_ws/install/tutorial_interfaces/share/tutorial_interfaces/cmake/rosidl_cmake-extras.cmake
[7.565s] -- Installing: /home/msurkip/ros2_ws/install/tutorial_interfaces/share/tutorial_interfaces/cmake/ament_cmake_export_dependencies-extras.cmake
[7.566s] -- Installing: /home/msurkip/ros2_ws/install/tutorial_interfaces/share/tutorial_interfaces/cmake/ament_cmake_export_libraries-extras.cmake
[7.566s] -- Installing: /home/msurkip/ros2_ws/install/tutorial_interfaces/share/tutorial_interfaces/cmake/ament_cmake_export_targets-extras.cmake
[7.566s] -- Installing: /home/msurkip/ros2_ws/install/tutorial_interfaces/share/tutorial_interfaces/cmake/ament_cmake_export_include_directories-extras.cmake
[7.566s] -- Installing: /home/msurkip/ros2_ws/install/tutorial_interfaces/share/tutorial_interfaces/cmake/rosidl_cmake_export_typesupport_libraries-extras.cmake
[7.567s] -- Installing: /home/msurkip/ros2_ws/install/tutorial_interfaces/share/tutorial_interfaces/cmake/rosidl_cmake_export_typesupport_targets-extras.cmake
[7.567s] -- Installing: /home/msurkip/ros2_ws/install/tutorial_interfaces/share/tutorial_interfaces/cmake/tutorial_interfacesConfig.cmake
[7.567s] -- Installing: /home/msurkip/ros2_ws/install/tutorial_interfaces/share/tutorial_interfaces/cmake/tutorial_interfacesConfig-version.cmake
[7.567s] -- Installing: /home/msurkip/ros2_ws/install/tutorial_interfaces/share/tutorial_interfaces/package.xml
[7.573s] Invoked command in '/home/msurkip/ros2_ws/build/tutorial_interfaces' returned '0': /usr/bin/cmake --install /home/msurkip/ros2_ws/build/tutorial_interfaces
