[1.903s] Invoking command in '/home/msurkip/ros2_ws/build/examples_rclpy_minimal_publisher': PYTHONPATH=/home/msurkip/ros2_ws/build/examples_rclpy_minimal_publisher/prefix_override:/home/msurkip/ros2_ws/install/examples_rclpy_minimal_publisher/lib/python3.8/site-packages:${PYTHONPATH} /usr/bin/python3 setup.py develop --uninstall --editable --build-directory /home/msurkip/ros2_ws/build/examples_rclpy_minimal_publisher/build
[2.096s] running develop
[2.259s] Invoked command in '/home/msurkip/ros2_ws/build/examples_rclpy_minimal_publisher' returned '0': PYTHONPATH=/home/msurkip/ros2_ws/build/examples_rclpy_minimal_publisher/prefix_override:/home/msurkip/ros2_ws/install/examples_rclpy_minimal_publisher/lib/python3.8/site-packages:${PYTHONPATH} /usr/bin/python3 setup.py develop --uninstall --editable --build-directory /home/msurkip/ros2_ws/build/examples_rclpy_minimal_publisher/build
[2.261s] Invoking command in '/home/msurkip/ros2_ws/src/examples/rclpy/topics/minimal_publisher': PYTHONPATH=/home/msurkip/ros2_ws/build/examples_rclpy_minimal_publisher/prefix_override:/home/msurkip/ros2_ws/install/examples_rclpy_minimal_publisher/lib/python3.8/site-packages:${PYTHONPATH} /usr/bin/python3 setup.py egg_info --egg-base ../../../../../build/examples_rclpy_minimal_publisher build --build-base /home/msurkip/ros2_ws/build/examples_rclpy_minimal_publisher/build install --record /home/msurkip/ros2_ws/build/examples_rclpy_minimal_publisher/install.log --install-scripts $base/lib/examples_rclpy_minimal_publisher --single-version-externally-managed
[2.441s] running egg_info
[2.442s] writing ../../../../../build/examples_rclpy_minimal_publisher/examples_rclpy_minimal_publisher.egg-info/PKG-INFO
[2.442s] writing dependency_links to ../../../../../build/examples_rclpy_minimal_publisher/examples_rclpy_minimal_publisher.egg-info/dependency_links.txt
[2.442s] writing entry points to ../../../../../build/examples_rclpy_minimal_publisher/examples_rclpy_minimal_publisher.egg-info/entry_points.txt
[2.443s] writing requirements to ../../../../../build/examples_rclpy_minimal_publisher/examples_rclpy_minimal_publisher.egg-info/requires.txt
[2.443s] writing top-level names to ../../../../../build/examples_rclpy_minimal_publisher/examples_rclpy_minimal_publisher.egg-info/top_level.txt
[2.474s] reading manifest file '../../../../../build/examples_rclpy_minimal_publisher/examples_rclpy_minimal_publisher.egg-info/SOURCES.txt'
[2.475s] writing manifest file '../../../../../build/examples_rclpy_minimal_publisher/examples_rclpy_minimal_publisher.egg-info/SOURCES.txt'
[2.475s] running build
[2.475s] running build_py
[2.475s] running install
[2.476s] running install_lib
[2.478s] running install_data
[2.478s] running install_egg_info
[2.479s] removing '/home/msurkip/ros2_ws/install/examples_rclpy_minimal_publisher/lib/python3.8/site-packages/examples_rclpy_minimal_publisher-0.9.4-py3.8.egg-info' (and everything under it)
[2.480s] Copying ../../../../../build/examples_rclpy_minimal_publisher/examples_rclpy_minimal_publisher.egg-info to /home/msurkip/ros2_ws/install/examples_rclpy_minimal_publisher/lib/python3.8/site-packages/examples_rclpy_minimal_publisher-0.9.4-py3.8.egg-info
[2.481s] running install_scripts
[2.497s] Installing publisher_local_function script to /home/msurkip/ros2_ws/install/examples_rclpy_minimal_publisher/lib/examples_rclpy_minimal_publisher
[2.497s] Installing publisher_member_function script to /home/msurkip/ros2_ws/install/examples_rclpy_minimal_publisher/lib/examples_rclpy_minimal_publisher
[2.497s] Installing publisher_old_school script to /home/msurkip/ros2_ws/install/examples_rclpy_minimal_publisher/lib/examples_rclpy_minimal_publisher
[2.497s] writing list of installed files to '/home/msurkip/ros2_ws/build/examples_rclpy_minimal_publisher/install.log'
[2.646s] Invoked command in '/home/msurkip/ros2_ws/src/examples/rclpy/topics/minimal_publisher' returned '0': PYTHONPATH=/home/msurkip/ros2_ws/build/examples_rclpy_minimal_publisher/prefix_override:/home/msurkip/ros2_ws/install/examples_rclpy_minimal_publisher/lib/python3.8/site-packages:${PYTHONPATH} /usr/bin/python3 setup.py egg_info --egg-base ../../../../../build/examples_rclpy_minimal_publisher build --build-base /home/msurkip/ros2_ws/build/examples_rclpy_minimal_publisher/build install --record /home/msurkip/ros2_ws/build/examples_rclpy_minimal_publisher/install.log --install-scripts $base/lib/examples_rclpy_minimal_publisher --single-version-externally-managed
