[0.668s] Invoking command in '/home/msurkip/ros2_ws/src/py_pubsub': PYTHONPATH=/home/msurkip/ros2_ws/build/py_pubsub/prefix_override:/home/msurkip/ros2_ws/install/py_pubsub/lib/python3.8/site-packages:${PYTHONPATH} /usr/bin/python3 setup.py egg_info --egg-base ../../build/py_pubsub build --build-base /home/msurkip/ros2_ws/build/py_pubsub/build install --record /home/msurkip/ros2_ws/build/py_pubsub/install.log --install-scripts $base/lib/py_pubsub --single-version-externally-managed
[0.827s] running egg_info
[0.827s] writing ../../build/py_pubsub/py_pubsub.egg-info/PKG-INFO
[0.828s] writing dependency_links to ../../build/py_pubsub/py_pubsub.egg-info/dependency_links.txt
[0.828s] writing entry points to ../../build/py_pubsub/py_pubsub.egg-info/entry_points.txt
[0.828s] writing requirements to ../../build/py_pubsub/py_pubsub.egg-info/requires.txt
[0.828s] writing top-level names to ../../build/py_pubsub/py_pubsub.egg-info/top_level.txt
[0.854s] reading manifest file '../../build/py_pubsub/py_pubsub.egg-info/SOURCES.txt'
[0.855s] writing manifest file '../../build/py_pubsub/py_pubsub.egg-info/SOURCES.txt'
[0.855s] running build
[0.855s] running build_py
[0.855s] running install
[0.855s] running install_lib
[0.856s] running install_data
[0.856s] running install_egg_info
[0.861s] removing '/home/msurkip/ros2_ws/install/py_pubsub/lib/python3.8/site-packages/py_pubsub-0.0.0-py3.8.egg-info' (and everything under it)
[0.861s] Copying ../../build/py_pubsub/py_pubsub.egg-info to /home/msurkip/ros2_ws/install/py_pubsub/lib/python3.8/site-packages/py_pubsub-0.0.0-py3.8.egg-info
[0.861s] running install_scripts
[0.872s] Installing listener script to /home/msurkip/ros2_ws/install/py_pubsub/lib/py_pubsub
[0.873s] Installing talker script to /home/msurkip/ros2_ws/install/py_pubsub/lib/py_pubsub
[0.873s] writing list of installed files to '/home/msurkip/ros2_ws/build/py_pubsub/install.log'
[0.906s] Invoked command in '/home/msurkip/ros2_ws/src/py_pubsub' returned '0': PYTHONPATH=/home/msurkip/ros2_ws/build/py_pubsub/prefix_override:/home/msurkip/ros2_ws/install/py_pubsub/lib/python3.8/site-packages:${PYTHONPATH} /usr/bin/python3 setup.py egg_info --egg-base ../../build/py_pubsub build --build-base /home/msurkip/ros2_ws/build/py_pubsub/build install --record /home/msurkip/ros2_ws/build/py_pubsub/install.log --install-scripts $base/lib/py_pubsub --single-version-externally-managed
