[1.929s] Invoking command in '/home/msurkip/ros2_ws/build/examples_rclpy_minimal_action_client': PYTHONPATH=/home/msurkip/ros2_ws/build/examples_rclpy_minimal_action_client/prefix_override:/home/msurkip/ros2_ws/install/examples_rclpy_minimal_action_client/lib/python3.8/site-packages:${PYTHONPATH} /usr/bin/python3 setup.py develop --uninstall --editable --build-directory /home/msurkip/ros2_ws/build/examples_rclpy_minimal_action_client/build
[2.153s] running develop
[2.355s] Invoked command in '/home/msurkip/ros2_ws/build/examples_rclpy_minimal_action_client' returned '0': PYTHONPATH=/home/msurkip/ros2_ws/build/examples_rclpy_minimal_action_client/prefix_override:/home/msurkip/ros2_ws/install/examples_rclpy_minimal_action_client/lib/python3.8/site-packages:${PYTHONPATH} /usr/bin/python3 setup.py develop --uninstall --editable --build-directory /home/msurkip/ros2_ws/build/examples_rclpy_minimal_action_client/build
[2.356s] Invoking command in '/home/msurkip/ros2_ws/src/examples/rclpy/actions/minimal_action_client': PYTHONPATH=/home/msurkip/ros2_ws/build/examples_rclpy_minimal_action_client/prefix_override:/home/msurkip/ros2_ws/install/examples_rclpy_minimal_action_client/lib/python3.8/site-packages:${PYTHONPATH} /usr/bin/python3 setup.py egg_info --egg-base ../../../../../build/examples_rclpy_minimal_action_client build --build-base /home/msurkip/ros2_ws/build/examples_rclpy_minimal_action_client/build install --record /home/msurkip/ros2_ws/build/examples_rclpy_minimal_action_client/install.log --install-scripts $base/lib/examples_rclpy_minimal_action_client --single-version-externally-managed
[2.563s] running egg_info
[2.563s] writing ../../../../../build/examples_rclpy_minimal_action_client/examples_rclpy_minimal_action_client.egg-info/PKG-INFO
[2.564s] writing dependency_links to ../../../../../build/examples_rclpy_minimal_action_client/examples_rclpy_minimal_action_client.egg-info/dependency_links.txt
[2.564s] writing entry points to ../../../../../build/examples_rclpy_minimal_action_client/examples_rclpy_minimal_action_client.egg-info/entry_points.txt
[2.564s] writing requirements to ../../../../../build/examples_rclpy_minimal_action_client/examples_rclpy_minimal_action_client.egg-info/requires.txt
[2.564s] writing top-level names to ../../../../../build/examples_rclpy_minimal_action_client/examples_rclpy_minimal_action_client.egg-info/top_level.txt
[2.600s] reading manifest file '../../../../../build/examples_rclpy_minimal_action_client/examples_rclpy_minimal_action_client.egg-info/SOURCES.txt'
[2.601s] writing manifest file '../../../../../build/examples_rclpy_minimal_action_client/examples_rclpy_minimal_action_client.egg-info/SOURCES.txt'
[2.601s] running build
[2.601s] running build_py
[2.601s] running install
[2.602s] running install_lib
[2.603s] running install_data
[2.604s] running install_egg_info
[2.606s] removing '/home/msurkip/ros2_ws/install/examples_rclpy_minimal_action_client/lib/python3.8/site-packages/examples_rclpy_minimal_action_client-0.9.4-py3.8.egg-info' (and everything under it)
[2.606s] Copying ../../../../../build/examples_rclpy_minimal_action_client/examples_rclpy_minimal_action_client.egg-info to /home/msurkip/ros2_ws/install/examples_rclpy_minimal_action_client/lib/python3.8/site-packages/examples_rclpy_minimal_action_client-0.9.4-py3.8.egg-info
[2.607s] running install_scripts
[2.624s] Installing client script to /home/msurkip/ros2_ws/install/examples_rclpy_minimal_action_client/lib/examples_rclpy_minimal_action_client
[2.624s] Installing client_cancel script to /home/msurkip/ros2_ws/install/examples_rclpy_minimal_action_client/lib/examples_rclpy_minimal_action_client
[2.624s] Installing client_not_composable script to /home/msurkip/ros2_ws/install/examples_rclpy_minimal_action_client/lib/examples_rclpy_minimal_action_client
[2.624s] writing list of installed files to '/home/msurkip/ros2_ws/build/examples_rclpy_minimal_action_client/install.log'
[2.691s] Invoked command in '/home/msurkip/ros2_ws/src/examples/rclpy/actions/minimal_action_client' returned '0': PYTHONPATH=/home/msurkip/ros2_ws/build/examples_rclpy_minimal_action_client/prefix_override:/home/msurkip/ros2_ws/install/examples_rclpy_minimal_action_client/lib/python3.8/site-packages:${PYTHONPATH} /usr/bin/python3 setup.py egg_info --egg-base ../../../../../build/examples_rclpy_minimal_action_client build --build-base /home/msurkip/ros2_ws/build/examples_rclpy_minimal_action_client/build install --record /home/msurkip/ros2_ws/build/examples_rclpy_minimal_action_client/install.log --install-scripts $base/lib/examples_rclpy_minimal_action_client --single-version-externally-managed
