[1.977s] Invoking command in '/home/msurkip/ros2_ws/build/examples_rclpy_executors': PYTHONPATH=/home/msurkip/ros2_ws/build/examples_rclpy_executors/prefix_override:/home/msurkip/ros2_ws/install/examples_rclpy_executors/lib/python3.8/site-packages:${PYTHONPATH} /usr/bin/python3 setup.py develop --uninstall --editable --build-directory /home/msurkip/ros2_ws/build/examples_rclpy_executors/build
[2.168s] running develop
[2.327s] Invoked command in '/home/msurkip/ros2_ws/build/examples_rclpy_executors' returned '0': PYTHONPATH=/home/msurkip/ros2_ws/build/examples_rclpy_executors/prefix_override:/home/msurkip/ros2_ws/install/examples_rclpy_executors/lib/python3.8/site-packages:${PYTHONPATH} /usr/bin/python3 setup.py develop --uninstall --editable --build-directory /home/msurkip/ros2_ws/build/examples_rclpy_executors/build
[2.330s] Invoking command in '/home/msurkip/ros2_ws/src/examples/rclpy/executors': PYTHONPATH=/home/msurkip/ros2_ws/build/examples_rclpy_executors/prefix_override:/home/msurkip/ros2_ws/install/examples_rclpy_executors/lib/python3.8/site-packages:${PYTHONPATH} /usr/bin/python3 setup.py egg_info --egg-base ../../../../build/examples_rclpy_executors build --build-base /home/msurkip/ros2_ws/build/examples_rclpy_executors/build install --record /home/msurkip/ros2_ws/build/examples_rclpy_executors/install.log --install-scripts $base/lib/examples_rclpy_executors --single-version-externally-managed
[2.504s] running egg_info
[2.505s] writing ../../../../build/examples_rclpy_executors/examples_rclpy_executors.egg-info/PKG-INFO
[2.505s] writing dependency_links to ../../../../build/examples_rclpy_executors/examples_rclpy_executors.egg-info/dependency_links.txt
[2.505s] writing entry points to ../../../../build/examples_rclpy_executors/examples_rclpy_executors.egg-info/entry_points.txt
[2.506s] writing requirements to ../../../../build/examples_rclpy_executors/examples_rclpy_executors.egg-info/requires.txt
[2.506s] writing top-level names to ../../../../build/examples_rclpy_executors/examples_rclpy_executors.egg-info/top_level.txt
[2.536s] reading manifest file '../../../../build/examples_rclpy_executors/examples_rclpy_executors.egg-info/SOURCES.txt'
[2.537s] writing manifest file '../../../../build/examples_rclpy_executors/examples_rclpy_executors.egg-info/SOURCES.txt'
[2.537s] running build
[2.537s] running build_py
[2.538s] running install
[2.538s] running install_lib
[2.540s] running install_data
[2.540s] running install_egg_info
[2.542s] removing '/home/msurkip/ros2_ws/install/examples_rclpy_executors/lib/python3.8/site-packages/examples_rclpy_executors-0.9.4-py3.8.egg-info' (and everything under it)
[2.542s] Copying ../../../../build/examples_rclpy_executors/examples_rclpy_executors.egg-info to /home/msurkip/ros2_ws/install/examples_rclpy_executors/lib/python3.8/site-packages/examples_rclpy_executors-0.9.4-py3.8.egg-info
[2.543s] running install_scripts
[2.558s] Installing callback_group script to /home/msurkip/ros2_ws/install/examples_rclpy_executors/lib/examples_rclpy_executors
[2.559s] Installing composed script to /home/msurkip/ros2_ws/install/examples_rclpy_executors/lib/examples_rclpy_executors
[2.559s] Installing custom_callback_group script to /home/msurkip/ros2_ws/install/examples_rclpy_executors/lib/examples_rclpy_executors
[2.559s] Installing custom_executor script to /home/msurkip/ros2_ws/install/examples_rclpy_executors/lib/examples_rclpy_executors
[2.559s] Installing listener script to /home/msurkip/ros2_ws/install/examples_rclpy_executors/lib/examples_rclpy_executors
[2.559s] Installing talker script to /home/msurkip/ros2_ws/install/examples_rclpy_executors/lib/examples_rclpy_executors
[2.559s] writing list of installed files to '/home/msurkip/ros2_ws/build/examples_rclpy_executors/install.log'
[2.723s] Invoked command in '/home/msurkip/ros2_ws/src/examples/rclpy/executors' returned '0': PYTHONPATH=/home/msurkip/ros2_ws/build/examples_rclpy_executors/prefix_override:/home/msurkip/ros2_ws/install/examples_rclpy_executors/lib/python3.8/site-packages:${PYTHONPATH} /usr/bin/python3 setup.py egg_info --egg-base ../../../../build/examples_rclpy_executors build --build-base /home/msurkip/ros2_ws/build/examples_rclpy_executors/build install --record /home/msurkip/ros2_ws/build/examples_rclpy_executors/install.log --install-scripts $base/lib/examples_rclpy_executors --single-version-externally-managed
