[1.097s] Invoking command in '/home/msurkip/ros2_ws/build/examples_rclpy_minimal_service': PYTHONPATH=/home/msurkip/ros2_ws/build/examples_rclpy_minimal_service/prefix_override:/home/msurkip/ros2_ws/install/examples_rclpy_minimal_service/lib/python3.8/site-packages:${PYTHONPATH} /usr/bin/python3 setup.py develop --editable --build-directory /home/msurkip/ros2_ws/build/examples_rclpy_minimal_service/build --no-deps install_data
[1.305s] running develop
[1.418s] running egg_info
[1.418s] creating examples_rclpy_minimal_service.egg-info
[1.418s] writing examples_rclpy_minimal_service.egg-info/PKG-INFO
[1.418s] writing dependency_links to examples_rclpy_minimal_service.egg-info/dependency_links.txt
[1.418s] writing entry points to examples_rclpy_minimal_service.egg-info/entry_points.txt
[1.418s] writing requirements to examples_rclpy_minimal_service.egg-info/requires.txt
[1.418s] writing top-level names to examples_rclpy_minimal_service.egg-info/top_level.txt
[1.419s] writing manifest file 'examples_rclpy_minimal_service.egg-info/SOURCES.txt'
[1.447s] reading manifest file 'examples_rclpy_minimal_service.egg-info/SOURCES.txt'
[1.448s] writing manifest file 'examples_rclpy_minimal_service.egg-info/SOURCES.txt'
[1.449s] running build_ext
[1.449s] Creating /home/msurkip/ros2_ws/install/examples_rclpy_minimal_service/lib/python3.8/site-packages/site.py
[1.451s] Creating /home/msurkip/ros2_ws/install/examples_rclpy_minimal_service/lib/python3.8/site-packages/examples-rclpy-minimal-service.egg-link (link to .)
[1.451s] Installing service script to /home/msurkip/ros2_ws/install/examples_rclpy_minimal_service/lib/examples_rclpy_minimal_service
[1.451s] Installing service_member_function script to /home/msurkip/ros2_ws/install/examples_rclpy_minimal_service/lib/examples_rclpy_minimal_service
[1.452s] 
[1.452s] Installed /home/msurkip/ros2_ws/build/examples_rclpy_minimal_service
[1.452s] running install_data
[1.452s] creating /home/msurkip/ros2_ws/install/examples_rclpy_minimal_service/share/ament_index
[1.452s] creating /home/msurkip/ros2_ws/install/examples_rclpy_minimal_service/share/ament_index/resource_index
[1.452s] creating /home/msurkip/ros2_ws/install/examples_rclpy_minimal_service/share/ament_index/resource_index/packages
[1.452s] copying resource/examples_rclpy_minimal_service -> /home/msurkip/ros2_ws/install/examples_rclpy_minimal_service/share/ament_index/resource_index/packages
[1.452s] copying package.xml -> /home/msurkip/ros2_ws/install/examples_rclpy_minimal_service/share/examples_rclpy_minimal_service
[1.475s] Invoked command in '/home/msurkip/ros2_ws/build/examples_rclpy_minimal_service' returned '0': PYTHONPATH=/home/msurkip/ros2_ws/build/examples_rclpy_minimal_service/prefix_override:/home/msurkip/ros2_ws/install/examples_rclpy_minimal_service/lib/python3.8/site-packages:${PYTHONPATH} /usr/bin/python3 setup.py develop --editable --build-directory /home/msurkip/ros2_ws/build/examples_rclpy_minimal_service/build --no-deps install_data
