[0.507s] Invoking command in '/home/msurkip/ros2_ws/src/py_srvcli': PYTHONPATH=/home/msurkip/ros2_ws/build/py_srvcli/prefix_override:/home/msurkip/ros2_ws/install/py_srvcli/lib/python3.8/site-packages:${PYTHONPATH} /usr/bin/python3 setup.py egg_info --egg-base ../../build/py_srvcli build --build-base /home/msurkip/ros2_ws/build/py_srvcli/build install --record /home/msurkip/ros2_ws/build/py_srvcli/install.log --install-scripts $base/lib/py_srvcli --single-version-externally-managed
[0.618s] running egg_info
[0.618s] creating ../../build/py_srvcli/py_srvcli.egg-info
[0.618s] writing ../../build/py_srvcli/py_srvcli.egg-info/PKG-INFO
[0.618s] writing dependency_links to ../../build/py_srvcli/py_srvcli.egg-info/dependency_links.txt
[0.618s] writing entry points to ../../build/py_srvcli/py_srvcli.egg-info/entry_points.txt
[0.618s] writing requirements to ../../build/py_srvcli/py_srvcli.egg-info/requires.txt
[0.618s] writing top-level names to ../../build/py_srvcli/py_srvcli.egg-info/top_level.txt
[0.619s] writing manifest file '../../build/py_srvcli/py_srvcli.egg-info/SOURCES.txt'
[0.638s] reading manifest file '../../build/py_srvcli/py_srvcli.egg-info/SOURCES.txt'
[0.639s] writing manifest file '../../build/py_srvcli/py_srvcli.egg-info/SOURCES.txt'
[0.639s] running build
[0.639s] running build_py
[0.639s] creating /home/msurkip/ros2_ws/build/py_srvcli/build
[0.639s] creating /home/msurkip/ros2_ws/build/py_srvcli/build/lib
[0.639s] creating /home/msurkip/ros2_ws/build/py_srvcli/build/lib/py_srvcli
[0.639s] copying py_srvcli/__init__.py -> /home/msurkip/ros2_ws/build/py_srvcli/build/lib/py_srvcli
[0.640s] copying py_srvcli/service_member_function.py -> /home/msurkip/ros2_ws/build/py_srvcli/build/lib/py_srvcli
[0.640s] copying py_srvcli/client_member_function.py -> /home/msurkip/ros2_ws/build/py_srvcli/build/lib/py_srvcli
[0.640s] running install
[0.640s] running install_lib
[0.640s] creating /home/msurkip/ros2_ws/install/py_srvcli/lib/python3.8/site-packages/py_srvcli
[0.640s] copying /home/msurkip/ros2_ws/build/py_srvcli/build/lib/py_srvcli/__init__.py -> /home/msurkip/ros2_ws/install/py_srvcli/lib/python3.8/site-packages/py_srvcli
[0.641s] copying /home/msurkip/ros2_ws/build/py_srvcli/build/lib/py_srvcli/service_member_function.py -> /home/msurkip/ros2_ws/install/py_srvcli/lib/python3.8/site-packages/py_srvcli
[0.641s] copying /home/msurkip/ros2_ws/build/py_srvcli/build/lib/py_srvcli/client_member_function.py -> /home/msurkip/ros2_ws/install/py_srvcli/lib/python3.8/site-packages/py_srvcli
[0.641s] byte-compiling /home/msurkip/ros2_ws/install/py_srvcli/lib/python3.8/site-packages/py_srvcli/__init__.py to __init__.cpython-38.pyc
[0.641s] byte-compiling /home/msurkip/ros2_ws/install/py_srvcli/lib/python3.8/site-packages/py_srvcli/service_member_function.py to service_member_function.cpython-38.pyc
[0.641s] byte-compiling /home/msurkip/ros2_ws/install/py_srvcli/lib/python3.8/site-packages/py_srvcli/client_member_function.py to client_member_function.cpython-38.pyc
[0.642s] running install_data
[0.642s] creating /home/msurkip/ros2_ws/install/py_srvcli/share/ament_index
[0.642s] creating /home/msurkip/ros2_ws/install/py_srvcli/share/ament_index/resource_index
[0.642s] creating /home/msurkip/ros2_ws/install/py_srvcli/share/ament_index/resource_index/packages
[0.642s] copying resource/py_srvcli -> /home/msurkip/ros2_ws/install/py_srvcli/share/ament_index/resource_index/packages
[0.642s] copying package.xml -> /home/msurkip/ros2_ws/install/py_srvcli/share/py_srvcli
[0.642s] running install_egg_info
[0.643s] Copying ../../build/py_srvcli/py_srvcli.egg-info to /home/msurkip/ros2_ws/install/py_srvcli/lib/python3.8/site-packages/py_srvcli-0.0.0-py3.8.egg-info
[0.644s] running install_scripts
[0.654s] Installing client script to /home/msurkip/ros2_ws/install/py_srvcli/lib/py_srvcli
[0.654s] Installing service script to /home/msurkip/ros2_ws/install/py_srvcli/lib/py_srvcli
[0.654s] writing list of installed files to '/home/msurkip/ros2_ws/build/py_srvcli/install.log'
[0.668s] Invoked command in '/home/msurkip/ros2_ws/src/py_srvcli' returned '0': PYTHONPATH=/home/msurkip/ros2_ws/build/py_srvcli/prefix_override:/home/msurkip/ros2_ws/install/py_srvcli/lib/python3.8/site-packages:${PYTHONPATH} /usr/bin/python3 setup.py egg_info --egg-base ../../build/py_srvcli build --build-base /home/msurkip/ros2_ws/build/py_srvcli/build install --record /home/msurkip/ros2_ws/build/py_srvcli/install.log --install-scripts $base/lib/py_srvcli --single-version-externally-managed
