[0.027s] Invoking command in '/home/msurkip/ros2_ws/build/my_package': /usr/bin/cmake --build /home/msurkip/ros2_ws/build/my_package -- -j8 -l8
[0.119s] [100%] Built target my_node
[0.150s] Invoked command in '/home/msurkip/ros2_ws/build/my_package' returned '0': /usr/bin/cmake --build /home/msurkip/ros2_ws/build/my_package -- -j8 -l8
[0.230s] Invoking command in '/home/msurkip/ros2_ws/build/my_package': /usr/bin/cmake --install /home/msurkip/ros2_ws/build/my_package
[0.248s] -- Install configuration: ""
[0.249s] -- Up-to-date: /home/msurkip/ros2_ws/install/my_package/lib/my_package/my_node
[0.250s] -- Up-to-date: /home/msurkip/ros2_ws/install/my_package/share/ament_index/resource_index/package_run_dependencies/my_package
[0.250s] -- Up-to-date: /home/msurkip/ros2_ws/install/my_package/share/ament_index/resource_index/parent_prefix_path/my_package
[0.250s] -- Up-to-date: /home/msurkip/ros2_ws/install/my_package/share/my_package/environment/ament_prefix_path.sh
[0.251s] -- Up-to-date: /home/msurkip/ros2_ws/install/my_package/share/my_package/environment/ament_prefix_path.dsv
[0.251s] -- Up-to-date: /home/msurkip/ros2_ws/install/my_package/share/my_package/environment/path.sh
[0.251s] -- Up-to-date: /home/msurkip/ros2_ws/install/my_package/share/my_package/environment/path.dsv
[0.251s] -- Up-to-date: /home/msurkip/ros2_ws/install/my_package/share/my_package/local_setup.bash
[0.251s] -- Up-to-date: /home/msurkip/ros2_ws/install/my_package/share/my_package/local_setup.sh
[0.251s] -- Up-to-date: /home/msurkip/ros2_ws/install/my_package/share/my_package/local_setup.zsh
[0.251s] -- Up-to-date: /home/msurkip/ros2_ws/install/my_package/share/my_package/local_setup.dsv
[0.252s] -- Up-to-date: /home/msurkip/ros2_ws/install/my_package/share/my_package/package.dsv
[0.252s] -- Up-to-date: /home/msurkip/ros2_ws/install/my_package/share/ament_index/resource_index/packages/my_package
[0.252s] -- Up-to-date: /home/msurkip/ros2_ws/install/my_package/share/my_package/cmake/my_packageConfig.cmake
[0.252s] -- Up-to-date: /home/msurkip/ros2_ws/install/my_package/share/my_package/cmake/my_packageConfig-version.cmake
[0.252s] -- Up-to-date: /home/msurkip/ros2_ws/install/my_package/share/my_package/package.xml
[0.259s] Invoked command in '/home/msurkip/ros2_ws/build/my_package' returned '0': /usr/bin/cmake --install /home/msurkip/ros2_ws/build/my_package
