[0.081s] Invoking command in '/home/msurkip/ros2_ws/build/examples_rclcpp_minimal_service': /usr/bin/cmake --build /home/msurkip/ros2_ws/build/examples_rclcpp_minimal_service -- -j8 -l8
[0.292s] [100%] Built target service_main
[0.318s] Invoked command in '/home/msurkip/ros2_ws/build/examples_rclcpp_minimal_service' returned '0': /usr/bin/cmake --build /home/msurkip/ros2_ws/build/examples_rclcpp_minimal_service -- -j8 -l8
[0.384s] Invoking command in '/home/msurkip/ros2_ws/build/examples_rclcpp_minimal_service': /usr/bin/cmake --install /home/msurkip/ros2_ws/build/examples_rclcpp_minimal_service
[0.400s] -- Install configuration: ""
[0.400s] -- Execute custom install script
[0.400s] -- Up-to-date symlink: /home/msurkip/ros2_ws/install/examples_rclcpp_minimal_service/lib/examples_rclcpp_minimal_service/service_main
[0.400s] -- Up-to-date symlink: /home/msurkip/ros2_ws/install/examples_rclcpp_minimal_service/share/ament_index/resource_index/package_run_dependencies/examples_rclcpp_minimal_service
[0.400s] -- Up-to-date symlink: /home/msurkip/ros2_ws/install/examples_rclcpp_minimal_service/share/ament_index/resource_index/parent_prefix_path/examples_rclcpp_minimal_service
[0.400s] -- Up-to-date symlink: /home/msurkip/ros2_ws/install/examples_rclcpp_minimal_service/share/examples_rclcpp_minimal_service/environment/ament_prefix_path.sh
[0.400s] -- Up-to-date symlink: /home/msurkip/ros2_ws/install/examples_rclcpp_minimal_service/share/examples_rclcpp_minimal_service/environment/ament_prefix_path.dsv
[0.400s] -- Up-to-date symlink: /home/msurkip/ros2_ws/install/examples_rclcpp_minimal_service/share/examples_rclcpp_minimal_service/environment/path.sh
[0.401s] -- Up-to-date symlink: /home/msurkip/ros2_ws/install/examples_rclcpp_minimal_service/share/examples_rclcpp_minimal_service/environment/path.dsv
[0.401s] -- Up-to-date symlink: /home/msurkip/ros2_ws/install/examples_rclcpp_minimal_service/share/examples_rclcpp_minimal_service/local_setup.bash
[0.401s] -- Up-to-date symlink: /home/msurkip/ros2_ws/install/examples_rclcpp_minimal_service/share/examples_rclcpp_minimal_service/local_setup.sh
[0.402s] -- Up-to-date symlink: /home/msurkip/ros2_ws/install/examples_rclcpp_minimal_service/share/examples_rclcpp_minimal_service/local_setup.zsh
[0.405s] -- Up-to-date symlink: /home/msurkip/ros2_ws/install/examples_rclcpp_minimal_service/share/examples_rclcpp_minimal_service/local_setup.dsv
[0.406s] -- Symlinking: /home/msurkip/ros2_ws/install/examples_rclcpp_minimal_service/share/examples_rclcpp_minimal_service/package.dsv
[0.420s] -- Up-to-date symlink: /home/msurkip/ros2_ws/install/examples_rclcpp_minimal_service/share/ament_index/resource_index/packages/examples_rclcpp_minimal_service
[0.420s] -- Up-to-date symlink: /home/msurkip/ros2_ws/install/examples_rclcpp_minimal_service/share/examples_rclcpp_minimal_service/cmake/examples_rclcpp_minimal_serviceConfig.cmake
[0.420s] -- Up-to-date symlink: /home/msurkip/ros2_ws/install/examples_rclcpp_minimal_service/share/examples_rclcpp_minimal_service/cmake/examples_rclcpp_minimal_serviceConfig-version.cmake
[0.420s] -- Up-to-date symlink: /home/msurkip/ros2_ws/install/examples_rclcpp_minimal_service/share/examples_rclcpp_minimal_service/package.xml
[0.452s] Invoked command in '/home/msurkip/ros2_ws/build/examples_rclcpp_minimal_service' returned '0': /usr/bin/cmake --install /home/msurkip/ros2_ws/build/examples_rclcpp_minimal_service
