[0.170s] Invoking command in '/home/msurkip/ros2_ws/build/examples_rclcpp_minimal_service': /usr/bin/cmake --build /home/msurkip/ros2_ws/build/examples_rclcpp_minimal_service -- -j8 -l8
[0.607s] [100%] Built target service_main
[0.648s] Invoked command in '/home/msurkip/ros2_ws/build/examples_rclcpp_minimal_service' returned '0': /usr/bin/cmake --build /home/msurkip/ros2_ws/build/examples_rclcpp_minimal_service -- -j8 -l8
[0.724s] Invoking command in '/home/msurkip/ros2_ws/build/examples_rclcpp_minimal_service': /usr/bin/cmake --install /home/msurkip/ros2_ws/build/examples_rclcpp_minimal_service
[0.737s] -- Install configuration: ""
[0.739s] -- Execute custom install script
[0.741s] -- Up-to-date symlink: /home/msurkip/ros2_ws/install/examples_rclcpp_minimal_service/lib/examples_rclcpp_minimal_service/service_main
[0.751s] -- Up-to-date symlink: /home/msurkip/ros2_ws/install/examples_rclcpp_minimal_service/share/ament_index/resource_index/package_run_dependencies/examples_rclcpp_minimal_service
[0.758s] -- Up-to-date symlink: /home/msurkip/ros2_ws/install/examples_rclcpp_minimal_service/share/ament_index/resource_index/parent_prefix_path/examples_rclcpp_minimal_service
[0.758s] -- Up-to-date symlink: /home/msurkip/ros2_ws/install/examples_rclcpp_minimal_service/share/examples_rclcpp_minimal_service/environment/ament_prefix_path.sh
[0.766s] -- Up-to-date symlink: /home/msurkip/ros2_ws/install/examples_rclcpp_minimal_service/share/examples_rclcpp_minimal_service/environment/ament_prefix_path.dsv
[0.766s] -- Up-to-date symlink: /home/msurkip/ros2_ws/install/examples_rclcpp_minimal_service/share/examples_rclcpp_minimal_service/environment/path.sh
[0.766s] -- Up-to-date symlink: /home/msurkip/ros2_ws/install/examples_rclcpp_minimal_service/share/examples_rclcpp_minimal_service/environment/path.dsv
[0.766s] -- Up-to-date symlink: /home/msurkip/ros2_ws/install/examples_rclcpp_minimal_service/share/examples_rclcpp_minimal_service/local_setup.bash
[0.766s] -- Up-to-date symlink: /home/msurkip/ros2_ws/install/examples_rclcpp_minimal_service/share/examples_rclcpp_minimal_service/local_setup.sh
[0.766s] -- Up-to-date symlink: /home/msurkip/ros2_ws/install/examples_rclcpp_minimal_service/share/examples_rclcpp_minimal_service/local_setup.zsh
[0.766s] -- Up-to-date symlink: /home/msurkip/ros2_ws/install/examples_rclcpp_minimal_service/share/examples_rclcpp_minimal_service/local_setup.dsv
[0.767s] -- Symlinking: /home/msurkip/ros2_ws/install/examples_rclcpp_minimal_service/share/examples_rclcpp_minimal_service/package.dsv
[0.777s] -- Up-to-date symlink: /home/msurkip/ros2_ws/install/examples_rclcpp_minimal_service/share/ament_index/resource_index/packages/examples_rclcpp_minimal_service
[0.781s] -- Up-to-date symlink: /home/msurkip/ros2_ws/install/examples_rclcpp_minimal_service/share/examples_rclcpp_minimal_service/cmake/examples_rclcpp_minimal_serviceConfig.cmake
[0.783s] -- Up-to-date symlink: /home/msurkip/ros2_ws/install/examples_rclcpp_minimal_service/share/examples_rclcpp_minimal_service/cmake/examples_rclcpp_minimal_serviceConfig-version.cmake
[0.784s] -- Up-to-date symlink: /home/msurkip/ros2_ws/install/examples_rclcpp_minimal_service/share/examples_rclcpp_minimal_service/package.xml
[0.884s] Invoked command in '/home/msurkip/ros2_ws/build/examples_rclcpp_minimal_service' returned '0': /usr/bin/cmake --install /home/msurkip/ros2_ws/build/examples_rclcpp_minimal_service
