[0.734s] Invoking command in '/home/msurkip/ros2_ws/build/examples_rclpy_minimal_action_client': PYTHONPATH=/home/msurkip/ros2_ws/build/examples_rclpy_minimal_action_client/prefix_override:/home/msurkip/ros2_ws/install/examples_rclpy_minimal_action_client/lib/python3.8/site-packages:${PYTHONPATH} /usr/bin/python3 setup.py develop --editable --build-directory /home/msurkip/ros2_ws/build/examples_rclpy_minimal_action_client/build --no-deps install_data
[1.029s] running develop
[1.157s] running egg_info
[1.157s] creating examples_rclpy_minimal_action_client.egg-info
[1.158s] writing examples_rclpy_minimal_action_client.egg-info/PKG-INFO
[1.158s] writing dependency_links to examples_rclpy_minimal_action_client.egg-info/dependency_links.txt
[1.158s] writing entry points to examples_rclpy_minimal_action_client.egg-info/entry_points.txt
[1.159s] writing requirements to examples_rclpy_minimal_action_client.egg-info/requires.txt
[1.159s] writing top-level names to examples_rclpy_minimal_action_client.egg-info/top_level.txt
[1.160s] writing manifest file 'examples_rclpy_minimal_action_client.egg-info/SOURCES.txt'
[1.190s] reading manifest file 'examples_rclpy_minimal_action_client.egg-info/SOURCES.txt'
[1.191s] writing manifest file 'examples_rclpy_minimal_action_client.egg-info/SOURCES.txt'
[1.193s] running build_ext
[1.193s] Creating /home/msurkip/ros2_ws/install/examples_rclpy_minimal_action_client/lib/python3.8/site-packages/site.py
[1.195s] Creating /home/msurkip/ros2_ws/install/examples_rclpy_minimal_action_client/lib/python3.8/site-packages/examples-rclpy-minimal-action-client.egg-link (link to .)
[1.196s] Installing client script to /home/msurkip/ros2_ws/install/examples_rclpy_minimal_action_client/lib/examples_rclpy_minimal_action_client
[1.196s] Installing client_cancel script to /home/msurkip/ros2_ws/install/examples_rclpy_minimal_action_client/lib/examples_rclpy_minimal_action_client
[1.196s] Installing client_not_composable script to /home/msurkip/ros2_ws/install/examples_rclpy_minimal_action_client/lib/examples_rclpy_minimal_action_client
[1.197s] 
[1.197s] Installed /home/msurkip/ros2_ws/build/examples_rclpy_minimal_action_client
[1.197s] running install_data
[1.197s] creating /home/msurkip/ros2_ws/install/examples_rclpy_minimal_action_client/share/ament_index
[1.198s] creating /home/msurkip/ros2_ws/install/examples_rclpy_minimal_action_client/share/ament_index/resource_index
[1.198s] creating /home/msurkip/ros2_ws/install/examples_rclpy_minimal_action_client/share/ament_index/resource_index/packages
[1.198s] copying resource/examples_rclpy_minimal_action_client -> /home/msurkip/ros2_ws/install/examples_rclpy_minimal_action_client/share/ament_index/resource_index/packages
[1.198s] copying package.xml -> /home/msurkip/ros2_ws/install/examples_rclpy_minimal_action_client/share/examples_rclpy_minimal_action_client
[1.311s] Invoked command in '/home/msurkip/ros2_ws/build/examples_rclpy_minimal_action_client' returned '0': PYTHONPATH=/home/msurkip/ros2_ws/build/examples_rclpy_minimal_action_client/prefix_override:/home/msurkip/ros2_ws/install/examples_rclpy_minimal_action_client/lib/python3.8/site-packages:${PYTHONPATH} /usr/bin/python3 setup.py develop --editable --build-directory /home/msurkip/ros2_ws/build/examples_rclpy_minimal_action_client/build --no-deps install_data
