[2.504s] Invoking command in '/home/msurkip/ros2_ws/build/examples_rclpy_executors': PYTHONPATH=/home/msurkip/ros2_ws/build/examples_rclpy_executors/prefix_override:/home/msurkip/ros2_ws/install/examples_rclpy_executors/lib/python3.8/site-packages:${PYTHONPATH} /usr/bin/python3 setup.py develop --uninstall --editable --build-directory /home/msurkip/ros2_ws/build/examples_rclpy_executors/build
[2.789s] running develop
[2.970s] Invoked command in '/home/msurkip/ros2_ws/build/examples_rclpy_executors' returned '0': PYTHONPATH=/home/msurkip/ros2_ws/build/examples_rclpy_executors/prefix_override:/home/msurkip/ros2_ws/install/examples_rclpy_executors/lib/python3.8/site-packages:${PYTHONPATH} /usr/bin/python3 setup.py develop --uninstall --editable --build-directory /home/msurkip/ros2_ws/build/examples_rclpy_executors/build
[2.976s] Invoking command in '/home/msurkip/ros2_ws/src/examples/rclpy/executors': PYTHONPATH=/home/msurkip/ros2_ws/build/examples_rclpy_executors/prefix_override:/home/msurkip/ros2_ws/install/examples_rclpy_executors/lib/python3.8/site-packages:${PYTHONPATH} /usr/bin/python3 setup.py egg_info --egg-base ../../../../build/examples_rclpy_executors build --build-base /home/msurkip/ros2_ws/build/examples_rclpy_executors/build install --record /home/msurkip/ros2_ws/build/examples_rclpy_executors/install.log --install-scripts $base/lib/examples_rclpy_executors --single-version-externally-managed
[3.238s] running egg_info
[3.239s] writing ../../../../build/examples_rclpy_executors/examples_rclpy_executors.egg-info/PKG-INFO
[3.249s] writing dependency_links to ../../../../build/examples_rclpy_executors/examples_rclpy_executors.egg-info/dependency_links.txt
[3.250s] writing entry points to ../../../../build/examples_rclpy_executors/examples_rclpy_executors.egg-info/entry_points.txt
[3.250s] writing requirements to ../../../../build/examples_rclpy_executors/examples_rclpy_executors.egg-info/requires.txt
[3.250s] writing top-level names to ../../../../build/examples_rclpy_executors/examples_rclpy_executors.egg-info/top_level.txt
[3.305s] reading manifest file '../../../../build/examples_rclpy_executors/examples_rclpy_executors.egg-info/SOURCES.txt'
[3.308s] writing manifest file '../../../../build/examples_rclpy_executors/examples_rclpy_executors.egg-info/SOURCES.txt'
[3.308s] running build
[3.308s] running build_py
[3.313s] running install
[3.314s] running install_lib
[3.318s] running install_data
[3.323s] running install_egg_info
[3.326s] removing '/home/msurkip/ros2_ws/install/examples_rclpy_executors/lib/python3.8/site-packages/examples_rclpy_executors-0.9.4-py3.8.egg-info' (and everything under it)
[3.328s] Copying ../../../../build/examples_rclpy_executors/examples_rclpy_executors.egg-info to /home/msurkip/ros2_ws/install/examples_rclpy_executors/lib/python3.8/site-packages/examples_rclpy_executors-0.9.4-py3.8.egg-info
[3.330s] running install_scripts
[3.355s] Installing callback_group script to /home/msurkip/ros2_ws/install/examples_rclpy_executors/lib/examples_rclpy_executors
[3.355s] Installing composed script to /home/msurkip/ros2_ws/install/examples_rclpy_executors/lib/examples_rclpy_executors
[3.355s] Installing custom_callback_group script to /home/msurkip/ros2_ws/install/examples_rclpy_executors/lib/examples_rclpy_executors
[3.355s] Installing custom_executor script to /home/msurkip/ros2_ws/install/examples_rclpy_executors/lib/examples_rclpy_executors
[3.356s] Installing listener script to /home/msurkip/ros2_ws/install/examples_rclpy_executors/lib/examples_rclpy_executors
[3.356s] Installing talker script to /home/msurkip/ros2_ws/install/examples_rclpy_executors/lib/examples_rclpy_executors
[3.357s] writing list of installed files to '/home/msurkip/ros2_ws/build/examples_rclpy_executors/install.log'
[3.389s] Invoked command in '/home/msurkip/ros2_ws/src/examples/rclpy/executors' returned '0': PYTHONPATH=/home/msurkip/ros2_ws/build/examples_rclpy_executors/prefix_override:/home/msurkip/ros2_ws/install/examples_rclpy_executors/lib/python3.8/site-packages:${PYTHONPATH} /usr/bin/python3 setup.py egg_info --egg-base ../../../../build/examples_rclpy_executors build --build-base /home/msurkip/ros2_ws/build/examples_rclpy_executors/build install --record /home/msurkip/ros2_ws/build/examples_rclpy_executors/install.log --install-scripts $base/lib/examples_rclpy_executors --single-version-externally-managed
