[0.187s] Invoking command in '/home/msurkip/ros2_ws/build/examples_rclcpp_minimal_publisher': /usr/bin/cmake --build /home/msurkip/ros2_ws/build/examples_rclcpp_minimal_publisher -- -j8 -l8
[0.617s] [ 33%] Built target publisher_member_function
[0.636s] [ 66%] Built target publisher_not_composable
[0.640s] [100%] Built target publisher_lambda
[0.687s] Invoked command in '/home/msurkip/ros2_ws/build/examples_rclcpp_minimal_publisher' returned '0': /usr/bin/cmake --build /home/msurkip/ros2_ws/build/examples_rclcpp_minimal_publisher -- -j8 -l8
[0.766s] Invoking command in '/home/msurkip/ros2_ws/build/examples_rclcpp_minimal_publisher': /usr/bin/cmake --install /home/msurkip/ros2_ws/build/examples_rclcpp_minimal_publisher
[0.782s] -- Install configuration: ""
[0.787s] -- Execute custom install script
[0.795s] -- Up-to-date symlink: /home/msurkip/ros2_ws/install/examples_rclcpp_minimal_publisher/lib/examples_rclcpp_minimal_publisher/publisher_lambda
[0.797s] -- Up-to-date symlink: /home/msurkip/ros2_ws/install/examples_rclcpp_minimal_publisher/lib/examples_rclcpp_minimal_publisher/publisher_member_function
[0.797s] -- Up-to-date symlink: /home/msurkip/ros2_ws/install/examples_rclcpp_minimal_publisher/lib/examples_rclcpp_minimal_publisher/publisher_not_composable
[0.798s] -- Up-to-date symlink: /home/msurkip/ros2_ws/install/examples_rclcpp_minimal_publisher/share/ament_index/resource_index/package_run_dependencies/examples_rclcpp_minimal_publisher
[0.800s] -- Up-to-date symlink: /home/msurkip/ros2_ws/install/examples_rclcpp_minimal_publisher/share/ament_index/resource_index/parent_prefix_path/examples_rclcpp_minimal_publisher
[0.805s] -- Up-to-date symlink: /home/msurkip/ros2_ws/install/examples_rclcpp_minimal_publisher/share/examples_rclcpp_minimal_publisher/environment/ament_prefix_path.sh
[0.809s] -- Up-to-date symlink: /home/msurkip/ros2_ws/install/examples_rclcpp_minimal_publisher/share/examples_rclcpp_minimal_publisher/environment/ament_prefix_path.dsv
[0.811s] -- Up-to-date symlink: /home/msurkip/ros2_ws/install/examples_rclcpp_minimal_publisher/share/examples_rclcpp_minimal_publisher/environment/path.sh
[0.811s] -- Up-to-date symlink: /home/msurkip/ros2_ws/install/examples_rclcpp_minimal_publisher/share/examples_rclcpp_minimal_publisher/environment/path.dsv
[0.813s] -- Up-to-date symlink: /home/msurkip/ros2_ws/install/examples_rclcpp_minimal_publisher/share/examples_rclcpp_minimal_publisher/local_setup.bash
[0.819s] -- Up-to-date symlink: /home/msurkip/ros2_ws/install/examples_rclcpp_minimal_publisher/share/examples_rclcpp_minimal_publisher/local_setup.sh
[0.819s] -- Up-to-date symlink: /home/msurkip/ros2_ws/install/examples_rclcpp_minimal_publisher/share/examples_rclcpp_minimal_publisher/local_setup.zsh
[0.819s] -- Up-to-date symlink: /home/msurkip/ros2_ws/install/examples_rclcpp_minimal_publisher/share/examples_rclcpp_minimal_publisher/local_setup.dsv
[0.822s] -- Symlinking: /home/msurkip/ros2_ws/install/examples_rclcpp_minimal_publisher/share/examples_rclcpp_minimal_publisher/package.dsv
[0.838s] -- Up-to-date symlink: /home/msurkip/ros2_ws/install/examples_rclcpp_minimal_publisher/share/ament_index/resource_index/packages/examples_rclcpp_minimal_publisher
[0.839s] -- Up-to-date symlink: /home/msurkip/ros2_ws/install/examples_rclcpp_minimal_publisher/share/examples_rclcpp_minimal_publisher/cmake/examples_rclcpp_minimal_publisherConfig.cmake
[0.840s] -- Up-to-date symlink: /home/msurkip/ros2_ws/install/examples_rclcpp_minimal_publisher/share/examples_rclcpp_minimal_publisher/cmake/examples_rclcpp_minimal_publisherConfig-version.cmake
[0.842s] -- Up-to-date symlink: /home/msurkip/ros2_ws/install/examples_rclcpp_minimal_publisher/share/examples_rclcpp_minimal_publisher/package.xml
[0.986s] Invoked command in '/home/msurkip/ros2_ws/build/examples_rclcpp_minimal_publisher' returned '0': /usr/bin/cmake --install /home/msurkip/ros2_ws/build/examples_rclcpp_minimal_publisher
