[0.479s] Invoking command in '/home/msurkip/ros2_ws/src/py_pubsub': AMENT_PREFIX_PATH=/home/msurkip/ros2_ws/install/tutorial_interfaces:${AMENT_PREFIX_PATH} CMAKE_PREFIX_PATH=/home/msurkip/ros2_ws/install/tutorial_interfaces:${CMAKE_PREFIX_PATH} LD_LIBRARY_PATH=/home/msurkip/ros2_ws/install/tutorial_interfaces/lib:${LD_LIBRARY_PATH} PYTHONPATH=/home/msurkip/ros2_ws/build/py_pubsub/prefix_override:/home/msurkip/ros2_ws/install/py_pubsub/lib/python3.8/site-packages:/home/msurkip/ros2_ws/install/tutorial_interfaces/lib/python3.8/site-packages:${PYTHONPATH} /usr/bin/python3 setup.py egg_info --egg-base ../../build/py_pubsub build --build-base /home/msurkip/ros2_ws/build/py_pubsub/build install --record /home/msurkip/ros2_ws/build/py_pubsub/install.log --install-scripts $base/lib/py_pubsub --single-version-externally-managed
[0.646s] running egg_info
[0.648s] writing ../../build/py_pubsub/py_pubsub.egg-info/PKG-INFO
[0.648s] writing dependency_links to ../../build/py_pubsub/py_pubsub.egg-info/dependency_links.txt
[0.648s] writing entry points to ../../build/py_pubsub/py_pubsub.egg-info/entry_points.txt
[0.648s] writing requirements to ../../build/py_pubsub/py_pubsub.egg-info/requires.txt
[0.648s] writing top-level names to ../../build/py_pubsub/py_pubsub.egg-info/top_level.txt
[0.669s] reading manifest file '../../build/py_pubsub/py_pubsub.egg-info/SOURCES.txt'
[0.669s] writing manifest file '../../build/py_pubsub/py_pubsub.egg-info/SOURCES.txt'
[0.669s] running build
[0.669s] running build_py
[0.669s] copying py_pubsub/subscriber_member_function.py -> /home/msurkip/ros2_ws/build/py_pubsub/build/lib/py_pubsub
[0.670s] copying py_pubsub/publisher_member_function.py -> /home/msurkip/ros2_ws/build/py_pubsub/build/lib/py_pubsub
[0.670s] running install
[0.670s] running install_lib
[0.671s] copying /home/msurkip/ros2_ws/build/py_pubsub/build/lib/py_pubsub/subscriber_member_function.py -> /home/msurkip/ros2_ws/install/py_pubsub/lib/python3.8/site-packages/py_pubsub
[0.671s] copying /home/msurkip/ros2_ws/build/py_pubsub/build/lib/py_pubsub/publisher_member_function.py -> /home/msurkip/ros2_ws/install/py_pubsub/lib/python3.8/site-packages/py_pubsub
[0.671s] byte-compiling /home/msurkip/ros2_ws/install/py_pubsub/lib/python3.8/site-packages/py_pubsub/subscriber_member_function.py to subscriber_member_function.cpython-38.pyc
[0.672s] byte-compiling /home/msurkip/ros2_ws/install/py_pubsub/lib/python3.8/site-packages/py_pubsub/publisher_member_function.py to publisher_member_function.cpython-38.pyc
[0.672s] running install_data
[0.672s] copying package.xml -> /home/msurkip/ros2_ws/install/py_pubsub/share/py_pubsub
[0.672s] running install_egg_info
[0.673s] removing '/home/msurkip/ros2_ws/install/py_pubsub/lib/python3.8/site-packages/py_pubsub-0.0.0-py3.8.egg-info' (and everything under it)
[0.673s] Copying ../../build/py_pubsub/py_pubsub.egg-info to /home/msurkip/ros2_ws/install/py_pubsub/lib/python3.8/site-packages/py_pubsub-0.0.0-py3.8.egg-info
[0.674s] running install_scripts
[0.684s] Installing listener script to /home/msurkip/ros2_ws/install/py_pubsub/lib/py_pubsub
[0.684s] Installing talker script to /home/msurkip/ros2_ws/install/py_pubsub/lib/py_pubsub
[0.684s] writing list of installed files to '/home/msurkip/ros2_ws/build/py_pubsub/install.log'
[0.700s] Invoked command in '/home/msurkip/ros2_ws/src/py_pubsub' returned '0': AMENT_PREFIX_PATH=/home/msurkip/ros2_ws/install/tutorial_interfaces:${AMENT_PREFIX_PATH} CMAKE_PREFIX_PATH=/home/msurkip/ros2_ws/install/tutorial_interfaces:${CMAKE_PREFIX_PATH} LD_LIBRARY_PATH=/home/msurkip/ros2_ws/install/tutorial_interfaces/lib:${LD_LIBRARY_PATH} PYTHONPATH=/home/msurkip/ros2_ws/build/py_pubsub/prefix_override:/home/msurkip/ros2_ws/install/py_pubsub/lib/python3.8/site-packages:/home/msurkip/ros2_ws/install/tutorial_interfaces/lib/python3.8/site-packages:${PYTHONPATH} /usr/bin/python3 setup.py egg_info --egg-base ../../build/py_pubsub build --build-base /home/msurkip/ros2_ws/build/py_pubsub/build install --record /home/msurkip/ros2_ws/build/py_pubsub/install.log --install-scripts $base/lib/py_pubsub --single-version-externally-managed
