[0.135s] Invoking command in '/home/msurkip/ros2_ws/build/examples_rclcpp_minimal_client': /usr/bin/cmake /home/msurkip/ros2_ws/src/examples/rclcpp/services/minimal_client -DCMAKE_INSTALL_PREFIX=/home/msurkip/ros2_ws/install/examples_rclcpp_minimal_client
[0.202s] -- Found ament_cmake: 0.9.11 (/home/msurkip/ros2_foxy/ros2-linux/share/ament_cmake/cmake)
[0.277s] -- Using PYTHON_EXECUTABLE: /usr/bin/python3
[0.500s] -- Override CMake install command with custom implementation using symlinks instead of copying resources
[0.509s] -- Found example_interfaces: 0.9.1 (/home/msurkip/ros2_foxy/ros2-linux/share/example_interfaces/cmake)
[0.532s] -- Using all available rosidl_typesupport_c: rosidl_typesupport_connext_c;rosidl_typesupport_fastrtps_c;rosidl_typesupport_introspection_c
[0.536s] -- Found rosidl_adapter: 1.3.0 (/home/msurkip/ros2_foxy/ros2-linux/share/rosidl_adapter/cmake)
[0.562s] -- Could not find RTI Connext - skipping rosidl_typesupport_connext_c
[0.579s] -- Could not find RTI Connext - skipping rosidl_typesupport_connext_cpp
[0.715s] -- Using all available rosidl_typesupport_cpp: rosidl_typesupport_connext_cpp;rosidl_typesupport_fastrtps_cpp;rosidl_typesupport_introspection_cpp
[0.904s] -- Found rclcpp: 2.4.2 (/home/msurkip/ros2_foxy/ros2-linux/share/rclcpp/cmake)
[0.949s] -- Found rmw_implementation_cmake: 1.0.3 (/home/msurkip/ros2_foxy/ros2-linux/share/rmw_implementation_cmake/cmake)
[0.951s] -- Using RMW implementation 'rmw_fastrtps_cpp' as default
[1.066s] -- Found ament_lint_auto: 0.9.7 (/home/msurkip/ros2_foxy/ros2-linux/share/ament_lint_auto/cmake)
[1.145s] -- Added test 'copyright' to check source files copyright and LICENSE
[1.146s] -- Added test 'cppcheck' to perform static code analysis on C / C++ code
[1.147s] -- Configured cppcheck include dirs: 
[1.147s] -- Configured cppcheck exclude dirs and/or files: 
[1.147s] -- Added test 'cpplint' to check C / C++ code against the Google style
[1.147s] -- Configured cpplint exclude dirs and/or files: 
[1.147s] -- Added test 'lint_cmake' to check CMake code style
[1.147s] -- Added test 'uncrustify' to check C / C++ code style
[1.147s] -- Configured uncrustify additional arguments: 
[1.147s] -- Added test 'xmllint' to check XML markup files
[1.150s] -- Configuring done
[1.164s] -- Generating done
[1.165s] -- Build files have been written to: /home/msurkip/ros2_ws/build/examples_rclcpp_minimal_client
[1.171s] Invoked command in '/home/msurkip/ros2_ws/build/examples_rclcpp_minimal_client' returned '0': /usr/bin/cmake /home/msurkip/ros2_ws/src/examples/rclcpp/services/minimal_client -DCMAKE_INSTALL_PREFIX=/home/msurkip/ros2_ws/install/examples_rclcpp_minimal_client
[1.174s] Invoking command in '/home/msurkip/ros2_ws/build/examples_rclcpp_minimal_client': /usr/bin/cmake --build /home/msurkip/ros2_ws/build/examples_rclcpp_minimal_client -- -j8 -l8
[1.245s] [100%] Built target client_main
[1.282s] Invoked command in '/home/msurkip/ros2_ws/build/examples_rclcpp_minimal_client' returned '0': /usr/bin/cmake --build /home/msurkip/ros2_ws/build/examples_rclcpp_minimal_client -- -j8 -l8
[1.344s] Invoking command in '/home/msurkip/ros2_ws/build/examples_rclcpp_minimal_client': /usr/bin/cmake --install /home/msurkip/ros2_ws/build/examples_rclcpp_minimal_client
[1.399s] -- Install configuration: ""
[1.400s] -- Execute custom install script
[1.401s] -- Up-to-date symlink: /home/msurkip/ros2_ws/install/examples_rclcpp_minimal_client/lib/examples_rclcpp_minimal_client/client_main
[1.401s] -- Up-to-date symlink: /home/msurkip/ros2_ws/install/examples_rclcpp_minimal_client/share/ament_index/resource_index/package_run_dependencies/examples_rclcpp_minimal_client
[1.402s] -- Up-to-date symlink: /home/msurkip/ros2_ws/install/examples_rclcpp_minimal_client/share/ament_index/resource_index/parent_prefix_path/examples_rclcpp_minimal_client
[1.402s] -- Up-to-date symlink: /home/msurkip/ros2_ws/install/examples_rclcpp_minimal_client/share/examples_rclcpp_minimal_client/environment/ament_prefix_path.sh
[1.403s] -- Up-to-date symlink: /home/msurkip/ros2_ws/install/examples_rclcpp_minimal_client/share/examples_rclcpp_minimal_client/environment/ament_prefix_path.dsv
[1.403s] -- Up-to-date symlink: /home/msurkip/ros2_ws/install/examples_rclcpp_minimal_client/share/examples_rclcpp_minimal_client/environment/path.sh
[1.403s] -- Up-to-date symlink: /home/msurkip/ros2_ws/install/examples_rclcpp_minimal_client/share/examples_rclcpp_minimal_client/environment/path.dsv
[1.403s] -- Up-to-date symlink: /home/msurkip/ros2_ws/install/examples_rclcpp_minimal_client/share/examples_rclcpp_minimal_client/local_setup.bash
[1.403s] -- Up-to-date symlink: /home/msurkip/ros2_ws/install/examples_rclcpp_minimal_client/share/examples_rclcpp_minimal_client/local_setup.sh
[1.403s] -- Up-to-date symlink: /home/msurkip/ros2_ws/install/examples_rclcpp_minimal_client/share/examples_rclcpp_minimal_client/local_setup.zsh
[1.404s] -- Up-to-date symlink: /home/msurkip/ros2_ws/install/examples_rclcpp_minimal_client/share/examples_rclcpp_minimal_client/local_setup.dsv
[1.404s] -- Symlinking: /home/msurkip/ros2_ws/install/examples_rclcpp_minimal_client/share/examples_rclcpp_minimal_client/package.dsv
[1.404s] -- Up-to-date symlink: /home/msurkip/ros2_ws/install/examples_rclcpp_minimal_client/share/ament_index/resource_index/packages/examples_rclcpp_minimal_client
[1.404s] -- Up-to-date symlink: /home/msurkip/ros2_ws/install/examples_rclcpp_minimal_client/share/examples_rclcpp_minimal_client/cmake/examples_rclcpp_minimal_clientConfig.cmake
[1.404s] -- Up-to-date symlink: /home/msurkip/ros2_ws/install/examples_rclcpp_minimal_client/share/examples_rclcpp_minimal_client/cmake/examples_rclcpp_minimal_clientConfig-version.cmake
[1.404s] -- Up-to-date symlink: /home/msurkip/ros2_ws/install/examples_rclcpp_minimal_client/share/examples_rclcpp_minimal_client/package.xml
[1.448s] Invoked command in '/home/msurkip/ros2_ws/build/examples_rclcpp_minimal_client' returned '0': /usr/bin/cmake --install /home/msurkip/ros2_ws/build/examples_rclcpp_minimal_client
