[0.114s] Invoking command in '/home/msurkip/ros2_ws/build/examples_rclcpp_minimal_service': /usr/bin/cmake /home/msurkip/ros2_ws/src/examples/rclcpp/services/minimal_service -DCMAKE_INSTALL_PREFIX=/home/msurkip/ros2_ws/install/examples_rclcpp_minimal_service
[0.148s] -- Found ament_cmake: 0.9.11 (/home/msurkip/ros2_foxy/ros2-linux/share/ament_cmake/cmake)
[0.203s] -- Using PYTHON_EXECUTABLE: /usr/bin/python3
[0.423s] -- Override CMake install command with custom implementation using symlinks instead of copying resources
[0.436s] -- Found example_interfaces: 0.9.1 (/home/msurkip/ros2_foxy/ros2-linux/share/example_interfaces/cmake)
[0.471s] -- Using all available rosidl_typesupport_c: rosidl_typesupport_connext_c;rosidl_typesupport_fastrtps_c;rosidl_typesupport_introspection_c
[0.479s] -- Found rosidl_adapter: 1.3.0 (/home/msurkip/ros2_foxy/ros2-linux/share/rosidl_adapter/cmake)
[0.504s] -- Could not find RTI Connext - skipping rosidl_typesupport_connext_c
[0.520s] -- Could not find RTI Connext - skipping rosidl_typesupport_connext_cpp
[0.658s] -- Using all available rosidl_typesupport_cpp: rosidl_typesupport_connext_cpp;rosidl_typesupport_fastrtps_cpp;rosidl_typesupport_introspection_cpp
[0.849s] -- Found rclcpp: 2.4.2 (/home/msurkip/ros2_foxy/ros2-linux/share/rclcpp/cmake)
[0.878s] -- Found rmw_implementation_cmake: 1.0.3 (/home/msurkip/ros2_foxy/ros2-linux/share/rmw_implementation_cmake/cmake)
[0.879s] -- Using RMW implementation 'rmw_fastrtps_cpp' as default
[0.956s] -- Found ament_lint_auto: 0.9.7 (/home/msurkip/ros2_foxy/ros2-linux/share/ament_lint_auto/cmake)
[1.029s] -- Added test 'copyright' to check source files copyright and LICENSE
[1.031s] -- Added test 'cppcheck' to perform static code analysis on C / C++ code
[1.031s] -- Configured cppcheck include dirs: 
[1.031s] -- Configured cppcheck exclude dirs and/or files: 
[1.032s] -- Added test 'cpplint' to check C / C++ code against the Google style
[1.032s] -- Configured cpplint exclude dirs and/or files: 
[1.033s] -- Added test 'lint_cmake' to check CMake code style
[1.034s] -- Added test 'uncrustify' to check C / C++ code style
[1.034s] -- Configured uncrustify additional arguments: 
[1.034s] -- Added test 'xmllint' to check XML markup files
[1.039s] -- Configuring done
[1.054s] -- Generating done
[1.055s] -- Build files have been written to: /home/msurkip/ros2_ws/build/examples_rclcpp_minimal_service
[1.067s] Invoked command in '/home/msurkip/ros2_ws/build/examples_rclcpp_minimal_service' returned '0': /usr/bin/cmake /home/msurkip/ros2_ws/src/examples/rclcpp/services/minimal_service -DCMAKE_INSTALL_PREFIX=/home/msurkip/ros2_ws/install/examples_rclcpp_minimal_service
[1.070s] Invoking command in '/home/msurkip/ros2_ws/build/examples_rclcpp_minimal_service': /usr/bin/cmake --build /home/msurkip/ros2_ws/build/examples_rclcpp_minimal_service -- -j8 -l8
[1.135s] [100%] Built target service_main
[1.151s] Invoked command in '/home/msurkip/ros2_ws/build/examples_rclcpp_minimal_service' returned '0': /usr/bin/cmake --build /home/msurkip/ros2_ws/build/examples_rclcpp_minimal_service -- -j8 -l8
[1.228s] Invoking command in '/home/msurkip/ros2_ws/build/examples_rclcpp_minimal_service': /usr/bin/cmake --install /home/msurkip/ros2_ws/build/examples_rclcpp_minimal_service
[1.239s] -- Install configuration: ""
[1.239s] -- Execute custom install script
[1.240s] -- Up-to-date symlink: /home/msurkip/ros2_ws/install/examples_rclcpp_minimal_service/lib/examples_rclcpp_minimal_service/service_main
[1.240s] -- Up-to-date symlink: /home/msurkip/ros2_ws/install/examples_rclcpp_minimal_service/share/ament_index/resource_index/package_run_dependencies/examples_rclcpp_minimal_service
[1.245s] -- Up-to-date symlink: /home/msurkip/ros2_ws/install/examples_rclcpp_minimal_service/share/ament_index/resource_index/parent_prefix_path/examples_rclcpp_minimal_service
[1.245s] -- Up-to-date symlink: /home/msurkip/ros2_ws/install/examples_rclcpp_minimal_service/share/examples_rclcpp_minimal_service/environment/ament_prefix_path.sh
[1.245s] -- Up-to-date symlink: /home/msurkip/ros2_ws/install/examples_rclcpp_minimal_service/share/examples_rclcpp_minimal_service/environment/ament_prefix_path.dsv
[1.245s] -- Up-to-date symlink: /home/msurkip/ros2_ws/install/examples_rclcpp_minimal_service/share/examples_rclcpp_minimal_service/environment/path.sh
[1.245s] -- Up-to-date symlink: /home/msurkip/ros2_ws/install/examples_rclcpp_minimal_service/share/examples_rclcpp_minimal_service/environment/path.dsv
[1.245s] -- Up-to-date symlink: /home/msurkip/ros2_ws/install/examples_rclcpp_minimal_service/share/examples_rclcpp_minimal_service/local_setup.bash
[1.245s] -- Up-to-date symlink: /home/msurkip/ros2_ws/install/examples_rclcpp_minimal_service/share/examples_rclcpp_minimal_service/local_setup.sh
[1.245s] -- Up-to-date symlink: /home/msurkip/ros2_ws/install/examples_rclcpp_minimal_service/share/examples_rclcpp_minimal_service/local_setup.zsh
[1.246s] -- Up-to-date symlink: /home/msurkip/ros2_ws/install/examples_rclcpp_minimal_service/share/examples_rclcpp_minimal_service/local_setup.dsv
[1.246s] -- Symlinking: /home/msurkip/ros2_ws/install/examples_rclcpp_minimal_service/share/examples_rclcpp_minimal_service/package.dsv
[1.253s] -- Up-to-date symlink: /home/msurkip/ros2_ws/install/examples_rclcpp_minimal_service/share/ament_index/resource_index/packages/examples_rclcpp_minimal_service
[1.254s] -- Up-to-date symlink: /home/msurkip/ros2_ws/install/examples_rclcpp_minimal_service/share/examples_rclcpp_minimal_service/cmake/examples_rclcpp_minimal_serviceConfig.cmake
[1.254s] -- Up-to-date symlink: /home/msurkip/ros2_ws/install/examples_rclcpp_minimal_service/share/examples_rclcpp_minimal_service/cmake/examples_rclcpp_minimal_serviceConfig-version.cmake
[1.255s] -- Up-to-date symlink: /home/msurkip/ros2_ws/install/examples_rclcpp_minimal_service/share/examples_rclcpp_minimal_service/package.xml
[1.346s] Invoked command in '/home/msurkip/ros2_ws/build/examples_rclcpp_minimal_service' returned '0': /usr/bin/cmake --install /home/msurkip/ros2_ws/build/examples_rclcpp_minimal_service
