[2.382s] Invoking command in '/home/msurkip/ros2_ws/build/examples_rclpy_minimal_publisher': PYTHONPATH=/home/msurkip/ros2_ws/build/examples_rclpy_minimal_publisher/prefix_override:/home/msurkip/ros2_ws/install/examples_rclpy_minimal_publisher/lib/python3.8/site-packages:${PYTHONPATH} /usr/bin/python3 setup.py develop --uninstall --editable --build-directory /home/msurkip/ros2_ws/build/examples_rclpy_minimal_publisher/build
[2.677s] running develop
[2.865s] Invoked command in '/home/msurkip/ros2_ws/build/examples_rclpy_minimal_publisher' returned '0': PYTHONPATH=/home/msurkip/ros2_ws/build/examples_rclpy_minimal_publisher/prefix_override:/home/msurkip/ros2_ws/install/examples_rclpy_minimal_publisher/lib/python3.8/site-packages:${PYTHONPATH} /usr/bin/python3 setup.py develop --uninstall --editable --build-directory /home/msurkip/ros2_ws/build/examples_rclpy_minimal_publisher/build
[2.870s] Invoking command in '/home/msurkip/ros2_ws/src/examples/rclpy/topics/minimal_publisher': PYTHONPATH=/home/msurkip/ros2_ws/build/examples_rclpy_minimal_publisher/prefix_override:/home/msurkip/ros2_ws/install/examples_rclpy_minimal_publisher/lib/python3.8/site-packages:${PYTHONPATH} /usr/bin/python3 setup.py egg_info --egg-base ../../../../../build/examples_rclpy_minimal_publisher build --build-base /home/msurkip/ros2_ws/build/examples_rclpy_minimal_publisher/build install --record /home/msurkip/ros2_ws/build/examples_rclpy_minimal_publisher/install.log --install-scripts $base/lib/examples_rclpy_minimal_publisher --single-version-externally-managed
[3.124s] running egg_info
[3.125s] writing ../../../../../build/examples_rclpy_minimal_publisher/examples_rclpy_minimal_publisher.egg-info/PKG-INFO
[3.135s] writing dependency_links to ../../../../../build/examples_rclpy_minimal_publisher/examples_rclpy_minimal_publisher.egg-info/dependency_links.txt
[3.135s] writing entry points to ../../../../../build/examples_rclpy_minimal_publisher/examples_rclpy_minimal_publisher.egg-info/entry_points.txt
[3.135s] writing requirements to ../../../../../build/examples_rclpy_minimal_publisher/examples_rclpy_minimal_publisher.egg-info/requires.txt
[3.136s] writing top-level names to ../../../../../build/examples_rclpy_minimal_publisher/examples_rclpy_minimal_publisher.egg-info/top_level.txt
[3.189s] reading manifest file '../../../../../build/examples_rclpy_minimal_publisher/examples_rclpy_minimal_publisher.egg-info/SOURCES.txt'
[3.192s] writing manifest file '../../../../../build/examples_rclpy_minimal_publisher/examples_rclpy_minimal_publisher.egg-info/SOURCES.txt'
[3.192s] running build
[3.192s] running build_py
[3.197s] running install
[3.198s] running install_lib
[3.204s] running install_data
[3.209s] running install_egg_info
[3.212s] removing '/home/msurkip/ros2_ws/install/examples_rclpy_minimal_publisher/lib/python3.8/site-packages/examples_rclpy_minimal_publisher-0.9.4-py3.8.egg-info' (and everything under it)
[3.213s] Copying ../../../../../build/examples_rclpy_minimal_publisher/examples_rclpy_minimal_publisher.egg-info to /home/msurkip/ros2_ws/install/examples_rclpy_minimal_publisher/lib/python3.8/site-packages/examples_rclpy_minimal_publisher-0.9.4-py3.8.egg-info
[3.216s] running install_scripts
[3.243s] Installing publisher_local_function script to /home/msurkip/ros2_ws/install/examples_rclpy_minimal_publisher/lib/examples_rclpy_minimal_publisher
[3.243s] Installing publisher_member_function script to /home/msurkip/ros2_ws/install/examples_rclpy_minimal_publisher/lib/examples_rclpy_minimal_publisher
[3.243s] Installing publisher_old_school script to /home/msurkip/ros2_ws/install/examples_rclpy_minimal_publisher/lib/examples_rclpy_minimal_publisher
[3.244s] writing list of installed files to '/home/msurkip/ros2_ws/build/examples_rclpy_minimal_publisher/install.log'
[3.429s] Invoked command in '/home/msurkip/ros2_ws/src/examples/rclpy/topics/minimal_publisher' returned '0': PYTHONPATH=/home/msurkip/ros2_ws/build/examples_rclpy_minimal_publisher/prefix_override:/home/msurkip/ros2_ws/install/examples_rclpy_minimal_publisher/lib/python3.8/site-packages:${PYTHONPATH} /usr/bin/python3 setup.py egg_info --egg-base ../../../../../build/examples_rclpy_minimal_publisher build --build-base /home/msurkip/ros2_ws/build/examples_rclpy_minimal_publisher/build install --record /home/msurkip/ros2_ws/build/examples_rclpy_minimal_publisher/install.log --install-scripts $base/lib/examples_rclpy_minimal_publisher --single-version-externally-managed
