[0.931s] Invoking command in '/home/msurkip/ros2_ws/build/examples_rclpy_minimal_client': PYTHONPATH=/home/msurkip/ros2_ws/build/examples_rclpy_minimal_client/prefix_override:/home/msurkip/ros2_ws/install/examples_rclpy_minimal_client/lib/python3.8/site-packages:${PYTHONPATH} /usr/bin/python3 setup.py develop --editable --build-directory /home/msurkip/ros2_ws/build/examples_rclpy_minimal_client/build --no-deps install_data
[1.106s] running develop
[1.225s] running egg_info
[1.225s] creating examples_rclpy_minimal_client.egg-info
[1.225s] writing examples_rclpy_minimal_client.egg-info/PKG-INFO
[1.226s] writing dependency_links to examples_rclpy_minimal_client.egg-info/dependency_links.txt
[1.226s] writing entry points to examples_rclpy_minimal_client.egg-info/entry_points.txt
[1.226s] writing requirements to examples_rclpy_minimal_client.egg-info/requires.txt
[1.226s] writing top-level names to examples_rclpy_minimal_client.egg-info/top_level.txt
[1.228s] writing manifest file 'examples_rclpy_minimal_client.egg-info/SOURCES.txt'
[1.256s] reading manifest file 'examples_rclpy_minimal_client.egg-info/SOURCES.txt'
[1.257s] writing manifest file 'examples_rclpy_minimal_client.egg-info/SOURCES.txt'
[1.258s] running build_ext
[1.259s] Creating /home/msurkip/ros2_ws/install/examples_rclpy_minimal_client/lib/python3.8/site-packages/site.py
[1.261s] Creating /home/msurkip/ros2_ws/install/examples_rclpy_minimal_client/lib/python3.8/site-packages/examples-rclpy-minimal-client.egg-link (link to .)
[1.261s] Installing client script to /home/msurkip/ros2_ws/install/examples_rclpy_minimal_client/lib/examples_rclpy_minimal_client
[1.262s] Installing client_async script to /home/msurkip/ros2_ws/install/examples_rclpy_minimal_client/lib/examples_rclpy_minimal_client
[1.262s] Installing client_async_callback script to /home/msurkip/ros2_ws/install/examples_rclpy_minimal_client/lib/examples_rclpy_minimal_client
[1.262s] Installing client_async_member_function script to /home/msurkip/ros2_ws/install/examples_rclpy_minimal_client/lib/examples_rclpy_minimal_client
[1.262s] 
[1.262s] Installed /home/msurkip/ros2_ws/build/examples_rclpy_minimal_client
[1.262s] running install_data
[1.262s] creating /home/msurkip/ros2_ws/install/examples_rclpy_minimal_client/share/ament_index
[1.263s] creating /home/msurkip/ros2_ws/install/examples_rclpy_minimal_client/share/ament_index/resource_index
[1.263s] creating /home/msurkip/ros2_ws/install/examples_rclpy_minimal_client/share/ament_index/resource_index/packages
[1.263s] copying resource/examples_rclpy_minimal_client -> /home/msurkip/ros2_ws/install/examples_rclpy_minimal_client/share/ament_index/resource_index/packages
[1.263s] copying package.xml -> /home/msurkip/ros2_ws/install/examples_rclpy_minimal_client/share/examples_rclpy_minimal_client
[1.336s] Invoked command in '/home/msurkip/ros2_ws/build/examples_rclpy_minimal_client' returned '0': PYTHONPATH=/home/msurkip/ros2_ws/build/examples_rclpy_minimal_client/prefix_override:/home/msurkip/ros2_ws/install/examples_rclpy_minimal_client/lib/python3.8/site-packages:${PYTHONPATH} /usr/bin/python3 setup.py develop --editable --build-directory /home/msurkip/ros2_ws/build/examples_rclpy_minimal_client/build --no-deps install_data
