[0.079s] Invoking command in '/home/msurkip/ros2_ws/build/examples_rclcpp_minimal_composition': /usr/bin/cmake --build /home/msurkip/ros2_ws/build/examples_rclcpp_minimal_composition -- -j8 -l8
[0.349s] [ 33%] Built target composition_nodes
[0.370s] [ 55%] Built target composition_subscriber
[0.375s] [ 77%] Built target composition_composed
[0.377s] [100%] Built target composition_publisher
[0.425s] Invoked command in '/home/msurkip/ros2_ws/build/examples_rclcpp_minimal_composition' returned '0': /usr/bin/cmake --build /home/msurkip/ros2_ws/build/examples_rclcpp_minimal_composition -- -j8 -l8
[0.533s] Invoking command in '/home/msurkip/ros2_ws/build/examples_rclcpp_minimal_composition': /usr/bin/cmake --install /home/msurkip/ros2_ws/build/examples_rclcpp_minimal_composition
[0.550s] -- Install configuration: ""
[0.551s] -- Execute custom install script
[0.552s] -- Up-to-date symlink: /home/msurkip/ros2_ws/install/examples_rclcpp_minimal_composition/share/examples_rclcpp_minimal_composition/environment/library_path.sh
[0.552s] -- Up-to-date symlink: /home/msurkip/ros2_ws/install/examples_rclcpp_minimal_composition/share/examples_rclcpp_minimal_composition/environment/library_path.dsv
[0.553s] -- Up-to-date symlink: /home/msurkip/ros2_ws/install/examples_rclcpp_minimal_composition/lib/libcomposition_nodes.so
[0.554s] -- Up-to-date symlink: /home/msurkip/ros2_ws/install/examples_rclcpp_minimal_composition/lib/examples_rclcpp_minimal_composition/composition_publisher
[0.560s] -- Up-to-date symlink: /home/msurkip/ros2_ws/install/examples_rclcpp_minimal_composition/lib/examples_rclcpp_minimal_composition/composition_subscriber
[0.561s] -- Up-to-date symlink: /home/msurkip/ros2_ws/install/examples_rclcpp_minimal_composition/lib/examples_rclcpp_minimal_composition/composition_composed
[0.561s] -- Up-to-date symlink: /home/msurkip/ros2_ws/install/examples_rclcpp_minimal_composition/share/ament_index/resource_index/package_run_dependencies/examples_rclcpp_minimal_composition
[0.562s] -- Up-to-date symlink: /home/msurkip/ros2_ws/install/examples_rclcpp_minimal_composition/share/ament_index/resource_index/parent_prefix_path/examples_rclcpp_minimal_composition
[0.562s] -- Up-to-date symlink: /home/msurkip/ros2_ws/install/examples_rclcpp_minimal_composition/share/examples_rclcpp_minimal_composition/environment/ament_prefix_path.sh
[0.562s] -- Up-to-date symlink: /home/msurkip/ros2_ws/install/examples_rclcpp_minimal_composition/share/examples_rclcpp_minimal_composition/environment/ament_prefix_path.dsv
[0.562s] -- Up-to-date symlink: /home/msurkip/ros2_ws/install/examples_rclcpp_minimal_composition/share/examples_rclcpp_minimal_composition/environment/path.sh
[0.562s] -- Up-to-date symlink: /home/msurkip/ros2_ws/install/examples_rclcpp_minimal_composition/share/examples_rclcpp_minimal_composition/environment/path.dsv
[0.563s] -- Up-to-date symlink: /home/msurkip/ros2_ws/install/examples_rclcpp_minimal_composition/share/examples_rclcpp_minimal_composition/local_setup.bash
[0.563s] -- Up-to-date symlink: /home/msurkip/ros2_ws/install/examples_rclcpp_minimal_composition/share/examples_rclcpp_minimal_composition/local_setup.sh
[0.563s] -- Up-to-date symlink: /home/msurkip/ros2_ws/install/examples_rclcpp_minimal_composition/share/examples_rclcpp_minimal_composition/local_setup.zsh
[0.563s] -- Up-to-date symlink: /home/msurkip/ros2_ws/install/examples_rclcpp_minimal_composition/share/examples_rclcpp_minimal_composition/local_setup.dsv
[0.563s] -- Symlinking: /home/msurkip/ros2_ws/install/examples_rclcpp_minimal_composition/share/examples_rclcpp_minimal_composition/package.dsv
[0.584s] -- Up-to-date symlink: /home/msurkip/ros2_ws/install/examples_rclcpp_minimal_composition/share/ament_index/resource_index/packages/examples_rclcpp_minimal_composition
[0.587s] -- Up-to-date symlink: /home/msurkip/ros2_ws/install/examples_rclcpp_minimal_composition/share/examples_rclcpp_minimal_composition/cmake/examples_rclcpp_minimal_compositionConfig.cmake
[0.588s] -- Up-to-date symlink: /home/msurkip/ros2_ws/install/examples_rclcpp_minimal_composition/share/examples_rclcpp_minimal_composition/cmake/examples_rclcpp_minimal_compositionConfig-version.cmake
[0.588s] -- Up-to-date symlink: /home/msurkip/ros2_ws/install/examples_rclcpp_minimal_composition/share/examples_rclcpp_minimal_composition/package.xml
[0.682s] Invoked command in '/home/msurkip/ros2_ws/build/examples_rclcpp_minimal_composition' returned '0': /usr/bin/cmake --install /home/msurkip/ros2_ws/build/examples_rclcpp_minimal_composition
