[0.128s] Invoking command in '/home/msurkip/ros2_ws/build/examples_rclcpp_minimal_composition': /usr/bin/cmake /home/msurkip/ros2_ws/src/examples/rclcpp/composition/minimal_composition -DCMAKE_INSTALL_PREFIX=/home/msurkip/ros2_ws/install/examples_rclcpp_minimal_composition
[0.181s] -- Found ament_cmake: 0.9.11 (/home/msurkip/ros2_foxy/ros2-linux/share/ament_cmake/cmake)
[0.250s] -- Using PYTHON_EXECUTABLE: /usr/bin/python3
[0.456s] -- Override CMake install command with custom implementation using symlinks instead of copying resources
[0.475s] -- Found rclcpp: 2.4.2 (/home/msurkip/ros2_foxy/ros2-linux/share/rclcpp/cmake)
[0.511s] -- Using all available rosidl_typesupport_c: rosidl_typesupport_connext_c;rosidl_typesupport_fastrtps_c;rosidl_typesupport_introspection_c
[0.515s] -- Found rosidl_adapter: 1.3.0 (/home/msurkip/ros2_foxy/ros2-linux/share/rosidl_adapter/cmake)
[0.543s] -- Could not find RTI Connext - skipping rosidl_typesupport_connext_c
[0.559s] -- Could not find RTI Connext - skipping rosidl_typesupport_connext_cpp
[0.707s] -- Using all available rosidl_typesupport_cpp: rosidl_typesupport_connext_cpp;rosidl_typesupport_fastrtps_cpp;rosidl_typesupport_introspection_cpp
[0.777s] -- Found rmw_implementation_cmake: 1.0.3 (/home/msurkip/ros2_foxy/ros2-linux/share/rmw_implementation_cmake/cmake)
[0.778s] -- Using RMW implementation 'rmw_fastrtps_cpp' as default
[0.903s] -- Found rclcpp_components: 2.4.2 (/home/msurkip/ros2_foxy/ros2-linux/share/rclcpp_components/cmake)
[0.966s] -- Found std_msgs: 2.0.5 (/home/msurkip/ros2_foxy/ros2-linux/share/std_msgs/cmake)
[0.989s] -- Found ament_lint_auto: 0.9.7 (/home/msurkip/ros2_foxy/ros2-linux/share/ament_lint_auto/cmake)
[1.061s] -- Added test 'copyright' to check source files copyright and LICENSE
[1.066s] -- Added test 'cppcheck' to perform static code analysis on C / C++ code
[1.066s] -- Configured cppcheck include dirs: /home/msurkip/ros2_ws/src/examples/rclcpp/composition/minimal_composition/include
[1.066s] -- Configured cppcheck exclude dirs and/or files: 
[1.067s] -- Added test 'cpplint' to check C / C++ code against the Google style
[1.067s] -- Configured cpplint exclude dirs and/or files: 
[1.068s] -- Added test 'lint_cmake' to check CMake code style
[1.069s] -- Added test 'uncrustify' to check C / C++ code style
[1.069s] -- Configured uncrustify additional arguments: 
[1.069s] -- Added test 'xmllint' to check XML markup files
[1.078s] -- Configuring done
[1.106s] -- Generating done
[1.109s] -- Build files have been written to: /home/msurkip/ros2_ws/build/examples_rclcpp_minimal_composition
[1.122s] Invoked command in '/home/msurkip/ros2_ws/build/examples_rclcpp_minimal_composition' returned '0': /usr/bin/cmake /home/msurkip/ros2_ws/src/examples/rclcpp/composition/minimal_composition -DCMAKE_INSTALL_PREFIX=/home/msurkip/ros2_ws/install/examples_rclcpp_minimal_composition
[1.123s] Invoking command in '/home/msurkip/ros2_ws/build/examples_rclcpp_minimal_composition': /usr/bin/cmake --build /home/msurkip/ros2_ws/build/examples_rclcpp_minimal_composition -- -j8 -l8
[1.204s] [ 33%] Built target composition_nodes
[1.238s] [ 55%] Built target composition_subscriber
[1.239s] [ 77%] Built target composition_composed
[1.245s] [100%] Built target composition_publisher
[1.297s] Invoked command in '/home/msurkip/ros2_ws/build/examples_rclcpp_minimal_composition' returned '0': /usr/bin/cmake --build /home/msurkip/ros2_ws/build/examples_rclcpp_minimal_composition -- -j8 -l8
[1.419s] Invoking command in '/home/msurkip/ros2_ws/build/examples_rclcpp_minimal_composition': /usr/bin/cmake --install /home/msurkip/ros2_ws/build/examples_rclcpp_minimal_composition
[1.484s] -- Install configuration: ""
[1.484s] -- Execute custom install script
[1.485s] -- Up-to-date symlink: /home/msurkip/ros2_ws/install/examples_rclcpp_minimal_composition/share/examples_rclcpp_minimal_composition/environment/library_path.sh
[1.486s] -- Up-to-date symlink: /home/msurkip/ros2_ws/install/examples_rclcpp_minimal_composition/share/examples_rclcpp_minimal_composition/environment/library_path.dsv
[1.487s] -- Up-to-date symlink: /home/msurkip/ros2_ws/install/examples_rclcpp_minimal_composition/lib/libcomposition_nodes.so
[1.487s] -- Up-to-date symlink: /home/msurkip/ros2_ws/install/examples_rclcpp_minimal_composition/lib/examples_rclcpp_minimal_composition/composition_publisher
[1.487s] -- Up-to-date symlink: /home/msurkip/ros2_ws/install/examples_rclcpp_minimal_composition/lib/examples_rclcpp_minimal_composition/composition_subscriber
[1.488s] -- Up-to-date symlink: /home/msurkip/ros2_ws/install/examples_rclcpp_minimal_composition/lib/examples_rclcpp_minimal_composition/composition_composed
[1.488s] -- Up-to-date symlink: /home/msurkip/ros2_ws/install/examples_rclcpp_minimal_composition/share/ament_index/resource_index/package_run_dependencies/examples_rclcpp_minimal_composition
[1.488s] -- Up-to-date symlink: /home/msurkip/ros2_ws/install/examples_rclcpp_minimal_composition/share/ament_index/resource_index/parent_prefix_path/examples_rclcpp_minimal_composition
[1.489s] -- Up-to-date symlink: /home/msurkip/ros2_ws/install/examples_rclcpp_minimal_composition/share/examples_rclcpp_minimal_composition/environment/ament_prefix_path.sh
[1.489s] -- Up-to-date symlink: /home/msurkip/ros2_ws/install/examples_rclcpp_minimal_composition/share/examples_rclcpp_minimal_composition/environment/ament_prefix_path.dsv
[1.489s] -- Up-to-date symlink: /home/msurkip/ros2_ws/install/examples_rclcpp_minimal_composition/share/examples_rclcpp_minimal_composition/environment/path.sh
[1.489s] -- Up-to-date symlink: /home/msurkip/ros2_ws/install/examples_rclcpp_minimal_composition/share/examples_rclcpp_minimal_composition/environment/path.dsv
[1.489s] -- Up-to-date symlink: /home/msurkip/ros2_ws/install/examples_rclcpp_minimal_composition/share/examples_rclcpp_minimal_composition/local_setup.bash
[1.490s] -- Up-to-date symlink: /home/msurkip/ros2_ws/install/examples_rclcpp_minimal_composition/share/examples_rclcpp_minimal_composition/local_setup.sh
[1.490s] -- Up-to-date symlink: /home/msurkip/ros2_ws/install/examples_rclcpp_minimal_composition/share/examples_rclcpp_minimal_composition/local_setup.zsh
[1.490s] -- Up-to-date symlink: /home/msurkip/ros2_ws/install/examples_rclcpp_minimal_composition/share/examples_rclcpp_minimal_composition/local_setup.dsv
[1.491s] -- Symlinking: /home/msurkip/ros2_ws/install/examples_rclcpp_minimal_composition/share/examples_rclcpp_minimal_composition/package.dsv
[1.491s] -- Up-to-date symlink: /home/msurkip/ros2_ws/install/examples_rclcpp_minimal_composition/share/ament_index/resource_index/packages/examples_rclcpp_minimal_composition
[1.491s] -- Up-to-date symlink: /home/msurkip/ros2_ws/install/examples_rclcpp_minimal_composition/share/examples_rclcpp_minimal_composition/cmake/examples_rclcpp_minimal_compositionConfig.cmake
[1.491s] -- Up-to-date symlink: /home/msurkip/ros2_ws/install/examples_rclcpp_minimal_composition/share/examples_rclcpp_minimal_composition/cmake/examples_rclcpp_minimal_compositionConfig-version.cmake
[1.492s] -- Up-to-date symlink: /home/msurkip/ros2_ws/install/examples_rclcpp_minimal_composition/share/examples_rclcpp_minimal_composition/package.xml
[2.061s] Invoked command in '/home/msurkip/ros2_ws/build/examples_rclcpp_minimal_composition' returned '0': /usr/bin/cmake --install /home/msurkip/ros2_ws/build/examples_rclcpp_minimal_composition
