[0.979s] Invoking command in '/home/msurkip/ros2_ws/build/examples_rclpy_minimal_action_server': PYTHONPATH=/home/msurkip/ros2_ws/build/examples_rclpy_minimal_action_server/prefix_override:/home/msurkip/ros2_ws/install/examples_rclpy_minimal_action_server/lib/python3.8/site-packages:${PYTHONPATH} /usr/bin/python3 setup.py develop --editable --build-directory /home/msurkip/ros2_ws/build/examples_rclpy_minimal_action_server/build --no-deps install_data
[1.254s] running develop
[1.261s] running egg_info
[1.261s] creating examples_rclpy_minimal_action_server.egg-info
[1.261s] writing examples_rclpy_minimal_action_server.egg-info/PKG-INFO
[1.261s] writing dependency_links to examples_rclpy_minimal_action_server.egg-info/dependency_links.txt
[1.261s] writing entry points to examples_rclpy_minimal_action_server.egg-info/entry_points.txt
[1.262s] writing requirements to examples_rclpy_minimal_action_server.egg-info/requires.txt
[1.262s] writing top-level names to examples_rclpy_minimal_action_server.egg-info/top_level.txt
[1.263s] writing manifest file 'examples_rclpy_minimal_action_server.egg-info/SOURCES.txt'
[1.289s] reading manifest file 'examples_rclpy_minimal_action_server.egg-info/SOURCES.txt'
[1.290s] writing manifest file 'examples_rclpy_minimal_action_server.egg-info/SOURCES.txt'
[1.291s] running build_ext
[1.291s] Creating /home/msurkip/ros2_ws/install/examples_rclpy_minimal_action_server/lib/python3.8/site-packages/site.py
[1.292s] Creating /home/msurkip/ros2_ws/install/examples_rclpy_minimal_action_server/lib/python3.8/site-packages/examples-rclpy-minimal-action-server.egg-link (link to .)
[1.292s] Installing server script to /home/msurkip/ros2_ws/install/examples_rclpy_minimal_action_server/lib/examples_rclpy_minimal_action_server
[1.293s] Installing server_defer script to /home/msurkip/ros2_ws/install/examples_rclpy_minimal_action_server/lib/examples_rclpy_minimal_action_server
[1.296s] Installing server_not_composable script to /home/msurkip/ros2_ws/install/examples_rclpy_minimal_action_server/lib/examples_rclpy_minimal_action_server
[1.297s] Installing server_queue_goals script to /home/msurkip/ros2_ws/install/examples_rclpy_minimal_action_server/lib/examples_rclpy_minimal_action_server
[1.297s] Installing server_single_goal script to /home/msurkip/ros2_ws/install/examples_rclpy_minimal_action_server/lib/examples_rclpy_minimal_action_server
[1.298s] 
[1.298s] Installed /home/msurkip/ros2_ws/build/examples_rclpy_minimal_action_server
[1.298s] running install_data
[1.298s] creating /home/msurkip/ros2_ws/install/examples_rclpy_minimal_action_server/share/ament_index
[1.298s] creating /home/msurkip/ros2_ws/install/examples_rclpy_minimal_action_server/share/ament_index/resource_index
[1.300s] creating /home/msurkip/ros2_ws/install/examples_rclpy_minimal_action_server/share/ament_index/resource_index/packages
[1.300s] copying resource/examples_rclpy_minimal_action_server -> /home/msurkip/ros2_ws/install/examples_rclpy_minimal_action_server/share/ament_index/resource_index/packages
[1.301s] copying package.xml -> /home/msurkip/ros2_ws/install/examples_rclpy_minimal_action_server/share/examples_rclpy_minimal_action_server
[1.345s] Invoked command in '/home/msurkip/ros2_ws/build/examples_rclpy_minimal_action_server' returned '0': PYTHONPATH=/home/msurkip/ros2_ws/build/examples_rclpy_minimal_action_server/prefix_override:/home/msurkip/ros2_ws/install/examples_rclpy_minimal_action_server/lib/python3.8/site-packages:${PYTHONPATH} /usr/bin/python3 setup.py develop --editable --build-directory /home/msurkip/ros2_ws/build/examples_rclpy_minimal_action_server/build --no-deps install_data
