[0.275s] Invoking command in '/home/msurkip/ros2_ws/build/examples_rclcpp_minimal_action_client': /usr/bin/cmake --build /home/msurkip/ros2_ws/build/examples_rclcpp_minimal_action_client -- -j8 -l8
[0.777s] [ 25%] Built target action_client_not_composable_with_feedback
[0.778s] [ 50%] Built target action_client_not_composable
[0.785s] [ 75%] Built target action_client_not_composable_with_cancel
[0.798s] [100%] Built target action_client_member_functions
[0.837s] Invoked command in '/home/msurkip/ros2_ws/build/examples_rclcpp_minimal_action_client' returned '0': /usr/bin/cmake --build /home/msurkip/ros2_ws/build/examples_rclcpp_minimal_action_client -- -j8 -l8
[0.929s] Invoking command in '/home/msurkip/ros2_ws/build/examples_rclcpp_minimal_action_client': /usr/bin/cmake --install /home/msurkip/ros2_ws/build/examples_rclcpp_minimal_action_client
[0.946s] -- Install configuration: ""
[0.949s] -- Execute custom install script
[0.959s] -- Up-to-date symlink: /home/msurkip/ros2_ws/install/examples_rclcpp_minimal_action_client/lib/examples_rclcpp_minimal_action_client/action_client_member_functions
[0.961s] -- Up-to-date symlink: /home/msurkip/ros2_ws/install/examples_rclcpp_minimal_action_client/lib/examples_rclcpp_minimal_action_client/action_client_not_composable
[0.962s] -- Up-to-date symlink: /home/msurkip/ros2_ws/install/examples_rclcpp_minimal_action_client/lib/examples_rclcpp_minimal_action_client/action_client_not_composable_with_cancel
[0.964s] -- Up-to-date symlink: /home/msurkip/ros2_ws/install/examples_rclcpp_minimal_action_client/lib/examples_rclcpp_minimal_action_client/action_client_not_composable_with_feedback
[0.970s] -- Up-to-date symlink: /home/msurkip/ros2_ws/install/examples_rclcpp_minimal_action_client/share/ament_index/resource_index/package_run_dependencies/examples_rclcpp_minimal_action_client
[0.973s] -- Up-to-date symlink: /home/msurkip/ros2_ws/install/examples_rclcpp_minimal_action_client/share/ament_index/resource_index/parent_prefix_path/examples_rclcpp_minimal_action_client
[0.979s] -- Up-to-date symlink: /home/msurkip/ros2_ws/install/examples_rclcpp_minimal_action_client/share/examples_rclcpp_minimal_action_client/environment/ament_prefix_path.sh
[0.980s] -- Up-to-date symlink: /home/msurkip/ros2_ws/install/examples_rclcpp_minimal_action_client/share/examples_rclcpp_minimal_action_client/environment/ament_prefix_path.dsv
[0.981s] -- Up-to-date symlink: /home/msurkip/ros2_ws/install/examples_rclcpp_minimal_action_client/share/examples_rclcpp_minimal_action_client/environment/path.sh
[0.982s] -- Up-to-date symlink: /home/msurkip/ros2_ws/install/examples_rclcpp_minimal_action_client/share/examples_rclcpp_minimal_action_client/environment/path.dsv
[0.984s] -- Up-to-date symlink: /home/msurkip/ros2_ws/install/examples_rclcpp_minimal_action_client/share/examples_rclcpp_minimal_action_client/local_setup.bash
[0.986s] -- Up-to-date symlink: /home/msurkip/ros2_ws/install/examples_rclcpp_minimal_action_client/share/examples_rclcpp_minimal_action_client/local_setup.sh
[0.987s] -- Up-to-date symlink: /home/msurkip/ros2_ws/install/examples_rclcpp_minimal_action_client/share/examples_rclcpp_minimal_action_client/local_setup.zsh
[0.988s] -- Up-to-date symlink: /home/msurkip/ros2_ws/install/examples_rclcpp_minimal_action_client/share/examples_rclcpp_minimal_action_client/local_setup.dsv
[0.989s] -- Symlinking: /home/msurkip/ros2_ws/install/examples_rclcpp_minimal_action_client/share/examples_rclcpp_minimal_action_client/package.dsv
[1.006s] -- Up-to-date symlink: /home/msurkip/ros2_ws/install/examples_rclcpp_minimal_action_client/share/ament_index/resource_index/packages/examples_rclcpp_minimal_action_client
[1.007s] -- Up-to-date symlink: /home/msurkip/ros2_ws/install/examples_rclcpp_minimal_action_client/share/examples_rclcpp_minimal_action_client/cmake/examples_rclcpp_minimal_action_clientConfig.cmake
[1.009s] -- Up-to-date symlink: /home/msurkip/ros2_ws/install/examples_rclcpp_minimal_action_client/share/examples_rclcpp_minimal_action_client/cmake/examples_rclcpp_minimal_action_clientConfig-version.cmake
[1.010s] -- Up-to-date symlink: /home/msurkip/ros2_ws/install/examples_rclcpp_minimal_action_client/share/examples_rclcpp_minimal_action_client/package.xml
[1.159s] Invoked command in '/home/msurkip/ros2_ws/build/examples_rclcpp_minimal_action_client' returned '0': /usr/bin/cmake --install /home/msurkip/ros2_ws/build/examples_rclcpp_minimal_action_client
