[0.150s] Invoking command in '/home/msurkip/ros2_ws/build/examples_rclcpp_minimal_action_server': /usr/bin/cmake /home/msurkip/ros2_ws/src/examples/rclcpp/actions/minimal_action_server -DCMAKE_INSTALL_PREFIX=/home/msurkip/ros2_ws/install/examples_rclcpp_minimal_action_server
[0.225s] -- Found ament_cmake: 0.9.11 (/home/msurkip/ros2_foxy/ros2-linux/share/ament_cmake/cmake)
[0.283s] -- Using PYTHON_EXECUTABLE: /usr/bin/python3
[0.538s] -- Override CMake install command with custom implementation using symlinks instead of copying resources
[0.547s] -- Found example_interfaces: 0.9.1 (/home/msurkip/ros2_foxy/ros2-linux/share/example_interfaces/cmake)
[0.573s] -- Using all available rosidl_typesupport_c: rosidl_typesupport_connext_c;rosidl_typesupport_fastrtps_c;rosidl_typesupport_introspection_c
[0.578s] -- Found rosidl_adapter: 1.3.0 (/home/msurkip/ros2_foxy/ros2-linux/share/rosidl_adapter/cmake)
[0.599s] -- Could not find RTI Connext - skipping rosidl_typesupport_connext_c
[0.612s] -- Could not find RTI Connext - skipping rosidl_typesupport_connext_cpp
[0.757s] -- Using all available rosidl_typesupport_cpp: rosidl_typesupport_connext_cpp;rosidl_typesupport_fastrtps_cpp;rosidl_typesupport_introspection_cpp
[0.969s] -- Found rclcpp: 2.4.2 (/home/msurkip/ros2_foxy/ros2-linux/share/rclcpp/cmake)
[1.037s] -- Found rmw_implementation_cmake: 1.0.3 (/home/msurkip/ros2_foxy/ros2-linux/share/rmw_implementation_cmake/cmake)
[1.039s] -- Using RMW implementation 'rmw_fastrtps_cpp' as default
[1.157s] -- Found rclcpp_action: 2.4.2 (/home/msurkip/ros2_foxy/ros2-linux/share/rclcpp_action/cmake)
[1.198s] -- Found ament_lint_auto: 0.9.7 (/home/msurkip/ros2_foxy/ros2-linux/share/ament_lint_auto/cmake)
[1.270s] -- Added test 'copyright' to check source files copyright and LICENSE
[1.270s] -- Added test 'cppcheck' to perform static code analysis on C / C++ code
[1.270s] -- Configured cppcheck include dirs: 
[1.271s] -- Configured cppcheck exclude dirs and/or files: 
[1.271s] -- Added test 'cpplint' to check C / C++ code against the Google style
[1.271s] -- Configured cpplint exclude dirs and/or files: 
[1.271s] -- Added test 'lint_cmake' to check CMake code style
[1.271s] -- Added test 'uncrustify' to check C / C++ code style
[1.271s] -- Configured uncrustify additional arguments: 
[1.272s] -- Added test 'xmllint' to check XML markup files
[1.275s] -- Configuring done
[1.292s] -- Generating done
[1.295s] -- Build files have been written to: /home/msurkip/ros2_ws/build/examples_rclcpp_minimal_action_server
[1.342s] Invoked command in '/home/msurkip/ros2_ws/build/examples_rclcpp_minimal_action_server' returned '0': /usr/bin/cmake /home/msurkip/ros2_ws/src/examples/rclcpp/actions/minimal_action_server -DCMAKE_INSTALL_PREFIX=/home/msurkip/ros2_ws/install/examples_rclcpp_minimal_action_server
[1.345s] Invoking command in '/home/msurkip/ros2_ws/build/examples_rclcpp_minimal_action_server': /usr/bin/cmake --build /home/msurkip/ros2_ws/build/examples_rclcpp_minimal_action_server -- -j8 -l8
[1.429s] [ 50%] Built target action_server_member_functions
[1.447s] [100%] Built target action_server_not_composable
[2.056s] Invoked command in '/home/msurkip/ros2_ws/build/examples_rclcpp_minimal_action_server' returned '0': /usr/bin/cmake --build /home/msurkip/ros2_ws/build/examples_rclcpp_minimal_action_server -- -j8 -l8
[2.562s] Invoking command in '/home/msurkip/ros2_ws/build/examples_rclcpp_minimal_action_server': /usr/bin/cmake --install /home/msurkip/ros2_ws/build/examples_rclcpp_minimal_action_server
[2.579s] -- Install configuration: ""
[2.579s] -- Execute custom install script
[2.581s] -- Up-to-date symlink: /home/msurkip/ros2_ws/install/examples_rclcpp_minimal_action_server/lib/examples_rclcpp_minimal_action_server/action_server_not_composable
[2.582s] -- Up-to-date symlink: /home/msurkip/ros2_ws/install/examples_rclcpp_minimal_action_server/lib/examples_rclcpp_minimal_action_server/action_server_member_functions
[2.586s] -- Up-to-date symlink: /home/msurkip/ros2_ws/install/examples_rclcpp_minimal_action_server/share/ament_index/resource_index/package_run_dependencies/examples_rclcpp_minimal_action_server
[2.586s] -- Up-to-date symlink: /home/msurkip/ros2_ws/install/examples_rclcpp_minimal_action_server/share/ament_index/resource_index/parent_prefix_path/examples_rclcpp_minimal_action_server
[2.587s] -- Up-to-date symlink: /home/msurkip/ros2_ws/install/examples_rclcpp_minimal_action_server/share/examples_rclcpp_minimal_action_server/environment/ament_prefix_path.sh
[2.587s] -- Up-to-date symlink: /home/msurkip/ros2_ws/install/examples_rclcpp_minimal_action_server/share/examples_rclcpp_minimal_action_server/environment/ament_prefix_path.dsv
[2.588s] -- Up-to-date symlink: /home/msurkip/ros2_ws/install/examples_rclcpp_minimal_action_server/share/examples_rclcpp_minimal_action_server/environment/path.sh
[2.589s] -- Up-to-date symlink: /home/msurkip/ros2_ws/install/examples_rclcpp_minimal_action_server/share/examples_rclcpp_minimal_action_server/environment/path.dsv
[2.594s] -- Up-to-date symlink: /home/msurkip/ros2_ws/install/examples_rclcpp_minimal_action_server/share/examples_rclcpp_minimal_action_server/local_setup.bash
[2.594s] -- Up-to-date symlink: /home/msurkip/ros2_ws/install/examples_rclcpp_minimal_action_server/share/examples_rclcpp_minimal_action_server/local_setup.sh
[2.594s] -- Up-to-date symlink: /home/msurkip/ros2_ws/install/examples_rclcpp_minimal_action_server/share/examples_rclcpp_minimal_action_server/local_setup.zsh
[2.595s] -- Up-to-date symlink: /home/msurkip/ros2_ws/install/examples_rclcpp_minimal_action_server/share/examples_rclcpp_minimal_action_server/local_setup.dsv
[2.596s] -- Symlinking: /home/msurkip/ros2_ws/install/examples_rclcpp_minimal_action_server/share/examples_rclcpp_minimal_action_server/package.dsv
[2.689s] -- Up-to-date symlink: /home/msurkip/ros2_ws/install/examples_rclcpp_minimal_action_server/share/ament_index/resource_index/packages/examples_rclcpp_minimal_action_server
[2.690s] -- Up-to-date symlink: /home/msurkip/ros2_ws/install/examples_rclcpp_minimal_action_server/share/examples_rclcpp_minimal_action_server/cmake/examples_rclcpp_minimal_action_serverConfig.cmake
[2.691s] -- Up-to-date symlink: /home/msurkip/ros2_ws/install/examples_rclcpp_minimal_action_server/share/examples_rclcpp_minimal_action_server/cmake/examples_rclcpp_minimal_action_serverConfig-version.cmake
[2.692s] -- Up-to-date symlink: /home/msurkip/ros2_ws/install/examples_rclcpp_minimal_action_server/share/examples_rclcpp_minimal_action_server/package.xml
[3.097s] Invoked command in '/home/msurkip/ros2_ws/build/examples_rclcpp_minimal_action_server' returned '0': /usr/bin/cmake --install /home/msurkip/ros2_ws/build/examples_rclcpp_minimal_action_server
