[0.123s] Invoking command in '/home/msurkip/ros2_ws/build/examples_rclcpp_minimal_timer': /usr/bin/cmake /home/msurkip/ros2_ws/src/examples/rclcpp/timers/minimal_timer -DCMAKE_INSTALL_PREFIX=/home/msurkip/ros2_ws/install/examples_rclcpp_minimal_timer
[0.907s] -- Found ament_cmake: 0.9.11 (/home/msurkip/ros2_foxy/ros2-linux/share/ament_cmake/cmake)
[0.907s] -- Using PYTHON_EXECUTABLE: /usr/bin/python3
[0.908s] -- Override CMake install command with custom implementation using symlinks instead of copying resources
[0.908s] -- Found rclcpp: 2.4.2 (/home/msurkip/ros2_foxy/ros2-linux/share/rclcpp/cmake)
[0.908s] -- Using all available rosidl_typesupport_c: rosidl_typesupport_connext_c;rosidl_typesupport_fastrtps_c;rosidl_typesupport_introspection_c
[0.908s] -- Found rosidl_adapter: 1.3.0 (/home/msurkip/ros2_foxy/ros2-linux/share/rosidl_adapter/cmake)
[0.908s] -- Could not find RTI Connext - skipping rosidl_typesupport_connext_c
[0.909s] -- Could not find RTI Connext - skipping rosidl_typesupport_connext_cpp
[0.909s] -- Using all available rosidl_typesupport_cpp: rosidl_typesupport_connext_cpp;rosidl_typesupport_fastrtps_cpp;rosidl_typesupport_introspection_cpp
[0.909s] -- Found rmw_implementation_cmake: 1.0.3 (/home/msurkip/ros2_foxy/ros2-linux/share/rmw_implementation_cmake/cmake)
[0.909s] -- Using RMW implementation 'rmw_fastrtps_cpp' as default
[0.909s] -- Found ament_lint_auto: 0.9.7 (/home/msurkip/ros2_foxy/ros2-linux/share/ament_lint_auto/cmake)
[0.909s] -- Added test 'copyright' to check source files copyright and LICENSE
[0.909s] -- Added test 'cppcheck' to perform static code analysis on C / C++ code
[0.910s] -- Configured cppcheck include dirs: 
[0.910s] -- Configured cppcheck exclude dirs and/or files: 
[0.910s] -- Added test 'cpplint' to check C / C++ code against the Google style
[0.910s] -- Configured cpplint exclude dirs and/or files: 
[0.910s] -- Added test 'lint_cmake' to check CMake code style
[0.910s] -- Added test 'uncrustify' to check C / C++ code style
[0.911s] -- Configured uncrustify additional arguments: 
[0.911s] -- Added test 'xmllint' to check XML markup files
[0.911s] -- Configuring done
[0.911s] -- Generating done
[0.911s] -- Build files have been written to: /home/msurkip/ros2_ws/build/examples_rclcpp_minimal_timer
[0.917s] Invoked command in '/home/msurkip/ros2_ws/build/examples_rclcpp_minimal_timer' returned '0': /usr/bin/cmake /home/msurkip/ros2_ws/src/examples/rclcpp/timers/minimal_timer -DCMAKE_INSTALL_PREFIX=/home/msurkip/ros2_ws/install/examples_rclcpp_minimal_timer
[0.921s] Invoking command in '/home/msurkip/ros2_ws/build/examples_rclcpp_minimal_timer': /usr/bin/cmake --build /home/msurkip/ros2_ws/build/examples_rclcpp_minimal_timer -- -j8 -l8
[1.032s] [ 50%] Built target timer_member_function
[1.032s] [100%] Built target timer_lambda
[1.041s] Invoked command in '/home/msurkip/ros2_ws/build/examples_rclcpp_minimal_timer' returned '0': /usr/bin/cmake --build /home/msurkip/ros2_ws/build/examples_rclcpp_minimal_timer -- -j8 -l8
[1.100s] Invoking command in '/home/msurkip/ros2_ws/build/examples_rclcpp_minimal_timer': /usr/bin/cmake --install /home/msurkip/ros2_ws/build/examples_rclcpp_minimal_timer
[1.109s] -- Install configuration: ""
[1.109s] -- Execute custom install script
[1.111s] -- Up-to-date symlink: /home/msurkip/ros2_ws/install/examples_rclcpp_minimal_timer/lib/examples_rclcpp_minimal_timer/timer_lambda
[1.111s] -- Up-to-date symlink: /home/msurkip/ros2_ws/install/examples_rclcpp_minimal_timer/lib/examples_rclcpp_minimal_timer/timer_member_function
[1.112s] -- Up-to-date symlink: /home/msurkip/ros2_ws/install/examples_rclcpp_minimal_timer/share/ament_index/resource_index/package_run_dependencies/examples_rclcpp_minimal_timer
[1.112s] -- Up-to-date symlink: /home/msurkip/ros2_ws/install/examples_rclcpp_minimal_timer/share/ament_index/resource_index/parent_prefix_path/examples_rclcpp_minimal_timer
[1.113s] -- Up-to-date symlink: /home/msurkip/ros2_ws/install/examples_rclcpp_minimal_timer/share/examples_rclcpp_minimal_timer/environment/ament_prefix_path.sh
[1.113s] -- Up-to-date symlink: /home/msurkip/ros2_ws/install/examples_rclcpp_minimal_timer/share/examples_rclcpp_minimal_timer/environment/ament_prefix_path.dsv
[1.116s] -- Up-to-date symlink: /home/msurkip/ros2_ws/install/examples_rclcpp_minimal_timer/share/examples_rclcpp_minimal_timer/environment/path.sh
[1.117s] -- Up-to-date symlink: /home/msurkip/ros2_ws/install/examples_rclcpp_minimal_timer/share/examples_rclcpp_minimal_timer/environment/path.dsv
[1.117s] -- Up-to-date symlink: /home/msurkip/ros2_ws/install/examples_rclcpp_minimal_timer/share/examples_rclcpp_minimal_timer/local_setup.bash
[1.117s] -- Up-to-date symlink: /home/msurkip/ros2_ws/install/examples_rclcpp_minimal_timer/share/examples_rclcpp_minimal_timer/local_setup.sh
[1.118s] -- Up-to-date symlink: /home/msurkip/ros2_ws/install/examples_rclcpp_minimal_timer/share/examples_rclcpp_minimal_timer/local_setup.zsh
[1.120s] -- Up-to-date symlink: /home/msurkip/ros2_ws/install/examples_rclcpp_minimal_timer/share/examples_rclcpp_minimal_timer/local_setup.dsv
[1.120s] -- Symlinking: /home/msurkip/ros2_ws/install/examples_rclcpp_minimal_timer/share/examples_rclcpp_minimal_timer/package.dsv
[1.130s] -- Up-to-date symlink: /home/msurkip/ros2_ws/install/examples_rclcpp_minimal_timer/share/ament_index/resource_index/packages/examples_rclcpp_minimal_timer
[1.130s] -- Up-to-date symlink: /home/msurkip/ros2_ws/install/examples_rclcpp_minimal_timer/share/examples_rclcpp_minimal_timer/cmake/examples_rclcpp_minimal_timerConfig.cmake
[1.130s] -- Up-to-date symlink: /home/msurkip/ros2_ws/install/examples_rclcpp_minimal_timer/share/examples_rclcpp_minimal_timer/cmake/examples_rclcpp_minimal_timerConfig-version.cmake
[1.131s] -- Up-to-date symlink: /home/msurkip/ros2_ws/install/examples_rclcpp_minimal_timer/share/examples_rclcpp_minimal_timer/package.xml
[1.133s] Invoked command in '/home/msurkip/ros2_ws/build/examples_rclcpp_minimal_timer' returned '0': /usr/bin/cmake --install /home/msurkip/ros2_ws/build/examples_rclcpp_minimal_timer
