[1.091s] Invoking command in '/home/msurkip/ros2_ws/build/examples_rclpy_minimal_publisher': PYTHONPATH=/home/msurkip/ros2_ws/build/examples_rclpy_minimal_publisher/prefix_override:/home/msurkip/ros2_ws/install/examples_rclpy_minimal_publisher/lib/python3.8/site-packages:${PYTHONPATH} /usr/bin/python3 setup.py develop --editable --build-directory /home/msurkip/ros2_ws/build/examples_rclpy_minimal_publisher/build --no-deps install_data
[1.298s] running develop
[1.421s] running egg_info
[1.422s] creating examples_rclpy_minimal_publisher.egg-info
[1.422s] writing examples_rclpy_minimal_publisher.egg-info/PKG-INFO
[1.422s] writing dependency_links to examples_rclpy_minimal_publisher.egg-info/dependency_links.txt
[1.422s] writing entry points to examples_rclpy_minimal_publisher.egg-info/entry_points.txt
[1.422s] writing requirements to examples_rclpy_minimal_publisher.egg-info/requires.txt
[1.422s] writing top-level names to examples_rclpy_minimal_publisher.egg-info/top_level.txt
[1.423s] writing manifest file 'examples_rclpy_minimal_publisher.egg-info/SOURCES.txt'
[1.466s] reading manifest file 'examples_rclpy_minimal_publisher.egg-info/SOURCES.txt'
[1.467s] writing manifest file 'examples_rclpy_minimal_publisher.egg-info/SOURCES.txt'
[1.469s] running build_ext
[1.469s] Creating /home/msurkip/ros2_ws/install/examples_rclpy_minimal_publisher/lib/python3.8/site-packages/site.py
[1.472s] Creating /home/msurkip/ros2_ws/install/examples_rclpy_minimal_publisher/lib/python3.8/site-packages/examples-rclpy-minimal-publisher.egg-link (link to .)
[1.473s] Installing publisher_local_function script to /home/msurkip/ros2_ws/install/examples_rclpy_minimal_publisher/lib/examples_rclpy_minimal_publisher
[1.473s] Installing publisher_member_function script to /home/msurkip/ros2_ws/install/examples_rclpy_minimal_publisher/lib/examples_rclpy_minimal_publisher
[1.473s] Installing publisher_old_school script to /home/msurkip/ros2_ws/install/examples_rclpy_minimal_publisher/lib/examples_rclpy_minimal_publisher
[1.474s] 
[1.474s] Installed /home/msurkip/ros2_ws/build/examples_rclpy_minimal_publisher
[1.474s] running install_data
[1.474s] creating /home/msurkip/ros2_ws/install/examples_rclpy_minimal_publisher/share/ament_index
[1.474s] creating /home/msurkip/ros2_ws/install/examples_rclpy_minimal_publisher/share/ament_index/resource_index
[1.474s] creating /home/msurkip/ros2_ws/install/examples_rclpy_minimal_publisher/share/ament_index/resource_index/packages
[1.474s] copying resource/examples_rclpy_minimal_publisher -> /home/msurkip/ros2_ws/install/examples_rclpy_minimal_publisher/share/ament_index/resource_index/packages
[1.474s] copying package.xml -> /home/msurkip/ros2_ws/install/examples_rclpy_minimal_publisher/share/examples_rclpy_minimal_publisher
[1.498s] Invoked command in '/home/msurkip/ros2_ws/build/examples_rclpy_minimal_publisher' returned '0': PYTHONPATH=/home/msurkip/ros2_ws/build/examples_rclpy_minimal_publisher/prefix_override:/home/msurkip/ros2_ws/install/examples_rclpy_minimal_publisher/lib/python3.8/site-packages:${PYTHONPATH} /usr/bin/python3 setup.py develop --editable --build-directory /home/msurkip/ros2_ws/build/examples_rclpy_minimal_publisher/build --no-deps install_data
