[1.936s] Invoking command in '/home/msurkip/ros2_ws/build/examples_rclpy_minimal_service': PYTHONPATH=/home/msurkip/ros2_ws/build/examples_rclpy_minimal_service/prefix_override:/home/msurkip/ros2_ws/install/examples_rclpy_minimal_service/lib/python3.8/site-packages:${PYTHONPATH} /usr/bin/python3 setup.py develop --uninstall --editable --build-directory /home/msurkip/ros2_ws/build/examples_rclpy_minimal_service/build
[2.132s] running develop
[2.309s] Invoked command in '/home/msurkip/ros2_ws/build/examples_rclpy_minimal_service' returned '0': PYTHONPATH=/home/msurkip/ros2_ws/build/examples_rclpy_minimal_service/prefix_override:/home/msurkip/ros2_ws/install/examples_rclpy_minimal_service/lib/python3.8/site-packages:${PYTHONPATH} /usr/bin/python3 setup.py develop --uninstall --editable --build-directory /home/msurkip/ros2_ws/build/examples_rclpy_minimal_service/build
[2.311s] Invoking command in '/home/msurkip/ros2_ws/src/examples/rclpy/services/minimal_service': PYTHONPATH=/home/msurkip/ros2_ws/build/examples_rclpy_minimal_service/prefix_override:/home/msurkip/ros2_ws/install/examples_rclpy_minimal_service/lib/python3.8/site-packages:${PYTHONPATH} /usr/bin/python3 setup.py egg_info --egg-base ../../../../../build/examples_rclpy_minimal_service build --build-base /home/msurkip/ros2_ws/build/examples_rclpy_minimal_service/build install --record /home/msurkip/ros2_ws/build/examples_rclpy_minimal_service/install.log --install-scripts $base/lib/examples_rclpy_minimal_service --single-version-externally-managed
[2.569s] running egg_info
[2.569s] writing ../../../../../build/examples_rclpy_minimal_service/examples_rclpy_minimal_service.egg-info/PKG-INFO
[2.569s] writing dependency_links to ../../../../../build/examples_rclpy_minimal_service/examples_rclpy_minimal_service.egg-info/dependency_links.txt
[2.569s] writing entry points to ../../../../../build/examples_rclpy_minimal_service/examples_rclpy_minimal_service.egg-info/entry_points.txt
[2.569s] writing requirements to ../../../../../build/examples_rclpy_minimal_service/examples_rclpy_minimal_service.egg-info/requires.txt
[2.569s] writing top-level names to ../../../../../build/examples_rclpy_minimal_service/examples_rclpy_minimal_service.egg-info/top_level.txt
[2.569s] reading manifest file '../../../../../build/examples_rclpy_minimal_service/examples_rclpy_minimal_service.egg-info/SOURCES.txt'
[2.569s] writing manifest file '../../../../../build/examples_rclpy_minimal_service/examples_rclpy_minimal_service.egg-info/SOURCES.txt'
[2.569s] running build
[2.569s] running build_py
[2.569s] running install
[2.569s] running install_lib
[2.570s] running install_data
[2.570s] running install_egg_info
[2.570s] removing '/home/msurkip/ros2_ws/install/examples_rclpy_minimal_service/lib/python3.8/site-packages/examples_rclpy_minimal_service-0.9.4-py3.8.egg-info' (and everything under it)
[2.570s] Copying ../../../../../build/examples_rclpy_minimal_service/examples_rclpy_minimal_service.egg-info to /home/msurkip/ros2_ws/install/examples_rclpy_minimal_service/lib/python3.8/site-packages/examples_rclpy_minimal_service-0.9.4-py3.8.egg-info
[2.570s] running install_scripts
[2.574s] Installing service script to /home/msurkip/ros2_ws/install/examples_rclpy_minimal_service/lib/examples_rclpy_minimal_service
[2.574s] Installing service_member_function script to /home/msurkip/ros2_ws/install/examples_rclpy_minimal_service/lib/examples_rclpy_minimal_service
[2.574s] writing list of installed files to '/home/msurkip/ros2_ws/build/examples_rclpy_minimal_service/install.log'
[2.635s] Invoked command in '/home/msurkip/ros2_ws/src/examples/rclpy/services/minimal_service' returned '0': PYTHONPATH=/home/msurkip/ros2_ws/build/examples_rclpy_minimal_service/prefix_override:/home/msurkip/ros2_ws/install/examples_rclpy_minimal_service/lib/python3.8/site-packages:${PYTHONPATH} /usr/bin/python3 setup.py egg_info --egg-base ../../../../../build/examples_rclpy_minimal_service build --build-base /home/msurkip/ros2_ws/build/examples_rclpy_minimal_service/build install --record /home/msurkip/ros2_ws/build/examples_rclpy_minimal_service/install.log --install-scripts $base/lib/examples_rclpy_minimal_service --single-version-externally-managed
