[0.080s] Invoking command in '/home/msurkip/ros2_ws/build/examples_rclcpp_minimal_action_client': /usr/bin/cmake --build /home/msurkip/ros2_ws/build/examples_rclcpp_minimal_action_client -- -j8 -l8
[0.349s] [ 25%] Built target action_client_not_composable_with_cancel
[0.358s] [ 50%] Built target action_client_not_composable_with_feedback
[0.365s] [ 75%] Built target action_client_member_functions
[0.372s] [100%] Built target action_client_not_composable
[0.391s] Invoked command in '/home/msurkip/ros2_ws/build/examples_rclcpp_minimal_action_client' returned '0': /usr/bin/cmake --build /home/msurkip/ros2_ws/build/examples_rclcpp_minimal_action_client -- -j8 -l8
[0.442s] Invoking command in '/home/msurkip/ros2_ws/build/examples_rclcpp_minimal_action_client': /usr/bin/cmake --install /home/msurkip/ros2_ws/build/examples_rclcpp_minimal_action_client
[0.464s] -- Install configuration: ""
[0.464s] -- Execute custom install script
[0.465s] -- Up-to-date symlink: /home/msurkip/ros2_ws/install/examples_rclcpp_minimal_action_client/lib/examples_rclcpp_minimal_action_client/action_client_member_functions
[0.465s] -- Up-to-date symlink: /home/msurkip/ros2_ws/install/examples_rclcpp_minimal_action_client/lib/examples_rclcpp_minimal_action_client/action_client_not_composable
[0.465s] -- Up-to-date symlink: /home/msurkip/ros2_ws/install/examples_rclcpp_minimal_action_client/lib/examples_rclcpp_minimal_action_client/action_client_not_composable_with_cancel
[0.465s] -- Up-to-date symlink: /home/msurkip/ros2_ws/install/examples_rclcpp_minimal_action_client/lib/examples_rclcpp_minimal_action_client/action_client_not_composable_with_feedback
[0.465s] -- Up-to-date symlink: /home/msurkip/ros2_ws/install/examples_rclcpp_minimal_action_client/share/ament_index/resource_index/package_run_dependencies/examples_rclcpp_minimal_action_client
[0.465s] -- Up-to-date symlink: /home/msurkip/ros2_ws/install/examples_rclcpp_minimal_action_client/share/ament_index/resource_index/parent_prefix_path/examples_rclcpp_minimal_action_client
[0.465s] -- Up-to-date symlink: /home/msurkip/ros2_ws/install/examples_rclcpp_minimal_action_client/share/examples_rclcpp_minimal_action_client/environment/ament_prefix_path.sh
[0.465s] -- Up-to-date symlink: /home/msurkip/ros2_ws/install/examples_rclcpp_minimal_action_client/share/examples_rclcpp_minimal_action_client/environment/ament_prefix_path.dsv
[0.465s] -- Up-to-date symlink: /home/msurkip/ros2_ws/install/examples_rclcpp_minimal_action_client/share/examples_rclcpp_minimal_action_client/environment/path.sh
[0.465s] -- Up-to-date symlink: /home/msurkip/ros2_ws/install/examples_rclcpp_minimal_action_client/share/examples_rclcpp_minimal_action_client/environment/path.dsv
[0.465s] -- Up-to-date symlink: /home/msurkip/ros2_ws/install/examples_rclcpp_minimal_action_client/share/examples_rclcpp_minimal_action_client/local_setup.bash
[0.465s] -- Up-to-date symlink: /home/msurkip/ros2_ws/install/examples_rclcpp_minimal_action_client/share/examples_rclcpp_minimal_action_client/local_setup.sh
[0.466s] -- Up-to-date symlink: /home/msurkip/ros2_ws/install/examples_rclcpp_minimal_action_client/share/examples_rclcpp_minimal_action_client/local_setup.zsh
[0.466s] -- Up-to-date symlink: /home/msurkip/ros2_ws/install/examples_rclcpp_minimal_action_client/share/examples_rclcpp_minimal_action_client/local_setup.dsv
[0.466s] -- Symlinking: /home/msurkip/ros2_ws/install/examples_rclcpp_minimal_action_client/share/examples_rclcpp_minimal_action_client/package.dsv
[0.466s] -- Up-to-date symlink: /home/msurkip/ros2_ws/install/examples_rclcpp_minimal_action_client/share/ament_index/resource_index/packages/examples_rclcpp_minimal_action_client
[0.466s] -- Up-to-date symlink: /home/msurkip/ros2_ws/install/examples_rclcpp_minimal_action_client/share/examples_rclcpp_minimal_action_client/cmake/examples_rclcpp_minimal_action_clientConfig.cmake
[0.467s] -- Up-to-date symlink: /home/msurkip/ros2_ws/install/examples_rclcpp_minimal_action_client/share/examples_rclcpp_minimal_action_client/cmake/examples_rclcpp_minimal_action_clientConfig-version.cmake
[0.467s] -- Up-to-date symlink: /home/msurkip/ros2_ws/install/examples_rclcpp_minimal_action_client/share/examples_rclcpp_minimal_action_client/package.xml
[0.489s] Invoked command in '/home/msurkip/ros2_ws/build/examples_rclcpp_minimal_action_client' returned '0': /usr/bin/cmake --install /home/msurkip/ros2_ws/build/examples_rclcpp_minimal_action_client
