[0.214s] Invoking command in '/home/msurkip/ros2_ws/build/examples_rclcpp_minimal_client': /usr/bin/cmake --build /home/msurkip/ros2_ws/build/examples_rclcpp_minimal_client -- -j8 -l8
[0.678s] [100%] Built target client_main
[0.700s] Invoked command in '/home/msurkip/ros2_ws/build/examples_rclcpp_minimal_client' returned '0': /usr/bin/cmake --build /home/msurkip/ros2_ws/build/examples_rclcpp_minimal_client -- -j8 -l8
[0.788s] Invoking command in '/home/msurkip/ros2_ws/build/examples_rclcpp_minimal_client': /usr/bin/cmake --install /home/msurkip/ros2_ws/build/examples_rclcpp_minimal_client
[0.802s] -- Install configuration: ""
[0.806s] -- Execute custom install script
[0.811s] -- Up-to-date symlink: /home/msurkip/ros2_ws/install/examples_rclcpp_minimal_client/lib/examples_rclcpp_minimal_client/client_main
[0.819s] -- Up-to-date symlink: /home/msurkip/ros2_ws/install/examples_rclcpp_minimal_client/share/ament_index/resource_index/package_run_dependencies/examples_rclcpp_minimal_client
[0.820s] -- Up-to-date symlink: /home/msurkip/ros2_ws/install/examples_rclcpp_minimal_client/share/ament_index/resource_index/parent_prefix_path/examples_rclcpp_minimal_client
[0.825s] -- Up-to-date symlink: /home/msurkip/ros2_ws/install/examples_rclcpp_minimal_client/share/examples_rclcpp_minimal_client/environment/ament_prefix_path.sh
[0.831s] -- Up-to-date symlink: /home/msurkip/ros2_ws/install/examples_rclcpp_minimal_client/share/examples_rclcpp_minimal_client/environment/ament_prefix_path.dsv
[0.831s] -- Up-to-date symlink: /home/msurkip/ros2_ws/install/examples_rclcpp_minimal_client/share/examples_rclcpp_minimal_client/environment/path.sh
[0.832s] -- Up-to-date symlink: /home/msurkip/ros2_ws/install/examples_rclcpp_minimal_client/share/examples_rclcpp_minimal_client/environment/path.dsv
[0.837s] -- Up-to-date symlink: /home/msurkip/ros2_ws/install/examples_rclcpp_minimal_client/share/examples_rclcpp_minimal_client/local_setup.bash
[0.844s] -- Up-to-date symlink: /home/msurkip/ros2_ws/install/examples_rclcpp_minimal_client/share/examples_rclcpp_minimal_client/local_setup.sh
[0.846s] -- Up-to-date symlink: /home/msurkip/ros2_ws/install/examples_rclcpp_minimal_client/share/examples_rclcpp_minimal_client/local_setup.zsh
[0.846s] -- Up-to-date symlink: /home/msurkip/ros2_ws/install/examples_rclcpp_minimal_client/share/examples_rclcpp_minimal_client/local_setup.dsv
[0.846s] -- Symlinking: /home/msurkip/ros2_ws/install/examples_rclcpp_minimal_client/share/examples_rclcpp_minimal_client/package.dsv
[0.863s] -- Up-to-date symlink: /home/msurkip/ros2_ws/install/examples_rclcpp_minimal_client/share/ament_index/resource_index/packages/examples_rclcpp_minimal_client
[0.869s] -- Up-to-date symlink: /home/msurkip/ros2_ws/install/examples_rclcpp_minimal_client/share/examples_rclcpp_minimal_client/cmake/examples_rclcpp_minimal_clientConfig.cmake
[0.869s] -- Up-to-date symlink: /home/msurkip/ros2_ws/install/examples_rclcpp_minimal_client/share/examples_rclcpp_minimal_client/cmake/examples_rclcpp_minimal_clientConfig-version.cmake
[0.872s] -- Up-to-date symlink: /home/msurkip/ros2_ws/install/examples_rclcpp_minimal_client/share/examples_rclcpp_minimal_client/package.xml
[1.012s] Invoked command in '/home/msurkip/ros2_ws/build/examples_rclcpp_minimal_client' returned '0': /usr/bin/cmake --install /home/msurkip/ros2_ws/build/examples_rclcpp_minimal_client
