[0.121s] Invoking command in '/home/msurkip/ros2_ws/build/examples_rclcpp_minimal_publisher': /usr/bin/cmake /home/msurkip/ros2_ws/src/examples/rclcpp/topics/minimal_publisher -DCMAKE_INSTALL_PREFIX=/home/msurkip/ros2_ws/install/examples_rclcpp_minimal_publisher
[0.162s] -- Found ament_cmake: 0.9.11 (/home/msurkip/ros2_foxy/ros2-linux/share/ament_cmake/cmake)
[0.220s] -- Using PYTHON_EXECUTABLE: /usr/bin/python3
[0.487s] -- Override CMake install command with custom implementation using symlinks instead of copying resources
[0.492s] -- Found rclcpp: 2.4.2 (/home/msurkip/ros2_foxy/ros2-linux/share/rclcpp/cmake)
[0.514s] -- Using all available rosidl_typesupport_c: rosidl_typesupport_connext_c;rosidl_typesupport_fastrtps_c;rosidl_typesupport_introspection_c
[0.516s] -- Found rosidl_adapter: 1.3.0 (/home/msurkip/ros2_foxy/ros2-linux/share/rosidl_adapter/cmake)
[0.530s] -- Could not find RTI Connext - skipping rosidl_typesupport_connext_c
[0.539s] -- Could not find RTI Connext - skipping rosidl_typesupport_connext_cpp
[0.657s] -- Using all available rosidl_typesupport_cpp: rosidl_typesupport_connext_cpp;rosidl_typesupport_fastrtps_cpp;rosidl_typesupport_introspection_cpp
[0.725s] -- Found rmw_implementation_cmake: 1.0.3 (/home/msurkip/ros2_foxy/ros2-linux/share/rmw_implementation_cmake/cmake)
[0.727s] -- Using RMW implementation 'rmw_fastrtps_cpp' as default
[0.824s] -- Found std_msgs: 2.0.5 (/home/msurkip/ros2_foxy/ros2-linux/share/std_msgs/cmake)
[0.845s] -- Found ament_lint_auto: 0.9.7 (/home/msurkip/ros2_foxy/ros2-linux/share/ament_lint_auto/cmake)
[0.905s] -- Added test 'copyright' to check source files copyright and LICENSE
[0.906s] -- Added test 'cppcheck' to perform static code analysis on C / C++ code
[0.906s] -- Configured cppcheck include dirs: 
[0.906s] -- Configured cppcheck exclude dirs and/or files: 
[0.907s] -- Added test 'cpplint' to check C / C++ code against the Google style
[0.907s] -- Configured cpplint exclude dirs and/or files: 
[0.907s] -- Added test 'lint_cmake' to check CMake code style
[0.908s] -- Added test 'uncrustify' to check C / C++ code style
[0.908s] -- Configured uncrustify additional arguments: 
[0.908s] -- Added test 'xmllint' to check XML markup files
[0.912s] -- Configuring done
[0.936s] -- Generating done
[0.937s] -- Build files have been written to: /home/msurkip/ros2_ws/build/examples_rclcpp_minimal_publisher
[0.946s] Invoked command in '/home/msurkip/ros2_ws/build/examples_rclcpp_minimal_publisher' returned '0': /usr/bin/cmake /home/msurkip/ros2_ws/src/examples/rclcpp/topics/minimal_publisher -DCMAKE_INSTALL_PREFIX=/home/msurkip/ros2_ws/install/examples_rclcpp_minimal_publisher
[0.948s] Invoking command in '/home/msurkip/ros2_ws/build/examples_rclcpp_minimal_publisher': /usr/bin/cmake --build /home/msurkip/ros2_ws/build/examples_rclcpp_minimal_publisher -- -j8 -l8
[1.064s] [ 33%] Built target publisher_not_composable
[1.064s] [ 66%] Built target publisher_lambda
[1.069s] [100%] Built target publisher_member_function
[1.091s] Invoked command in '/home/msurkip/ros2_ws/build/examples_rclcpp_minimal_publisher' returned '0': /usr/bin/cmake --build /home/msurkip/ros2_ws/build/examples_rclcpp_minimal_publisher -- -j8 -l8
[1.157s] Invoking command in '/home/msurkip/ros2_ws/build/examples_rclcpp_minimal_publisher': /usr/bin/cmake --install /home/msurkip/ros2_ws/build/examples_rclcpp_minimal_publisher
[1.170s] -- Install configuration: ""
[1.170s] -- Execute custom install script
[1.171s] -- Up-to-date symlink: /home/msurkip/ros2_ws/install/examples_rclcpp_minimal_publisher/lib/examples_rclcpp_minimal_publisher/publisher_lambda
[1.171s] -- Up-to-date symlink: /home/msurkip/ros2_ws/install/examples_rclcpp_minimal_publisher/lib/examples_rclcpp_minimal_publisher/publisher_member_function
[1.172s] -- Up-to-date symlink: /home/msurkip/ros2_ws/install/examples_rclcpp_minimal_publisher/lib/examples_rclcpp_minimal_publisher/publisher_not_composable
[1.173s] -- Up-to-date symlink: /home/msurkip/ros2_ws/install/examples_rclcpp_minimal_publisher/share/ament_index/resource_index/package_run_dependencies/examples_rclcpp_minimal_publisher
[1.174s] -- Up-to-date symlink: /home/msurkip/ros2_ws/install/examples_rclcpp_minimal_publisher/share/ament_index/resource_index/parent_prefix_path/examples_rclcpp_minimal_publisher
[1.174s] -- Up-to-date symlink: /home/msurkip/ros2_ws/install/examples_rclcpp_minimal_publisher/share/examples_rclcpp_minimal_publisher/environment/ament_prefix_path.sh
[1.175s] -- Up-to-date symlink: /home/msurkip/ros2_ws/install/examples_rclcpp_minimal_publisher/share/examples_rclcpp_minimal_publisher/environment/ament_prefix_path.dsv
[1.177s] -- Up-to-date symlink: /home/msurkip/ros2_ws/install/examples_rclcpp_minimal_publisher/share/examples_rclcpp_minimal_publisher/environment/path.sh
[1.177s] -- Up-to-date symlink: /home/msurkip/ros2_ws/install/examples_rclcpp_minimal_publisher/share/examples_rclcpp_minimal_publisher/environment/path.dsv
[1.177s] -- Up-to-date symlink: /home/msurkip/ros2_ws/install/examples_rclcpp_minimal_publisher/share/examples_rclcpp_minimal_publisher/local_setup.bash
[1.177s] -- Up-to-date symlink: /home/msurkip/ros2_ws/install/examples_rclcpp_minimal_publisher/share/examples_rclcpp_minimal_publisher/local_setup.sh
[1.178s] -- Up-to-date symlink: /home/msurkip/ros2_ws/install/examples_rclcpp_minimal_publisher/share/examples_rclcpp_minimal_publisher/local_setup.zsh
[1.178s] -- Up-to-date symlink: /home/msurkip/ros2_ws/install/examples_rclcpp_minimal_publisher/share/examples_rclcpp_minimal_publisher/local_setup.dsv
[1.179s] -- Symlinking: /home/msurkip/ros2_ws/install/examples_rclcpp_minimal_publisher/share/examples_rclcpp_minimal_publisher/package.dsv
[1.189s] -- Up-to-date symlink: /home/msurkip/ros2_ws/install/examples_rclcpp_minimal_publisher/share/ament_index/resource_index/packages/examples_rclcpp_minimal_publisher
[1.190s] -- Up-to-date symlink: /home/msurkip/ros2_ws/install/examples_rclcpp_minimal_publisher/share/examples_rclcpp_minimal_publisher/cmake/examples_rclcpp_minimal_publisherConfig.cmake
[1.190s] -- Up-to-date symlink: /home/msurkip/ros2_ws/install/examples_rclcpp_minimal_publisher/share/examples_rclcpp_minimal_publisher/cmake/examples_rclcpp_minimal_publisherConfig-version.cmake
[1.191s] -- Up-to-date symlink: /home/msurkip/ros2_ws/install/examples_rclcpp_minimal_publisher/share/examples_rclcpp_minimal_publisher/package.xml
[1.232s] Invoked command in '/home/msurkip/ros2_ws/build/examples_rclcpp_minimal_publisher' returned '0': /usr/bin/cmake --install /home/msurkip/ros2_ws/build/examples_rclcpp_minimal_publisher
