[0.078s] Invoking command in '/home/msurkip/ros2_ws/build/examples_rclcpp_minimal_timer': /usr/bin/cmake --build /home/msurkip/ros2_ws/build/examples_rclcpp_minimal_timer -- -j8 -l8
[0.312s] [ 50%] Built target timer_member_function
[0.312s] [100%] Built target timer_lambda
[0.323s] Invoked command in '/home/msurkip/ros2_ws/build/examples_rclcpp_minimal_timer' returned '0': /usr/bin/cmake --build /home/msurkip/ros2_ws/build/examples_rclcpp_minimal_timer -- -j8 -l8
[0.370s] Invoking command in '/home/msurkip/ros2_ws/build/examples_rclcpp_minimal_timer': /usr/bin/cmake --install /home/msurkip/ros2_ws/build/examples_rclcpp_minimal_timer
[0.394s] -- Install configuration: ""
[0.395s] -- Execute custom install script
[0.396s] -- Up-to-date symlink: /home/msurkip/ros2_ws/install/examples_rclcpp_minimal_timer/lib/examples_rclcpp_minimal_timer/timer_lambda
[0.398s] -- Up-to-date symlink: /home/msurkip/ros2_ws/install/examples_rclcpp_minimal_timer/lib/examples_rclcpp_minimal_timer/timer_member_function
[0.398s] -- Up-to-date symlink: /home/msurkip/ros2_ws/install/examples_rclcpp_minimal_timer/share/ament_index/resource_index/package_run_dependencies/examples_rclcpp_minimal_timer
[0.398s] -- Up-to-date symlink: /home/msurkip/ros2_ws/install/examples_rclcpp_minimal_timer/share/ament_index/resource_index/parent_prefix_path/examples_rclcpp_minimal_timer
[0.398s] -- Up-to-date symlink: /home/msurkip/ros2_ws/install/examples_rclcpp_minimal_timer/share/examples_rclcpp_minimal_timer/environment/ament_prefix_path.sh
[0.398s] -- Up-to-date symlink: /home/msurkip/ros2_ws/install/examples_rclcpp_minimal_timer/share/examples_rclcpp_minimal_timer/environment/ament_prefix_path.dsv
[0.398s] -- Up-to-date symlink: /home/msurkip/ros2_ws/install/examples_rclcpp_minimal_timer/share/examples_rclcpp_minimal_timer/environment/path.sh
[0.398s] -- Up-to-date symlink: /home/msurkip/ros2_ws/install/examples_rclcpp_minimal_timer/share/examples_rclcpp_minimal_timer/environment/path.dsv
[0.398s] -- Up-to-date symlink: /home/msurkip/ros2_ws/install/examples_rclcpp_minimal_timer/share/examples_rclcpp_minimal_timer/local_setup.bash
[0.398s] -- Up-to-date symlink: /home/msurkip/ros2_ws/install/examples_rclcpp_minimal_timer/share/examples_rclcpp_minimal_timer/local_setup.sh
[0.399s] -- Up-to-date symlink: /home/msurkip/ros2_ws/install/examples_rclcpp_minimal_timer/share/examples_rclcpp_minimal_timer/local_setup.zsh
[0.399s] -- Up-to-date symlink: /home/msurkip/ros2_ws/install/examples_rclcpp_minimal_timer/share/examples_rclcpp_minimal_timer/local_setup.dsv
[0.399s] -- Symlinking: /home/msurkip/ros2_ws/install/examples_rclcpp_minimal_timer/share/examples_rclcpp_minimal_timer/package.dsv
[0.404s] -- Up-to-date symlink: /home/msurkip/ros2_ws/install/examples_rclcpp_minimal_timer/share/ament_index/resource_index/packages/examples_rclcpp_minimal_timer
[0.404s] -- Up-to-date symlink: /home/msurkip/ros2_ws/install/examples_rclcpp_minimal_timer/share/examples_rclcpp_minimal_timer/cmake/examples_rclcpp_minimal_timerConfig.cmake
[0.404s] -- Up-to-date symlink: /home/msurkip/ros2_ws/install/examples_rclcpp_minimal_timer/share/examples_rclcpp_minimal_timer/cmake/examples_rclcpp_minimal_timerConfig-version.cmake
[0.404s] -- Up-to-date symlink: /home/msurkip/ros2_ws/install/examples_rclcpp_minimal_timer/share/examples_rclcpp_minimal_timer/package.xml
[0.456s] Invoked command in '/home/msurkip/ros2_ws/build/examples_rclcpp_minimal_timer' returned '0': /usr/bin/cmake --install /home/msurkip/ros2_ws/build/examples_rclcpp_minimal_timer
