[1.765s] Invoking command in '/home/msurkip/ros2_ws/build/examples_rclpy_executors': PYTHONPATH=/home/msurkip/ros2_ws/build/examples_rclpy_executors/prefix_override:/home/msurkip/ros2_ws/install/examples_rclpy_executors/lib/python3.8/site-packages:${PYTHONPATH} /usr/bin/python3 setup.py develop --uninstall --editable --build-directory /home/msurkip/ros2_ws/build/examples_rclpy_executors/build
[2.020s] running develop
[2.115s] Removing /home/msurkip/ros2_ws/install/examples_rclpy_executors/lib/python3.8/site-packages/examples-rclpy-executors.egg-link (link to .)
[2.177s] Invoked command in '/home/msurkip/ros2_ws/build/examples_rclpy_executors' returned '0': PYTHONPATH=/home/msurkip/ros2_ws/build/examples_rclpy_executors/prefix_override:/home/msurkip/ros2_ws/install/examples_rclpy_executors/lib/python3.8/site-packages:${PYTHONPATH} /usr/bin/python3 setup.py develop --uninstall --editable --build-directory /home/msurkip/ros2_ws/build/examples_rclpy_executors/build
[2.182s] Invoking command in '/home/msurkip/ros2_ws/src/examples/rclpy/executors': PYTHONPATH=/home/msurkip/ros2_ws/build/examples_rclpy_executors/prefix_override:/home/msurkip/ros2_ws/install/examples_rclpy_executors/lib/python3.8/site-packages:${PYTHONPATH} /usr/bin/python3 setup.py egg_info --egg-base ../../../../build/examples_rclpy_executors build --build-base /home/msurkip/ros2_ws/build/examples_rclpy_executors/build install --record /home/msurkip/ros2_ws/build/examples_rclpy_executors/install.log --install-scripts $base/lib/examples_rclpy_executors --single-version-externally-managed
[2.439s] running egg_info
[2.439s] writing ../../../../build/examples_rclpy_executors/examples_rclpy_executors.egg-info/PKG-INFO
[2.440s] writing dependency_links to ../../../../build/examples_rclpy_executors/examples_rclpy_executors.egg-info/dependency_links.txt
[2.440s] writing entry points to ../../../../build/examples_rclpy_executors/examples_rclpy_executors.egg-info/entry_points.txt
[2.441s] writing requirements to ../../../../build/examples_rclpy_executors/examples_rclpy_executors.egg-info/requires.txt
[2.441s] writing top-level names to ../../../../build/examples_rclpy_executors/examples_rclpy_executors.egg-info/top_level.txt
[2.473s] reading manifest file '../../../../build/examples_rclpy_executors/examples_rclpy_executors.egg-info/SOURCES.txt'
[2.474s] writing manifest file '../../../../build/examples_rclpy_executors/examples_rclpy_executors.egg-info/SOURCES.txt'
[2.474s] running build
[2.474s] running build_py
[2.475s] creating /home/msurkip/ros2_ws/build/examples_rclpy_executors/build
[2.475s] creating /home/msurkip/ros2_ws/build/examples_rclpy_executors/build/lib
[2.475s] creating /home/msurkip/ros2_ws/build/examples_rclpy_executors/build/lib/examples_rclpy_executors
[2.475s] copying examples_rclpy_executors/__init__.py -> /home/msurkip/ros2_ws/build/examples_rclpy_executors/build/lib/examples_rclpy_executors
[2.475s] copying examples_rclpy_executors/custom_callback_group.py -> /home/msurkip/ros2_ws/build/examples_rclpy_executors/build/lib/examples_rclpy_executors
[2.475s] copying examples_rclpy_executors/composed.py -> /home/msurkip/ros2_ws/build/examples_rclpy_executors/build/lib/examples_rclpy_executors
[2.475s] copying examples_rclpy_executors/listener.py -> /home/msurkip/ros2_ws/build/examples_rclpy_executors/build/lib/examples_rclpy_executors
[2.476s] copying examples_rclpy_executors/custom_executor.py -> /home/msurkip/ros2_ws/build/examples_rclpy_executors/build/lib/examples_rclpy_executors
[2.476s] copying examples_rclpy_executors/talker.py -> /home/msurkip/ros2_ws/build/examples_rclpy_executors/build/lib/examples_rclpy_executors
[2.476s] copying examples_rclpy_executors/callback_group.py -> /home/msurkip/ros2_ws/build/examples_rclpy_executors/build/lib/examples_rclpy_executors
[2.477s] running install
[2.477s] running install_lib
[2.478s] creating /home/msurkip/ros2_ws/install/examples_rclpy_executors/lib/python3.8/site-packages/examples_rclpy_executors
[2.478s] copying /home/msurkip/ros2_ws/build/examples_rclpy_executors/build/lib/examples_rclpy_executors/__init__.py -> /home/msurkip/ros2_ws/install/examples_rclpy_executors/lib/python3.8/site-packages/examples_rclpy_executors
[2.478s] copying /home/msurkip/ros2_ws/build/examples_rclpy_executors/build/lib/examples_rclpy_executors/custom_callback_group.py -> /home/msurkip/ros2_ws/install/examples_rclpy_executors/lib/python3.8/site-packages/examples_rclpy_executors
[2.478s] copying /home/msurkip/ros2_ws/build/examples_rclpy_executors/build/lib/examples_rclpy_executors/composed.py -> /home/msurkip/ros2_ws/install/examples_rclpy_executors/lib/python3.8/site-packages/examples_rclpy_executors
[2.478s] copying /home/msurkip/ros2_ws/build/examples_rclpy_executors/build/lib/examples_rclpy_executors/listener.py -> /home/msurkip/ros2_ws/install/examples_rclpy_executors/lib/python3.8/site-packages/examples_rclpy_executors
[2.478s] copying /home/msurkip/ros2_ws/build/examples_rclpy_executors/build/lib/examples_rclpy_executors/custom_executor.py -> /home/msurkip/ros2_ws/install/examples_rclpy_executors/lib/python3.8/site-packages/examples_rclpy_executors
[2.478s] copying /home/msurkip/ros2_ws/build/examples_rclpy_executors/build/lib/examples_rclpy_executors/talker.py -> /home/msurkip/ros2_ws/install/examples_rclpy_executors/lib/python3.8/site-packages/examples_rclpy_executors
[2.479s] copying /home/msurkip/ros2_ws/build/examples_rclpy_executors/build/lib/examples_rclpy_executors/callback_group.py -> /home/msurkip/ros2_ws/install/examples_rclpy_executors/lib/python3.8/site-packages/examples_rclpy_executors
[2.479s] byte-compiling /home/msurkip/ros2_ws/install/examples_rclpy_executors/lib/python3.8/site-packages/examples_rclpy_executors/__init__.py to __init__.cpython-38.pyc
[2.479s] byte-compiling /home/msurkip/ros2_ws/install/examples_rclpy_executors/lib/python3.8/site-packages/examples_rclpy_executors/custom_callback_group.py to custom_callback_group.cpython-38.pyc
[2.480s] byte-compiling /home/msurkip/ros2_ws/install/examples_rclpy_executors/lib/python3.8/site-packages/examples_rclpy_executors/composed.py to composed.cpython-38.pyc
[2.480s] byte-compiling /home/msurkip/ros2_ws/install/examples_rclpy_executors/lib/python3.8/site-packages/examples_rclpy_executors/listener.py to listener.cpython-38.pyc
[2.480s] byte-compiling /home/msurkip/ros2_ws/install/examples_rclpy_executors/lib/python3.8/site-packages/examples_rclpy_executors/custom_executor.py to custom_executor.cpython-38.pyc
[2.481s] byte-compiling /home/msurkip/ros2_ws/install/examples_rclpy_executors/lib/python3.8/site-packages/examples_rclpy_executors/talker.py to talker.cpython-38.pyc
[2.481s] byte-compiling /home/msurkip/ros2_ws/install/examples_rclpy_executors/lib/python3.8/site-packages/examples_rclpy_executors/callback_group.py to callback_group.cpython-38.pyc
[2.481s] running install_data
[2.482s] running install_egg_info
[2.484s] Copying ../../../../build/examples_rclpy_executors/examples_rclpy_executors.egg-info to /home/msurkip/ros2_ws/install/examples_rclpy_executors/lib/python3.8/site-packages/examples_rclpy_executors-0.9.4-py3.8.egg-info
[2.484s] running install_scripts
[2.499s] Installing callback_group script to /home/msurkip/ros2_ws/install/examples_rclpy_executors/lib/examples_rclpy_executors
[2.499s] Installing composed script to /home/msurkip/ros2_ws/install/examples_rclpy_executors/lib/examples_rclpy_executors
[2.499s] Installing custom_callback_group script to /home/msurkip/ros2_ws/install/examples_rclpy_executors/lib/examples_rclpy_executors
[2.499s] Installing custom_executor script to /home/msurkip/ros2_ws/install/examples_rclpy_executors/lib/examples_rclpy_executors
[2.499s] Installing listener script to /home/msurkip/ros2_ws/install/examples_rclpy_executors/lib/examples_rclpy_executors
[2.499s] Installing talker script to /home/msurkip/ros2_ws/install/examples_rclpy_executors/lib/examples_rclpy_executors
[2.499s] writing list of installed files to '/home/msurkip/ros2_ws/build/examples_rclpy_executors/install.log'
[2.528s] Invoked command in '/home/msurkip/ros2_ws/src/examples/rclpy/executors' returned '0': PYTHONPATH=/home/msurkip/ros2_ws/build/examples_rclpy_executors/prefix_override:/home/msurkip/ros2_ws/install/examples_rclpy_executors/lib/python3.8/site-packages:${PYTHONPATH} /usr/bin/python3 setup.py egg_info --egg-base ../../../../build/examples_rclpy_executors build --build-base /home/msurkip/ros2_ws/build/examples_rclpy_executors/build install --record /home/msurkip/ros2_ws/build/examples_rclpy_executors/install.log --install-scripts $base/lib/examples_rclpy_executors --single-version-externally-managed
