[0.173s] Invoking command in '/home/msurkip/ros2_ws/build/examples_rclcpp_multithreaded_executor': /usr/bin/cmake --build /home/msurkip/ros2_ws/build/examples_rclcpp_multithreaded_executor -- -j8 -l8
[0.275s] [100%] Built target multithreaded_executor
[1.624s] Invoked command in '/home/msurkip/ros2_ws/build/examples_rclcpp_multithreaded_executor' returned '0': /usr/bin/cmake --build /home/msurkip/ros2_ws/build/examples_rclcpp_multithreaded_executor -- -j8 -l8
[1.702s] Invoking command in '/home/msurkip/ros2_ws/build/examples_rclcpp_multithreaded_executor': /usr/bin/cmake --install /home/msurkip/ros2_ws/build/examples_rclcpp_multithreaded_executor
[1.960s] -- Install configuration: ""
[1.960s] -- Execute custom install script
[1.960s] -- Up-to-date symlink: /home/msurkip/ros2_ws/install/examples_rclcpp_multithreaded_executor/lib/examples_rclcpp_multithreaded_executor/multithreaded_executor
[1.960s] -- Up-to-date symlink: /home/msurkip/ros2_ws/install/examples_rclcpp_multithreaded_executor/share/ament_index/resource_index/package_run_dependencies/examples_rclcpp_multithreaded_executor
[1.960s] -- Up-to-date symlink: /home/msurkip/ros2_ws/install/examples_rclcpp_multithreaded_executor/share/ament_index/resource_index/parent_prefix_path/examples_rclcpp_multithreaded_executor
[1.961s] -- Up-to-date symlink: /home/msurkip/ros2_ws/install/examples_rclcpp_multithreaded_executor/share/examples_rclcpp_multithreaded_executor/environment/ament_prefix_path.sh
[1.961s] -- Up-to-date symlink: /home/msurkip/ros2_ws/install/examples_rclcpp_multithreaded_executor/share/examples_rclcpp_multithreaded_executor/environment/ament_prefix_path.dsv
[1.961s] -- Up-to-date symlink: /home/msurkip/ros2_ws/install/examples_rclcpp_multithreaded_executor/share/examples_rclcpp_multithreaded_executor/environment/path.sh
[1.961s] -- Up-to-date symlink: /home/msurkip/ros2_ws/install/examples_rclcpp_multithreaded_executor/share/examples_rclcpp_multithreaded_executor/environment/path.dsv
[1.961s] -- Up-to-date symlink: /home/msurkip/ros2_ws/install/examples_rclcpp_multithreaded_executor/share/examples_rclcpp_multithreaded_executor/local_setup.bash
[1.961s] -- Up-to-date symlink: /home/msurkip/ros2_ws/install/examples_rclcpp_multithreaded_executor/share/examples_rclcpp_multithreaded_executor/local_setup.sh
[1.961s] -- Up-to-date symlink: /home/msurkip/ros2_ws/install/examples_rclcpp_multithreaded_executor/share/examples_rclcpp_multithreaded_executor/local_setup.zsh
[1.961s] -- Up-to-date symlink: /home/msurkip/ros2_ws/install/examples_rclcpp_multithreaded_executor/share/examples_rclcpp_multithreaded_executor/local_setup.dsv
[1.961s] -- Symlinking: /home/msurkip/ros2_ws/install/examples_rclcpp_multithreaded_executor/share/examples_rclcpp_multithreaded_executor/package.dsv
[1.961s] -- Up-to-date symlink: /home/msurkip/ros2_ws/install/examples_rclcpp_multithreaded_executor/share/ament_index/resource_index/packages/examples_rclcpp_multithreaded_executor
[1.961s] -- Up-to-date symlink: /home/msurkip/ros2_ws/install/examples_rclcpp_multithreaded_executor/share/examples_rclcpp_multithreaded_executor/cmake/examples_rclcpp_multithreaded_executorConfig.cmake
[1.961s] -- Up-to-date symlink: /home/msurkip/ros2_ws/install/examples_rclcpp_multithreaded_executor/share/examples_rclcpp_multithreaded_executor/cmake/examples_rclcpp_multithreaded_executorConfig-version.cmake
[1.961s] -- Up-to-date symlink: /home/msurkip/ros2_ws/install/examples_rclcpp_multithreaded_executor/share/examples_rclcpp_multithreaded_executor/package.xml
[1.971s] Invoked command in '/home/msurkip/ros2_ws/build/examples_rclcpp_multithreaded_executor' returned '0': /usr/bin/cmake --install /home/msurkip/ros2_ws/build/examples_rclcpp_multithreaded_executor
