[0.084s] Invoking command in '/home/msurkip/ros2_ws/build/examples_rclcpp_minimal_action_server': CMAKE_PREFIX_PATH=${CMAKE_PREFIX_PATH}:/home/msurkip/ros2_ws/src/install/examples_rclpy_minimal_subscriber:/home/msurkip/ros2_ws/src/install/examples_rclpy_minimal_service:/home/msurkip/ros2_ws/src/install/examples_rclpy_minimal_publisher:/home/msurkip/ros2_ws/src/install/examples_rclpy_minimal_client:/home/msurkip/ros2_ws/src/install/examples_rclpy_minimal_action_server:/home/msurkip/ros2_ws/src/install/examples_rclpy_minimal_action_client:/home/msurkip/ros2_ws/src/install/examples_rclpy_executors:/opt/ros/foxy /usr/bin/cmake /home/msurkip/ros2_ws/src/examples/rclcpp/actions/minimal_action_server -DAMENT_CMAKE_SYMLINK_INSTALL=1 -DCMAKE_INSTALL_PREFIX=/home/msurkip/ros2_ws/install/examples_rclcpp_minimal_action_server
[0.191s] -- The C compiler identification is GNU 9.4.0
[0.268s] -- The CXX compiler identification is GNU 9.4.0
[0.273s] -- Check for working C compiler: /usr/bin/cc
[0.354s] -- Check for working C compiler: /usr/bin/cc -- works
[0.355s] -- Detecting C compiler ABI info
[0.421s] -- Detecting C compiler ABI info - done
[0.430s] -- Detecting C compile features
[0.430s] -- Detecting C compile features - done
[0.432s] -- Check for working CXX compiler: /usr/bin/c++
[0.506s] -- Check for working CXX compiler: /usr/bin/c++ -- works
[0.508s] -- Detecting CXX compiler ABI info
[0.589s] -- Detecting CXX compiler ABI info - done
[0.599s] -- Detecting CXX compile features
[0.599s] -- Detecting CXX compile features - done
[0.601s] -- Found ament_cmake: 0.9.11 (/home/msurkip/ros2_foxy/ros2-linux/share/ament_cmake/cmake)
[0.627s] -- Found PythonInterp: /usr/bin/python3 (found suitable version "3.8.10", minimum required is "3") 
[0.627s] -- Using PYTHON_EXECUTABLE: /usr/bin/python3
[0.851s] -- Override CMake install command with custom implementation using symlinks instead of copying resources
[0.869s] -- Found example_interfaces: 0.9.1 (/home/msurkip/ros2_foxy/ros2-linux/share/example_interfaces/cmake)
[0.893s] -- Using all available rosidl_typesupport_c: rosidl_typesupport_connext_c;rosidl_typesupport_fastrtps_c;rosidl_typesupport_introspection_c
[0.899s] -- Found rosidl_adapter: 1.3.0 (/home/msurkip/ros2_foxy/ros2-linux/share/rosidl_adapter/cmake)
[0.915s] -- Could not find RTI Connext - skipping rosidl_typesupport_connext_c
[0.925s] -- Could not find RTI Connext - skipping rosidl_typesupport_connext_cpp
[1.066s] -- Found OpenSSL: /usr/lib/x86_64-linux-gnu/libcrypto.so (found version "1.1.1f")  
[1.090s] -- Found FastRTPS: /home/msurkip/ros2_foxy/ros2-linux/include  
[1.150s] -- Using all available rosidl_typesupport_cpp: rosidl_typesupport_connext_cpp;rosidl_typesupport_fastrtps_cpp;rosidl_typesupport_introspection_cpp
[1.268s] -- Found rclcpp: 2.4.2 (/home/msurkip/ros2_foxy/ros2-linux/share/rclcpp/cmake)
[1.301s] -- Found rmw_implementation_cmake: 1.0.3 (/home/msurkip/ros2_foxy/ros2-linux/share/rmw_implementation_cmake/cmake)
[1.303s] -- Using RMW implementation 'rmw_fastrtps_cpp' as default
[1.304s] -- Looking for pthread.h
[1.392s] -- Looking for pthread.h - found
[1.393s] -- Performing Test CMAKE_HAVE_LIBC_PTHREAD
[1.474s] -- Performing Test CMAKE_HAVE_LIBC_PTHREAD - Failed
[1.474s] -- Looking for pthread_create in pthreads
[1.535s] -- Looking for pthread_create in pthreads - not found
[1.535s] -- Looking for pthread_create in pthread
[1.603s] -- Looking for pthread_create in pthread - found
[1.604s] -- Found Threads: TRUE  
[1.690s] -- Found rclcpp_action: 2.4.2 (/home/msurkip/ros2_foxy/ros2-linux/share/rclcpp_action/cmake)
[1.720s] -- Found ament_lint_auto: 0.9.7 (/home/msurkip/ros2_foxy/ros2-linux/share/ament_lint_auto/cmake)
[1.790s] -- Added test 'copyright' to check source files copyright and LICENSE
[1.791s] -- Added test 'cppcheck' to perform static code analysis on C / C++ code
[1.792s] -- Configured cppcheck include dirs: 
[1.792s] -- Configured cppcheck exclude dirs and/or files: 
[1.792s] -- Added test 'cpplint' to check C / C++ code against the Google style
[1.792s] -- Configured cpplint exclude dirs and/or files: 
[1.793s] -- Added test 'lint_cmake' to check CMake code style
[1.793s] -- Added test 'uncrustify' to check C / C++ code style
[1.793s] -- Configured uncrustify additional arguments: 
[1.794s] -- Added test 'xmllint' to check XML markup files
[1.799s] -- Configuring done
[1.812s] -- Generating done
[1.812s] -- Build files have been written to: /home/msurkip/ros2_ws/build/examples_rclcpp_minimal_action_server
[1.832s] Invoked command in '/home/msurkip/ros2_ws/build/examples_rclcpp_minimal_action_server' returned '0': CMAKE_PREFIX_PATH=${CMAKE_PREFIX_PATH}:/home/msurkip/ros2_ws/src/install/examples_rclpy_minimal_subscriber:/home/msurkip/ros2_ws/src/install/examples_rclpy_minimal_service:/home/msurkip/ros2_ws/src/install/examples_rclpy_minimal_publisher:/home/msurkip/ros2_ws/src/install/examples_rclpy_minimal_client:/home/msurkip/ros2_ws/src/install/examples_rclpy_minimal_action_server:/home/msurkip/ros2_ws/src/install/examples_rclpy_minimal_action_client:/home/msurkip/ros2_ws/src/install/examples_rclpy_executors:/opt/ros/foxy /usr/bin/cmake /home/msurkip/ros2_ws/src/examples/rclcpp/actions/minimal_action_server -DAMENT_CMAKE_SYMLINK_INSTALL=1 -DCMAKE_INSTALL_PREFIX=/home/msurkip/ros2_ws/install/examples_rclcpp_minimal_action_server
[1.836s] Invoking command in '/home/msurkip/ros2_ws/build/examples_rclcpp_minimal_action_server': CMAKE_PREFIX_PATH=${CMAKE_PREFIX_PATH}:/home/msurkip/ros2_ws/src/install/examples_rclpy_minimal_subscriber:/home/msurkip/ros2_ws/src/install/examples_rclpy_minimal_service:/home/msurkip/ros2_ws/src/install/examples_rclpy_minimal_publisher:/home/msurkip/ros2_ws/src/install/examples_rclpy_minimal_client:/home/msurkip/ros2_ws/src/install/examples_rclpy_minimal_action_server:/home/msurkip/ros2_ws/src/install/examples_rclpy_minimal_action_client:/home/msurkip/ros2_ws/src/install/examples_rclpy_executors:/opt/ros/foxy /usr/bin/cmake --build /home/msurkip/ros2_ws/build/examples_rclcpp_minimal_action_server -- -j8 -l8
[1.962s] [35m[1mScanning dependencies of target action_server_member_functions[0m
[1.971s] [35m[1mScanning dependencies of target action_server_not_composable[0m
[2.066s] [ 25%] [32mBuilding CXX object CMakeFiles/action_server_member_functions.dir/member_functions.cpp.o[0m
[2.084s] [ 50%] [32mBuilding CXX object CMakeFiles/action_server_not_composable.dir/not_composable.cpp.o[0m
[8.161s] [ 75%] [32m[1mLinking CXX executable action_server_not_composable[0m
[8.168s] [100%] [32m[1mLinking CXX executable action_server_member_functions[0m
[8.435s] [100%] Built target action_server_member_functions
[8.549s] [100%] Built target action_server_not_composable
[8.566s] Invoked command in '/home/msurkip/ros2_ws/build/examples_rclcpp_minimal_action_server' returned '0': CMAKE_PREFIX_PATH=${CMAKE_PREFIX_PATH}:/home/msurkip/ros2_ws/src/install/examples_rclpy_minimal_subscriber:/home/msurkip/ros2_ws/src/install/examples_rclpy_minimal_service:/home/msurkip/ros2_ws/src/install/examples_rclpy_minimal_publisher:/home/msurkip/ros2_ws/src/install/examples_rclpy_minimal_client:/home/msurkip/ros2_ws/src/install/examples_rclpy_minimal_action_server:/home/msurkip/ros2_ws/src/install/examples_rclpy_minimal_action_client:/home/msurkip/ros2_ws/src/install/examples_rclpy_executors:/opt/ros/foxy /usr/bin/cmake --build /home/msurkip/ros2_ws/build/examples_rclcpp_minimal_action_server -- -j8 -l8
[8.873s] Invoking command in '/home/msurkip/ros2_ws/build/examples_rclcpp_minimal_action_server': CMAKE_PREFIX_PATH=${CMAKE_PREFIX_PATH}:/home/msurkip/ros2_ws/src/install/examples_rclpy_minimal_subscriber:/home/msurkip/ros2_ws/src/install/examples_rclpy_minimal_service:/home/msurkip/ros2_ws/src/install/examples_rclpy_minimal_publisher:/home/msurkip/ros2_ws/src/install/examples_rclpy_minimal_client:/home/msurkip/ros2_ws/src/install/examples_rclpy_minimal_action_server:/home/msurkip/ros2_ws/src/install/examples_rclpy_minimal_action_client:/home/msurkip/ros2_ws/src/install/examples_rclpy_executors:/opt/ros/foxy /usr/bin/cmake --install /home/msurkip/ros2_ws/build/examples_rclcpp_minimal_action_server
[9.070s] -- Install configuration: ""
[9.070s] -- Execute custom install script
[9.070s] -- Symlinking: /home/msurkip/ros2_ws/install/examples_rclcpp_minimal_action_server/lib/examples_rclcpp_minimal_action_server/action_server_not_composable
[9.070s] -- Symlinking: /home/msurkip/ros2_ws/install/examples_rclcpp_minimal_action_server/lib/examples_rclcpp_minimal_action_server/action_server_member_functions
[9.070s] -- Symlinking: /home/msurkip/ros2_ws/install/examples_rclcpp_minimal_action_server/share/ament_index/resource_index/package_run_dependencies/examples_rclcpp_minimal_action_server
[9.070s] -- Symlinking: /home/msurkip/ros2_ws/install/examples_rclcpp_minimal_action_server/share/ament_index/resource_index/parent_prefix_path/examples_rclcpp_minimal_action_server
[9.070s] -- Symlinking: /home/msurkip/ros2_ws/install/examples_rclcpp_minimal_action_server/share/examples_rclcpp_minimal_action_server/environment/ament_prefix_path.sh
[9.070s] -- Symlinking: /home/msurkip/ros2_ws/install/examples_rclcpp_minimal_action_server/share/examples_rclcpp_minimal_action_server/environment/ament_prefix_path.dsv
[9.070s] -- Symlinking: /home/msurkip/ros2_ws/install/examples_rclcpp_minimal_action_server/share/examples_rclcpp_minimal_action_server/environment/path.sh
[9.070s] -- Symlinking: /home/msurkip/ros2_ws/install/examples_rclcpp_minimal_action_server/share/examples_rclcpp_minimal_action_server/environment/path.dsv
[9.070s] -- Symlinking: /home/msurkip/ros2_ws/install/examples_rclcpp_minimal_action_server/share/examples_rclcpp_minimal_action_server/local_setup.bash
[9.070s] -- Symlinking: /home/msurkip/ros2_ws/install/examples_rclcpp_minimal_action_server/share/examples_rclcpp_minimal_action_server/local_setup.sh
[9.071s] -- Symlinking: /home/msurkip/ros2_ws/install/examples_rclcpp_minimal_action_server/share/examples_rclcpp_minimal_action_server/local_setup.zsh
[9.071s] -- Symlinking: /home/msurkip/ros2_ws/install/examples_rclcpp_minimal_action_server/share/examples_rclcpp_minimal_action_server/local_setup.dsv
[9.104s] -- Symlinking: /home/msurkip/ros2_ws/install/examples_rclcpp_minimal_action_server/share/examples_rclcpp_minimal_action_server/package.dsv
[9.120s] -- Symlinking: /home/msurkip/ros2_ws/install/examples_rclcpp_minimal_action_server/share/ament_index/resource_index/packages/examples_rclcpp_minimal_action_server
[9.145s] -- Symlinking: /home/msurkip/ros2_ws/install/examples_rclcpp_minimal_action_server/share/examples_rclcpp_minimal_action_server/cmake/examples_rclcpp_minimal_action_serverConfig.cmake
[9.156s] -- Symlinking: /home/msurkip/ros2_ws/install/examples_rclcpp_minimal_action_server/share/examples_rclcpp_minimal_action_server/cmake/examples_rclcpp_minimal_action_serverConfig-version.cmake
[9.185s] -- Symlinking: /home/msurkip/ros2_ws/install/examples_rclcpp_minimal_action_server/share/examples_rclcpp_minimal_action_server/package.xml
[9.449s] Invoked command in '/home/msurkip/ros2_ws/build/examples_rclcpp_minimal_action_server' returned '0': CMAKE_PREFIX_PATH=${CMAKE_PREFIX_PATH}:/home/msurkip/ros2_ws/src/install/examples_rclpy_minimal_subscriber:/home/msurkip/ros2_ws/src/install/examples_rclpy_minimal_service:/home/msurkip/ros2_ws/src/install/examples_rclpy_minimal_publisher:/home/msurkip/ros2_ws/src/install/examples_rclpy_minimal_client:/home/msurkip/ros2_ws/src/install/examples_rclpy_minimal_action_server:/home/msurkip/ros2_ws/src/install/examples_rclpy_minimal_action_client:/home/msurkip/ros2_ws/src/install/examples_rclpy_executors:/opt/ros/foxy /usr/bin/cmake --install /home/msurkip/ros2_ws/build/examples_rclcpp_minimal_action_server
