[1.899s] Invoking command in '/home/msurkip/ros2_ws/build/examples_rclpy_minimal_action_server': PYTHONPATH=/home/msurkip/ros2_ws/build/examples_rclpy_minimal_action_server/prefix_override:/home/msurkip/ros2_ws/install/examples_rclpy_minimal_action_server/lib/python3.8/site-packages:${PYTHONPATH} /usr/bin/python3 setup.py develop --uninstall --editable --build-directory /home/msurkip/ros2_ws/build/examples_rclpy_minimal_action_server/build
[2.132s] running develop
[2.331s] Invoked command in '/home/msurkip/ros2_ws/build/examples_rclpy_minimal_action_server' returned '0': PYTHONPATH=/home/msurkip/ros2_ws/build/examples_rclpy_minimal_action_server/prefix_override:/home/msurkip/ros2_ws/install/examples_rclpy_minimal_action_server/lib/python3.8/site-packages:${PYTHONPATH} /usr/bin/python3 setup.py develop --uninstall --editable --build-directory /home/msurkip/ros2_ws/build/examples_rclpy_minimal_action_server/build
[2.332s] Invoking command in '/home/msurkip/ros2_ws/src/examples/rclpy/actions/minimal_action_server': PYTHONPATH=/home/msurkip/ros2_ws/build/examples_rclpy_minimal_action_server/prefix_override:/home/msurkip/ros2_ws/install/examples_rclpy_minimal_action_server/lib/python3.8/site-packages:${PYTHONPATH} /usr/bin/python3 setup.py egg_info --egg-base ../../../../../build/examples_rclpy_minimal_action_server build --build-base /home/msurkip/ros2_ws/build/examples_rclpy_minimal_action_server/build install --record /home/msurkip/ros2_ws/build/examples_rclpy_minimal_action_server/install.log --install-scripts $base/lib/examples_rclpy_minimal_action_server --single-version-externally-managed
[2.511s] running egg_info
[2.512s] writing ../../../../../build/examples_rclpy_minimal_action_server/examples_rclpy_minimal_action_server.egg-info/PKG-INFO
[2.512s] writing dependency_links to ../../../../../build/examples_rclpy_minimal_action_server/examples_rclpy_minimal_action_server.egg-info/dependency_links.txt
[2.512s] writing entry points to ../../../../../build/examples_rclpy_minimal_action_server/examples_rclpy_minimal_action_server.egg-info/entry_points.txt
[2.512s] writing requirements to ../../../../../build/examples_rclpy_minimal_action_server/examples_rclpy_minimal_action_server.egg-info/requires.txt
[2.513s] writing top-level names to ../../../../../build/examples_rclpy_minimal_action_server/examples_rclpy_minimal_action_server.egg-info/top_level.txt
[2.545s] reading manifest file '../../../../../build/examples_rclpy_minimal_action_server/examples_rclpy_minimal_action_server.egg-info/SOURCES.txt'
[2.546s] writing manifest file '../../../../../build/examples_rclpy_minimal_action_server/examples_rclpy_minimal_action_server.egg-info/SOURCES.txt'
[2.546s] running build
[2.546s] running build_py
[2.546s] running install
[2.547s] running install_lib
[2.549s] running install_data
[2.549s] running install_egg_info
[2.551s] removing '/home/msurkip/ros2_ws/install/examples_rclpy_minimal_action_server/lib/python3.8/site-packages/examples_rclpy_minimal_action_server-0.9.4-py3.8.egg-info' (and everything under it)
[2.551s] Copying ../../../../../build/examples_rclpy_minimal_action_server/examples_rclpy_minimal_action_server.egg-info to /home/msurkip/ros2_ws/install/examples_rclpy_minimal_action_server/lib/python3.8/site-packages/examples_rclpy_minimal_action_server-0.9.4-py3.8.egg-info
[2.551s] running install_scripts
[2.567s] Installing server script to /home/msurkip/ros2_ws/install/examples_rclpy_minimal_action_server/lib/examples_rclpy_minimal_action_server
[2.567s] Installing server_defer script to /home/msurkip/ros2_ws/install/examples_rclpy_minimal_action_server/lib/examples_rclpy_minimal_action_server
[2.567s] Installing server_not_composable script to /home/msurkip/ros2_ws/install/examples_rclpy_minimal_action_server/lib/examples_rclpy_minimal_action_server
[2.568s] Installing server_queue_goals script to /home/msurkip/ros2_ws/install/examples_rclpy_minimal_action_server/lib/examples_rclpy_minimal_action_server
[2.568s] Installing server_single_goal script to /home/msurkip/ros2_ws/install/examples_rclpy_minimal_action_server/lib/examples_rclpy_minimal_action_server
[2.568s] writing list of installed files to '/home/msurkip/ros2_ws/build/examples_rclpy_minimal_action_server/install.log'
[2.662s] Invoked command in '/home/msurkip/ros2_ws/src/examples/rclpy/actions/minimal_action_server' returned '0': PYTHONPATH=/home/msurkip/ros2_ws/build/examples_rclpy_minimal_action_server/prefix_override:/home/msurkip/ros2_ws/install/examples_rclpy_minimal_action_server/lib/python3.8/site-packages:${PYTHONPATH} /usr/bin/python3 setup.py egg_info --egg-base ../../../../../build/examples_rclpy_minimal_action_server build --build-base /home/msurkip/ros2_ws/build/examples_rclpy_minimal_action_server/build install --record /home/msurkip/ros2_ws/build/examples_rclpy_minimal_action_server/install.log --install-scripts $base/lib/examples_rclpy_minimal_action_server --single-version-externally-managed
