[0.019s] Invoking command in '/home/msurkip/ros2_ws/build/my_package': /usr/bin/cmake --build /home/msurkip/ros2_ws/build/my_package -- -j8 -l8
[0.139s] [100%] Built target my_node
[0.170s] Invoked command in '/home/msurkip/ros2_ws/build/my_package' returned '0': /usr/bin/cmake --build /home/msurkip/ros2_ws/build/my_package -- -j8 -l8
[0.259s] Invoking command in '/home/msurkip/ros2_ws/build/my_package': /usr/bin/cmake --install /home/msurkip/ros2_ws/build/my_package
[0.278s] -- Install configuration: ""
[0.278s] -- Up-to-date: /home/msurkip/ros2_ws/install/my_package/lib/my_package/my_node
[0.278s] -- Up-to-date: /home/msurkip/ros2_ws/install/my_package/share/ament_index/resource_index/package_run_dependencies/my_package
[0.279s] -- Up-to-date: /home/msurkip/ros2_ws/install/my_package/share/ament_index/resource_index/parent_prefix_path/my_package
[0.279s] -- Up-to-date: /home/msurkip/ros2_ws/install/my_package/share/my_package/environment/ament_prefix_path.sh
[0.279s] -- Up-to-date: /home/msurkip/ros2_ws/install/my_package/share/my_package/environment/ament_prefix_path.dsv
[0.279s] -- Up-to-date: /home/msurkip/ros2_ws/install/my_package/share/my_package/environment/path.sh
[0.279s] -- Up-to-date: /home/msurkip/ros2_ws/install/my_package/share/my_package/environment/path.dsv
[0.280s] -- Up-to-date: /home/msurkip/ros2_ws/install/my_package/share/my_package/local_setup.bash
[0.280s] -- Up-to-date: /home/msurkip/ros2_ws/install/my_package/share/my_package/local_setup.sh
[0.280s] -- Up-to-date: /home/msurkip/ros2_ws/install/my_package/share/my_package/local_setup.zsh
[0.280s] -- Up-to-date: /home/msurkip/ros2_ws/install/my_package/share/my_package/local_setup.dsv
[0.281s] -- Installing: /home/msurkip/ros2_ws/install/my_package/share/my_package/package.dsv
[0.281s] -- Up-to-date: /home/msurkip/ros2_ws/install/my_package/share/ament_index/resource_index/packages/my_package
[0.281s] -- Up-to-date: /home/msurkip/ros2_ws/install/my_package/share/my_package/cmake/my_packageConfig.cmake
[0.282s] -- Up-to-date: /home/msurkip/ros2_ws/install/my_package/share/my_package/cmake/my_packageConfig-version.cmake
[0.282s] -- Up-to-date: /home/msurkip/ros2_ws/install/my_package/share/my_package/package.xml
[0.285s] Invoked command in '/home/msurkip/ros2_ws/build/my_package' returned '0': /usr/bin/cmake --install /home/msurkip/ros2_ws/build/my_package
