[1.066s] Invoking command in '/home/msurkip/ros2_ws/build/examples_rclpy_executors': PYTHONPATH=/home/msurkip/ros2_ws/build/examples_rclpy_executors/prefix_override:/home/msurkip/ros2_ws/install/examples_rclpy_executors/lib/python3.8/site-packages:${PYTHONPATH} /usr/bin/python3 setup.py develop --editable --build-directory /home/msurkip/ros2_ws/build/examples_rclpy_executors/build --no-deps install_data
[1.316s] running develop
[1.438s] running egg_info
[1.438s] creating examples_rclpy_executors.egg-info
[1.439s] writing examples_rclpy_executors.egg-info/PKG-INFO
[1.439s] writing dependency_links to examples_rclpy_executors.egg-info/dependency_links.txt
[1.439s] writing entry points to examples_rclpy_executors.egg-info/entry_points.txt
[1.439s] writing requirements to examples_rclpy_executors.egg-info/requires.txt
[1.439s] writing top-level names to examples_rclpy_executors.egg-info/top_level.txt
[1.440s] writing manifest file 'examples_rclpy_executors.egg-info/SOURCES.txt'
[1.470s] reading manifest file 'examples_rclpy_executors.egg-info/SOURCES.txt'
[1.471s] writing manifest file 'examples_rclpy_executors.egg-info/SOURCES.txt'
[1.473s] running build_ext
[1.473s] Creating /home/msurkip/ros2_ws/install/examples_rclpy_executors/lib/python3.8/site-packages/site.py
[1.476s] Creating /home/msurkip/ros2_ws/install/examples_rclpy_executors/lib/python3.8/site-packages/examples-rclpy-executors.egg-link (link to .)
[1.476s] Installing callback_group script to /home/msurkip/ros2_ws/install/examples_rclpy_executors/lib/examples_rclpy_executors
[1.476s] Installing composed script to /home/msurkip/ros2_ws/install/examples_rclpy_executors/lib/examples_rclpy_executors
[1.477s] Installing custom_callback_group script to /home/msurkip/ros2_ws/install/examples_rclpy_executors/lib/examples_rclpy_executors
[1.477s] Installing custom_executor script to /home/msurkip/ros2_ws/install/examples_rclpy_executors/lib/examples_rclpy_executors
[1.477s] Installing listener script to /home/msurkip/ros2_ws/install/examples_rclpy_executors/lib/examples_rclpy_executors
[1.477s] Installing talker script to /home/msurkip/ros2_ws/install/examples_rclpy_executors/lib/examples_rclpy_executors
[1.477s] 
[1.477s] Installed /home/msurkip/ros2_ws/build/examples_rclpy_executors
[1.477s] running install_data
[1.477s] creating /home/msurkip/ros2_ws/install/examples_rclpy_executors/share/ament_index
[1.477s] creating /home/msurkip/ros2_ws/install/examples_rclpy_executors/share/ament_index/resource_index
[1.477s] creating /home/msurkip/ros2_ws/install/examples_rclpy_executors/share/ament_index/resource_index/packages
[1.477s] copying resource/examples_rclpy_executors -> /home/msurkip/ros2_ws/install/examples_rclpy_executors/share/ament_index/resource_index/packages
[1.477s] copying package.xml -> /home/msurkip/ros2_ws/install/examples_rclpy_executors/share/examples_rclpy_executors
[1.503s] Invoked command in '/home/msurkip/ros2_ws/build/examples_rclpy_executors' returned '0': PYTHONPATH=/home/msurkip/ros2_ws/build/examples_rclpy_executors/prefix_override:/home/msurkip/ros2_ws/install/examples_rclpy_executors/lib/python3.8/site-packages:${PYTHONPATH} /usr/bin/python3 setup.py develop --editable --build-directory /home/msurkip/ros2_ws/build/examples_rclpy_executors/build --no-deps install_data
