[2.466s] Invoking command in '/home/msurkip/ros2_ws/build/examples_rclpy_minimal_client': PYTHONPATH=/home/msurkip/ros2_ws/build/examples_rclpy_minimal_client/prefix_override:/home/msurkip/ros2_ws/install/examples_rclpy_minimal_client/lib/python3.8/site-packages:${PYTHONPATH} /usr/bin/python3 setup.py develop --uninstall --editable --build-directory /home/msurkip/ros2_ws/build/examples_rclpy_minimal_client/build
[2.763s] running develop
[2.951s] Invoked command in '/home/msurkip/ros2_ws/build/examples_rclpy_minimal_client' returned '0': PYTHONPATH=/home/msurkip/ros2_ws/build/examples_rclpy_minimal_client/prefix_override:/home/msurkip/ros2_ws/install/examples_rclpy_minimal_client/lib/python3.8/site-packages:${PYTHONPATH} /usr/bin/python3 setup.py develop --uninstall --editable --build-directory /home/msurkip/ros2_ws/build/examples_rclpy_minimal_client/build
[2.953s] Invoking command in '/home/msurkip/ros2_ws/src/examples/rclpy/services/minimal_client': PYTHONPATH=/home/msurkip/ros2_ws/build/examples_rclpy_minimal_client/prefix_override:/home/msurkip/ros2_ws/install/examples_rclpy_minimal_client/lib/python3.8/site-packages:${PYTHONPATH} /usr/bin/python3 setup.py egg_info --egg-base ../../../../../build/examples_rclpy_minimal_client build --build-base /home/msurkip/ros2_ws/build/examples_rclpy_minimal_client/build install --record /home/msurkip/ros2_ws/build/examples_rclpy_minimal_client/install.log --install-scripts $base/lib/examples_rclpy_minimal_client --single-version-externally-managed
[3.230s] running egg_info
[3.231s] writing ../../../../../build/examples_rclpy_minimal_client/examples_rclpy_minimal_client.egg-info/PKG-INFO
[3.232s] writing dependency_links to ../../../../../build/examples_rclpy_minimal_client/examples_rclpy_minimal_client.egg-info/dependency_links.txt
[3.232s] writing entry points to ../../../../../build/examples_rclpy_minimal_client/examples_rclpy_minimal_client.egg-info/entry_points.txt
[3.233s] writing requirements to ../../../../../build/examples_rclpy_minimal_client/examples_rclpy_minimal_client.egg-info/requires.txt
[3.233s] writing top-level names to ../../../../../build/examples_rclpy_minimal_client/examples_rclpy_minimal_client.egg-info/top_level.txt
[3.289s] reading manifest file '../../../../../build/examples_rclpy_minimal_client/examples_rclpy_minimal_client.egg-info/SOURCES.txt'
[3.292s] writing manifest file '../../../../../build/examples_rclpy_minimal_client/examples_rclpy_minimal_client.egg-info/SOURCES.txt'
[3.292s] running build
[3.292s] running build_py
[3.295s] running install
[3.297s] running install_lib
[3.301s] running install_data
[3.304s] running install_egg_info
[3.305s] removing '/home/msurkip/ros2_ws/install/examples_rclpy_minimal_client/lib/python3.8/site-packages/examples_rclpy_minimal_client-0.9.4-py3.8.egg-info' (and everything under it)
[3.305s] Copying ../../../../../build/examples_rclpy_minimal_client/examples_rclpy_minimal_client.egg-info to /home/msurkip/ros2_ws/install/examples_rclpy_minimal_client/lib/python3.8/site-packages/examples_rclpy_minimal_client-0.9.4-py3.8.egg-info
[3.308s] running install_scripts
[3.330s] Installing client script to /home/msurkip/ros2_ws/install/examples_rclpy_minimal_client/lib/examples_rclpy_minimal_client
[3.331s] Installing client_async script to /home/msurkip/ros2_ws/install/examples_rclpy_minimal_client/lib/examples_rclpy_minimal_client
[3.331s] Installing client_async_callback script to /home/msurkip/ros2_ws/install/examples_rclpy_minimal_client/lib/examples_rclpy_minimal_client
[3.331s] Installing client_async_member_function script to /home/msurkip/ros2_ws/install/examples_rclpy_minimal_client/lib/examples_rclpy_minimal_client
[3.331s] writing list of installed files to '/home/msurkip/ros2_ws/build/examples_rclpy_minimal_client/install.log'
[3.434s] Invoked command in '/home/msurkip/ros2_ws/src/examples/rclpy/services/minimal_client' returned '0': PYTHONPATH=/home/msurkip/ros2_ws/build/examples_rclpy_minimal_client/prefix_override:/home/msurkip/ros2_ws/install/examples_rclpy_minimal_client/lib/python3.8/site-packages:${PYTHONPATH} /usr/bin/python3 setup.py egg_info --egg-base ../../../../../build/examples_rclpy_minimal_client build --build-base /home/msurkip/ros2_ws/build/examples_rclpy_minimal_client/build install --record /home/msurkip/ros2_ws/build/examples_rclpy_minimal_client/install.log --install-scripts $base/lib/examples_rclpy_minimal_client --single-version-externally-managed
