[0.960s] Invoking command in '/home/msurkip/ros2_ws/build/examples_rclpy_minimal_service': PYTHONPATH=/home/msurkip/ros2_ws/build/examples_rclpy_minimal_service/prefix_override:/home/msurkip/ros2_ws/install/examples_rclpy_minimal_service/lib/python3.8/site-packages:${PYTHONPATH} /usr/bin/python3 setup.py develop --uninstall --editable --build-directory /home/msurkip/ros2_ws/build/examples_rclpy_minimal_service/build
[1.153s] running develop
[1.253s] Removing /home/msurkip/ros2_ws/install/examples_rclpy_minimal_service/lib/python3.8/site-packages/examples-rclpy-minimal-service.egg-link (link to .)
[1.265s] Invoked command in '/home/msurkip/ros2_ws/build/examples_rclpy_minimal_service' returned '0': PYTHONPATH=/home/msurkip/ros2_ws/build/examples_rclpy_minimal_service/prefix_override:/home/msurkip/ros2_ws/install/examples_rclpy_minimal_service/lib/python3.8/site-packages:${PYTHONPATH} /usr/bin/python3 setup.py develop --uninstall --editable --build-directory /home/msurkip/ros2_ws/build/examples_rclpy_minimal_service/build
[1.272s] Invoking command in '/home/msurkip/ros2_ws/src/examples/rclpy/services/minimal_service': PYTHONPATH=/home/msurkip/ros2_ws/build/examples_rclpy_minimal_service/prefix_override:/home/msurkip/ros2_ws/install/examples_rclpy_minimal_service/lib/python3.8/site-packages:${PYTHONPATH} /usr/bin/python3 setup.py egg_info --egg-base ../../../../../build/examples_rclpy_minimal_service build --build-base /home/msurkip/ros2_ws/build/examples_rclpy_minimal_service/build install --record /home/msurkip/ros2_ws/build/examples_rclpy_minimal_service/install.log --install-scripts $base/lib/examples_rclpy_minimal_service --single-version-externally-managed
[1.407s] running egg_info
[1.408s] writing ../../../../../build/examples_rclpy_minimal_service/examples_rclpy_minimal_service.egg-info/PKG-INFO
[1.408s] writing dependency_links to ../../../../../build/examples_rclpy_minimal_service/examples_rclpy_minimal_service.egg-info/dependency_links.txt
[1.408s] writing entry points to ../../../../../build/examples_rclpy_minimal_service/examples_rclpy_minimal_service.egg-info/entry_points.txt
[1.408s] writing requirements to ../../../../../build/examples_rclpy_minimal_service/examples_rclpy_minimal_service.egg-info/requires.txt
[1.408s] writing top-level names to ../../../../../build/examples_rclpy_minimal_service/examples_rclpy_minimal_service.egg-info/top_level.txt
[1.431s] reading manifest file '../../../../../build/examples_rclpy_minimal_service/examples_rclpy_minimal_service.egg-info/SOURCES.txt'
[1.432s] writing manifest file '../../../../../build/examples_rclpy_minimal_service/examples_rclpy_minimal_service.egg-info/SOURCES.txt'
[1.433s] running build
[1.433s] running build_py
[1.433s] creating /home/msurkip/ros2_ws/build/examples_rclpy_minimal_service/build
[1.433s] creating /home/msurkip/ros2_ws/build/examples_rclpy_minimal_service/build/lib
[1.433s] creating /home/msurkip/ros2_ws/build/examples_rclpy_minimal_service/build/lib/examples_rclpy_minimal_service
[1.433s] copying examples_rclpy_minimal_service/__init__.py -> /home/msurkip/ros2_ws/build/examples_rclpy_minimal_service/build/lib/examples_rclpy_minimal_service
[1.433s] copying examples_rclpy_minimal_service/service_member_function.py -> /home/msurkip/ros2_ws/build/examples_rclpy_minimal_service/build/lib/examples_rclpy_minimal_service
[1.433s] copying examples_rclpy_minimal_service/service.py -> /home/msurkip/ros2_ws/build/examples_rclpy_minimal_service/build/lib/examples_rclpy_minimal_service
[1.433s] running install
[1.434s] running install_lib
[1.435s] creating /home/msurkip/ros2_ws/install/examples_rclpy_minimal_service/lib/python3.8/site-packages/examples_rclpy_minimal_service
[1.435s] copying /home/msurkip/ros2_ws/build/examples_rclpy_minimal_service/build/lib/examples_rclpy_minimal_service/__init__.py -> /home/msurkip/ros2_ws/install/examples_rclpy_minimal_service/lib/python3.8/site-packages/examples_rclpy_minimal_service
[1.435s] copying /home/msurkip/ros2_ws/build/examples_rclpy_minimal_service/build/lib/examples_rclpy_minimal_service/service_member_function.py -> /home/msurkip/ros2_ws/install/examples_rclpy_minimal_service/lib/python3.8/site-packages/examples_rclpy_minimal_service
[1.435s] copying /home/msurkip/ros2_ws/build/examples_rclpy_minimal_service/build/lib/examples_rclpy_minimal_service/service.py -> /home/msurkip/ros2_ws/install/examples_rclpy_minimal_service/lib/python3.8/site-packages/examples_rclpy_minimal_service
[1.435s] byte-compiling /home/msurkip/ros2_ws/install/examples_rclpy_minimal_service/lib/python3.8/site-packages/examples_rclpy_minimal_service/__init__.py to __init__.cpython-38.pyc
[1.436s] byte-compiling /home/msurkip/ros2_ws/install/examples_rclpy_minimal_service/lib/python3.8/site-packages/examples_rclpy_minimal_service/service_member_function.py to service_member_function.cpython-38.pyc
[1.436s] byte-compiling /home/msurkip/ros2_ws/install/examples_rclpy_minimal_service/lib/python3.8/site-packages/examples_rclpy_minimal_service/service.py to service.cpython-38.pyc
[1.436s] running install_data
[1.438s] running install_egg_info
[1.439s] Copying ../../../../../build/examples_rclpy_minimal_service/examples_rclpy_minimal_service.egg-info to /home/msurkip/ros2_ws/install/examples_rclpy_minimal_service/lib/python3.8/site-packages/examples_rclpy_minimal_service-0.9.4-py3.8.egg-info
[1.439s] running install_scripts
[1.452s] Installing service script to /home/msurkip/ros2_ws/install/examples_rclpy_minimal_service/lib/examples_rclpy_minimal_service
[1.452s] Installing service_member_function script to /home/msurkip/ros2_ws/install/examples_rclpy_minimal_service/lib/examples_rclpy_minimal_service
[1.452s] writing list of installed files to '/home/msurkip/ros2_ws/build/examples_rclpy_minimal_service/install.log'
[1.472s] Invoked command in '/home/msurkip/ros2_ws/src/examples/rclpy/services/minimal_service' returned '0': PYTHONPATH=/home/msurkip/ros2_ws/build/examples_rclpy_minimal_service/prefix_override:/home/msurkip/ros2_ws/install/examples_rclpy_minimal_service/lib/python3.8/site-packages:${PYTHONPATH} /usr/bin/python3 setup.py egg_info --egg-base ../../../../../build/examples_rclpy_minimal_service build --build-base /home/msurkip/ros2_ws/build/examples_rclpy_minimal_service/build install --record /home/msurkip/ros2_ws/build/examples_rclpy_minimal_service/install.log --install-scripts $base/lib/examples_rclpy_minimal_service --single-version-externally-managed
