[0.145s] Invoking command in '/home/msurkip/ros2_ws/build/turtlesim': /usr/bin/cmake --build /home/msurkip/ros2_ws/build/turtlesim -- -j8 -l8
[0.341s] [  1%] Built target turtlesim__cpp
[0.365s] [ 11%] Built target turtlesim__rosidl_generator_c
[0.435s] [ 21%] Built target turtlesim__rosidl_typesupport_cpp
[0.435s] [ 31%] Built target turtlesim__rosidl_typesupport_introspection_cpp
[0.449s] [ 41%] Built target turtlesim__rosidl_typesupport_introspection_c
[0.450s] [ 51%] Built target turtlesim__rosidl_typesupport_c
[0.463s] [ 52%] [32m[1mLinking CXX shared library libturtlesim__rosidl_typesupport_fastrtps_cpp.so[0m
[0.800s] [ 61%] Built target turtlesim__rosidl_typesupport_fastrtps_cpp
[0.893s] [ 62%] [32m[1mLinking CXX shared library libturtlesim__rosidl_typesupport_fastrtps_c.so[0m
[1.066s] [ 71%] Built target turtlesim__rosidl_typesupport_fastrtps_c
[1.129s] [ 71%] Built target turtlesim
[1.205s] [ 72%] Built target turtlesim__py
[1.225s] [ 74%] Built target mimic
[1.234s] [ 76%] Built target turtle_teleop_key
[1.236s] [ 78%] Built target draw_square
[1.264s] [ 84%] Built target turtlesim_node
[1.291s] [ 93%] Built target turtlesim__python
[1.358s] [ 95%] Built target turtlesim__rosidl_typesupport_introspection_c__pyext
[1.359s] [ 97%] Built target turtlesim__rosidl_typesupport_c__pyext
[1.361s] [ 98%] [32m[1mLinking CXX shared library rosidl_generator_py/turtlesim/turtlesim_s__rosidl_typesupport_fastrtps_c.cpython-38-x86_64-linux-gnu.so[0m
[1.493s] [100%] Built target turtlesim__rosidl_typesupport_fastrtps_c__pyext
[1.511s] Invoked command in '/home/msurkip/ros2_ws/build/turtlesim' returned '0': /usr/bin/cmake --build /home/msurkip/ros2_ws/build/turtlesim -- -j8 -l8
[1.760s] Invoking command in '/home/msurkip/ros2_ws/build/turtlesim': /usr/bin/cmake --install /home/msurkip/ros2_ws/build/turtlesim
[1.789s] -- Install configuration: ""
[1.796s] -- Up-to-date: /home/msurkip/ros2_ws/install/turtlesim/share/ament_index/resource_index/rosidl_interfaces/turtlesim
[1.797s] -- Up-to-date: /home/msurkip/ros2_ws/install/turtlesim/include/turtlesim
[1.798s] -- Up-to-date: /home/msurkip/ros2_ws/install/turtlesim/include/turtlesim/srv
[1.799s] -- Up-to-date: /home/msurkip/ros2_ws/install/turtlesim/include/turtlesim/srv/set_pen.h
[1.800s] -- Up-to-date: /home/msurkip/ros2_ws/install/turtlesim/include/turtlesim/srv/detail
[1.801s] -- Up-to-date: /home/msurkip/ros2_ws/install/turtlesim/include/turtlesim/srv/detail/kill__struct.h
[1.801s] -- Up-to-date: /home/msurkip/ros2_ws/install/turtlesim/include/turtlesim/srv/detail/kill__functions.h
[1.801s] -- Up-to-date: /home/msurkip/ros2_ws/install/turtlesim/include/turtlesim/srv/detail/set_pen__functions.h
[1.801s] -- Up-to-date: /home/msurkip/ros2_ws/install/turtlesim/include/turtlesim/srv/detail/teleport_absolute__functions.h
[1.802s] -- Up-to-date: /home/msurkip/ros2_ws/install/turtlesim/include/turtlesim/srv/detail/spawn__functions.h
[1.802s] -- Up-to-date: /home/msurkip/ros2_ws/install/turtlesim/include/turtlesim/srv/detail/set_pen__type_support.h
[1.803s] -- Up-to-date: /home/msurkip/ros2_ws/install/turtlesim/include/turtlesim/srv/detail/teleport_relative__struct.h
[1.804s] -- Up-to-date: /home/msurkip/ros2_ws/install/turtlesim/include/turtlesim/srv/detail/kill__type_support.h
[1.804s] -- Up-to-date: /home/msurkip/ros2_ws/install/turtlesim/include/turtlesim/srv/detail/set_pen__struct.h
[1.804s] -- Up-to-date: /home/msurkip/ros2_ws/install/turtlesim/include/turtlesim/srv/detail/spawn__functions.c
[1.805s] -- Up-to-date: /home/msurkip/ros2_ws/install/turtlesim/include/turtlesim/srv/detail/teleport_absolute__type_support.h
[1.805s] -- Up-to-date: /home/msurkip/ros2_ws/install/turtlesim/include/turtlesim/srv/detail/teleport_relative__type_support.h
[1.805s] -- Up-to-date: /home/msurkip/ros2_ws/install/turtlesim/include/turtlesim/srv/detail/set_pen__functions.c
[1.805s] -- Up-to-date: /home/msurkip/ros2_ws/install/turtlesim/include/turtlesim/srv/detail/teleport_absolute__struct.h
[1.806s] -- Up-to-date: /home/msurkip/ros2_ws/install/turtlesim/include/turtlesim/srv/detail/teleport_absolute__functions.c
[1.806s] -- Up-to-date: /home/msurkip/ros2_ws/install/turtlesim/include/turtlesim/srv/detail/teleport_relative__functions.c
[1.806s] -- Up-to-date: /home/msurkip/ros2_ws/install/turtlesim/include/turtlesim/srv/detail/kill__functions.c
[1.807s] -- Up-to-date: /home/msurkip/ros2_ws/install/turtlesim/include/turtlesim/srv/detail/spawn__struct.h
[1.807s] -- Up-to-date: /home/msurkip/ros2_ws/install/turtlesim/include/turtlesim/srv/detail/spawn__type_support.h
[1.807s] -- Up-to-date: /home/msurkip/ros2_ws/install/turtlesim/include/turtlesim/srv/detail/teleport_relative__functions.h
[1.807s] -- Up-to-date: /home/msurkip/ros2_ws/install/turtlesim/include/turtlesim/srv/kill.h
[1.808s] -- Up-to-date: /home/msurkip/ros2_ws/install/turtlesim/include/turtlesim/srv/teleport_absolute.h
[1.808s] -- Up-to-date: /home/msurkip/ros2_ws/install/turtlesim/include/turtlesim/srv/teleport_relative.h
[1.808s] -- Up-to-date: /home/msurkip/ros2_ws/install/turtlesim/include/turtlesim/srv/spawn.h
[1.808s] -- Up-to-date: /home/msurkip/ros2_ws/install/turtlesim/include/turtlesim/msg
[1.808s] -- Up-to-date: /home/msurkip/ros2_ws/install/turtlesim/include/turtlesim/msg/color.h
[1.809s] -- Up-to-date: /home/msurkip/ros2_ws/install/turtlesim/include/turtlesim/msg/rosidl_generator_c__visibility_control.h
[1.809s] -- Up-to-date: /home/msurkip/ros2_ws/install/turtlesim/include/turtlesim/msg/detail
[1.809s] -- Up-to-date: /home/msurkip/ros2_ws/install/turtlesim/include/turtlesim/msg/detail/color__type_support.h
[1.809s] -- Up-to-date: /home/msurkip/ros2_ws/install/turtlesim/include/turtlesim/msg/detail/color__functions.c
[1.810s] -- Up-to-date: /home/msurkip/ros2_ws/install/turtlesim/include/turtlesim/msg/detail/pose__type_support.h
[1.810s] -- Up-to-date: /home/msurkip/ros2_ws/install/turtlesim/include/turtlesim/msg/detail/pose__functions.h
[1.810s] -- Up-to-date: /home/msurkip/ros2_ws/install/turtlesim/include/turtlesim/msg/detail/color__functions.h
[1.810s] -- Up-to-date: /home/msurkip/ros2_ws/install/turtlesim/include/turtlesim/msg/detail/pose__functions.c
[1.811s] -- Up-to-date: /home/msurkip/ros2_ws/install/turtlesim/include/turtlesim/msg/detail/pose__struct.h
[1.811s] -- Up-to-date: /home/msurkip/ros2_ws/install/turtlesim/include/turtlesim/msg/detail/color__struct.h
[1.811s] -- Up-to-date: /home/msurkip/ros2_ws/install/turtlesim/include/turtlesim/msg/pose.h
[1.811s] -- Up-to-date: /home/msurkip/ros2_ws/install/turtlesim/include/turtlesim/action
[1.811s] -- Up-to-date: /home/msurkip/ros2_ws/install/turtlesim/include/turtlesim/action/detail
[1.811s] -- Up-to-date: /home/msurkip/ros2_ws/install/turtlesim/include/turtlesim/action/detail/rotate_absolute__type_support.h
[1.811s] -- Up-to-date: /home/msurkip/ros2_ws/install/turtlesim/include/turtlesim/action/detail/rotate_absolute__functions.c
[1.812s] -- Up-to-date: /home/msurkip/ros2_ws/install/turtlesim/include/turtlesim/action/detail/rotate_absolute__functions.h
[1.812s] -- Up-to-date: /home/msurkip/ros2_ws/install/turtlesim/include/turtlesim/action/detail/rotate_absolute__struct.h
[1.812s] -- Up-to-date: /home/msurkip/ros2_ws/install/turtlesim/include/turtlesim/action/rotate_absolute.h
[1.812s] -- Up-to-date: /home/msurkip/ros2_ws/install/turtlesim/share/turtlesim/environment/library_path.sh
[1.813s] -- Up-to-date: /home/msurkip/ros2_ws/install/turtlesim/share/turtlesim/environment/library_path.dsv
[1.817s] -- Up-to-date: /home/msurkip/ros2_ws/install/turtlesim/lib/libturtlesim__rosidl_generator_c.so
[1.818s] -- Up-to-date: /home/msurkip/ros2_ws/install/turtlesim/include/turtlesim
[1.818s] -- Up-to-date: /home/msurkip/ros2_ws/install/turtlesim/include/turtlesim/srv
[1.819s] -- Up-to-date: /home/msurkip/ros2_ws/install/turtlesim/include/turtlesim/srv/detail
[1.819s] -- Up-to-date: /home/msurkip/ros2_ws/install/turtlesim/include/turtlesim/srv/detail/spawn__rosidl_typesupport_fastrtps_c.h
[1.819s] -- Up-to-date: /home/msurkip/ros2_ws/install/turtlesim/include/turtlesim/srv/detail/teleport_absolute__rosidl_typesupport_fastrtps_c.h
[1.820s] -- Up-to-date: /home/msurkip/ros2_ws/install/turtlesim/include/turtlesim/srv/detail/kill__rosidl_typesupport_fastrtps_c.h
[1.820s] -- Up-to-date: /home/msurkip/ros2_ws/install/turtlesim/include/turtlesim/srv/detail/set_pen__rosidl_typesupport_fastrtps_c.h
[1.820s] -- Up-to-date: /home/msurkip/ros2_ws/install/turtlesim/include/turtlesim/srv/detail/teleport_relative__rosidl_typesupport_fastrtps_c.h
[1.820s] -- Up-to-date: /home/msurkip/ros2_ws/install/turtlesim/include/turtlesim/msg
[1.820s] -- Up-to-date: /home/msurkip/ros2_ws/install/turtlesim/include/turtlesim/msg/detail
[1.820s] -- Up-to-date: /home/msurkip/ros2_ws/install/turtlesim/include/turtlesim/msg/detail/pose__rosidl_typesupport_fastrtps_c.h
[1.821s] -- Up-to-date: /home/msurkip/ros2_ws/install/turtlesim/include/turtlesim/msg/detail/color__rosidl_typesupport_fastrtps_c.h
[1.821s] -- Up-to-date: /home/msurkip/ros2_ws/install/turtlesim/include/turtlesim/msg/rosidl_typesupport_fastrtps_c__visibility_control.h
[1.821s] -- Up-to-date: /home/msurkip/ros2_ws/install/turtlesim/include/turtlesim/action
[1.821s] -- Up-to-date: /home/msurkip/ros2_ws/install/turtlesim/include/turtlesim/action/detail
[1.821s] -- Up-to-date: /home/msurkip/ros2_ws/install/turtlesim/include/turtlesim/action/detail/rotate_absolute__rosidl_typesupport_fastrtps_c.h
[1.824s] -- Installing: /home/msurkip/ros2_ws/install/turtlesim/lib/libturtlesim__rosidl_typesupport_fastrtps_c.so
[1.826s] -- Set runtime path of "/home/msurkip/ros2_ws/install/turtlesim/lib/libturtlesim__rosidl_typesupport_fastrtps_c.so" to ""
[1.826s] -- Up-to-date: /home/msurkip/ros2_ws/install/turtlesim/include/turtlesim
[1.826s] -- Up-to-date: /home/msurkip/ros2_ws/install/turtlesim/include/turtlesim/srv
[1.826s] -- Up-to-date: /home/msurkip/ros2_ws/install/turtlesim/include/turtlesim/srv/detail
[1.827s] -- Up-to-date: /home/msurkip/ros2_ws/install/turtlesim/include/turtlesim/srv/detail/teleport_absolute__rosidl_typesupport_fastrtps_cpp.hpp
[1.827s] -- Up-to-date: /home/msurkip/ros2_ws/install/turtlesim/include/turtlesim/srv/detail/teleport_relative__rosidl_typesupport_fastrtps_cpp.hpp
[1.827s] -- Up-to-date: /home/msurkip/ros2_ws/install/turtlesim/include/turtlesim/srv/detail/spawn__rosidl_typesupport_fastrtps_cpp.hpp
[1.828s] -- Up-to-date: /home/msurkip/ros2_ws/install/turtlesim/include/turtlesim/srv/detail/kill__rosidl_typesupport_fastrtps_cpp.hpp
[1.828s] -- Up-to-date: /home/msurkip/ros2_ws/install/turtlesim/include/turtlesim/srv/detail/set_pen__rosidl_typesupport_fastrtps_cpp.hpp
[1.828s] -- Up-to-date: /home/msurkip/ros2_ws/install/turtlesim/include/turtlesim/srv/detail/dds_fastrtps
[1.828s] -- Up-to-date: /home/msurkip/ros2_ws/install/turtlesim/include/turtlesim/msg
[1.828s] -- Up-to-date: /home/msurkip/ros2_ws/install/turtlesim/include/turtlesim/msg/rosidl_typesupport_fastrtps_cpp__visibility_control.h
[1.829s] -- Up-to-date: /home/msurkip/ros2_ws/install/turtlesim/include/turtlesim/msg/detail
[1.829s] -- Up-to-date: /home/msurkip/ros2_ws/install/turtlesim/include/turtlesim/msg/detail/color__rosidl_typesupport_fastrtps_cpp.hpp
[1.829s] -- Up-to-date: /home/msurkip/ros2_ws/install/turtlesim/include/turtlesim/msg/detail/pose__rosidl_typesupport_fastrtps_cpp.hpp
[1.829s] -- Up-to-date: /home/msurkip/ros2_ws/install/turtlesim/include/turtlesim/msg/detail/dds_fastrtps
[1.829s] -- Up-to-date: /home/msurkip/ros2_ws/install/turtlesim/include/turtlesim/action
[1.829s] -- Up-to-date: /home/msurkip/ros2_ws/install/turtlesim/include/turtlesim/action/detail
[1.829s] -- Up-to-date: /home/msurkip/ros2_ws/install/turtlesim/include/turtlesim/action/detail/rotate_absolute__rosidl_typesupport_fastrtps_cpp.hpp
[1.830s] -- Up-to-date: /home/msurkip/ros2_ws/install/turtlesim/include/turtlesim/action/detail/dds_fastrtps
[1.832s] -- Installing: /home/msurkip/ros2_ws/install/turtlesim/lib/libturtlesim__rosidl_typesupport_fastrtps_cpp.so
[1.834s] -- Set runtime path of "/home/msurkip/ros2_ws/install/turtlesim/lib/libturtlesim__rosidl_typesupport_fastrtps_cpp.so" to ""
[1.834s] -- Up-to-date: /home/msurkip/ros2_ws/install/turtlesim/include/turtlesim
[1.835s] -- Up-to-date: /home/msurkip/ros2_ws/install/turtlesim/include/turtlesim/srv
[1.835s] -- Up-to-date: /home/msurkip/ros2_ws/install/turtlesim/include/turtlesim/srv/detail
[1.835s] -- Up-to-date: /home/msurkip/ros2_ws/install/turtlesim/include/turtlesim/srv/detail/set_pen__type_support.c
[1.835s] -- Up-to-date: /home/msurkip/ros2_ws/install/turtlesim/include/turtlesim/srv/detail/teleport_relative__type_support.c
[1.835s] -- Up-to-date: /home/msurkip/ros2_ws/install/turtlesim/include/turtlesim/srv/detail/kill__rosidl_typesupport_introspection_c.h
[1.836s] -- Up-to-date: /home/msurkip/ros2_ws/install/turtlesim/include/turtlesim/srv/detail/teleport_absolute__rosidl_typesupport_introspection_c.h
[1.836s] -- Up-to-date: /home/msurkip/ros2_ws/install/turtlesim/include/turtlesim/srv/detail/set_pen__rosidl_typesupport_introspection_c.h
[1.836s] -- Up-to-date: /home/msurkip/ros2_ws/install/turtlesim/include/turtlesim/srv/detail/spawn__rosidl_typesupport_introspection_c.h
[1.836s] -- Up-to-date: /home/msurkip/ros2_ws/install/turtlesim/include/turtlesim/srv/detail/spawn__type_support.c
[1.836s] -- Up-to-date: /home/msurkip/ros2_ws/install/turtlesim/include/turtlesim/srv/detail/kill__type_support.c
[1.837s] -- Up-to-date: /home/msurkip/ros2_ws/install/turtlesim/include/turtlesim/srv/detail/teleport_absolute__type_support.c
[1.837s] -- Up-to-date: /home/msurkip/ros2_ws/install/turtlesim/include/turtlesim/srv/detail/teleport_relative__rosidl_typesupport_introspection_c.h
[1.837s] -- Up-to-date: /home/msurkip/ros2_ws/install/turtlesim/include/turtlesim/msg
[1.837s] -- Up-to-date: /home/msurkip/ros2_ws/install/turtlesim/include/turtlesim/msg/detail
[1.837s] -- Up-to-date: /home/msurkip/ros2_ws/install/turtlesim/include/turtlesim/msg/detail/color__rosidl_typesupport_introspection_c.h
[1.837s] -- Up-to-date: /home/msurkip/ros2_ws/install/turtlesim/include/turtlesim/msg/detail/color__type_support.c
[1.837s] -- Up-to-date: /home/msurkip/ros2_ws/install/turtlesim/include/turtlesim/msg/detail/pose__rosidl_typesupport_introspection_c.h
[1.838s] -- Up-to-date: /home/msurkip/ros2_ws/install/turtlesim/include/turtlesim/msg/detail/pose__type_support.c
[1.838s] -- Up-to-date: /home/msurkip/ros2_ws/install/turtlesim/include/turtlesim/msg/rosidl_typesupport_introspection_c__visibility_control.h
[1.838s] -- Up-to-date: /home/msurkip/ros2_ws/install/turtlesim/include/turtlesim/action
[1.838s] -- Up-to-date: /home/msurkip/ros2_ws/install/turtlesim/include/turtlesim/action/detail
[1.838s] -- Up-to-date: /home/msurkip/ros2_ws/install/turtlesim/include/turtlesim/action/detail/rotate_absolute__type_support.c
[1.838s] -- Up-to-date: /home/msurkip/ros2_ws/install/turtlesim/include/turtlesim/action/detail/rotate_absolute__rosidl_typesupport_introspection_c.h
[1.839s] -- Up-to-date: /home/msurkip/ros2_ws/install/turtlesim/lib/libturtlesim__rosidl_typesupport_introspection_c.so
[1.842s] -- Up-to-date: /home/msurkip/ros2_ws/install/turtlesim/lib/libturtlesim__rosidl_typesupport_c.so
[1.843s] -- Up-to-date: /home/msurkip/ros2_ws/install/turtlesim/include/turtlesim
[1.843s] -- Up-to-date: /home/msurkip/ros2_ws/install/turtlesim/include/turtlesim/srv
[1.843s] -- Up-to-date: /home/msurkip/ros2_ws/install/turtlesim/include/turtlesim/srv/spawn.hpp
[1.843s] -- Up-to-date: /home/msurkip/ros2_ws/install/turtlesim/include/turtlesim/srv/detail
[1.844s] -- Up-to-date: /home/msurkip/ros2_ws/install/turtlesim/include/turtlesim/srv/detail/spawn__struct.hpp
[1.844s] -- Up-to-date: /home/msurkip/ros2_ws/install/turtlesim/include/turtlesim/srv/detail/teleport_relative__struct.hpp
[1.844s] -- Up-to-date: /home/msurkip/ros2_ws/install/turtlesim/include/turtlesim/srv/detail/teleport_absolute__builder.hpp
[1.844s] -- Up-to-date: /home/msurkip/ros2_ws/install/turtlesim/include/turtlesim/srv/detail/kill__traits.hpp
[1.844s] -- Up-to-date: /home/msurkip/ros2_ws/install/turtlesim/include/turtlesim/srv/detail/teleport_relative__traits.hpp
[1.845s] -- Up-to-date: /home/msurkip/ros2_ws/install/turtlesim/include/turtlesim/srv/detail/teleport_absolute__traits.hpp
[1.845s] -- Up-to-date: /home/msurkip/ros2_ws/install/turtlesim/include/turtlesim/srv/detail/set_pen__struct.hpp
[1.845s] -- Up-to-date: /home/msurkip/ros2_ws/install/turtlesim/include/turtlesim/srv/detail/kill__struct.hpp
[1.845s] -- Up-to-date: /home/msurkip/ros2_ws/install/turtlesim/include/turtlesim/srv/detail/spawn__builder.hpp
[1.846s] -- Up-to-date: /home/msurkip/ros2_ws/install/turtlesim/include/turtlesim/srv/detail/teleport_absolute__struct.hpp
[1.846s] -- Up-to-date: /home/msurkip/ros2_ws/install/turtlesim/include/turtlesim/srv/detail/teleport_relative__builder.hpp
[1.846s] -- Up-to-date: /home/msurkip/ros2_ws/install/turtlesim/include/turtlesim/srv/detail/set_pen__builder.hpp
[1.846s] -- Up-to-date: /home/msurkip/ros2_ws/install/turtlesim/include/turtlesim/srv/detail/kill__builder.hpp
[1.846s] -- Up-to-date: /home/msurkip/ros2_ws/install/turtlesim/include/turtlesim/srv/detail/set_pen__traits.hpp
[1.847s] -- Up-to-date: /home/msurkip/ros2_ws/install/turtlesim/include/turtlesim/srv/detail/spawn__traits.hpp
[1.847s] -- Up-to-date: /home/msurkip/ros2_ws/install/turtlesim/include/turtlesim/srv/kill.hpp
[1.847s] -- Up-to-date: /home/msurkip/ros2_ws/install/turtlesim/include/turtlesim/srv/teleport_absolute.hpp
[1.847s] -- Up-to-date: /home/msurkip/ros2_ws/install/turtlesim/include/turtlesim/srv/teleport_relative.hpp
[1.847s] -- Up-to-date: /home/msurkip/ros2_ws/install/turtlesim/include/turtlesim/srv/set_pen.hpp
[1.848s] -- Up-to-date: /home/msurkip/ros2_ws/install/turtlesim/include/turtlesim/msg
[1.848s] -- Up-to-date: /home/msurkip/ros2_ws/install/turtlesim/include/turtlesim/msg/detail
[1.848s] -- Up-to-date: /home/msurkip/ros2_ws/install/turtlesim/include/turtlesim/msg/detail/color__traits.hpp
[1.848s] -- Up-to-date: /home/msurkip/ros2_ws/install/turtlesim/include/turtlesim/msg/detail/pose__traits.hpp
[1.849s] -- Up-to-date: /home/msurkip/ros2_ws/install/turtlesim/include/turtlesim/msg/detail/pose__builder.hpp
[1.849s] -- Up-to-date: /home/msurkip/ros2_ws/install/turtlesim/include/turtlesim/msg/detail/color__struct.hpp
[1.849s] -- Up-to-date: /home/msurkip/ros2_ws/install/turtlesim/include/turtlesim/msg/detail/pose__struct.hpp
[1.849s] -- Up-to-date: /home/msurkip/ros2_ws/install/turtlesim/include/turtlesim/msg/detail/color__builder.hpp
[1.849s] -- Up-to-date: /home/msurkip/ros2_ws/install/turtlesim/include/turtlesim/msg/pose.hpp
[1.850s] -- Up-to-date: /home/msurkip/ros2_ws/install/turtlesim/include/turtlesim/msg/color.hpp
[1.850s] -- Up-to-date: /home/msurkip/ros2_ws/install/turtlesim/include/turtlesim/action
[1.850s] -- Up-to-date: /home/msurkip/ros2_ws/install/turtlesim/include/turtlesim/action/detail
[1.850s] -- Up-to-date: /home/msurkip/ros2_ws/install/turtlesim/include/turtlesim/action/detail/rotate_absolute__builder.hpp
[1.850s] -- Up-to-date: /home/msurkip/ros2_ws/install/turtlesim/include/turtlesim/action/detail/rotate_absolute__traits.hpp
[1.850s] -- Up-to-date: /home/msurkip/ros2_ws/install/turtlesim/include/turtlesim/action/detail/rotate_absolute__struct.hpp
[1.851s] -- Up-to-date: /home/msurkip/ros2_ws/install/turtlesim/include/turtlesim/action/rotate_absolute.hpp
[1.851s] -- Up-to-date: /home/msurkip/ros2_ws/install/turtlesim/include/turtlesim
[1.851s] -- Up-to-date: /home/msurkip/ros2_ws/install/turtlesim/include/turtlesim/srv
[1.851s] -- Up-to-date: /home/msurkip/ros2_ws/install/turtlesim/include/turtlesim/srv/detail
[1.851s] -- Up-to-date: /home/msurkip/ros2_ws/install/turtlesim/include/turtlesim/srv/detail/spawn__rosidl_typesupport_introspection_cpp.hpp
[1.851s] -- Up-to-date: /home/msurkip/ros2_ws/install/turtlesim/include/turtlesim/srv/detail/teleport_absolute__type_support.cpp
[1.852s] -- Up-to-date: /home/msurkip/ros2_ws/install/turtlesim/include/turtlesim/srv/detail/teleport_relative__type_support.cpp
[1.852s] -- Up-to-date: /home/msurkip/ros2_ws/install/turtlesim/include/turtlesim/srv/detail/set_pen__type_support.cpp
[1.852s] -- Up-to-date: /home/msurkip/ros2_ws/install/turtlesim/include/turtlesim/srv/detail/teleport_absolute__rosidl_typesupport_introspection_cpp.hpp
[1.852s] -- Up-to-date: /home/msurkip/ros2_ws/install/turtlesim/include/turtlesim/srv/detail/spawn__type_support.cpp
[1.853s] -- Up-to-date: /home/msurkip/ros2_ws/install/turtlesim/include/turtlesim/srv/detail/kill__rosidl_typesupport_introspection_cpp.hpp
[1.853s] -- Up-to-date: /home/msurkip/ros2_ws/install/turtlesim/include/turtlesim/srv/detail/set_pen__rosidl_typesupport_introspection_cpp.hpp
[1.853s] -- Up-to-date: /home/msurkip/ros2_ws/install/turtlesim/include/turtlesim/srv/detail/kill__type_support.cpp
[1.853s] -- Up-to-date: /home/msurkip/ros2_ws/install/turtlesim/include/turtlesim/srv/detail/teleport_relative__rosidl_typesupport_introspection_cpp.hpp
[1.853s] -- Up-to-date: /home/msurkip/ros2_ws/install/turtlesim/include/turtlesim/msg
[1.853s] -- Up-to-date: /home/msurkip/ros2_ws/install/turtlesim/include/turtlesim/msg/detail
[1.853s] -- Up-to-date: /home/msurkip/ros2_ws/install/turtlesim/include/turtlesim/msg/detail/pose__type_support.cpp
[1.853s] -- Up-to-date: /home/msurkip/ros2_ws/install/turtlesim/include/turtlesim/msg/detail/pose__rosidl_typesupport_introspection_cpp.hpp
[1.853s] -- Up-to-date: /home/msurkip/ros2_ws/install/turtlesim/include/turtlesim/msg/detail/color__rosidl_typesupport_introspection_cpp.hpp
[1.854s] -- Up-to-date: /home/msurkip/ros2_ws/install/turtlesim/include/turtlesim/msg/detail/color__type_support.cpp
[1.854s] -- Up-to-date: /home/msurkip/ros2_ws/install/turtlesim/include/turtlesim/action
[1.854s] -- Up-to-date: /home/msurkip/ros2_ws/install/turtlesim/include/turtlesim/action/detail
[1.854s] -- Up-to-date: /home/msurkip/ros2_ws/install/turtlesim/include/turtlesim/action/detail/rotate_absolute__type_support.cpp
[1.854s] -- Up-to-date: /home/msurkip/ros2_ws/install/turtlesim/include/turtlesim/action/detail/rotate_absolute__rosidl_typesupport_introspection_cpp.hpp
[1.854s] -- Up-to-date: /home/msurkip/ros2_ws/install/turtlesim/lib/libturtlesim__rosidl_typesupport_introspection_cpp.so
[1.858s] -- Up-to-date: /home/msurkip/ros2_ws/install/turtlesim/lib/libturtlesim__rosidl_typesupport_cpp.so
[1.858s] -- Up-to-date: /home/msurkip/ros2_ws/install/turtlesim/share/turtlesim/environment/pythonpath.sh
[1.858s] -- Up-to-date: /home/msurkip/ros2_ws/install/turtlesim/share/turtlesim/environment/pythonpath.dsv
[1.862s] -- Up-to-date: /home/msurkip/ros2_ws/install/turtlesim/lib/python3.8/site-packages/turtlesim/__init__.py
[1.936s] -- Up-to-date: /home/msurkip/ros2_ws/install/turtlesim/lib/python3.8/site-packages/turtlesim/action
[1.937s] -- Up-to-date: /home/msurkip/ros2_ws/install/turtlesim/lib/python3.8/site-packages/turtlesim/action/__init__.py
[1.937s] -- Up-to-date: /home/msurkip/ros2_ws/install/turtlesim/lib/python3.8/site-packages/turtlesim/action/_rotate_absolute.py
[1.937s] -- Up-to-date: /home/msurkip/ros2_ws/install/turtlesim/lib/python3.8/site-packages/turtlesim/action/_rotate_absolute_s.c
[1.938s] -- Up-to-date: /home/msurkip/ros2_ws/install/turtlesim/lib/python3.8/site-packages/turtlesim/msg
[1.938s] -- Up-to-date: /home/msurkip/ros2_ws/install/turtlesim/lib/python3.8/site-packages/turtlesim/msg/_pose_s.c
[1.939s] -- Up-to-date: /home/msurkip/ros2_ws/install/turtlesim/lib/python3.8/site-packages/turtlesim/msg/__init__.py
[1.939s] -- Up-to-date: /home/msurkip/ros2_ws/install/turtlesim/lib/python3.8/site-packages/turtlesim/msg/_color_s.c
[1.939s] -- Up-to-date: /home/msurkip/ros2_ws/install/turtlesim/lib/python3.8/site-packages/turtlesim/msg/_pose.py
[1.939s] -- Up-to-date: /home/msurkip/ros2_ws/install/turtlesim/lib/python3.8/site-packages/turtlesim/msg/_color.py
[1.941s] -- Up-to-date: /home/msurkip/ros2_ws/install/turtlesim/lib/python3.8/site-packages/turtlesim/srv
[1.942s] -- Up-to-date: /home/msurkip/ros2_ws/install/turtlesim/lib/python3.8/site-packages/turtlesim/srv/__init__.py
[1.943s] -- Up-to-date: /home/msurkip/ros2_ws/install/turtlesim/lib/python3.8/site-packages/turtlesim/srv/_spawn_s.c
[1.943s] -- Up-to-date: /home/msurkip/ros2_ws/install/turtlesim/lib/python3.8/site-packages/turtlesim/srv/_kill_s.c
[1.943s] -- Up-to-date: /home/msurkip/ros2_ws/install/turtlesim/lib/python3.8/site-packages/turtlesim/srv/_kill.py
[1.943s] -- Up-to-date: /home/msurkip/ros2_ws/install/turtlesim/lib/python3.8/site-packages/turtlesim/srv/_set_pen.py
[1.943s] -- Up-to-date: /home/msurkip/ros2_ws/install/turtlesim/lib/python3.8/site-packages/turtlesim/srv/_teleport_relative.py
[1.943s] -- Up-to-date: /home/msurkip/ros2_ws/install/turtlesim/lib/python3.8/site-packages/turtlesim/srv/_teleport_absolute_s.c
[1.943s] -- Up-to-date: /home/msurkip/ros2_ws/install/turtlesim/lib/python3.8/site-packages/turtlesim/srv/_teleport_relative_s.c
[1.944s] -- Up-to-date: /home/msurkip/ros2_ws/install/turtlesim/lib/python3.8/site-packages/turtlesim/srv/_spawn.py
[1.944s] -- Up-to-date: /home/msurkip/ros2_ws/install/turtlesim/lib/python3.8/site-packages/turtlesim/srv/_teleport_absolute.py
[1.944s] -- Up-to-date: /home/msurkip/ros2_ws/install/turtlesim/lib/python3.8/site-packages/turtlesim/srv/_set_pen_s.c
[1.945s] -- Installing: /home/msurkip/ros2_ws/install/turtlesim/lib/python3.8/site-packages/turtlesim/turtlesim_s__rosidl_typesupport_fastrtps_c.cpython-38-x86_64-linux-gnu.so
[1.947s] -- Set runtime path of "/home/msurkip/ros2_ws/install/turtlesim/lib/python3.8/site-packages/turtlesim/turtlesim_s__rosidl_typesupport_fastrtps_c.cpython-38-x86_64-linux-gnu.so" to ""
[1.950s] -- Up-to-date: /home/msurkip/ros2_ws/install/turtlesim/lib/python3.8/site-packages/turtlesim/turtlesim_s__rosidl_typesupport_introspection_c.cpython-38-x86_64-linux-gnu.so
[1.955s] -- Up-to-date: /home/msurkip/ros2_ws/install/turtlesim/lib/python3.8/site-packages/turtlesim/turtlesim_s__rosidl_typesupport_c.cpython-38-x86_64-linux-gnu.so
[1.959s] -- Up-to-date: /home/msurkip/ros2_ws/install/turtlesim/lib/libturtlesim__python.so
[1.961s] -- Up-to-date: /home/msurkip/ros2_ws/install/turtlesim/share/turtlesim/action/RotateAbsolute.idl
[1.962s] -- Up-to-date: /home/msurkip/ros2_ws/install/turtlesim/share/turtlesim/msg/Color.idl
[1.962s] -- Up-to-date: /home/msurkip/ros2_ws/install/turtlesim/share/turtlesim/msg/Pose.idl
[1.963s] -- Up-to-date: /home/msurkip/ros2_ws/install/turtlesim/share/turtlesim/srv/Kill.idl
[1.963s] -- Up-to-date: /home/msurkip/ros2_ws/install/turtlesim/share/turtlesim/srv/SetPen.idl
[1.963s] -- Up-to-date: /home/msurkip/ros2_ws/install/turtlesim/share/turtlesim/srv/Spawn.idl
[1.963s] -- Up-to-date: /home/msurkip/ros2_ws/install/turtlesim/share/turtlesim/srv/TeleportAbsolute.idl
[1.964s] -- Up-to-date: /home/msurkip/ros2_ws/install/turtlesim/share/turtlesim/srv/TeleportRelative.idl
[1.964s] -- Up-to-date: /home/msurkip/ros2_ws/install/turtlesim/share/turtlesim/action/RotateAbsolute.action
[1.964s] -- Up-to-date: /home/msurkip/ros2_ws/install/turtlesim/share/turtlesim/msg/Color.msg
[1.964s] -- Up-to-date: /home/msurkip/ros2_ws/install/turtlesim/share/turtlesim/msg/Pose.msg
[1.965s] -- Up-to-date: /home/msurkip/ros2_ws/install/turtlesim/share/turtlesim/srv/Kill.srv
[1.965s] -- Up-to-date: /home/msurkip/ros2_ws/install/turtlesim/share/turtlesim/srv/Kill_Request.msg
[1.965s] -- Up-to-date: /home/msurkip/ros2_ws/install/turtlesim/share/turtlesim/srv/Kill_Response.msg
[1.966s] -- Up-to-date: /home/msurkip/ros2_ws/install/turtlesim/share/turtlesim/srv/SetPen.srv
[1.966s] -- Up-to-date: /home/msurkip/ros2_ws/install/turtlesim/share/turtlesim/srv/SetPen_Request.msg
[1.966s] -- Up-to-date: /home/msurkip/ros2_ws/install/turtlesim/share/turtlesim/srv/SetPen_Response.msg
[1.966s] -- Up-to-date: /home/msurkip/ros2_ws/install/turtlesim/share/turtlesim/srv/Spawn.srv
[1.966s] -- Up-to-date: /home/msurkip/ros2_ws/install/turtlesim/share/turtlesim/srv/Spawn_Request.msg
[1.966s] -- Up-to-date: /home/msurkip/ros2_ws/install/turtlesim/share/turtlesim/srv/Spawn_Response.msg
[1.966s] -- Up-to-date: /home/msurkip/ros2_ws/install/turtlesim/share/turtlesim/srv/TeleportAbsolute.srv
[1.966s] -- Up-to-date: /home/msurkip/ros2_ws/install/turtlesim/share/turtlesim/srv/TeleportAbsolute_Request.msg
[1.967s] -- Up-to-date: /home/msurkip/ros2_ws/install/turtlesim/share/turtlesim/srv/TeleportAbsolute_Response.msg
[1.967s] -- Up-to-date: /home/msurkip/ros2_ws/install/turtlesim/share/turtlesim/srv/TeleportRelative.srv
[1.967s] -- Up-to-date: /home/msurkip/ros2_ws/install/turtlesim/share/turtlesim/srv/TeleportRelative_Request.msg
[1.967s] -- Up-to-date: /home/msurkip/ros2_ws/install/turtlesim/share/turtlesim/srv/TeleportRelative_Response.msg
[1.969s] -- Up-to-date: /home/msurkip/ros2_ws/install/turtlesim/lib/turtlesim/turtlesim_node
[1.974s] -- Up-to-date: /home/msurkip/ros2_ws/install/turtlesim/lib/turtlesim/turtle_teleop_key
[1.978s] -- Up-to-date: /home/msurkip/ros2_ws/install/turtlesim/lib/turtlesim/draw_square
[1.980s] -- Up-to-date: /home/msurkip/ros2_ws/install/turtlesim/lib/turtlesim/mimic
[1.981s] -- Up-to-date: /home/msurkip/ros2_ws/install/turtlesim/share/turtlesim/images
[1.983s] -- Up-to-date: /home/msurkip/ros2_ws/install/turtlesim/share/turtlesim/images/ardent.png
[1.983s] -- Up-to-date: /home/msurkip/ros2_ws/install/turtlesim/share/turtlesim/images/bouncy.png
[1.985s] -- Up-to-date: /home/msurkip/ros2_ws/install/turtlesim/share/turtlesim/images/dashing.png
[1.985s] -- Up-to-date: /home/msurkip/ros2_ws/install/turtlesim/share/turtlesim/images/foxy.png
[1.985s] -- Up-to-date: /home/msurkip/ros2_ws/install/turtlesim/share/turtlesim/images/eloquent.png
[1.985s] -- Up-to-date: /home/msurkip/ros2_ws/install/turtlesim/share/turtlesim/images/crystal.png
[1.985s] -- Up-to-date: /home/msurkip/ros2_ws/install/turtlesim/share/turtlesim/launch
[1.986s] -- Up-to-date: /home/msurkip/ros2_ws/install/turtlesim/share/turtlesim/launch/multisim.launch.py
[1.987s] -- Up-to-date: /home/msurkip/ros2_ws/install/turtlesim/share/ament_index/resource_index/package_run_dependencies/turtlesim
[1.988s] -- Up-to-date: /home/msurkip/ros2_ws/install/turtlesim/share/ament_index/resource_index/parent_prefix_path/turtlesim
[1.988s] -- Up-to-date: /home/msurkip/ros2_ws/install/turtlesim/share/turtlesim/environment/ament_prefix_path.sh
[1.988s] -- Up-to-date: /home/msurkip/ros2_ws/install/turtlesim/share/turtlesim/environment/ament_prefix_path.dsv
[1.988s] -- Up-to-date: /home/msurkip/ros2_ws/install/turtlesim/share/turtlesim/environment/path.sh
[1.989s] -- Up-to-date: /home/msurkip/ros2_ws/install/turtlesim/share/turtlesim/environment/path.dsv
[1.989s] -- Up-to-date: /home/msurkip/ros2_ws/install/turtlesim/share/turtlesim/local_setup.bash
[1.989s] -- Up-to-date: /home/msurkip/ros2_ws/install/turtlesim/share/turtlesim/local_setup.sh
[1.989s] -- Up-to-date: /home/msurkip/ros2_ws/install/turtlesim/share/turtlesim/local_setup.zsh
[1.989s] -- Up-to-date: /home/msurkip/ros2_ws/install/turtlesim/share/turtlesim/local_setup.dsv
[1.989s] -- Installing: /home/msurkip/ros2_ws/install/turtlesim/share/turtlesim/package.dsv
[1.993s] -- Up-to-date: /home/msurkip/ros2_ws/install/turtlesim/share/ament_index/resource_index/packages/turtlesim
[1.999s] -- Up-to-date: /home/msurkip/ros2_ws/install/turtlesim/share/turtlesim/cmake/turtlesim__rosidl_generator_cExport.cmake
[1.999s] -- Up-to-date: /home/msurkip/ros2_ws/install/turtlesim/share/turtlesim/cmake/turtlesim__rosidl_generator_cExport-noconfig.cmake
[2.001s] -- Up-to-date: /home/msurkip/ros2_ws/install/turtlesim/share/turtlesim/cmake/turtlesim__rosidl_typesupport_introspection_cExport.cmake
[2.001s] -- Up-to-date: /home/msurkip/ros2_ws/install/turtlesim/share/turtlesim/cmake/turtlesim__rosidl_typesupport_introspection_cExport-noconfig.cmake
[2.003s] -- Up-to-date: /home/msurkip/ros2_ws/install/turtlesim/share/turtlesim/cmake/turtlesim__rosidl_typesupport_cExport.cmake
[2.003s] -- Up-to-date: /home/msurkip/ros2_ws/install/turtlesim/share/turtlesim/cmake/turtlesim__rosidl_typesupport_cExport-noconfig.cmake
[2.004s] -- Up-to-date: /home/msurkip/ros2_ws/install/turtlesim/share/turtlesim/cmake/turtlesim__rosidl_generator_cppExport.cmake
[2.006s] -- Up-to-date: /home/msurkip/ros2_ws/install/turtlesim/share/turtlesim/cmake/turtlesim__rosidl_typesupport_introspection_cppExport.cmake
[2.006s] -- Up-to-date: /home/msurkip/ros2_ws/install/turtlesim/share/turtlesim/cmake/turtlesim__rosidl_typesupport_introspection_cppExport-noconfig.cmake
[2.008s] -- Up-to-date: /home/msurkip/ros2_ws/install/turtlesim/share/turtlesim/cmake/turtlesim__rosidl_typesupport_cppExport.cmake
[2.008s] -- Up-to-date: /home/msurkip/ros2_ws/install/turtlesim/share/turtlesim/cmake/turtlesim__rosidl_typesupport_cppExport-noconfig.cmake
[2.009s] -- Up-to-date: /home/msurkip/ros2_ws/install/turtlesim/share/turtlesim/cmake/rosidl_cmake-extras.cmake
[2.009s] -- Up-to-date: /home/msurkip/ros2_ws/install/turtlesim/share/turtlesim/cmake/ament_cmake_export_dependencies-extras.cmake
[2.009s] -- Up-to-date: /home/msurkip/ros2_ws/install/turtlesim/share/turtlesim/cmake/ament_cmake_export_libraries-extras.cmake
[2.009s] -- Up-to-date: /home/msurkip/ros2_ws/install/turtlesim/share/turtlesim/cmake/ament_cmake_export_targets-extras.cmake
[2.009s] -- Up-to-date: /home/msurkip/ros2_ws/install/turtlesim/share/turtlesim/cmake/ament_cmake_export_include_directories-extras.cmake
[2.009s] -- Up-to-date: /home/msurkip/ros2_ws/install/turtlesim/share/turtlesim/cmake/rosidl_cmake_export_typesupport_libraries-extras.cmake
[2.010s] -- Up-to-date: /home/msurkip/ros2_ws/install/turtlesim/share/turtlesim/cmake/rosidl_cmake_export_typesupport_targets-extras.cmake
[2.010s] -- Up-to-date: /home/msurkip/ros2_ws/install/turtlesim/share/turtlesim/cmake/turtlesimConfig.cmake
[2.010s] -- Up-to-date: /home/msurkip/ros2_ws/install/turtlesim/share/turtlesim/cmake/turtlesimConfig-version.cmake
[2.010s] -- Up-to-date: /home/msurkip/ros2_ws/install/turtlesim/share/turtlesim/package.xml
[2.022s] Invoked command in '/home/msurkip/ros2_ws/build/turtlesim' returned '0': /usr/bin/cmake --install /home/msurkip/ros2_ws/build/turtlesim
