[0.204s] Invoking command in '/home/msurkip/ros2_ws/build/examples_rclcpp_minimal_composition': /usr/bin/cmake --build /home/msurkip/ros2_ws/build/examples_rclcpp_minimal_composition -- -j8 -l8
[0.650s] [ 33%] Built target composition_nodes
[0.710s] [ 55%] Built target composition_subscriber
[0.713s] [ 77%] Built target composition_composed
[0.725s] [100%] Built target composition_publisher
[0.766s] Invoked command in '/home/msurkip/ros2_ws/build/examples_rclcpp_minimal_composition' returned '0': /usr/bin/cmake --build /home/msurkip/ros2_ws/build/examples_rclcpp_minimal_composition -- -j8 -l8
[1.039s] Invoking command in '/home/msurkip/ros2_ws/build/examples_rclcpp_minimal_composition': /usr/bin/cmake --install /home/msurkip/ros2_ws/build/examples_rclcpp_minimal_composition
[1.072s] -- Install configuration: ""
[1.072s] -- Execute custom install script
[1.072s] -- Up-to-date symlink: /home/msurkip/ros2_ws/install/examples_rclcpp_minimal_composition/share/examples_rclcpp_minimal_composition/environment/library_path.sh
[1.072s] -- Up-to-date symlink: /home/msurkip/ros2_ws/install/examples_rclcpp_minimal_composition/share/examples_rclcpp_minimal_composition/environment/library_path.dsv
[1.073s] -- Up-to-date symlink: /home/msurkip/ros2_ws/install/examples_rclcpp_minimal_composition/lib/libcomposition_nodes.so
[1.073s] -- Up-to-date symlink: /home/msurkip/ros2_ws/install/examples_rclcpp_minimal_composition/lib/examples_rclcpp_minimal_composition/composition_publisher
[1.074s] -- Up-to-date symlink: /home/msurkip/ros2_ws/install/examples_rclcpp_minimal_composition/lib/examples_rclcpp_minimal_composition/composition_subscriber
[1.074s] -- Up-to-date symlink: /home/msurkip/ros2_ws/install/examples_rclcpp_minimal_composition/lib/examples_rclcpp_minimal_composition/composition_composed
[1.081s] -- Up-to-date symlink: /home/msurkip/ros2_ws/install/examples_rclcpp_minimal_composition/share/ament_index/resource_index/package_run_dependencies/examples_rclcpp_minimal_composition
[1.081s] -- Up-to-date symlink: /home/msurkip/ros2_ws/install/examples_rclcpp_minimal_composition/share/ament_index/resource_index/parent_prefix_path/examples_rclcpp_minimal_composition
[1.081s] -- Up-to-date symlink: /home/msurkip/ros2_ws/install/examples_rclcpp_minimal_composition/share/examples_rclcpp_minimal_composition/environment/ament_prefix_path.sh
[1.082s] -- Up-to-date symlink: /home/msurkip/ros2_ws/install/examples_rclcpp_minimal_composition/share/examples_rclcpp_minimal_composition/environment/ament_prefix_path.dsv
[1.082s] -- Up-to-date symlink: /home/msurkip/ros2_ws/install/examples_rclcpp_minimal_composition/share/examples_rclcpp_minimal_composition/environment/path.sh
[1.082s] -- Up-to-date symlink: /home/msurkip/ros2_ws/install/examples_rclcpp_minimal_composition/share/examples_rclcpp_minimal_composition/environment/path.dsv
[1.084s] -- Up-to-date symlink: /home/msurkip/ros2_ws/install/examples_rclcpp_minimal_composition/share/examples_rclcpp_minimal_composition/local_setup.bash
[1.085s] -- Up-to-date symlink: /home/msurkip/ros2_ws/install/examples_rclcpp_minimal_composition/share/examples_rclcpp_minimal_composition/local_setup.sh
[1.088s] -- Up-to-date symlink: /home/msurkip/ros2_ws/install/examples_rclcpp_minimal_composition/share/examples_rclcpp_minimal_composition/local_setup.zsh
[1.088s] -- Up-to-date symlink: /home/msurkip/ros2_ws/install/examples_rclcpp_minimal_composition/share/examples_rclcpp_minimal_composition/local_setup.dsv
[1.089s] -- Symlinking: /home/msurkip/ros2_ws/install/examples_rclcpp_minimal_composition/share/examples_rclcpp_minimal_composition/package.dsv
[1.100s] -- Up-to-date symlink: /home/msurkip/ros2_ws/install/examples_rclcpp_minimal_composition/share/ament_index/resource_index/packages/examples_rclcpp_minimal_composition
[1.102s] -- Up-to-date symlink: /home/msurkip/ros2_ws/install/examples_rclcpp_minimal_composition/share/examples_rclcpp_minimal_composition/cmake/examples_rclcpp_minimal_compositionConfig.cmake
[1.103s] -- Up-to-date symlink: /home/msurkip/ros2_ws/install/examples_rclcpp_minimal_composition/share/examples_rclcpp_minimal_composition/cmake/examples_rclcpp_minimal_compositionConfig-version.cmake
[1.110s] -- Up-to-date symlink: /home/msurkip/ros2_ws/install/examples_rclcpp_minimal_composition/share/examples_rclcpp_minimal_composition/package.xml
[1.255s] Invoked command in '/home/msurkip/ros2_ws/build/examples_rclcpp_minimal_composition' returned '0': /usr/bin/cmake --install /home/msurkip/ros2_ws/build/examples_rclcpp_minimal_composition
