[0.490s] Invoking command in '/home/msurkip/ros2_ws/src/py_srvcli': AMENT_PREFIX_PATH=/home/msurkip/ros2_ws/install/tutorial_interfaces:${AMENT_PREFIX_PATH} CMAKE_PREFIX_PATH=/home/msurkip/ros2_ws/install/tutorial_interfaces:${CMAKE_PREFIX_PATH} LD_LIBRARY_PATH=/home/msurkip/ros2_ws/install/tutorial_interfaces/lib:${LD_LIBRARY_PATH} PYTHONPATH=/home/msurkip/ros2_ws/build/py_srvcli/prefix_override:/home/msurkip/ros2_ws/install/py_srvcli/lib/python3.8/site-packages:/home/msurkip/ros2_ws/install/tutorial_interfaces/lib/python3.8/site-packages:${PYTHONPATH} /usr/bin/python3 setup.py egg_info --egg-base ../../build/py_srvcli build --build-base /home/msurkip/ros2_ws/build/py_srvcli/build install --record /home/msurkip/ros2_ws/build/py_srvcli/install.log --install-scripts $base/lib/py_srvcli --single-version-externally-managed
[0.607s] running egg_info
[0.608s] writing ../../build/py_srvcli/py_srvcli.egg-info/PKG-INFO
[0.608s] writing dependency_links to ../../build/py_srvcli/py_srvcli.egg-info/dependency_links.txt
[0.608s] writing entry points to ../../build/py_srvcli/py_srvcli.egg-info/entry_points.txt
[0.608s] writing requirements to ../../build/py_srvcli/py_srvcli.egg-info/requires.txt
[0.608s] writing top-level names to ../../build/py_srvcli/py_srvcli.egg-info/top_level.txt
[0.629s] reading manifest file '../../build/py_srvcli/py_srvcli.egg-info/SOURCES.txt'
[0.630s] writing manifest file '../../build/py_srvcli/py_srvcli.egg-info/SOURCES.txt'
[0.630s] running build
[0.630s] running build_py
[0.631s] running install
[0.631s] running install_lib
[0.632s] running install_data
[0.632s] running install_egg_info
[0.633s] removing '/home/msurkip/ros2_ws/install/py_srvcli/lib/python3.8/site-packages/py_srvcli-0.0.0-py3.8.egg-info' (and everything under it)
[0.633s] Copying ../../build/py_srvcli/py_srvcli.egg-info to /home/msurkip/ros2_ws/install/py_srvcli/lib/python3.8/site-packages/py_srvcli-0.0.0-py3.8.egg-info
[0.633s] running install_scripts
[0.644s] Installing client script to /home/msurkip/ros2_ws/install/py_srvcli/lib/py_srvcli
[0.644s] Installing service script to /home/msurkip/ros2_ws/install/py_srvcli/lib/py_srvcli
[0.644s] writing list of installed files to '/home/msurkip/ros2_ws/build/py_srvcli/install.log'
[0.661s] Invoked command in '/home/msurkip/ros2_ws/src/py_srvcli' returned '0': AMENT_PREFIX_PATH=/home/msurkip/ros2_ws/install/tutorial_interfaces:${AMENT_PREFIX_PATH} CMAKE_PREFIX_PATH=/home/msurkip/ros2_ws/install/tutorial_interfaces:${CMAKE_PREFIX_PATH} LD_LIBRARY_PATH=/home/msurkip/ros2_ws/install/tutorial_interfaces/lib:${LD_LIBRARY_PATH} PYTHONPATH=/home/msurkip/ros2_ws/build/py_srvcli/prefix_override:/home/msurkip/ros2_ws/install/py_srvcli/lib/python3.8/site-packages:/home/msurkip/ros2_ws/install/tutorial_interfaces/lib/python3.8/site-packages:${PYTHONPATH} /usr/bin/python3 setup.py egg_info --egg-base ../../build/py_srvcli build --build-base /home/msurkip/ros2_ws/build/py_srvcli/build install --record /home/msurkip/ros2_ws/build/py_srvcli/install.log --install-scripts $base/lib/py_srvcli --single-version-externally-managed
