[2.348s] Invoking command in '/home/msurkip/ros2_ws/build/examples_rclpy_minimal_service': PYTHONPATH=/home/msurkip/ros2_ws/build/examples_rclpy_minimal_service/prefix_override:/home/msurkip/ros2_ws/install/examples_rclpy_minimal_service/lib/python3.8/site-packages:${PYTHONPATH} /usr/bin/python3 setup.py develop --uninstall --editable --build-directory /home/msurkip/ros2_ws/build/examples_rclpy_minimal_service/build
[2.651s] running develop
[2.856s] Invoked command in '/home/msurkip/ros2_ws/build/examples_rclpy_minimal_service' returned '0': PYTHONPATH=/home/msurkip/ros2_ws/build/examples_rclpy_minimal_service/prefix_override:/home/msurkip/ros2_ws/install/examples_rclpy_minimal_service/lib/python3.8/site-packages:${PYTHONPATH} /usr/bin/python3 setup.py develop --uninstall --editable --build-directory /home/msurkip/ros2_ws/build/examples_rclpy_minimal_service/build
[2.861s] Invoking command in '/home/msurkip/ros2_ws/src/examples/rclpy/services/minimal_service': PYTHONPATH=/home/msurkip/ros2_ws/build/examples_rclpy_minimal_service/prefix_override:/home/msurkip/ros2_ws/install/examples_rclpy_minimal_service/lib/python3.8/site-packages:${PYTHONPATH} /usr/bin/python3 setup.py egg_info --egg-base ../../../../../build/examples_rclpy_minimal_service build --build-base /home/msurkip/ros2_ws/build/examples_rclpy_minimal_service/build install --record /home/msurkip/ros2_ws/build/examples_rclpy_minimal_service/install.log --install-scripts $base/lib/examples_rclpy_minimal_service --single-version-externally-managed
[3.123s] running egg_info
[3.124s] writing ../../../../../build/examples_rclpy_minimal_service/examples_rclpy_minimal_service.egg-info/PKG-INFO
[3.126s] writing dependency_links to ../../../../../build/examples_rclpy_minimal_service/examples_rclpy_minimal_service.egg-info/dependency_links.txt
[3.126s] writing entry points to ../../../../../build/examples_rclpy_minimal_service/examples_rclpy_minimal_service.egg-info/entry_points.txt
[3.126s] writing requirements to ../../../../../build/examples_rclpy_minimal_service/examples_rclpy_minimal_service.egg-info/requires.txt
[3.127s] writing top-level names to ../../../../../build/examples_rclpy_minimal_service/examples_rclpy_minimal_service.egg-info/top_level.txt
[3.175s] reading manifest file '../../../../../build/examples_rclpy_minimal_service/examples_rclpy_minimal_service.egg-info/SOURCES.txt'
[3.177s] writing manifest file '../../../../../build/examples_rclpy_minimal_service/examples_rclpy_minimal_service.egg-info/SOURCES.txt'
[3.178s] running build
[3.178s] running build_py
[3.180s] running install
[3.182s] running install_lib
[3.185s] running install_data
[3.190s] running install_egg_info
[3.190s] removing '/home/msurkip/ros2_ws/install/examples_rclpy_minimal_service/lib/python3.8/site-packages/examples_rclpy_minimal_service-0.9.4-py3.8.egg-info' (and everything under it)
[3.190s] Copying ../../../../../build/examples_rclpy_minimal_service/examples_rclpy_minimal_service.egg-info to /home/msurkip/ros2_ws/install/examples_rclpy_minimal_service/lib/python3.8/site-packages/examples_rclpy_minimal_service-0.9.4-py3.8.egg-info
[3.193s] running install_scripts
[3.216s] Installing service script to /home/msurkip/ros2_ws/install/examples_rclpy_minimal_service/lib/examples_rclpy_minimal_service
[3.216s] Installing service_member_function script to /home/msurkip/ros2_ws/install/examples_rclpy_minimal_service/lib/examples_rclpy_minimal_service
[3.216s] writing list of installed files to '/home/msurkip/ros2_ws/build/examples_rclpy_minimal_service/install.log'
[3.353s] Invoked command in '/home/msurkip/ros2_ws/src/examples/rclpy/services/minimal_service' returned '0': PYTHONPATH=/home/msurkip/ros2_ws/build/examples_rclpy_minimal_service/prefix_override:/home/msurkip/ros2_ws/install/examples_rclpy_minimal_service/lib/python3.8/site-packages:${PYTHONPATH} /usr/bin/python3 setup.py egg_info --egg-base ../../../../../build/examples_rclpy_minimal_service build --build-base /home/msurkip/ros2_ws/build/examples_rclpy_minimal_service/build install --record /home/msurkip/ros2_ws/build/examples_rclpy_minimal_service/install.log --install-scripts $base/lib/examples_rclpy_minimal_service --single-version-externally-managed
