[0.081s] Invoking command in '/home/msurkip/ros2_ws/build/examples_rclcpp_minimal_service': CMAKE_PREFIX_PATH=${CMAKE_PREFIX_PATH}:/home/msurkip/ros2_ws/src/install/examples_rclpy_minimal_subscriber:/home/msurkip/ros2_ws/src/install/examples_rclpy_minimal_service:/home/msurkip/ros2_ws/src/install/examples_rclpy_minimal_publisher:/home/msurkip/ros2_ws/src/install/examples_rclpy_minimal_client:/home/msurkip/ros2_ws/src/install/examples_rclpy_minimal_action_server:/home/msurkip/ros2_ws/src/install/examples_rclpy_minimal_action_client:/home/msurkip/ros2_ws/src/install/examples_rclpy_executors:/opt/ros/foxy /usr/bin/cmake /home/msurkip/ros2_ws/src/examples/rclcpp/services/minimal_service -DAMENT_CMAKE_SYMLINK_INSTALL=1 -DCMAKE_INSTALL_PREFIX=/home/msurkip/ros2_ws/install/examples_rclcpp_minimal_service
[0.194s] -- The C compiler identification is GNU 9.4.0
[0.268s] -- The CXX compiler identification is GNU 9.4.0
[0.274s] -- Check for working C compiler: /usr/bin/cc
[0.330s] -- Check for working C compiler: /usr/bin/cc -- works
[0.331s] -- Detecting C compiler ABI info
[0.404s] -- Detecting C compiler ABI info - done
[0.414s] -- Detecting C compile features
[0.414s] -- Detecting C compile features - done
[0.416s] -- Check for working CXX compiler: /usr/bin/c++
[0.491s] -- Check for working CXX compiler: /usr/bin/c++ -- works
[0.492s] -- Detecting CXX compiler ABI info
[0.590s] -- Detecting CXX compiler ABI info - done
[0.597s] -- Detecting CXX compile features
[0.598s] -- Detecting CXX compile features - done
[0.600s] -- Found ament_cmake: 0.9.11 (/home/msurkip/ros2_foxy/ros2-linux/share/ament_cmake/cmake)
[0.625s] -- Found PythonInterp: /usr/bin/python3 (found suitable version "3.8.10", minimum required is "3") 
[0.625s] -- Using PYTHON_EXECUTABLE: /usr/bin/python3
[0.793s] -- Override CMake install command with custom implementation using symlinks instead of copying resources
[0.833s] -- Found example_interfaces: 0.9.1 (/home/msurkip/ros2_foxy/ros2-linux/share/example_interfaces/cmake)
[0.867s] -- Using all available rosidl_typesupport_c: rosidl_typesupport_connext_c;rosidl_typesupport_fastrtps_c;rosidl_typesupport_introspection_c
[0.872s] -- Found rosidl_adapter: 1.3.0 (/home/msurkip/ros2_foxy/ros2-linux/share/rosidl_adapter/cmake)
[0.888s] -- Could not find RTI Connext - skipping rosidl_typesupport_connext_c
[0.900s] -- Could not find RTI Connext - skipping rosidl_typesupport_connext_cpp
[0.990s] -- Found OpenSSL: /usr/lib/x86_64-linux-gnu/libcrypto.so (found version "1.1.1f")  
[1.016s] -- Found FastRTPS: /home/msurkip/ros2_foxy/ros2-linux/include  
[1.076s] -- Using all available rosidl_typesupport_cpp: rosidl_typesupport_connext_cpp;rosidl_typesupport_fastrtps_cpp;rosidl_typesupport_introspection_cpp
[1.194s] -- Found rclcpp: 2.4.2 (/home/msurkip/ros2_foxy/ros2-linux/share/rclcpp/cmake)
[1.228s] -- Found rmw_implementation_cmake: 1.0.3 (/home/msurkip/ros2_foxy/ros2-linux/share/rmw_implementation_cmake/cmake)
[1.230s] -- Using RMW implementation 'rmw_fastrtps_cpp' as default
[1.231s] -- Looking for pthread.h
[1.311s] -- Looking for pthread.h - found
[1.311s] -- Performing Test CMAKE_HAVE_LIBC_PTHREAD
[1.388s] -- Performing Test CMAKE_HAVE_LIBC_PTHREAD - Failed
[1.389s] -- Looking for pthread_create in pthreads
[1.461s] -- Looking for pthread_create in pthreads - not found
[1.462s] -- Looking for pthread_create in pthread
[1.552s] -- Looking for pthread_create in pthread - found
[1.553s] -- Found Threads: TRUE  
[1.638s] -- Found ament_lint_auto: 0.9.7 (/home/msurkip/ros2_foxy/ros2-linux/share/ament_lint_auto/cmake)
[1.714s] -- Added test 'copyright' to check source files copyright and LICENSE
[1.715s] -- Added test 'cppcheck' to perform static code analysis on C / C++ code
[1.715s] -- Configured cppcheck include dirs: 
[1.715s] -- Configured cppcheck exclude dirs and/or files: 
[1.716s] -- Added test 'cpplint' to check C / C++ code against the Google style
[1.716s] -- Configured cpplint exclude dirs and/or files: 
[1.716s] -- Added test 'lint_cmake' to check CMake code style
[1.728s] -- Added test 'uncrustify' to check C / C++ code style
[1.728s] -- Configured uncrustify additional arguments: 
[1.728s] -- Added test 'xmllint' to check XML markup files
[1.732s] -- Configuring done
[1.753s] -- Generating done
[1.754s] -- Build files have been written to: /home/msurkip/ros2_ws/build/examples_rclcpp_minimal_service
[1.769s] Invoked command in '/home/msurkip/ros2_ws/build/examples_rclcpp_minimal_service' returned '0': CMAKE_PREFIX_PATH=${CMAKE_PREFIX_PATH}:/home/msurkip/ros2_ws/src/install/examples_rclpy_minimal_subscriber:/home/msurkip/ros2_ws/src/install/examples_rclpy_minimal_service:/home/msurkip/ros2_ws/src/install/examples_rclpy_minimal_publisher:/home/msurkip/ros2_ws/src/install/examples_rclpy_minimal_client:/home/msurkip/ros2_ws/src/install/examples_rclpy_minimal_action_server:/home/msurkip/ros2_ws/src/install/examples_rclpy_minimal_action_client:/home/msurkip/ros2_ws/src/install/examples_rclpy_executors:/opt/ros/foxy /usr/bin/cmake /home/msurkip/ros2_ws/src/examples/rclcpp/services/minimal_service -DAMENT_CMAKE_SYMLINK_INSTALL=1 -DCMAKE_INSTALL_PREFIX=/home/msurkip/ros2_ws/install/examples_rclcpp_minimal_service
[1.772s] Invoking command in '/home/msurkip/ros2_ws/build/examples_rclcpp_minimal_service': CMAKE_PREFIX_PATH=${CMAKE_PREFIX_PATH}:/home/msurkip/ros2_ws/src/install/examples_rclpy_minimal_subscriber:/home/msurkip/ros2_ws/src/install/examples_rclpy_minimal_service:/home/msurkip/ros2_ws/src/install/examples_rclpy_minimal_publisher:/home/msurkip/ros2_ws/src/install/examples_rclpy_minimal_client:/home/msurkip/ros2_ws/src/install/examples_rclpy_minimal_action_server:/home/msurkip/ros2_ws/src/install/examples_rclpy_minimal_action_client:/home/msurkip/ros2_ws/src/install/examples_rclpy_executors:/opt/ros/foxy /usr/bin/cmake --build /home/msurkip/ros2_ws/build/examples_rclcpp_minimal_service -- -j8 -l8
[1.897s] [35m[1mScanning dependencies of target service_main[0m
[2.027s] [ 50%] [32mBuilding CXX object CMakeFiles/service_main.dir/main.cpp.o[0m
[5.916s] [100%] [32m[1mLinking CXX executable service_main[0m
[6.256s] [100%] Built target service_main
[6.283s] Invoked command in '/home/msurkip/ros2_ws/build/examples_rclcpp_minimal_service' returned '0': CMAKE_PREFIX_PATH=${CMAKE_PREFIX_PATH}:/home/msurkip/ros2_ws/src/install/examples_rclpy_minimal_subscriber:/home/msurkip/ros2_ws/src/install/examples_rclpy_minimal_service:/home/msurkip/ros2_ws/src/install/examples_rclpy_minimal_publisher:/home/msurkip/ros2_ws/src/install/examples_rclpy_minimal_client:/home/msurkip/ros2_ws/src/install/examples_rclpy_minimal_action_server:/home/msurkip/ros2_ws/src/install/examples_rclpy_minimal_action_client:/home/msurkip/ros2_ws/src/install/examples_rclpy_executors:/opt/ros/foxy /usr/bin/cmake --build /home/msurkip/ros2_ws/build/examples_rclcpp_minimal_service -- -j8 -l8
[6.605s] Invoking command in '/home/msurkip/ros2_ws/build/examples_rclcpp_minimal_service': CMAKE_PREFIX_PATH=${CMAKE_PREFIX_PATH}:/home/msurkip/ros2_ws/src/install/examples_rclpy_minimal_subscriber:/home/msurkip/ros2_ws/src/install/examples_rclpy_minimal_service:/home/msurkip/ros2_ws/src/install/examples_rclpy_minimal_publisher:/home/msurkip/ros2_ws/src/install/examples_rclpy_minimal_client:/home/msurkip/ros2_ws/src/install/examples_rclpy_minimal_action_server:/home/msurkip/ros2_ws/src/install/examples_rclpy_minimal_action_client:/home/msurkip/ros2_ws/src/install/examples_rclpy_executors:/opt/ros/foxy /usr/bin/cmake --install /home/msurkip/ros2_ws/build/examples_rclcpp_minimal_service
[6.635s] -- Install configuration: ""
[6.635s] -- Execute custom install script
[6.635s] -- Symlinking: /home/msurkip/ros2_ws/install/examples_rclcpp_minimal_service/lib/examples_rclcpp_minimal_service/service_main
[6.674s] -- Symlinking: /home/msurkip/ros2_ws/install/examples_rclcpp_minimal_service/share/ament_index/resource_index/package_run_dependencies/examples_rclcpp_minimal_service
[6.697s] -- Symlinking: /home/msurkip/ros2_ws/install/examples_rclcpp_minimal_service/share/ament_index/resource_index/parent_prefix_path/examples_rclcpp_minimal_service
[6.717s] -- Symlinking: /home/msurkip/ros2_ws/install/examples_rclcpp_minimal_service/share/examples_rclcpp_minimal_service/environment/ament_prefix_path.sh
[6.750s] -- Symlinking: /home/msurkip/ros2_ws/install/examples_rclcpp_minimal_service/share/examples_rclcpp_minimal_service/environment/ament_prefix_path.dsv
[6.781s] -- Symlinking: /home/msurkip/ros2_ws/install/examples_rclcpp_minimal_service/share/examples_rclcpp_minimal_service/environment/path.sh
[6.809s] -- Symlinking: /home/msurkip/ros2_ws/install/examples_rclcpp_minimal_service/share/examples_rclcpp_minimal_service/environment/path.dsv
[6.833s] -- Symlinking: /home/msurkip/ros2_ws/install/examples_rclcpp_minimal_service/share/examples_rclcpp_minimal_service/local_setup.bash
[6.857s] -- Symlinking: /home/msurkip/ros2_ws/install/examples_rclcpp_minimal_service/share/examples_rclcpp_minimal_service/local_setup.sh
[6.905s] -- Symlinking: /home/msurkip/ros2_ws/install/examples_rclcpp_minimal_service/share/examples_rclcpp_minimal_service/local_setup.zsh
[6.934s] -- Symlinking: /home/msurkip/ros2_ws/install/examples_rclcpp_minimal_service/share/examples_rclcpp_minimal_service/local_setup.dsv
[6.968s] -- Symlinking: /home/msurkip/ros2_ws/install/examples_rclcpp_minimal_service/share/examples_rclcpp_minimal_service/package.dsv
[7.004s] -- Symlinking: /home/msurkip/ros2_ws/install/examples_rclcpp_minimal_service/share/ament_index/resource_index/packages/examples_rclcpp_minimal_service
[7.035s] -- Symlinking: /home/msurkip/ros2_ws/install/examples_rclcpp_minimal_service/share/examples_rclcpp_minimal_service/cmake/examples_rclcpp_minimal_serviceConfig.cmake
[7.061s] -- Symlinking: /home/msurkip/ros2_ws/install/examples_rclcpp_minimal_service/share/examples_rclcpp_minimal_service/cmake/examples_rclcpp_minimal_serviceConfig-version.cmake
[7.088s] -- Symlinking: /home/msurkip/ros2_ws/install/examples_rclcpp_minimal_service/share/examples_rclcpp_minimal_service/package.xml
[7.143s] Invoked command in '/home/msurkip/ros2_ws/build/examples_rclcpp_minimal_service' returned '0': CMAKE_PREFIX_PATH=${CMAKE_PREFIX_PATH}:/home/msurkip/ros2_ws/src/install/examples_rclpy_minimal_subscriber:/home/msurkip/ros2_ws/src/install/examples_rclpy_minimal_service:/home/msurkip/ros2_ws/src/install/examples_rclpy_minimal_publisher:/home/msurkip/ros2_ws/src/install/examples_rclpy_minimal_client:/home/msurkip/ros2_ws/src/install/examples_rclpy_minimal_action_server:/home/msurkip/ros2_ws/src/install/examples_rclpy_minimal_action_client:/home/msurkip/ros2_ws/src/install/examples_rclpy_executors:/opt/ros/foxy /usr/bin/cmake --install /home/msurkip/ros2_ws/build/examples_rclcpp_minimal_service
