[0.512s] Invoking command in '/home/msurkip/ros2_ws/src/py_srvcli': AMENT_PREFIX_PATH=/home/msurkip/ros2_ws/install/tutorial_interfaces:${AMENT_PREFIX_PATH} CMAKE_PREFIX_PATH=/home/msurkip/ros2_ws/install/tutorial_interfaces:${CMAKE_PREFIX_PATH} LD_LIBRARY_PATH=/home/msurkip/ros2_ws/install/tutorial_interfaces/lib:${LD_LIBRARY_PATH} PYTHONPATH=/home/msurkip/ros2_ws/build/py_srvcli/prefix_override:/home/msurkip/ros2_ws/install/py_srvcli/lib/python3.8/site-packages:/home/msurkip/ros2_ws/install/tutorial_interfaces/lib/python3.8/site-packages:${PYTHONPATH} /usr/bin/python3 setup.py egg_info --egg-base ../../build/py_srvcli build --build-base /home/msurkip/ros2_ws/build/py_srvcli/build install --record /home/msurkip/ros2_ws/build/py_srvcli/install.log --install-scripts $base/lib/py_srvcli --single-version-externally-managed
[0.682s] running egg_info
[0.683s] writing ../../build/py_srvcli/py_srvcli.egg-info/PKG-INFO
[0.683s] writing dependency_links to ../../build/py_srvcli/py_srvcli.egg-info/dependency_links.txt
[0.683s] writing entry points to ../../build/py_srvcli/py_srvcli.egg-info/entry_points.txt
[0.683s] writing requirements to ../../build/py_srvcli/py_srvcli.egg-info/requires.txt
[0.683s] writing top-level names to ../../build/py_srvcli/py_srvcli.egg-info/top_level.txt
[0.703s] reading manifest file '../../build/py_srvcli/py_srvcli.egg-info/SOURCES.txt'
[0.704s] writing manifest file '../../build/py_srvcli/py_srvcli.egg-info/SOURCES.txt'
[0.704s] running build
[0.704s] running build_py
[0.705s] copying py_srvcli/service_member_function.py -> /home/msurkip/ros2_ws/build/py_srvcli/build/lib/py_srvcli
[0.705s] copying py_srvcli/client_member_function.py -> /home/msurkip/ros2_ws/build/py_srvcli/build/lib/py_srvcli
[0.705s] running install
[0.705s] running install_lib
[0.705s] copying /home/msurkip/ros2_ws/build/py_srvcli/build/lib/py_srvcli/service_member_function.py -> /home/msurkip/ros2_ws/install/py_srvcli/lib/python3.8/site-packages/py_srvcli
[0.706s] copying /home/msurkip/ros2_ws/build/py_srvcli/build/lib/py_srvcli/client_member_function.py -> /home/msurkip/ros2_ws/install/py_srvcli/lib/python3.8/site-packages/py_srvcli
[0.706s] byte-compiling /home/msurkip/ros2_ws/install/py_srvcli/lib/python3.8/site-packages/py_srvcli/service_member_function.py to service_member_function.cpython-38.pyc
[0.707s] byte-compiling /home/msurkip/ros2_ws/install/py_srvcli/lib/python3.8/site-packages/py_srvcli/client_member_function.py to client_member_function.cpython-38.pyc
[0.707s] running install_data
[0.707s] copying package.xml -> /home/msurkip/ros2_ws/install/py_srvcli/share/py_srvcli
[0.707s] running install_egg_info
[0.708s] removing '/home/msurkip/ros2_ws/install/py_srvcli/lib/python3.8/site-packages/py_srvcli-0.0.0-py3.8.egg-info' (and everything under it)
[0.708s] Copying ../../build/py_srvcli/py_srvcli.egg-info to /home/msurkip/ros2_ws/install/py_srvcli/lib/python3.8/site-packages/py_srvcli-0.0.0-py3.8.egg-info
[0.709s] running install_scripts
[0.719s] Installing client script to /home/msurkip/ros2_ws/install/py_srvcli/lib/py_srvcli
[0.719s] Installing service script to /home/msurkip/ros2_ws/install/py_srvcli/lib/py_srvcli
[0.720s] writing list of installed files to '/home/msurkip/ros2_ws/build/py_srvcli/install.log'
[0.734s] Invoked command in '/home/msurkip/ros2_ws/src/py_srvcli' returned '0': AMENT_PREFIX_PATH=/home/msurkip/ros2_ws/install/tutorial_interfaces:${AMENT_PREFIX_PATH} CMAKE_PREFIX_PATH=/home/msurkip/ros2_ws/install/tutorial_interfaces:${CMAKE_PREFIX_PATH} LD_LIBRARY_PATH=/home/msurkip/ros2_ws/install/tutorial_interfaces/lib:${LD_LIBRARY_PATH} PYTHONPATH=/home/msurkip/ros2_ws/build/py_srvcli/prefix_override:/home/msurkip/ros2_ws/install/py_srvcli/lib/python3.8/site-packages:/home/msurkip/ros2_ws/install/tutorial_interfaces/lib/python3.8/site-packages:${PYTHONPATH} /usr/bin/python3 setup.py egg_info --egg-base ../../build/py_srvcli build --build-base /home/msurkip/ros2_ws/build/py_srvcli/build install --record /home/msurkip/ros2_ws/build/py_srvcli/install.log --install-scripts $base/lib/py_srvcli --single-version-externally-managed
