[2.038s] Invoking command in '/home/msurkip/ros2_ws/build/examples_rclpy_minimal_client': PYTHONPATH=/home/msurkip/ros2_ws/build/examples_rclpy_minimal_client/prefix_override:/home/msurkip/ros2_ws/install/examples_rclpy_minimal_client/lib/python3.8/site-packages:${PYTHONPATH} /usr/bin/python3 setup.py develop --uninstall --editable --build-directory /home/msurkip/ros2_ws/build/examples_rclpy_minimal_client/build
[2.225s] running develop
[2.376s] Invoked command in '/home/msurkip/ros2_ws/build/examples_rclpy_minimal_client' returned '0': PYTHONPATH=/home/msurkip/ros2_ws/build/examples_rclpy_minimal_client/prefix_override:/home/msurkip/ros2_ws/install/examples_rclpy_minimal_client/lib/python3.8/site-packages:${PYTHONPATH} /usr/bin/python3 setup.py develop --uninstall --editable --build-directory /home/msurkip/ros2_ws/build/examples_rclpy_minimal_client/build
[2.380s] Invoking command in '/home/msurkip/ros2_ws/src/examples/rclpy/services/minimal_client': PYTHONPATH=/home/msurkip/ros2_ws/build/examples_rclpy_minimal_client/prefix_override:/home/msurkip/ros2_ws/install/examples_rclpy_minimal_client/lib/python3.8/site-packages:${PYTHONPATH} /usr/bin/python3 setup.py egg_info --egg-base ../../../../../build/examples_rclpy_minimal_client build --build-base /home/msurkip/ros2_ws/build/examples_rclpy_minimal_client/build install --record /home/msurkip/ros2_ws/build/examples_rclpy_minimal_client/install.log --install-scripts $base/lib/examples_rclpy_minimal_client --single-version-externally-managed
[2.606s] running egg_info
[2.607s] writing ../../../../../build/examples_rclpy_minimal_client/examples_rclpy_minimal_client.egg-info/PKG-INFO
[2.607s] writing dependency_links to ../../../../../build/examples_rclpy_minimal_client/examples_rclpy_minimal_client.egg-info/dependency_links.txt
[2.607s] writing entry points to ../../../../../build/examples_rclpy_minimal_client/examples_rclpy_minimal_client.egg-info/entry_points.txt
[2.607s] writing requirements to ../../../../../build/examples_rclpy_minimal_client/examples_rclpy_minimal_client.egg-info/requires.txt
[2.608s] writing top-level names to ../../../../../build/examples_rclpy_minimal_client/examples_rclpy_minimal_client.egg-info/top_level.txt
[2.634s] reading manifest file '../../../../../build/examples_rclpy_minimal_client/examples_rclpy_minimal_client.egg-info/SOURCES.txt'
[2.634s] writing manifest file '../../../../../build/examples_rclpy_minimal_client/examples_rclpy_minimal_client.egg-info/SOURCES.txt'
[2.634s] running build
[2.634s] running build_py
[2.634s] running install
[2.634s] running install_lib
[2.638s] running install_data
[2.638s] running install_egg_info
[2.638s] removing '/home/msurkip/ros2_ws/install/examples_rclpy_minimal_client/lib/python3.8/site-packages/examples_rclpy_minimal_client-0.9.4-py3.8.egg-info' (and everything under it)
[2.638s] Copying ../../../../../build/examples_rclpy_minimal_client/examples_rclpy_minimal_client.egg-info to /home/msurkip/ros2_ws/install/examples_rclpy_minimal_client/lib/python3.8/site-packages/examples_rclpy_minimal_client-0.9.4-py3.8.egg-info
[2.638s] running install_scripts
[2.655s] Installing client script to /home/msurkip/ros2_ws/install/examples_rclpy_minimal_client/lib/examples_rclpy_minimal_client
[2.655s] Installing client_async script to /home/msurkip/ros2_ws/install/examples_rclpy_minimal_client/lib/examples_rclpy_minimal_client
[2.655s] Installing client_async_callback script to /home/msurkip/ros2_ws/install/examples_rclpy_minimal_client/lib/examples_rclpy_minimal_client
[2.655s] Installing client_async_member_function script to /home/msurkip/ros2_ws/install/examples_rclpy_minimal_client/lib/examples_rclpy_minimal_client
[2.656s] writing list of installed files to '/home/msurkip/ros2_ws/build/examples_rclpy_minimal_client/install.log'
[2.721s] Invoked command in '/home/msurkip/ros2_ws/src/examples/rclpy/services/minimal_client' returned '0': PYTHONPATH=/home/msurkip/ros2_ws/build/examples_rclpy_minimal_client/prefix_override:/home/msurkip/ros2_ws/install/examples_rclpy_minimal_client/lib/python3.8/site-packages:${PYTHONPATH} /usr/bin/python3 setup.py egg_info --egg-base ../../../../../build/examples_rclpy_minimal_client build --build-base /home/msurkip/ros2_ws/build/examples_rclpy_minimal_client/build install --record /home/msurkip/ros2_ws/build/examples_rclpy_minimal_client/install.log --install-scripts $base/lib/examples_rclpy_minimal_client --single-version-externally-managed
